<?xml version="1.0" encoding="UTF-8"?>
<testsuite name="demo.CucumberRunner" tests="0" skipped="0" failures="0" errors="0" timestamp="1970-01-01T00:00:00" hostname="DNID0651L01.local" time="0.0">
  <properties/>
  <system-out><![CDATA[  ?[32mGiven ?[0m?[32mUser is on Landing page?[0m                                           ?[90m# demo.steps_definitions.LoginStepsDefinitions.userIsOnLandingPage()?[0m
  ?[32mWhen ?[0m?[32mUser click Login to Account button?[0m                                 ?[90m# demo.steps_definitions.LoginStepsDefinitions.userClickLoginToAccountButton()?[0m
  ?[32mThen ?[0m?[32mUser is on DANA Deals Login page?[0m                                   ?[90m# demo.steps_definitions.LoginStepsDefinitions.userIsOnDANADealsLoginPage()?[0m
  ?[32mWhen ?[0m?[32mUser input ?[0m?[32m?[1m"83196747870"?[0m?[32m on phone number input field on login page?[0m ?[90m# demo.steps_definitions.LoginStepsDefinitions.userInputOnPhoneNumberInputFieldOnLoginPage(java.lang.String)?[0m
  ?[32mAnd ?[0m?[32mUser input ?[0m?[32m?[1m"P@sswordku1"?[0m?[32m on password input field on login page?[0m      ?[90m# demo.steps_definitions.LoginStepsDefinitions.userInputOnPasswordInputFieldOnLoginPage(java.lang.String)?[0m
  ?[32mAnd ?[0m?[32mUser click Login button?[0m                                             ?[90m# demo.steps_definitions.LoginStepsDefinitions.userClickLoginButton()?[0m
  ?[32mThen ?[0m?[32mUser is on Home page?[0m                                               ?[90m# demo.steps_definitions.LoginStepsDefinitions.userIsOnHomePage()?[0m
Request method:	POST
Request URI:	https://teamdeals.burrow.io/api/user/null/logout
Proxy:			<none>
Request params:	<none>
Query params:	<none>
Form params:	<none>
Path params:	<none>
Headers:		Accept=*/*
				Content-Type=application/json; charset=UTF-8
Cookies:		<none>
Multiparts:		<none>
Body:
{
    
}
{"path":"\/api\/user\/null\/logout","data":null,"message":"You are not authorized.","timestamp":"2020\/06\/23 09:40","status":"021"}
  ?[32mGiven ?[0m?[32mUser is on Landing page?[0m                                           ?[90m# demo.steps_definitions.LoginStepsDefinitions.userIsOnLandingPage()?[0m
  ?[32mWhen ?[0m?[32mUser click Login to Account button?[0m                                 ?[90m# demo.steps_definitions.LoginStepsDefinitions.userClickLoginToAccountButton()?[0m
  ?[32mThen ?[0m?[32mUser is on DANA Deals Login page?[0m                                   ?[90m# demo.steps_definitions.LoginStepsDefinitions.userIsOnDANADealsLoginPage()?[0m
  ?[32mWhen ?[0m?[32mUser input ?[0m?[32m?[1m"87800000000"?[0m?[32m on phone number input field on login page?[0m ?[90m# demo.steps_definitions.LoginStepsDefinitions.userInputOnPhoneNumberInputFieldOnLoginPage(java.lang.String)?[0m
  ?[32mAnd ?[0m?[32mUser input ?[0m?[32m?[1m"P@ssw0rd"?[0m?[32m on password input field on login page?[0m         ?[90m# demo.steps_definitions.LoginStepsDefinitions.userInputOnPasswordInputFieldOnLoginPage(java.lang.String)?[0m
  ?[32mAnd ?[0m?[32mUser click Login button?[0m                                             ?[90m# demo.steps_definitions.LoginStepsDefinitions.userClickLoginButton()?[0m
  ?[32mThen ?[0m?[32mUser is on Home Admin page?[0m                                         ?[90m# demo.steps_definitions.LoginStepsDefinitions.userIsOnHomeAdminPage()?[0m
Request method:	POST
Request URI:	https://teamdeals.burrow.io/api/user/null/logout
Proxy:			<none>
Request params:	<none>
Query params:	<none>
Form params:	<none>
Path params:	<none>
Headers:		Accept=*/*
				Content-Type=application/json; charset=UTF-8
Cookies:		<none>
Multiparts:		<none>
Body:
{
    
}
{"path":"\/api\/user\/null\/logout","data":null,"message":"You are not authorized.","timestamp":"2020\/06\/23 09:41","status":"021"}

2 Scenarios (?[32m2 passed?[0m)
14 Steps (?[32m14 passed?[0m)
0m42.270s


]]></system-out>
  <system-err><![CDATA[Jun 23, 2020 9:40:28 AM io.cucumber.core.options.CucumberPropertiesParser parse
WARNING: Passing commandline options via the property `cucumber.options` has been deprecatedin favour of explicitly using property names.
Please use these instead: [cucumber.ansi-colors.disabled, cucumber.execution.dry-run, cucumber.execution.limit, cucumber.execution.order, cucumber.execution.strict, cucumber.execution.wip, cucumber.features, cucumber.filter.name, cucumber.filter.tags, cucumber.glue, cucumber.object-factory, cucumber.plugin, cucumber.snippet-type]
SLF4J: Failed to load class "org.slf4j.impl.StaticLoggerBinder".
SLF4J: Defaulting to no-operation (NOP) logger implementation
SLF4J: See http://www.slf4j.org/codes.html#StaticLoggerBinder for further details.
]]></system-err>
</testsuite>
