<?xml version="1.0" encoding="UTF-8"?>
<testsuite name="Login with registered account" tests="8" skipped="0" failures="0" errors="0" timestamp="2020-06-23T02:40:37" hostname="DNID0651L01.local" time="16.627">
  <properties/>
  <testcase name="User is on Landing page" classname="Login with registered account" time="1.871"/>
  <testcase name="User click Login to Account button" classname="Login with registered account" time="0.07"/>
  <testcase name="User is on DANA Deals Login page" classname="Login with registered account" time="0.936"/>
  <testcase name="User input &quot;83196747870&quot; on phone number input field on login page" classname="Login with registered account" time="0.874"/>
  <testcase name="User input &quot;P@sswordku1&quot; on password input field on login page" classname="Login with registered account" time="1.159"/>
  <testcase name="User click Login button" classname="Login with registered account" time="0.563"/>
  <testcase name="User is on Home page" classname="Login with registered account" time="7.257"/>
  <testcase name="classMethod" classname="Login with registered account" time="24.607"/>
  <system-out><![CDATA[
@Android @Login @Positive @Payer
Scenario: Login with registered account                                   ?[90m# src/test/resources/features/Login.feature:7?[0m
]]></system-out>
  <system-err><![CDATA[Jun 23, 2020 9:40:36 AM io.appium.java_client.remote.AppiumCommandExecutor$1 lambda$0
INFO: Detected dialect: W3C
]]></system-err>
</testsuite>
