<?xml version="1.0" encoding="UTF-8"?>
<testsuite name="demo.CucumberRunner" tests="0" skipped="0" failures="0" errors="0" timestamp="1970-01-01T00:00:00" hostname="dnid0662l01.local" time="0.0">
  <properties/>
  <system-out><![CDATA[  ?[32mGiven ?[0m?[32mUser is on Landing page?[0m                                          ?[90m# demo.steps_definitions.LoginStepsDefinitions.userIsOnLandingPage()?[0m
  ?[32mWhen ?[0m?[32mUser click Login to Account button?[0m                                ?[90m# demo.steps_definitions.LoginStepsDefinitions.userClickLoginToAccountButton()?[0m
  ?[32mAnd ?[0m?[32mUser is on DANA Deals Login page?[0m                                   ?[90m# demo.steps_definitions.LoginStepsDefinitions.userIsOnDANADealsLoginPage()?[0m
  ?[32mAnd ?[0m?[32mUser input ?[0m?[32m?[1m"87811223344"?[0m?[32m on phone number input field on login page?[0m ?[90m# demo.steps_definitions.LoginStepsDefinitions.userInputOnPhoneNumberInputFieldOnLoginPage(java.lang.String)?[0m
  ?[32mAnd ?[0m?[32mUser input ?[0m?[32m?[1m"P@ssw0rd"?[0m?[32m on password input field on login page?[0m        ?[90m# demo.steps_definitions.LoginStepsDefinitions.userInputOnPasswordInputFieldOnLoginPage(java.lang.String)?[0m
  ?[32mAnd ?[0m?[32mUser click Login button?[0m                                            ?[90m# demo.steps_definitions.LoginStepsDefinitions.userClickLoginButton()?[0m
  ?[32mGiven ?[0m?[32mUser is on DANA Deals Homepage?[0m                                   ?[90m# demo.steps_definitions.payer.SearchVoucherStepsDefinitions.userIsOnDANADealsHomepage()?[0m
  ?[32mWhen ?[0m?[32mUser click ?[0m?[32m?[1m"ada pocer nih"?[0m?[32m on DANA Deals homepage?[0m                 ?[90m# demo.steps_definitions.payer.BuyVoucherStepsDefinitions.userClickOnDANADealsHomepage(java.lang.String)?[0m
  ?[32mWhen ?[0m?[32mUser is on voucher details page of ?[0m?[32m?[1m"ada pocer nih"?[0m                ?[90m# demo.steps_definitions.payer.BuyVoucherStepsDefinitions.userIsOnVoucherDetailsPageOf(java.lang.String)?[0m
  ?[32mWhen ?[0m?[32mUser click buy button on voucher details page?[0m                     ?[90m# demo.steps_definitions.payer.BuyVoucherStepsDefinitions.userClickBuyButtonOnVoucherDetailsPage()?[0m
  ?[32mWhen ?[0m?[32mUser see is on cashier page of ?[0m?[32m?[1m"ada pocer nih"?[0m                    ?[90m# demo.steps_definitions.payer.BuyVoucherStepsDefinitions.userSeeIsOnCashierPageOf(java.lang.String)?[0m
  ?[32mWhen ?[0m?[32mUser click pay button on cashier page?[0m                             ?[90m# demo.steps_definitions.payer.PayVoucherStepsDefinitions.userClickPayButtonOnCashierPage()?[0m
  ?[32mThen ?[0m?[32mUser see pop up notification that pay success?[0m                     ?[90m# demo.steps_definitions.payer.PayVoucherStepsDefinitions.userSeePopUpNotificationThatPaySuccess()?[0m

1 Scenarios (?[32m1 passed?[0m)
13 Steps (?[32m13 passed?[0m)
1m10.615s


]]></system-out>
  <system-err><![CDATA[Jun 28, 2020 6:11:14 PM io.cucumber.core.options.CucumberPropertiesParser parse
WARNING: Passing commandline options via the property `cucumber.options` has been deprecatedin favour of explicitly using property names.
Please use these instead: [cucumber.ansi-colors.disabled, cucumber.execution.dry-run, cucumber.execution.limit, cucumber.execution.order, cucumber.execution.strict, cucumber.execution.wip, cucumber.features, cucumber.filter.name, cucumber.filter.tags, cucumber.glue, cucumber.object-factory, cucumber.plugin, cucumber.snippet-type]
]]></system-err>
</testsuite>
