<?xml version="1.0" encoding="UTF-8"?>
<testsuite name="demo.CucumberRunner" tests="0" skipped="0" failures="0" errors="0" timestamp="1970-01-01T00:00:00" hostname="DNID0651L01.local" time="0.0">
  <properties/>
  <system-out><![CDATA[  ?[32mGiven ?[0m?[32mUser is on Landing page?[0m                                                      ?[90m# demo.steps_definitions.LoginStepsDefinitions.userIsOnLandingPage()?[0m
  ?[32mWhen ?[0m?[32mUser click Login to Account button?[0m                                            ?[90m# demo.steps_definitions.LoginStepsDefinitions.userClickLoginToAccountButton()?[0m
  ?[32mThen ?[0m?[32mUser is on DANA Deals Login page?[0m                                              ?[90m# demo.steps_definitions.LoginStepsDefinitions.userIsOnDANADealsLoginPage()?[0m
  ?[32mWhen ?[0m?[32mUser input ?[0m?[32m?[1m"87800000000"?[0m?[32m on phone number input field on login page?[0m            ?[90m# demo.steps_definitions.LoginStepsDefinitions.userInputOnPhoneNumberInputFieldOnLoginPage(java.lang.String)?[0m
  ?[32mAnd ?[0m?[32mUser input ?[0m?[32m?[1m"P@ssw0rd"?[0m?[32m on password input field on login page?[0m                    ?[90m# demo.steps_definitions.LoginStepsDefinitions.userInputOnPasswordInputFieldOnLoginPage(java.lang.String)?[0m
  ?[32mAnd ?[0m?[32mUser click Login button?[0m                                                        ?[90m# demo.steps_definitions.LoginStepsDefinitions.userClickLoginButton()?[0m
  ?[32mThen ?[0m?[32mUser see message?[0m                                                              ?[90m# demo.steps_definitions.LoginStepsDefinitions.UserSeeMessage()?[0m
  ?[32mThen ?[0m?[32mUser is on Home Admin page?[0m                                                    ?[90m# demo.steps_definitions.LoginStepsDefinitions.userIsOnHomeAdminPage()?[0m
  ?[32mWhen ?[0m?[32mUser tap Voucher ?[0m?[32m?[1m"Alfalfakkdntfrqbfp"?[0m                                         ?[90m# demo.steps_definitions.VoucherDetailAdminStepsDefinitions.userTapVoucher(java.lang.String)?[0m
  ?[32mThen ?[0m?[32mUser is on Voucher Detail page?[0m                                                ?[90m# demo.steps_definitions.VoucherDetailAdminStepsDefinitions.userIsOnVoucherDetailPage()?[0m
  ?[32mWhen ?[0m?[32mUser tap Save?[0m                                                                 ?[90m# demo.steps_definitions.VoucherDetailAdminStepsDefinitions.userTapSave()?[0m
  ?[32mThen ?[0m?[32mUser is on Home Admin page?[0m                                                    ?[90m# demo.steps_definitions.LoginStepsDefinitions.userIsOnHomeAdminPage()?[0m
  ?[32mWhen ?[0m?[32mUser tap Voucher ?[0m?[32m?[1m"Alfalfakkdntfrqbfp"?[0m                                         ?[90m# demo.steps_definitions.VoucherDetailAdminStepsDefinitions.userTapVoucher(java.lang.String)?[0m
  ?[32mThen ?[0m?[32mUser see update status ?[0m?[32m?[1m"Active"?[0m                                               ?[90m# demo.steps_definitions.VoucherDetailAdminStepsDefinitions.userSeeUpdateStatus(java.lang.String)?[0m
  ?[32mThen ?[0m?[32mUser see update quota ?[0m?[32m?[1m"249"?[0m                                                   ?[90m# demo.steps_definitions.VoucherDetailAdminStepsDefinitions.userSeeUpdateQuota(java.lang.String)?[0m
  ?[32mGiven ?[0m?[32mUser is on Landing page?[0m                                                                      ?[90m# demo.steps_definitions.LoginStepsDefinitions.userIsOnLandingPage()?[0m
  ?[32mWhen ?[0m?[32mUser click Login to Account button?[0m                                                            ?[90m# demo.steps_definitions.LoginStepsDefinitions.userClickLoginToAccountButton()?[0m
  ?[32mThen ?[0m?[32mUser is on DANA Deals Login page?[0m                                                              ?[90m# demo.steps_definitions.LoginStepsDefinitions.userIsOnDANADealsLoginPage()?[0m
  ?[32mWhen ?[0m?[32mUser input ?[0m?[32m?[1m"87800000000"?[0m?[32m on phone number input field on login page?[0m                            ?[90m# demo.steps_definitions.LoginStepsDefinitions.userInputOnPhoneNumberInputFieldOnLoginPage(java.lang.String)?[0m
  ?[32mAnd ?[0m?[32mUser input ?[0m?[32m?[1m"P@ssw0rd"?[0m?[32m on password input field on login page?[0m                                    ?[90m# demo.steps_definitions.LoginStepsDefinitions.userInputOnPasswordInputFieldOnLoginPage(java.lang.String)?[0m
  ?[32mAnd ?[0m?[32mUser click Login button?[0m                                                                        ?[90m# demo.steps_definitions.LoginStepsDefinitions.userClickLoginButton()?[0m
  ?[32mThen ?[0m?[32mUser see message?[0m                                                                              ?[90m# demo.steps_definitions.LoginStepsDefinitions.UserSeeMessage()?[0m
  ?[32mThen ?[0m?[32mUser is on Home Admin page?[0m                                                                    ?[90m# demo.steps_definitions.LoginStepsDefinitions.userIsOnHomeAdminPage()?[0m
  ?[32mWhen ?[0m?[32mUser tap Voucher ?[0m?[32m?[1m"Agarsbyvuhjvogavtmza"?[0m                                                       ?[90m# demo.steps_definitions.VoucherDetailAdminStepsDefinitions.userTapVoucher(java.lang.String)?[0m
  ?[32mWhen ?[0m?[32mUser input quota ?[0m?[32m?[1m"252"?[0m                                                                        ?[90m# demo.steps_definitions.VoucherDetailAdminStepsDefinitions.userInputQuota(java.lang.String)?[0m
  ?[32mWhen ?[0m?[32mUser tap Save?[0m                                                                                 ?[90m# demo.steps_definitions.VoucherDetailAdminStepsDefinitions.userTapSave()?[0m
  ?[32mThen ?[0m?[32mUser is on Home Admin page?[0m                                                                    ?[90m# demo.steps_definitions.LoginStepsDefinitions.userIsOnHomeAdminPage()?[0m
  ?[32mWhen ?[0m?[32mUser tap Voucher ?[0m?[32m?[1m"Agarsbyvuhjvogavtmza"?[0m                                                       ?[90m# demo.steps_definitions.VoucherDetailAdminStepsDefinitions.userTapVoucher(java.lang.String)?[0m
  ?[32mThen ?[0m?[32mUser see update status ?[0m?[32m?[1m"Active"?[0m                                                               ?[90m# demo.steps_definitions.VoucherDetailAdminStepsDefinitions.userSeeUpdateStatus(java.lang.String)?[0m
  ?[32mThen ?[0m?[32mUser see update quota ?[0m?[32m?[1m"252"?[0m                                                                   ?[90m# demo.steps_definitions.VoucherDetailAdminStepsDefinitions.userSeeUpdateQuota(java.lang.String)?[0m
  ?[32mGiven ?[0m?[32mUser is on Landing page?[0m                                                                          ?[90m# demo.steps_definitions.LoginStepsDefinitions.userIsOnLandingPage()?[0m
  ?[32mWhen ?[0m?[32mUser click Login to Account button?[0m                                                                ?[90m# demo.steps_definitions.LoginStepsDefinitions.userClickLoginToAccountButton()?[0m
  ?[32mThen ?[0m?[32mUser is on DANA Deals Login page?[0m                                                                  ?[90m# demo.steps_definitions.LoginStepsDefinitions.userIsOnDANADealsLoginPage()?[0m
  ?[32mWhen ?[0m?[32mUser input ?[0m?[32m?[1m"87800000000"?[0m?[32m on phone number input field on login page?[0m                                ?[90m# demo.steps_definitions.LoginStepsDefinitions.userInputOnPhoneNumberInputFieldOnLoginPage(java.lang.String)?[0m
  ?[32mAnd ?[0m?[32mUser input ?[0m?[32m?[1m"P@ssw0rd"?[0m?[32m on password input field on login page?[0m                                        ?[90m# demo.steps_definitions.LoginStepsDefinitions.userInputOnPasswordInputFieldOnLoginPage(java.lang.String)?[0m
  ?[32mAnd ?[0m?[32mUser click Login button?[0m                                                                            ?[90m# demo.steps_definitions.LoginStepsDefinitions.userClickLoginButton()?[0m
  ?[32mThen ?[0m?[32mUser see message?[0m                                                                                  ?[90m# demo.steps_definitions.LoginStepsDefinitions.UserSeeMessage()?[0m
  ?[32mThen ?[0m?[32mUser is on Home Admin page?[0m                                                                        ?[90m# demo.steps_definitions.LoginStepsDefinitions.userIsOnHomeAdminPage()?[0m
  ?[32mWhen ?[0m?[32mUser tap Voucher ?[0m?[32m?[1m"Asafoetida"?[0m                                                                     ?[90m# demo.steps_definitions.VoucherDetailAdminStepsDefinitions.userTapVoucher(java.lang.String)?[0m
  ?[32mWhen ?[0m?[32mUser tap Increase?[0m                                                                                 ?[90m# demo.steps_definitions.VoucherDetailAdminStepsDefinitions.userTapIncrease()?[0m
  ?[32mWhen ?[0m?[32mUser tap Save?[0m                                                                                     ?[90m# demo.steps_definitions.VoucherDetailAdminStepsDefinitions.userTapSave()?[0m
  ?[32mThen ?[0m?[32mUser is on Home Admin page?[0m                                                                        ?[90m# demo.steps_definitions.LoginStepsDefinitions.userIsOnHomeAdminPage()?[0m
  ?[32mWhen ?[0m?[32mUser tap Voucher ?[0m?[32m?[1m"Asafoetida"?[0m                                                                     ?[90m# demo.steps_definitions.VoucherDetailAdminStepsDefinitions.userTapVoucher(java.lang.String)?[0m
  ?[32mThen ?[0m?[32mUser see update status ?[0m?[32m?[1m"Active"?[0m                                                                   ?[90m# demo.steps_definitions.VoucherDetailAdminStepsDefinitions.userSeeUpdateStatus(java.lang.String)?[0m
  ?[32mThen ?[0m?[32mUser see update quota ?[0m?[32m?[1m"252"?[0m                                                                       ?[90m# demo.steps_definitions.VoucherDetailAdminStepsDefinitions.userSeeUpdateQuota(java.lang.String)?[0m
  ?[32mGiven ?[0m?[32mUser is on Landing page?[0m                                                                                                  ?[90m# demo.steps_definitions.LoginStepsDefinitions.userIsOnLandingPage()?[0m
  ?[32mWhen ?[0m?[32mUser click Login to Account button?[0m                                                                                        ?[90m# demo.steps_definitions.LoginStepsDefinitions.userClickLoginToAccountButton()?[0m
  ?[32mThen ?[0m?[32mUser is on DANA Deals Login page?[0m                                                                                          ?[90m# demo.steps_definitions.LoginStepsDefinitions.userIsOnDANADealsLoginPage()?[0m
  ?[32mWhen ?[0m?[32mUser input ?[0m?[32m?[1m"87800000000"?[0m?[32m on phone number input field on login page?[0m                                                        ?[90m# demo.steps_definitions.LoginStepsDefinitions.userInputOnPhoneNumberInputFieldOnLoginPage(java.lang.String)?[0m
  ?[32mAnd ?[0m?[32mUser input ?[0m?[32m?[1m"P@ssw0rd"?[0m?[32m on password input field on login page?[0m                                                                ?[90m# demo.steps_definitions.LoginStepsDefinitions.userInputOnPasswordInputFieldOnLoginPage(java.lang.String)?[0m
  ?[32mAnd ?[0m?[32mUser click Login button?[0m                                                                                                    ?[90m# demo.steps_definitions.LoginStepsDefinitions.userClickLoginButton()?[0m
  ?[32mThen ?[0m?[32mUser see message?[0m                                                                                                          ?[90m# demo.steps_definitions.LoginStepsDefinitions.UserSeeMessage()?[0m
  ?[32mThen ?[0m?[32mUser is on Home Admin page?[0m                                                                                                ?[90m# demo.steps_definitions.LoginStepsDefinitions.userIsOnHomeAdminPage()?[0m
  ?[32mWhen ?[0m?[32mUser tap Voucher ?[0m?[32m?[1m"almsb"?[0m                                                                                                  ?[90m# demo.steps_definitions.VoucherDetailAdminStepsDefinitions.userTapVoucher(java.lang.String)?[0m
  ?[32mWhen ?[0m?[32mUser input quota ?[0m?[32m?[1m"241"?[0m                                                                                                    ?[90m# demo.steps_definitions.VoucherDetailAdminStepsDefinitions.userInputQuota(java.lang.String)?[0m
  ?[32mWhen ?[0m?[32mUser tap Increase?[0m                                                                                                         ?[90m# demo.steps_definitions.VoucherDetailAdminStepsDefinitions.userTapIncrease()?[0m
  ?[32mWhen ?[0m?[32mUser tap Save?[0m                                                                                                             ?[90m# demo.steps_definitions.VoucherDetailAdminStepsDefinitions.userTapSave()?[0m
  ?[32mThen ?[0m?[32mUser is on Home Admin page?[0m                                                                                                ?[90m# demo.steps_definitions.LoginStepsDefinitions.userIsOnHomeAdminPage()?[0m
  ?[32mWhen ?[0m?[32mUser tap Voucher ?[0m?[32m?[1m"almsb"?[0m                                                                                                  ?[90m# demo.steps_definitions.VoucherDetailAdminStepsDefinitions.userTapVoucher(java.lang.String)?[0m
  ?[32mThen ?[0m?[32mUser see update status ?[0m?[32m?[1m"Active"?[0m                                                                                           ?[90m# demo.steps_definitions.VoucherDetailAdminStepsDefinitions.userSeeUpdateStatus(java.lang.String)?[0m
  ?[31mThen ?[0m?[31mUser see update quota ?[0m?[31m?[1m"241"?[0m                                                                                               ?[90m# demo.steps_definitions.VoucherDetailAdminStepsDefinitions.userSeeUpdateQuota(java.lang.String)?[0m
      ?[31morg.junit.ComparisonFailure: expected:<24[1]> but was:<24[2]>
	at org.junit.Assert.assertEquals(Assert.java:117)
	at org.junit.Assert.assertEquals(Assert.java:146)
	at demo.steps_definitions.VoucherDetailAdminStepsDefinitions.userSeeUpdateQuota(VoucherDetailAdminStepsDefinitions.java:74)
	at ✽.User see update quota "241"(file:///Users/sihalohoo/Desktop/DEBRIEF%202/DANADealsTESTING/src/test/resources/features/admin/VoucherDetail.feature:72)
?[0m

    Embedding null [image/png 103526 bytes]


    Scenario Fail

  ?[32mGiven ?[0m?[32mUser is on Landing page?[0m                                                                                            ?[90m# demo.steps_definitions.LoginStepsDefinitions.userIsOnLandingPage()?[0m
  ?[32mWhen ?[0m?[32mUser click Login to Account button?[0m                                                                                  ?[90m# demo.steps_definitions.LoginStepsDefinitions.userClickLoginToAccountButton()?[0m
  ?[32mThen ?[0m?[32mUser is on DANA Deals Login page?[0m                                                                                    ?[90m# demo.steps_definitions.LoginStepsDefinitions.userIsOnDANADealsLoginPage()?[0m
  ?[32mWhen ?[0m?[32mUser input ?[0m?[32m?[1m"87800000000"?[0m?[32m on phone number input field on login page?[0m                                                  ?[90m# demo.steps_definitions.LoginStepsDefinitions.userInputOnPhoneNumberInputFieldOnLoginPage(java.lang.String)?[0m
  ?[32mAnd ?[0m?[32mUser input ?[0m?[32m?[1m"P@ssw0rd"?[0m?[32m on password input field on login page?[0m                                                          ?[90m# demo.steps_definitions.LoginStepsDefinitions.userInputOnPasswordInputFieldOnLoginPage(java.lang.String)?[0m
  ?[32mAnd ?[0m?[32mUser click Login button?[0m                                                                                              ?[90m# demo.steps_definitions.LoginStepsDefinitions.userClickLoginButton()?[0m
  ?[32mThen ?[0m?[32mUser see message?[0m                                                                                                    ?[90m# demo.steps_definitions.LoginStepsDefinitions.UserSeeMessage()?[0m
  ?[32mThen ?[0m?[32mUser is on Home Admin page?[0m                                                                                          ?[90m# demo.steps_definitions.LoginStepsDefinitions.userIsOnHomeAdminPage()?[0m
  ?[32mWhen ?[0m?[32mUser tap Voucher ?[0m?[32m?[1m"Basily"?[0m                                                                                           ?[90m# demo.steps_definitions.VoucherDetailAdminStepsDefinitions.userTapVoucher(java.lang.String)?[0m
  ?[32mWhen ?[0m?[32mUser input quota ?[0m?[32m?[1m"2"?[0m                                                                                                ?[90m# demo.steps_definitions.VoucherDetailAdminStepsDefinitions.userInputQuota(java.lang.String)?[0m
  ?[32mWhen ?[0m?[32mUser tap Save?[0m                                                                                                       ?[90m# demo.steps_definitions.VoucherDetailAdminStepsDefinitions.userTapSave()?[0m
  ?[32mThen ?[0m?[32mUser see message?[0m                                                                                                    ?[90m# demo.steps_definitions.LoginStepsDefinitions.UserSeeMessage()?[0m
  ?[32mThen ?[0m?[32mUser is on Voucher Detail page?[0m                                                                                      ?[90m# demo.steps_definitions.VoucherDetailAdminStepsDefinitions.userIsOnVoucherDetailPage()?[0m
  ?[32mGiven ?[0m?[32mUser is on Landing page?[0m                                                                                            ?[90m# demo.steps_definitions.LoginStepsDefinitions.userIsOnLandingPage()?[0m
  ?[32mWhen ?[0m?[32mUser click Login to Account button?[0m                                                                                  ?[90m# demo.steps_definitions.LoginStepsDefinitions.userClickLoginToAccountButton()?[0m
  ?[32mThen ?[0m?[32mUser is on DANA Deals Login page?[0m                                                                                    ?[90m# demo.steps_definitions.LoginStepsDefinitions.userIsOnDANADealsLoginPage()?[0m
  ?[32mWhen ?[0m?[32mUser input ?[0m?[32m?[1m"87800000000"?[0m?[32m on phone number input field on login page?[0m                                                  ?[90m# demo.steps_definitions.LoginStepsDefinitions.userInputOnPhoneNumberInputFieldOnLoginPage(java.lang.String)?[0m
  ?[32mAnd ?[0m?[32mUser input ?[0m?[32m?[1m"P@ssw0rd"?[0m?[32m on password input field on login page?[0m                                                          ?[90m# demo.steps_definitions.LoginStepsDefinitions.userInputOnPasswordInputFieldOnLoginPage(java.lang.String)?[0m
  ?[32mAnd ?[0m?[32mUser click Login button?[0m                                                                                              ?[90m# demo.steps_definitions.LoginStepsDefinitions.userClickLoginButton()?[0m
  ?[32mThen ?[0m?[32mUser see message?[0m                                                                                                    ?[90m# demo.steps_definitions.LoginStepsDefinitions.UserSeeMessage()?[0m
  ?[32mThen ?[0m?[32mUser is on Home Admin page?[0m                                                                                          ?[90m# demo.steps_definitions.LoginStepsDefinitions.userIsOnHomeAdminPage()?[0m
  ?[32mWhen ?[0m?[32mUser tap Voucher ?[0m?[32m?[1m"Basily"?[0m                                                                                           ?[90m# demo.steps_definitions.VoucherDetailAdminStepsDefinitions.userTapVoucher(java.lang.String)?[0m
  ?[32mWhen ?[0m?[32mUser input quota ?[0m?[32m?[1m"-1"?[0m                                                                                               ?[90m# demo.steps_definitions.VoucherDetailAdminStepsDefinitions.userInputQuota(java.lang.String)?[0m
  ?[32mWhen ?[0m?[32mUser tap Save?[0m                                                                                                       ?[90m# demo.steps_definitions.VoucherDetailAdminStepsDefinitions.userTapSave()?[0m
  ?[32mThen ?[0m?[32mUser see message?[0m                                                                                                    ?[90m# demo.steps_definitions.LoginStepsDefinitions.UserSeeMessage()?[0m
  ?[32mThen ?[0m?[32mUser is on Voucher Detail page?[0m                                                                                      ?[90m# demo.steps_definitions.VoucherDetailAdminStepsDefinitions.userIsOnVoucherDetailPage()?[0m
  ?[32mGiven ?[0m?[32mUser is on Landing page?[0m                                                                                            ?[90m# demo.steps_definitions.LoginStepsDefinitions.userIsOnLandingPage()?[0m
  ?[32mWhen ?[0m?[32mUser click Login to Account button?[0m                                                                                  ?[90m# demo.steps_definitions.LoginStepsDefinitions.userClickLoginToAccountButton()?[0m
  ?[32mThen ?[0m?[32mUser is on DANA Deals Login page?[0m                                                                                    ?[90m# demo.steps_definitions.LoginStepsDefinitions.userIsOnDANADealsLoginPage()?[0m
  ?[32mWhen ?[0m?[32mUser input ?[0m?[32m?[1m"87800000000"?[0m?[32m on phone number input field on login page?[0m                                                  ?[90m# demo.steps_definitions.LoginStepsDefinitions.userInputOnPhoneNumberInputFieldOnLoginPage(java.lang.String)?[0m
  ?[32mAnd ?[0m?[32mUser input ?[0m?[32m?[1m"P@ssw0rd"?[0m?[32m on password input field on login page?[0m                                                          ?[90m# demo.steps_definitions.LoginStepsDefinitions.userInputOnPasswordInputFieldOnLoginPage(java.lang.String)?[0m
  ?[32mAnd ?[0m?[32mUser click Login button?[0m                                                                                              ?[90m# demo.steps_definitions.LoginStepsDefinitions.userClickLoginButton()?[0m
  ?[32mThen ?[0m?[32mUser see message?[0m                                                                                                    ?[90m# demo.steps_definitions.LoginStepsDefinitions.UserSeeMessage()?[0m
  ?[32mThen ?[0m?[32mUser is on Home Admin page?[0m                                                                                          ?[90m# demo.steps_definitions.LoginStepsDefinitions.userIsOnHomeAdminPage()?[0m
  ?[32mWhen ?[0m?[32mUser tap Voucher ?[0m?[32m?[1m"Basily"?[0m                                                                                           ?[90m# demo.steps_definitions.VoucherDetailAdminStepsDefinitions.userTapVoucher(java.lang.String)?[0m
  ?[32mWhen ?[0m?[32mUser input quota ?[0m?[32m?[1m"1.5"?[0m                                                                                              ?[90m# demo.steps_definitions.VoucherDetailAdminStepsDefinitions.userInputQuota(java.lang.String)?[0m
  ?[32mWhen ?[0m?[32mUser tap Save?[0m                                                                                                       ?[90m# demo.steps_definitions.VoucherDetailAdminStepsDefinitions.userTapSave()?[0m
  ?[32mThen ?[0m?[32mUser see message?[0m                                                                                                    ?[90m# demo.steps_definitions.LoginStepsDefinitions.UserSeeMessage()?[0m
  ?[32mThen ?[0m?[32mUser is on Voucher Detail page?[0m                                                                                      ?[90m# demo.steps_definitions.VoucherDetailAdminStepsDefinitions.userIsOnVoucherDetailPage()?[0m
  ?[32mGiven ?[0m?[32mUser is on Landing page?[0m                                                                                            ?[90m# demo.steps_definitions.LoginStepsDefinitions.userIsOnLandingPage()?[0m
  ?[32mWhen ?[0m?[32mUser click Login to Account button?[0m                                                                                  ?[90m# demo.steps_definitions.LoginStepsDefinitions.userClickLoginToAccountButton()?[0m
  ?[32mThen ?[0m?[32mUser is on DANA Deals Login page?[0m                                                                                    ?[90m# demo.steps_definitions.LoginStepsDefinitions.userIsOnDANADealsLoginPage()?[0m
  ?[32mWhen ?[0m?[32mUser input ?[0m?[32m?[1m"87800000000"?[0m?[32m on phone number input field on login page?[0m                                                  ?[90m# demo.steps_definitions.LoginStepsDefinitions.userInputOnPhoneNumberInputFieldOnLoginPage(java.lang.String)?[0m
  ?[32mAnd ?[0m?[32mUser input ?[0m?[32m?[1m"P@ssw0rd"?[0m?[32m on password input field on login page?[0m                                                          ?[90m# demo.steps_definitions.LoginStepsDefinitions.userInputOnPasswordInputFieldOnLoginPage(java.lang.String)?[0m
  ?[32mAnd ?[0m?[32mUser click Login button?[0m                                                                                              ?[90m# demo.steps_definitions.LoginStepsDefinitions.userClickLoginButton()?[0m
  ?[32mThen ?[0m?[32mUser see message?[0m                                                                                                    ?[90m# demo.steps_definitions.LoginStepsDefinitions.UserSeeMessage()?[0m
  ?[32mThen ?[0m?[32mUser is on Home Admin page?[0m                                                                                          ?[90m# demo.steps_definitions.LoginStepsDefinitions.userIsOnHomeAdminPage()?[0m
  ?[32mWhen ?[0m?[32mUser tap Voucher ?[0m?[32m?[1m"Basily"?[0m                                                                                           ?[90m# demo.steps_definitions.VoucherDetailAdminStepsDefinitions.userTapVoucher(java.lang.String)?[0m
  ?[32mWhen ?[0m?[32mUser input quota ?[0m?[32m?[1m"1/2"?[0m                                                                                              ?[90m# demo.steps_definitions.VoucherDetailAdminStepsDefinitions.userInputQuota(java.lang.String)?[0m
  ?[32mWhen ?[0m?[32mUser tap Save?[0m                                                                                                       ?[90m# demo.steps_definitions.VoucherDetailAdminStepsDefinitions.userTapSave()?[0m
  ?[32mThen ?[0m?[32mUser see message?[0m                                                                                                    ?[90m# demo.steps_definitions.LoginStepsDefinitions.UserSeeMessage()?[0m
  ?[32mThen ?[0m?[32mUser is on Voucher Detail page?[0m                                                                                      ?[90m# demo.steps_definitions.VoucherDetailAdminStepsDefinitions.userIsOnVoucherDetailPage()?[0m
  ?[32mGiven ?[0m?[32mUser is on Landing page?[0m                                                                                            ?[90m# demo.steps_definitions.LoginStepsDefinitions.userIsOnLandingPage()?[0m
  ?[32mWhen ?[0m?[32mUser click Login to Account button?[0m                                                                                  ?[90m# demo.steps_definitions.LoginStepsDefinitions.userClickLoginToAccountButton()?[0m
  ?[32mThen ?[0m?[32mUser is on DANA Deals Login page?[0m                                                                                    ?[90m# demo.steps_definitions.LoginStepsDefinitions.userIsOnDANADealsLoginPage()?[0m
  ?[32mWhen ?[0m?[32mUser input ?[0m?[32m?[1m"87800000000"?[0m?[32m on phone number input field on login page?[0m                                                  ?[90m# demo.steps_definitions.LoginStepsDefinitions.userInputOnPhoneNumberInputFieldOnLoginPage(java.lang.String)?[0m
  ?[32mAnd ?[0m?[32mUser input ?[0m?[32m?[1m"P@ssw0rd"?[0m?[32m on password input field on login page?[0m                                                          ?[90m# demo.steps_definitions.LoginStepsDefinitions.userInputOnPasswordInputFieldOnLoginPage(java.lang.String)?[0m
  ?[32mAnd ?[0m?[32mUser click Login button?[0m                                                                                              ?[90m# demo.steps_definitions.LoginStepsDefinitions.userClickLoginButton()?[0m
  ?[32mThen ?[0m?[32mUser see message?[0m                                                                                                    ?[90m# demo.steps_definitions.LoginStepsDefinitions.UserSeeMessage()?[0m
  ?[32mThen ?[0m?[32mUser is on Home Admin page?[0m                                                                                          ?[90m# demo.steps_definitions.LoginStepsDefinitions.userIsOnHomeAdminPage()?[0m
  ?[32mWhen ?[0m?[32mUser tap Voucher ?[0m?[32m?[1m"Basily"?[0m                                                                                           ?[90m# demo.steps_definitions.VoucherDetailAdminStepsDefinitions.userTapVoucher(java.lang.String)?[0m
  ?[32mWhen ?[0m?[32mUser input quota ?[0m?[32m?[1m"1001"?[0m                                                                                             ?[90m# demo.steps_definitions.VoucherDetailAdminStepsDefinitions.userInputQuota(java.lang.String)?[0m
  ?[32mWhen ?[0m?[32mUser tap Save?[0m                                                                                                       ?[90m# demo.steps_definitions.VoucherDetailAdminStepsDefinitions.userTapSave()?[0m
  ?[32mThen ?[0m?[32mUser see message?[0m                                                                                                    ?[90m# demo.steps_definitions.LoginStepsDefinitions.UserSeeMessage()?[0m
  ?[32mThen ?[0m?[32mUser is on Voucher Detail page?[0m                                                                                      ?[90m# demo.steps_definitions.VoucherDetailAdminStepsDefinitions.userIsOnVoucherDetailPage()?[0m
  ?[32mGiven ?[0m?[32mUser is on Landing page?[0m                                                                                            ?[90m# demo.steps_definitions.LoginStepsDefinitions.userIsOnLandingPage()?[0m
  ?[32mWhen ?[0m?[32mUser click Login to Account button?[0m                                                                                  ?[90m# demo.steps_definitions.LoginStepsDefinitions.userClickLoginToAccountButton()?[0m
  ?[32mThen ?[0m?[32mUser is on DANA Deals Login page?[0m                                                                                    ?[90m# demo.steps_definitions.LoginStepsDefinitions.userIsOnDANADealsLoginPage()?[0m
  ?[32mWhen ?[0m?[32mUser input ?[0m?[32m?[1m"87800000000"?[0m?[32m on phone number input field on login page?[0m                                                  ?[90m# demo.steps_definitions.LoginStepsDefinitions.userInputOnPhoneNumberInputFieldOnLoginPage(java.lang.String)?[0m
  ?[32mAnd ?[0m?[32mUser input ?[0m?[32m?[1m"P@ssw0rd"?[0m?[32m on password input field on login page?[0m                                                          ?[90m# demo.steps_definitions.LoginStepsDefinitions.userInputOnPasswordInputFieldOnLoginPage(java.lang.String)?[0m
  ?[32mAnd ?[0m?[32mUser click Login button?[0m                                                                                              ?[90m# demo.steps_definitions.LoginStepsDefinitions.userClickLoginButton()?[0m
  ?[32mThen ?[0m?[32mUser see message?[0m                                                                                                    ?[90m# demo.steps_definitions.LoginStepsDefinitions.UserSeeMessage()?[0m
  ?[32mThen ?[0m?[32mUser is on Home Admin page?[0m                                                                                          ?[90m# demo.steps_definitions.LoginStepsDefinitions.userIsOnHomeAdminPage()?[0m
  ?[32mWhen ?[0m?[32mUser tap Voucher ?[0m?[32m?[1m"Basily"?[0m                                                                                           ?[90m# demo.steps_definitions.VoucherDetailAdminStepsDefinitions.userTapVoucher(java.lang.String)?[0m
  ?[32mWhen ?[0m?[32mUser input quota ?[0m?[32m?[1m"abc"?[0m                                                                                              ?[90m# demo.steps_definitions.VoucherDetailAdminStepsDefinitions.userInputQuota(java.lang.String)?[0m
  ?[32mWhen ?[0m?[32mUser tap Save?[0m                                                                                                       ?[90m# demo.steps_definitions.VoucherDetailAdminStepsDefinitions.userTapSave()?[0m
  ?[32mThen ?[0m?[32mUser see message?[0m                                                                                                    ?[90m# demo.steps_definitions.LoginStepsDefinitions.UserSeeMessage()?[0m
  ?[32mThen ?[0m?[32mUser is on Voucher Detail page?[0m                                                                                      ?[90m# demo.steps_definitions.VoucherDetailAdminStepsDefinitions.userIsOnVoucherDetailPage()?[0m
  ?[32mGiven ?[0m?[32mUser is on Landing page?[0m                                                                                            ?[90m# demo.steps_definitions.LoginStepsDefinitions.userIsOnLandingPage()?[0m
  ?[32mWhen ?[0m?[32mUser click Login to Account button?[0m                                                                                  ?[90m# demo.steps_definitions.LoginStepsDefinitions.userClickLoginToAccountButton()?[0m
  ?[32mThen ?[0m?[32mUser is on DANA Deals Login page?[0m                                                                                    ?[90m# demo.steps_definitions.LoginStepsDefinitions.userIsOnDANADealsLoginPage()?[0m
  ?[32mWhen ?[0m?[32mUser input ?[0m?[32m?[1m"87800000000"?[0m?[32m on phone number input field on login page?[0m                                                  ?[90m# demo.steps_definitions.LoginStepsDefinitions.userInputOnPhoneNumberInputFieldOnLoginPage(java.lang.String)?[0m
  ?[32mAnd ?[0m?[32mUser input ?[0m?[32m?[1m"P@ssw0rd"?[0m?[32m on password input field on login page?[0m                                                          ?[90m# demo.steps_definitions.LoginStepsDefinitions.userInputOnPasswordInputFieldOnLoginPage(java.lang.String)?[0m
  ?[32mAnd ?[0m?[32mUser click Login button?[0m                                                                                              ?[90m# demo.steps_definitions.LoginStepsDefinitions.userClickLoginButton()?[0m
  ?[32mThen ?[0m?[32mUser see message?[0m                                                                                                    ?[90m# demo.steps_definitions.LoginStepsDefinitions.UserSeeMessage()?[0m
  ?[32mThen ?[0m?[32mUser is on Home Admin page?[0m                                                                                          ?[90m# demo.steps_definitions.LoginStepsDefinitions.userIsOnHomeAdminPage()?[0m
  ?[32mWhen ?[0m?[32mUser tap Voucher ?[0m?[32m?[1m"Basily"?[0m                                                                                           ?[90m# demo.steps_definitions.VoucherDetailAdminStepsDefinitions.userTapVoucher(java.lang.String)?[0m
  ?[32mWhen ?[0m?[32mUser input quota ?[0m?[32m?[1m"@@"?[0m                                                                                               ?[90m# demo.steps_definitions.VoucherDetailAdminStepsDefinitions.userInputQuota(java.lang.String)?[0m
  ?[32mWhen ?[0m?[32mUser tap Save?[0m                                                                                                       ?[90m# demo.steps_definitions.VoucherDetailAdminStepsDefinitions.userTapSave()?[0m
  ?[32mThen ?[0m?[32mUser see message?[0m                                                                                                    ?[90m# demo.steps_definitions.LoginStepsDefinitions.UserSeeMessage()?[0m
  ?[32mThen ?[0m?[32mUser is on Voucher Detail page?[0m                                                                                      ?[90m# demo.steps_definitions.VoucherDetailAdminStepsDefinitions.userIsOnVoucherDetailPage()?[0m
  ?[32mGiven ?[0m?[32mUser is on Landing page?[0m                                                                                            ?[90m# demo.steps_definitions.LoginStepsDefinitions.userIsOnLandingPage()?[0m
  ?[32mWhen ?[0m?[32mUser click Login to Account button?[0m                                                                                  ?[90m# demo.steps_definitions.LoginStepsDefinitions.userClickLoginToAccountButton()?[0m
  ?[32mThen ?[0m?[32mUser is on DANA Deals Login page?[0m                                                                                    ?[90m# demo.steps_definitions.LoginStepsDefinitions.userIsOnDANADealsLoginPage()?[0m
  ?[32mWhen ?[0m?[32mUser input ?[0m?[32m?[1m"87800000000"?[0m?[32m on phone number input field on login page?[0m                                                  ?[90m# demo.steps_definitions.LoginStepsDefinitions.userInputOnPhoneNumberInputFieldOnLoginPage(java.lang.String)?[0m
  ?[32mAnd ?[0m?[32mUser input ?[0m?[32m?[1m"P@ssw0rd"?[0m?[32m on password input field on login page?[0m                                                          ?[90m# demo.steps_definitions.LoginStepsDefinitions.userInputOnPasswordInputFieldOnLoginPage(java.lang.String)?[0m
  ?[32mAnd ?[0m?[32mUser click Login button?[0m                                                                                              ?[90m# demo.steps_definitions.LoginStepsDefinitions.userClickLoginButton()?[0m
  ?[32mThen ?[0m?[32mUser see message?[0m                                                                                                    ?[90m# demo.steps_definitions.LoginStepsDefinitions.UserSeeMessage()?[0m
  ?[32mThen ?[0m?[32mUser is on Home Admin page?[0m                                                                                          ?[90m# demo.steps_definitions.LoginStepsDefinitions.userIsOnHomeAdminPage()?[0m
  ?[32mWhen ?[0m?[32mUser tap Voucher ?[0m?[32m?[1m"Basily"?[0m                                                                                           ?[90m# demo.steps_definitions.VoucherDetailAdminStepsDefinitions.userTapVoucher(java.lang.String)?[0m
  ?[32mWhen ?[0m?[32mUser input quota ?[0m?[32m?[1m"]]>&#x1f605;<![CDATA[]]>&#x1f923;<![CDATA[]]>&#x1f970;<![CDATA[]]>&#x1f60e;<![CDATA["?[0m                                                                                         ?[90m# demo.steps_definitions.VoucherDetailAdminStepsDefinitions.userInputQuota(java.lang.String)?[0m
  ?[32mWhen ?[0m?[32mUser tap Save?[0m                                                                                                       ?[90m# demo.steps_definitions.VoucherDetailAdminStepsDefinitions.userTapSave()?[0m
  ?[32mThen ?[0m?[32mUser see message?[0m                                                                                                    ?[90m# demo.steps_definitions.LoginStepsDefinitions.UserSeeMessage()?[0m
  ?[32mThen ?[0m?[32mUser is on Voucher Detail page?[0m                                                                                      ?[90m# demo.steps_definitions.VoucherDetailAdminStepsDefinitions.userIsOnVoucherDetailPage()?[0m
  ?[32mGiven ?[0m?[32mUser is on Landing page?[0m                                                                                            ?[90m# demo.steps_definitions.LoginStepsDefinitions.userIsOnLandingPage()?[0m
  ?[32mWhen ?[0m?[32mUser click Login to Account button?[0m                                                                                  ?[90m# demo.steps_definitions.LoginStepsDefinitions.userClickLoginToAccountButton()?[0m
  ?[32mThen ?[0m?[32mUser is on DANA Deals Login page?[0m                                                                                    ?[90m# demo.steps_definitions.LoginStepsDefinitions.userIsOnDANADealsLoginPage()?[0m
  ?[32mWhen ?[0m?[32mUser input ?[0m?[32m?[1m"87800000000"?[0m?[32m on phone number input field on login page?[0m                                                  ?[90m# demo.steps_definitions.LoginStepsDefinitions.userInputOnPhoneNumberInputFieldOnLoginPage(java.lang.String)?[0m
  ?[32mAnd ?[0m?[32mUser input ?[0m?[32m?[1m"P@ssw0rd"?[0m?[32m on password input field on login page?[0m                                                          ?[90m# demo.steps_definitions.LoginStepsDefinitions.userInputOnPasswordInputFieldOnLoginPage(java.lang.String)?[0m
  ?[32mAnd ?[0m?[32mUser click Login button?[0m                                                                                              ?[90m# demo.steps_definitions.LoginStepsDefinitions.userClickLoginButton()?[0m
  ?[32mThen ?[0m?[32mUser see message?[0m                                                                                                    ?[90m# demo.steps_definitions.LoginStepsDefinitions.UserSeeMessage()?[0m
  ?[32mThen ?[0m?[32mUser is on Home Admin page?[0m                                                                                          ?[90m# demo.steps_definitions.LoginStepsDefinitions.userIsOnHomeAdminPage()?[0m
  ?[32mWhen ?[0m?[32mUser tap Voucher ?[0m?[32m?[1m"Basily"?[0m                                                                                           ?[90m# demo.steps_definitions.VoucherDetailAdminStepsDefinitions.userTapVoucher(java.lang.String)?[0m
  ?[32mWhen ?[0m?[32mUser input quota ?[0m?[32m?[1m"0"?[0m                                                                                                ?[90m# demo.steps_definitions.VoucherDetailAdminStepsDefinitions.userInputQuota(java.lang.String)?[0m
  ?[32mWhen ?[0m?[32mUser tap Save?[0m                                                                                                       ?[90m# demo.steps_definitions.VoucherDetailAdminStepsDefinitions.userTapSave()?[0m
  ?[32mThen ?[0m?[32mUser see message?[0m                                                                                                    ?[90m# demo.steps_definitions.LoginStepsDefinitions.UserSeeMessage()?[0m
  ?[32mThen ?[0m?[32mUser is on Voucher Detail page?[0m                                                                                      ?[90m# demo.steps_definitions.VoucherDetailAdminStepsDefinitions.userIsOnVoucherDetailPage()?[0m
  ?[32mGiven ?[0m?[32mUser is on Landing page?[0m                                                                                            ?[90m# demo.steps_definitions.LoginStepsDefinitions.userIsOnLandingPage()?[0m
  ?[32mWhen ?[0m?[32mUser click Login to Account button?[0m                                                                                  ?[90m# demo.steps_definitions.LoginStepsDefinitions.userClickLoginToAccountButton()?[0m
  ?[32mThen ?[0m?[32mUser is on DANA Deals Login page?[0m                                                                                    ?[90m# demo.steps_definitions.LoginStepsDefinitions.userIsOnDANADealsLoginPage()?[0m
  ?[32mWhen ?[0m?[32mUser input ?[0m?[32m?[1m"87800000000"?[0m?[32m on phone number input field on login page?[0m                                                  ?[90m# demo.steps_definitions.LoginStepsDefinitions.userInputOnPhoneNumberInputFieldOnLoginPage(java.lang.String)?[0m
  ?[32mAnd ?[0m?[32mUser input ?[0m?[32m?[1m"P@ssw0rd"?[0m?[32m on password input field on login page?[0m                                                          ?[90m# demo.steps_definitions.LoginStepsDefinitions.userInputOnPasswordInputFieldOnLoginPage(java.lang.String)?[0m
  ?[32mAnd ?[0m?[32mUser click Login button?[0m                                                                                              ?[90m# demo.steps_definitions.LoginStepsDefinitions.userClickLoginButton()?[0m
  ?[32mThen ?[0m?[32mUser see message?[0m                                                                                                    ?[90m# demo.steps_definitions.LoginStepsDefinitions.UserSeeMessage()?[0m
  ?[32mThen ?[0m?[32mUser is on Home Admin page?[0m                                                                                          ?[90m# demo.steps_definitions.LoginStepsDefinitions.userIsOnHomeAdminPage()?[0m
  ?[32mWhen ?[0m?[32mUser tap Voucher ?[0m?[32m?[1m"Basily"?[0m                                                                                           ?[90m# demo.steps_definitions.VoucherDetailAdminStepsDefinitions.userTapVoucher(java.lang.String)?[0m
  ?[32mWhen ?[0m?[32mUser input quota ?[0m?[32m?[1m""?[0m                                                                                                 ?[90m# demo.steps_definitions.VoucherDetailAdminStepsDefinitions.userInputQuota(java.lang.String)?[0m
  ?[32mWhen ?[0m?[32mUser tap Save?[0m                                                                                                       ?[90m# demo.steps_definitions.VoucherDetailAdminStepsDefinitions.userTapSave()?[0m
  ?[32mThen ?[0m?[32mUser see message?[0m                                                                                                    ?[90m# demo.steps_definitions.LoginStepsDefinitions.UserSeeMessage()?[0m
  ?[31mThen ?[0m?[31mUser is on Voucher Detail page?[0m                                                                                      ?[90m# demo.steps_definitions.VoucherDetailAdminStepsDefinitions.userIsOnVoucherDetailPage()?[0m
      ?[31morg.openqa.selenium.TimeoutException: Expected condition failed: waiting for presence of element located by: By.id: btn_save_admin (tried for 15 second(s) with 500 milliseconds interval)
	at org.openqa.selenium.support.ui.WebDriverWait.timeoutException(WebDriverWait.java:95)
	at org.openqa.selenium.support.ui.FluentWait.until(FluentWait.java:272)
	at demo.utils.ActionUtils.waitElement(ActionUtils.java:15)
	at demo.pages.admin.VoucherDetailAdminPage.isOnPage(VoucherDetailAdminPage.java:11)
	at demo.steps_definitions.VoucherDetailAdminStepsDefinitions.userIsOnVoucherDetailPage(VoucherDetailAdminStepsDefinitions.java:16)
	at ✽.User is on Voucher Detail page(file:///Users/sihalohoo/Desktop/DEBRIEF%202/DANADealsTESTING/src/test/resources/features/admin/VoucherDetail.feature:80)
Caused by: org.openqa.selenium.NoSuchElementException: An element could not be located on the page using the given search parameters.
For documentation on this error, please visit: https://www.seleniumhq.org/exceptions/no_such_element.html
Build info: version: '3.141.59', revision: 'e82be7d358', time: '2018-11-14T08:17:03'
System info: host: 'DNID0651L01.local', ip: 'fe80:0:0:0:10ff:ecf3:d89:4ddc%en0', os.name: 'Mac OS X', os.arch: 'x86_64', os.version: '10.15.4', java.version: '11.0.6'
Driver info: io.appium.java_client.android.AndroidDriver
Capabilities {app: /Users/sihalohoo/Desktop/DE..., appPackage: com.team.danadeals, autoGrantPermissions: true, automationName: UIAutomator2, databaseEnabled: false, desired: {app: /Users/sihalohoo/Desktop/DE..., autoGrantPermissions: true, automationName: UIAutomator2, deviceName: device, newCommandTimeout: 120, platformName: android, udid: emulator-5554}, deviceApiLevel: 23, deviceManufacturer: unknown, deviceModel: Android SDK built for x86, deviceName: emulator-5554, deviceScreenDensity: 420, deviceScreenSize: 1080x1920, deviceUDID: emulator-5554, javascriptEnabled: true, locationContextEnabled: false, networkConnectionEnabled: true, newCommandTimeout: 120, pixelRatio: 2.625, platform: LINUX, platformName: Android, platformVersion: 6.0, statBarHeight: 63, takesScreenshot: true, udid: emulator-5554, viewportRect: {height: 1731, left: 0, top: 63, width: 1080}, warnings: {}, webStorageEnabled: false}
Session ID: 21ed8119-0167-41b6-af6f-f137bc80fe91
*** Element info: {Using=id, value=btn_save_admin}
	at java.base/jdk.internal.reflect.NativeConstructorAccessorImpl.newInstance0(Native Method)
	at java.base/jdk.internal.reflect.NativeConstructorAccessorImpl.newInstance(NativeConstructorAccessorImpl.java:62)
	at java.base/jdk.internal.reflect.DelegatingConstructorAccessorImpl.newInstance(DelegatingConstructorAccessorImpl.java:45)
	at java.base/java.lang.reflect.Constructor.newInstance(Constructor.java:490)
	at org.openqa.selenium.remote.http.W3CHttpResponseCodec.createException(W3CHttpResponseCodec.java:187)
	at org.openqa.selenium.remote.http.W3CHttpResponseCodec.decode(W3CHttpResponseCodec.java:122)
	at org.openqa.selenium.remote.http.W3CHttpResponseCodec.decode(W3CHttpResponseCodec.java:49)
	at org.openqa.selenium.remote.HttpCommandExecutor.execute(HttpCommandExecutor.java:158)
	at io.appium.java_client.remote.AppiumCommandExecutor.execute(AppiumCommandExecutor.java:239)
	at org.openqa.selenium.remote.RemoteWebDriver.execute(RemoteWebDriver.java:552)
	at io.appium.java_client.DefaultGenericMobileDriver.execute(DefaultGenericMobileDriver.java:41)
	at io.appium.java_client.AppiumDriver.execute(AppiumDriver.java:1)
	at io.appium.java_client.android.AndroidDriver.execute(AndroidDriver.java:1)
	at org.openqa.selenium.remote.RemoteWebDriver.findElement(RemoteWebDriver.java:323)
	at io.appium.java_client.DefaultGenericMobileDriver.findElement(DefaultGenericMobileDriver.java:61)
	at io.appium.java_client.AppiumDriver.findElement(AppiumDriver.java:1)
	at io.appium.java_client.android.AndroidDriver.findElement(AndroidDriver.java:1)
	at org.openqa.selenium.remote.RemoteWebDriver.findElementById(RemoteWebDriver.java:372)
	at io.appium.java_client.DefaultGenericMobileDriver.findElementById(DefaultGenericMobileDriver.java:69)
	at io.appium.java_client.AppiumDriver.findElementById(AppiumDriver.java:1)
	at io.appium.java_client.android.AndroidDriver.findElementById(AndroidDriver.java:1)
	at org.openqa.selenium.By$ById.findElement(By.java:188)
	at org.openqa.selenium.remote.RemoteWebDriver.findElement(RemoteWebDriver.java:315)
	at io.appium.java_client.DefaultGenericMobileDriver.findElement(DefaultGenericMobileDriver.java:57)
	at io.appium.java_client.AppiumDriver.findElement(AppiumDriver.java:1)
	at io.appium.java_client.android.AndroidDriver.findElement(AndroidDriver.java:1)
	at org.openqa.selenium.support.ui.ExpectedConditions$6.apply(ExpectedConditions.java:182)
	at org.openqa.selenium.support.ui.ExpectedConditions$6.apply(ExpectedConditions.java:179)
	at org.openqa.selenium.support.ui.FluentWait.until(FluentWait.java:249)
	at demo.utils.ActionUtils.waitElement(ActionUtils.java:15)
	at demo.pages.admin.VoucherDetailAdminPage.isOnPage(VoucherDetailAdminPage.java:11)
	at demo.steps_definitions.VoucherDetailAdminStepsDefinitions.userIsOnVoucherDetailPage(VoucherDetailAdminStepsDefinitions.java:16)
	at java.base/jdk.internal.reflect.NativeMethodAccessorImpl.invoke0(Native Method)
	at java.base/jdk.internal.reflect.NativeMethodAccessorImpl.invoke(NativeMethodAccessorImpl.java:62)
	at java.base/jdk.internal.reflect.DelegatingMethodAccessorImpl.invoke(DelegatingMethodAccessorImpl.java:43)
	at java.base/java.lang.reflect.Method.invoke(Method.java:566)
	at io.cucumber.java.Invoker.invoke(Invoker.java:27)
	at io.cucumber.java.JavaStepDefinition.execute(JavaStepDefinition.java:27)
	at io.cucumber.core.runner.PickleStepDefinitionMatch.runStep(PickleStepDefinitionMatch.java:63)
	at io.cucumber.core.runner.TestStep.executeStep(TestStep.java:64)
	at io.cucumber.core.runner.TestStep.run(TestStep.java:49)
	at io.cucumber.core.runner.PickleStepTestStep.run(PickleStepTestStep.java:46)
	at io.cucumber.core.runner.TestCase.run(TestCase.java:51)
	at io.cucumber.core.runner.Runner.runPickle(Runner.java:67)
	at io.cucumber.junit.PickleRunners$WithStepDescriptions.run(PickleRunners.java:100)
	at io.cucumber.junit.FeatureRunner.runChild(FeatureRunner.java:83)
	at io.cucumber.junit.FeatureRunner.runChild(FeatureRunner.java:24)
	at org.junit.runners.ParentRunner$4.run(ParentRunner.java:331)
	at org.junit.runners.ParentRunner$1.schedule(ParentRunner.java:79)
	at org.junit.runners.ParentRunner.runChildren(ParentRunner.java:329)
	at org.junit.runners.ParentRunner.access$100(ParentRunner.java:66)
	at org.junit.runners.ParentRunner$2.evaluate(ParentRunner.java:293)
	at org.junit.runners.ParentRunner$3.evaluate(ParentRunner.java:306)
	at org.junit.runners.ParentRunner.run(ParentRunner.java:413)
	at io.cucumber.junit.Cucumber.runChild(Cucumber.java:185)
	at io.cucumber.junit.Cucumber.runChild(Cucumber.java:83)
	at org.junit.runners.ParentRunner$4.run(ParentRunner.java:331)
	at org.junit.runners.ParentRunner$1.schedule(ParentRunner.java:79)
	at org.junit.runners.ParentRunner.runChildren(ParentRunner.java:329)
	at org.junit.runners.ParentRunner.access$100(ParentRunner.java:66)
	at org.junit.runners.ParentRunner$2.evaluate(ParentRunner.java:293)
	at io.cucumber.junit.Cucumber$RunCucumber.evaluate(Cucumber.java:219)
	at org.junit.runners.ParentRunner$3.evaluate(ParentRunner.java:306)
	at org.junit.runners.ParentRunner.run(ParentRunner.java:413)
	at org.gradle.api.internal.tasks.testing.junit.JUnitTestClassExecutor.runTestClass(JUnitTestClassExecutor.java:110)
	at org.gradle.api.internal.tasks.testing.junit.JUnitTestClassExecutor.execute(JUnitTestClassExecutor.java:58)
	at org.gradle.api.internal.tasks.testing.junit.JUnitTestClassExecutor.execute(JUnitTestClassExecutor.java:38)
	at org.gradle.api.internal.tasks.testing.junit.AbstractJUnitTestClassProcessor.processTestClass(AbstractJUnitTestClassProcessor.java:62)
	at org.gradle.api.internal.tasks.testing.SuiteTestClassProcessor.processTestClass(SuiteTestClassProcessor.java:51)
	at java.base/jdk.internal.reflect.NativeMethodAccessorImpl.invoke0(Native Method)
	at java.base/jdk.internal.reflect.NativeMethodAccessorImpl.invoke(NativeMethodAccessorImpl.java:62)
	at java.base/jdk.internal.reflect.DelegatingMethodAccessorImpl.invoke(DelegatingMethodAccessorImpl.java:43)
	at java.base/java.lang.reflect.Method.invoke(Method.java:566)
	at org.gradle.internal.dispatch.ReflectionDispatch.dispatch(ReflectionDispatch.java:36)
	at org.gradle.internal.dispatch.ReflectionDispatch.dispatch(ReflectionDispatch.java:24)
	at org.gradle.internal.dispatch.ContextClassLoaderDispatch.dispatch(ContextClassLoaderDispatch.java:33)
	at org.gradle.internal.dispatch.ProxyDispatchAdapter$DispatchingInvocationHandler.invoke(ProxyDispatchAdapter.java:94)
	at com.sun.proxy.$Proxy2.processTestClass(Unknown Source)
	at org.gradle.api.internal.tasks.testing.worker.TestWorker.processTestClass(TestWorker.java:118)
	at java.base/jdk.internal.reflect.NativeMethodAccessorImpl.invoke0(Native Method)
	at java.base/jdk.internal.reflect.NativeMethodAccessorImpl.invoke(NativeMethodAccessorImpl.java:62)
	at java.base/jdk.internal.reflect.DelegatingMethodAccessorImpl.invoke(DelegatingMethodAccessorImpl.java:43)
	at java.base/java.lang.reflect.Method.invoke(Method.java:566)
	at org.gradle.internal.dispatch.ReflectionDispatch.dispatch(ReflectionDispatch.java:36)
	at org.gradle.internal.dispatch.ReflectionDispatch.dispatch(ReflectionDispatch.java:24)
	at org.gradle.internal.remote.internal.hub.MessageHubBackedObjectConnection$DispatchWrapper.dispatch(MessageHubBackedObjectConnection.java:182)
	at org.gradle.internal.remote.internal.hub.MessageHubBackedObjectConnection$DispatchWrapper.dispatch(MessageHubBackedObjectConnection.java:164)
	at org.gradle.internal.remote.internal.hub.MessageHub$Handler.run(MessageHub.java:412)
	at org.gradle.internal.concurrent.ExecutorPolicy$CatchAndRecordFailures.onExecute(ExecutorPolicy.java:64)
	at org.gradle.internal.concurrent.ManagedExecutorImpl$1.run(ManagedExecutorImpl.java:48)
	at java.base/java.util.concurrent.ThreadPoolExecutor.runWorker(ThreadPoolExecutor.java:1128)
	at java.base/java.util.concurrent.ThreadPoolExecutor$Worker.run(ThreadPoolExecutor.java:628)
	at org.gradle.internal.concurrent.ThreadFactoryImpl$ManagedThreadRunnable.run(ThreadFactoryImpl.java:56)
	at java.base/java.lang.Thread.run(Thread.java:834)
?[0m

    Embedding null [image/png 141432 bytes]


    Scenario Fail

  ?[32mGiven ?[0m?[32mUser is on Landing page?[0m                                                        ?[90m# demo.steps_definitions.LoginStepsDefinitions.userIsOnLandingPage()?[0m
  ?[32mWhen ?[0m?[32mUser click Login to Account button?[0m                                              ?[90m# demo.steps_definitions.LoginStepsDefinitions.userClickLoginToAccountButton()?[0m
  ?[32mThen ?[0m?[32mUser is on DANA Deals Login page?[0m                                                ?[90m# demo.steps_definitions.LoginStepsDefinitions.userIsOnDANADealsLoginPage()?[0m
  ?[32mWhen ?[0m?[32mUser input ?[0m?[32m?[1m"87800000000"?[0m?[32m on phone number input field on login page?[0m              ?[90m# demo.steps_definitions.LoginStepsDefinitions.userInputOnPhoneNumberInputFieldOnLoginPage(java.lang.String)?[0m
  ?[32mAnd ?[0m?[32mUser input ?[0m?[32m?[1m"P@ssw0rd"?[0m?[32m on password input field on login page?[0m                      ?[90m# demo.steps_definitions.LoginStepsDefinitions.userInputOnPasswordInputFieldOnLoginPage(java.lang.String)?[0m
  ?[32mAnd ?[0m?[32mUser click Login button?[0m                                                          ?[90m# demo.steps_definitions.LoginStepsDefinitions.userClickLoginButton()?[0m
  ?[32mThen ?[0m?[32mUser see message?[0m                                                                ?[90m# demo.steps_definitions.LoginStepsDefinitions.UserSeeMessage()?[0m
  ?[32mThen ?[0m?[32mUser is on Home Admin page?[0m                                                      ?[90m# demo.steps_definitions.LoginStepsDefinitions.userIsOnHomeAdminPage()?[0m
  ?[32mWhen ?[0m?[32mUser tap Voucher ?[0m?[32m?[1m"Allspice Wholexptc"?[0m                                           ?[90m# demo.steps_definitions.VoucherDetailAdminStepsDefinitions.userTapVoucher(java.lang.String)?[0m
  ?[32mWhen ?[0m?[32mUser tap Save?[0m                                                                   ?[90m# demo.steps_definitions.VoucherDetailAdminStepsDefinitions.userTapSave()?[0m
  ?[32mThen ?[0m?[32mUser see message?[0m                                                                ?[90m# demo.steps_definitions.LoginStepsDefinitions.UserSeeMessage()?[0m
  ?[32mThen ?[0m?[32mUser is on Voucher Detail page?[0m                                                  ?[90m# demo.steps_definitions.VoucherDetailAdminStepsDefinitions.userIsOnVoucherDetailPage()?[0m
  ?[32mThen ?[0m?[32mUser see update status ?[0m?[32m?[1m"Inactive"?[0m                                               ?[90m# demo.steps_definitions.VoucherDetailAdminStepsDefinitions.userSeeUpdateStatus(java.lang.String)?[0m
  ?[32mGiven ?[0m?[32mUser is on Landing page?[0m                                                                             ?[90m# demo.steps_definitions.LoginStepsDefinitions.userIsOnLandingPage()?[0m
  ?[32mWhen ?[0m?[32mUser click Login to Account button?[0m                                                                   ?[90m# demo.steps_definitions.LoginStepsDefinitions.userClickLoginToAccountButton()?[0m
  ?[32mThen ?[0m?[32mUser is on DANA Deals Login page?[0m                                                                     ?[90m# demo.steps_definitions.LoginStepsDefinitions.userIsOnDANADealsLoginPage()?[0m
  ?[32mWhen ?[0m?[32mUser input ?[0m?[32m?[1m"87800000000"?[0m?[32m on phone number input field on login page?[0m                                   ?[90m# demo.steps_definitions.LoginStepsDefinitions.userInputOnPhoneNumberInputFieldOnLoginPage(java.lang.String)?[0m
  ?[32mAnd ?[0m?[32mUser input ?[0m?[32m?[1m"P@ssw0rd"?[0m?[32m on password input field on login page?[0m                                           ?[90m# demo.steps_definitions.LoginStepsDefinitions.userInputOnPasswordInputFieldOnLoginPage(java.lang.String)?[0m
  ?[32mAnd ?[0m?[32mUser click Login button?[0m                                                                               ?[90m# demo.steps_definitions.LoginStepsDefinitions.userClickLoginButton()?[0m
  ?[32mThen ?[0m?[32mUser see message?[0m                                                                                     ?[90m# demo.steps_definitions.LoginStepsDefinitions.UserSeeMessage()?[0m
  ?[32mThen ?[0m?[32mUser is on Home Admin page?[0m                                                                           ?[90m# demo.steps_definitions.LoginStepsDefinitions.userIsOnHomeAdminPage()?[0m
  ?[32mWhen ?[0m?[32mUser tap Voucher ?[0m?[32m?[1m"Allspice Wholexptc"?[0m                                                                ?[90m# demo.steps_definitions.VoucherDetailAdminStepsDefinitions.userTapVoucher(java.lang.String)?[0m
  ?[32mWhen ?[0m?[32mUser input quota ?[0m?[32m?[1m"22"?[0m                                                                                ?[90m# demo.steps_definitions.VoucherDetailAdminStepsDefinitions.userInputQuota(java.lang.String)?[0m
  ?[32mWhen ?[0m?[32mUser tap Save?[0m                                                                                        ?[90m# demo.steps_definitions.VoucherDetailAdminStepsDefinitions.userTapSave()?[0m
  ?[32mThen ?[0m?[32mUser see message?[0m                                                                                     ?[90m# demo.steps_definitions.LoginStepsDefinitions.UserSeeMessage()?[0m
  ?[32mThen ?[0m?[32mUser is on Voucher Detail page?[0m                                                                       ?[90m# demo.steps_definitions.VoucherDetailAdminStepsDefinitions.userIsOnVoucherDetailPage()?[0m
  ?[32mThen ?[0m?[32mUser see update status ?[0m?[32m?[1m"Inactive"?[0m                                                                    ?[90m# demo.steps_definitions.VoucherDetailAdminStepsDefinitions.userSeeUpdateStatus(java.lang.String)?[0m
  ?[32mGiven ?[0m?[32mUser is on Landing page?[0m                                                                            ?[90m# demo.steps_definitions.LoginStepsDefinitions.userIsOnLandingPage()?[0m
  ?[32mWhen ?[0m?[32mUser click Login to Account button?[0m                                                                  ?[90m# demo.steps_definitions.LoginStepsDefinitions.userClickLoginToAccountButton()?[0m
  ?[32mThen ?[0m?[32mUser is on DANA Deals Login page?[0m                                                                    ?[90m# demo.steps_definitions.LoginStepsDefinitions.userIsOnDANADealsLoginPage()?[0m
  ?[32mWhen ?[0m?[32mUser input ?[0m?[32m?[1m"87800000000"?[0m?[32m on phone number input field on login page?[0m                                  ?[90m# demo.steps_definitions.LoginStepsDefinitions.userInputOnPhoneNumberInputFieldOnLoginPage(java.lang.String)?[0m
  ?[32mAnd ?[0m?[32mUser input ?[0m?[32m?[1m"P@ssw0rd"?[0m?[32m on password input field on login page?[0m                                          ?[90m# demo.steps_definitions.LoginStepsDefinitions.userInputOnPasswordInputFieldOnLoginPage(java.lang.String)?[0m
  ?[32mAnd ?[0m?[32mUser click Login button?[0m                                                                              ?[90m# demo.steps_definitions.LoginStepsDefinitions.userClickLoginButton()?[0m
  ?[32mThen ?[0m?[32mUser see message?[0m                                                                                    ?[90m# demo.steps_definitions.LoginStepsDefinitions.UserSeeMessage()?[0m
  ?[32mThen ?[0m?[32mUser is on Home Admin page?[0m                                                                          ?[90m# demo.steps_definitions.LoginStepsDefinitions.userIsOnHomeAdminPage()?[0m
  ?[32mWhen ?[0m?[32mUser tap Voucher ?[0m?[32m?[1m"Allspice Wholexptc"?[0m                                                               ?[90m# demo.steps_definitions.VoucherDetailAdminStepsDefinitions.userTapVoucher(java.lang.String)?[0m
  ?[32mWhen ?[0m?[32mUser tap Increase?[0m                                                                                   ?[90m# demo.steps_definitions.VoucherDetailAdminStepsDefinitions.userTapIncrease()?[0m
  ?[32mWhen ?[0m?[32mUser tap Save?[0m                                                                                       ?[90m# demo.steps_definitions.VoucherDetailAdminStepsDefinitions.userTapSave()?[0m
  ?[32mThen ?[0m?[32mUser see message?[0m                                                                                    ?[90m# demo.steps_definitions.LoginStepsDefinitions.UserSeeMessage()?[0m
  ?[32mThen ?[0m?[32mUser is on Voucher Detail page?[0m                                                                      ?[90m# demo.steps_definitions.VoucherDetailAdminStepsDefinitions.userIsOnVoucherDetailPage()?[0m
  ?[32mThen ?[0m?[32mUser see update status ?[0m?[32m?[1m"Inactive"?[0m                                                                   ?[90m# demo.steps_definitions.VoucherDetailAdminStepsDefinitions.userSeeUpdateStatus(java.lang.String)?[0m
  ?[32mGiven ?[0m?[32mUser is on Landing page?[0m                                                                                                  ?[90m# demo.steps_definitions.LoginStepsDefinitions.userIsOnLandingPage()?[0m
  ?[32mWhen ?[0m?[32mUser click Login to Account button?[0m                                                                                        ?[90m# demo.steps_definitions.LoginStepsDefinitions.userClickLoginToAccountButton()?[0m
  ?[32mThen ?[0m?[32mUser is on DANA Deals Login page?[0m                                                                                          ?[90m# demo.steps_definitions.LoginStepsDefinitions.userIsOnDANADealsLoginPage()?[0m
  ?[32mWhen ?[0m?[32mUser input ?[0m?[32m?[1m"87800000000"?[0m?[32m on phone number input field on login page?[0m                                                        ?[90m# demo.steps_definitions.LoginStepsDefinitions.userInputOnPhoneNumberInputFieldOnLoginPage(java.lang.String)?[0m
  ?[32mAnd ?[0m?[32mUser input ?[0m?[32m?[1m"P@ssw0rd"?[0m?[32m on password input field on login page?[0m                                                                ?[90m# demo.steps_definitions.LoginStepsDefinitions.userInputOnPasswordInputFieldOnLoginPage(java.lang.String)?[0m
  ?[32mAnd ?[0m?[32mUser click Login button?[0m                                                                                                    ?[90m# demo.steps_definitions.LoginStepsDefinitions.userClickLoginButton()?[0m
  ?[32mThen ?[0m?[32mUser see message?[0m                                                                                                          ?[90m# demo.steps_definitions.LoginStepsDefinitions.UserSeeMessage()?[0m
  ?[32mThen ?[0m?[32mUser is on Home Admin page?[0m                                                                                                ?[90m# demo.steps_definitions.LoginStepsDefinitions.userIsOnHomeAdminPage()?[0m
  ?[32mWhen ?[0m?[32mUser tap Voucher ?[0m?[32m?[1m"Allspice Wholexptc"?[0m                                                                                     ?[90m# demo.steps_definitions.VoucherDetailAdminStepsDefinitions.userTapVoucher(java.lang.String)?[0m
  ?[32mWhen ?[0m?[32mUser input quota ?[0m?[32m?[1m"13"?[0m                                                                                                     ?[90m# demo.steps_definitions.VoucherDetailAdminStepsDefinitions.userInputQuota(java.lang.String)?[0m
  ?[32mWhen ?[0m?[32mUser tap Increase?[0m                                                                                                         ?[90m# demo.steps_definitions.VoucherDetailAdminStepsDefinitions.userTapIncrease()?[0m
  ?[32mWhen ?[0m?[32mUser tap Save?[0m                                                                                                             ?[90m# demo.steps_definitions.VoucherDetailAdminStepsDefinitions.userTapSave()?[0m
  ?[32mThen ?[0m?[32mUser see message?[0m                                                                                                          ?[90m# demo.steps_definitions.LoginStepsDefinitions.UserSeeMessage()?[0m
  ?[32mThen ?[0m?[32mUser is on Voucher Detail page?[0m                                                                                            ?[90m# demo.steps_definitions.VoucherDetailAdminStepsDefinitions.userIsOnVoucherDetailPage()?[0m
  ?[32mThen ?[0m?[32mUser see update status ?[0m?[32m?[1m"Inactive"?[0m                                                                                         ?[90m# demo.steps_definitions.VoucherDetailAdminStepsDefinitions.userSeeUpdateStatus(java.lang.String)?[0m
  ?[32mGiven ?[0m?[32mUser is on Landing page?[0m                                                                                           ?[90m# demo.steps_definitions.LoginStepsDefinitions.userIsOnLandingPage()?[0m
  ?[32mWhen ?[0m?[32mUser click Login to Account button?[0m                                                                                 ?[90m# demo.steps_definitions.LoginStepsDefinitions.userClickLoginToAccountButton()?[0m
  ?[32mThen ?[0m?[32mUser is on DANA Deals Login page?[0m                                                                                   ?[90m# demo.steps_definitions.LoginStepsDefinitions.userIsOnDANADealsLoginPage()?[0m
  ?[32mWhen ?[0m?[32mUser input ?[0m?[32m?[1m"87800000000"?[0m?[32m on phone number input field on login page?[0m                                                 ?[90m# demo.steps_definitions.LoginStepsDefinitions.userInputOnPhoneNumberInputFieldOnLoginPage(java.lang.String)?[0m
  ?[32mAnd ?[0m?[32mUser input ?[0m?[32m?[1m"P@ssw0rd"?[0m?[32m on password input field on login page?[0m                                                         ?[90m# demo.steps_definitions.LoginStepsDefinitions.userInputOnPasswordInputFieldOnLoginPage(java.lang.String)?[0m
  ?[32mAnd ?[0m?[32mUser click Login button?[0m                                                                                             ?[90m# demo.steps_definitions.LoginStepsDefinitions.userClickLoginButton()?[0m
  ?[32mThen ?[0m?[32mUser see message?[0m                                                                                                   ?[90m# demo.steps_definitions.LoginStepsDefinitions.UserSeeMessage()?[0m
  ?[32mThen ?[0m?[32mUser is on Home Admin page?[0m                                                                                         ?[90m# demo.steps_definitions.LoginStepsDefinitions.userIsOnHomeAdminPage()?[0m
  ?[32mWhen ?[0m?[32mUser tap Voucher ?[0m?[32m?[1m"Allspice Wholexptc"?[0m                                                                              ?[90m# demo.steps_definitions.VoucherDetailAdminStepsDefinitions.userTapVoucher(java.lang.String)?[0m
  ?[32mWhen ?[0m?[32mUser input quota ?[0m?[32m?[1m" "?[0m                                                                                               ?[90m# demo.steps_definitions.VoucherDetailAdminStepsDefinitions.userInputQuota(java.lang.String)?[0m
  ?[32mWhen ?[0m?[32mUser tap Save?[0m                                                                                                      ?[90m# demo.steps_definitions.VoucherDetailAdminStepsDefinitions.userTapSave()?[0m
  ?[32mThen ?[0m?[32mUser see message?[0m                                                                                                   ?[90m# demo.steps_definitions.LoginStepsDefinitions.UserSeeMessage()?[0m
  ?[32mThen ?[0m?[32mUser is on Voucher Detail page?[0m                                                                                     ?[90m# demo.steps_definitions.VoucherDetailAdminStepsDefinitions.userIsOnVoucherDetailPage()?[0m
  ?[32mThen ?[0m?[32mUser see update status ?[0m?[32m?[1m"Inactive"?[0m                                                                                  ?[90m# demo.steps_definitions.VoucherDetailAdminStepsDefinitions.userSeeUpdateStatus(java.lang.String)?[0m
  ?[32mGiven ?[0m?[32mUser is on Landing page?[0m                                                    ?[90m# demo.steps_definitions.LoginStepsDefinitions.userIsOnLandingPage()?[0m
  ?[32mWhen ?[0m?[32mUser click Login to Account button?[0m                                          ?[90m# demo.steps_definitions.LoginStepsDefinitions.userClickLoginToAccountButton()?[0m
  ?[32mThen ?[0m?[32mUser is on DANA Deals Login page?[0m                                            ?[90m# demo.steps_definitions.LoginStepsDefinitions.userIsOnDANADealsLoginPage()?[0m
  ?[32mWhen ?[0m?[32mUser input ?[0m?[32m?[1m"87800000000"?[0m?[32m on phone number input field on login page?[0m          ?[90m# demo.steps_definitions.LoginStepsDefinitions.userInputOnPhoneNumberInputFieldOnLoginPage(java.lang.String)?[0m
  ?[32mAnd ?[0m?[32mUser input ?[0m?[32m?[1m"P@ssw0rd"?[0m?[32m on password input field on login page?[0m                  ?[90m# demo.steps_definitions.LoginStepsDefinitions.userInputOnPasswordInputFieldOnLoginPage(java.lang.String)?[0m
  ?[32mAnd ?[0m?[32mUser click Login button?[0m                                                      ?[90m# demo.steps_definitions.LoginStepsDefinitions.userClickLoginButton()?[0m
  ?[32mThen ?[0m?[32mUser see message?[0m                                                            ?[90m# demo.steps_definitions.LoginStepsDefinitions.UserSeeMessage()?[0m
  ?[32mThen ?[0m?[32mUser is on Home Admin page?[0m                                                  ?[90m# demo.steps_definitions.LoginStepsDefinitions.userIsOnHomeAdminPage()?[0m
  ?[32mWhen ?[0m?[32mUser tap Voucher ?[0m?[32m?[1m"asek asek"?[0m                                                ?[90m# demo.steps_definitions.VoucherDetailAdminStepsDefinitions.userTapVoucher(java.lang.String)?[0m
  ?[32mWhen ?[0m?[32mUser tap Save?[0m                                                               ?[90m# demo.steps_definitions.VoucherDetailAdminStepsDefinitions.userTapSave()?[0m
  ?[32mThen ?[0m?[32mUser see message?[0m                                                            ?[90m# demo.steps_definitions.LoginStepsDefinitions.UserSeeMessage()?[0m
  ?[32mThen ?[0m?[32mUser is on Voucher Detail page?[0m                                              ?[90m# demo.steps_definitions.VoucherDetailAdminStepsDefinitions.userIsOnVoucherDetailPage()?[0m
  ?[32mThen ?[0m?[32mUser see update status ?[0m?[32m?[1m"Inactive"?[0m                                           ?[90m# demo.steps_definitions.VoucherDetailAdminStepsDefinitions.userSeeUpdateStatus(java.lang.String)?[0m
  ?[32mGiven ?[0m?[32mUser is on Landing page?[0m                                                                         ?[90m# demo.steps_definitions.LoginStepsDefinitions.userIsOnLandingPage()?[0m
  ?[32mWhen ?[0m?[32mUser click Login to Account button?[0m                                                               ?[90m# demo.steps_definitions.LoginStepsDefinitions.userClickLoginToAccountButton()?[0m
  ?[32mThen ?[0m?[32mUser is on DANA Deals Login page?[0m                                                                 ?[90m# demo.steps_definitions.LoginStepsDefinitions.userIsOnDANADealsLoginPage()?[0m
  ?[32mWhen ?[0m?[32mUser input ?[0m?[32m?[1m"87800000000"?[0m?[32m on phone number input field on login page?[0m                               ?[90m# demo.steps_definitions.LoginStepsDefinitions.userInputOnPhoneNumberInputFieldOnLoginPage(java.lang.String)?[0m
  ?[32mAnd ?[0m?[32mUser input ?[0m?[32m?[1m"P@ssw0rd"?[0m?[32m on password input field on login page?[0m                                       ?[90m# demo.steps_definitions.LoginStepsDefinitions.userInputOnPasswordInputFieldOnLoginPage(java.lang.String)?[0m
  ?[32mAnd ?[0m?[32mUser click Login button?[0m                                                                           ?[90m# demo.steps_definitions.LoginStepsDefinitions.userClickLoginButton()?[0m
  ?[32mThen ?[0m?[32mUser see message?[0m                                                                                 ?[90m# demo.steps_definitions.LoginStepsDefinitions.UserSeeMessage()?[0m
  ?[32mThen ?[0m?[32mUser is on Home Admin page?[0m                                                                       ?[90m# demo.steps_definitions.LoginStepsDefinitions.userIsOnHomeAdminPage()?[0m
  ?[32mWhen ?[0m?[32mUser tap Voucher ?[0m?[32m?[1m"asek asek"?[0m                                                                     ?[90m# demo.steps_definitions.VoucherDetailAdminStepsDefinitions.userTapVoucher(java.lang.String)?[0m
  ?[32mWhen ?[0m?[32mUser input quota ?[0m?[32m?[1m"11"?[0m                                                                            ?[90m# demo.steps_definitions.VoucherDetailAdminStepsDefinitions.userInputQuota(java.lang.String)?[0m
  ?[32mWhen ?[0m?[32mUser tap Save?[0m                                                                                    ?[90m# demo.steps_definitions.VoucherDetailAdminStepsDefinitions.userTapSave()?[0m
  ?[32mThen ?[0m?[32mUser see message?[0m                                                                                 ?[90m# demo.steps_definitions.LoginStepsDefinitions.UserSeeMessage()?[0m
  ?[32mThen ?[0m?[32mUser is on Voucher Detail page?[0m                                                                   ?[90m# demo.steps_definitions.VoucherDetailAdminStepsDefinitions.userIsOnVoucherDetailPage()?[0m
  ?[32mThen ?[0m?[32mUser see update status ?[0m?[32m?[1m"Inactive"?[0m                                                                ?[90m# demo.steps_definitions.VoucherDetailAdminStepsDefinitions.userSeeUpdateStatus(java.lang.String)?[0m
  ?[32mGiven ?[0m?[32mUser is on Landing page?[0m                                                                         ?[90m# demo.steps_definitions.LoginStepsDefinitions.userIsOnLandingPage()?[0m
  ?[32mWhen ?[0m?[32mUser click Login to Account button?[0m                                                               ?[90m# demo.steps_definitions.LoginStepsDefinitions.userClickLoginToAccountButton()?[0m
  ?[32mThen ?[0m?[32mUser is on DANA Deals Login page?[0m                                                                 ?[90m# demo.steps_definitions.LoginStepsDefinitions.userIsOnDANADealsLoginPage()?[0m
  ?[32mWhen ?[0m?[32mUser input ?[0m?[32m?[1m"87800000000"?[0m?[32m on phone number input field on login page?[0m                               ?[90m# demo.steps_definitions.LoginStepsDefinitions.userInputOnPhoneNumberInputFieldOnLoginPage(java.lang.String)?[0m
  ?[32mAnd ?[0m?[32mUser input ?[0m?[32m?[1m"P@ssw0rd"?[0m?[32m on password input field on login page?[0m                                       ?[90m# demo.steps_definitions.LoginStepsDefinitions.userInputOnPasswordInputFieldOnLoginPage(java.lang.String)?[0m
  ?[32mAnd ?[0m?[32mUser click Login button?[0m                                                                           ?[90m# demo.steps_definitions.LoginStepsDefinitions.userClickLoginButton()?[0m
  ?[32mThen ?[0m?[32mUser see message?[0m                                                                                 ?[90m# demo.steps_definitions.LoginStepsDefinitions.UserSeeMessage()?[0m
  ?[32mThen ?[0m?[32mUser is on Home Admin page?[0m                                                                       ?[90m# demo.steps_definitions.LoginStepsDefinitions.userIsOnHomeAdminPage()?[0m
  ?[32mWhen ?[0m?[32mUser tap Voucher ?[0m?[32m?[1m"asek asek"?[0m                                                                     ?[90m# demo.steps_definitions.VoucherDetailAdminStepsDefinitions.userTapVoucher(java.lang.String)?[0m
  ?[32mWhen ?[0m?[32mUser tap Increase?[0m                                                                                ?[90m# demo.steps_definitions.VoucherDetailAdminStepsDefinitions.userTapIncrease()?[0m
  ?[32mWhen ?[0m?[32mUser tap Save?[0m                                                                                    ?[90m# demo.steps_definitions.VoucherDetailAdminStepsDefinitions.userTapSave()?[0m
  ?[32mThen ?[0m?[32mUser see message?[0m                                                                                 ?[90m# demo.steps_definitions.LoginStepsDefinitions.UserSeeMessage()?[0m
  ?[32mThen ?[0m?[32mUser is on Voucher Detail page?[0m                                                                   ?[90m# demo.steps_definitions.VoucherDetailAdminStepsDefinitions.userIsOnVoucherDetailPage()?[0m
  ?[32mThen ?[0m?[32mUser see update status ?[0m?[32m?[1m"Inactive"?[0m                                                                ?[90m# demo.steps_definitions.VoucherDetailAdminStepsDefinitions.userSeeUpdateStatus(java.lang.String)?[0m
  ?[32mGiven ?[0m?[32mUser is on Landing page?[0m                                                                                              ?[90m# demo.steps_definitions.LoginStepsDefinitions.userIsOnLandingPage()?[0m
  ?[32mWhen ?[0m?[32mUser click Login to Account button?[0m                                                                                    ?[90m# demo.steps_definitions.LoginStepsDefinitions.userClickLoginToAccountButton()?[0m
  ?[32mThen ?[0m?[32mUser is on DANA Deals Login page?[0m                                                                                      ?[90m# demo.steps_definitions.LoginStepsDefinitions.userIsOnDANADealsLoginPage()?[0m
  ?[32mWhen ?[0m?[32mUser input ?[0m?[32m?[1m"87800000000"?[0m?[32m on phone number input field on login page?[0m                                                    ?[90m# demo.steps_definitions.LoginStepsDefinitions.userInputOnPhoneNumberInputFieldOnLoginPage(java.lang.String)?[0m
  ?[32mAnd ?[0m?[32mUser input ?[0m?[32m?[1m"P@ssw0rd"?[0m?[32m on password input field on login page?[0m                                                            ?[90m# demo.steps_definitions.LoginStepsDefinitions.userInputOnPasswordInputFieldOnLoginPage(java.lang.String)?[0m
  ?[32mAnd ?[0m?[32mUser click Login button?[0m                                                                                                ?[90m# demo.steps_definitions.LoginStepsDefinitions.userClickLoginButton()?[0m
  ?[32mThen ?[0m?[32mUser see message?[0m                                                                                                      ?[90m# demo.steps_definitions.LoginStepsDefinitions.UserSeeMessage()?[0m
  ?[32mThen ?[0m?[32mUser is on Home Admin page?[0m                                                                                            ?[90m# demo.steps_definitions.LoginStepsDefinitions.userIsOnHomeAdminPage()?[0m
  ?[32mWhen ?[0m?[32mUser tap Voucher ?[0m?[32m?[1m"asek asek"?[0m                                                                                          ?[90m# demo.steps_definitions.VoucherDetailAdminStepsDefinitions.userTapVoucher(java.lang.String)?[0m
  ?[32mWhen ?[0m?[32mUser input quota ?[0m?[32m?[1m"11"?[0m                                                                                                 ?[90m# demo.steps_definitions.VoucherDetailAdminStepsDefinitions.userInputQuota(java.lang.String)?[0m
  ?[32mWhen ?[0m?[32mUser tap Increase?[0m                                                                                                     ?[90m# demo.steps_definitions.VoucherDetailAdminStepsDefinitions.userTapIncrease()?[0m
  ?[32mWhen ?[0m?[32mUser tap Save?[0m                                                                                                         ?[90m# demo.steps_definitions.VoucherDetailAdminStepsDefinitions.userTapSave()?[0m
  ?[32mThen ?[0m?[32mUser see message?[0m                                                                                                      ?[90m# demo.steps_definitions.LoginStepsDefinitions.UserSeeMessage()?[0m
  ?[32mThen ?[0m?[32mUser is on Voucher Detail page?[0m                                                                                        ?[90m# demo.steps_definitions.VoucherDetailAdminStepsDefinitions.userIsOnVoucherDetailPage()?[0m
  ?[32mThen ?[0m?[32mUser see update status ?[0m?[32m?[1m"Inactive"?[0m                                                                                     ?[90m# demo.steps_definitions.VoucherDetailAdminStepsDefinitions.userSeeUpdateStatus(java.lang.String)?[0m
  ?[32mGiven ?[0m?[32mUser is on Landing page?[0m                                                                                       ?[90m# demo.steps_definitions.LoginStepsDefinitions.userIsOnLandingPage()?[0m
  ?[32mWhen ?[0m?[32mUser click Login to Account button?[0m                                                                             ?[90m# demo.steps_definitions.LoginStepsDefinitions.userClickLoginToAccountButton()?[0m
  ?[32mThen ?[0m?[32mUser is on DANA Deals Login page?[0m                                                                               ?[90m# demo.steps_definitions.LoginStepsDefinitions.userIsOnDANADealsLoginPage()?[0m
  ?[32mWhen ?[0m?[32mUser input ?[0m?[32m?[1m"87800000000"?[0m?[32m on phone number input field on login page?[0m                                             ?[90m# demo.steps_definitions.LoginStepsDefinitions.userInputOnPhoneNumberInputFieldOnLoginPage(java.lang.String)?[0m
  ?[32mAnd ?[0m?[32mUser input ?[0m?[32m?[1m"P@ssw0rd"?[0m?[32m on password input field on login page?[0m                                                     ?[90m# demo.steps_definitions.LoginStepsDefinitions.userInputOnPasswordInputFieldOnLoginPage(java.lang.String)?[0m
  ?[32mAnd ?[0m?[32mUser click Login button?[0m                                                                                         ?[90m# demo.steps_definitions.LoginStepsDefinitions.userClickLoginButton()?[0m
  ?[32mThen ?[0m?[32mUser see message?[0m                                                                                               ?[90m# demo.steps_definitions.LoginStepsDefinitions.UserSeeMessage()?[0m
  ?[32mThen ?[0m?[32mUser is on Home Admin page?[0m                                                                                     ?[90m# demo.steps_definitions.LoginStepsDefinitions.userIsOnHomeAdminPage()?[0m
  ?[32mWhen ?[0m?[32mUser tap Voucher ?[0m?[32m?[1m"asek asek"?[0m                                                                                   ?[90m# demo.steps_definitions.VoucherDetailAdminStepsDefinitions.userTapVoucher(java.lang.String)?[0m
  ?[32mWhen ?[0m?[32mUser input quota ?[0m?[32m?[1m" "?[0m                                                                                           ?[90m# demo.steps_definitions.VoucherDetailAdminStepsDefinitions.userInputQuota(java.lang.String)?[0m
  ?[32mWhen ?[0m?[32mUser tap Save?[0m                                                                                                  ?[90m# demo.steps_definitions.VoucherDetailAdminStepsDefinitions.userTapSave()?[0m
  ?[32mThen ?[0m?[32mUser see message?[0m                                                                                               ?[90m# demo.steps_definitions.LoginStepsDefinitions.UserSeeMessage()?[0m
  ?[32mThen ?[0m?[32mUser is on Voucher Detail page?[0m                                                                                 ?[90m# demo.steps_definitions.VoucherDetailAdminStepsDefinitions.userIsOnVoucherDetailPage()?[0m
  ?[32mThen ?[0m?[32mUser see update status ?[0m?[32m?[1m"Inactive"?[0m                                                                              ?[90m# demo.steps_definitions.VoucherDetailAdminStepsDefinitions.userSeeUpdateStatus(java.lang.String)?[0m
  ?[32mGiven ?[0m?[32mUser is on Landing page?[0m                                             ?[90m# demo.steps_definitions.LoginStepsDefinitions.userIsOnLandingPage()?[0m
  ?[32mWhen ?[0m?[32mUser click Login to Account button?[0m                                   ?[90m# demo.steps_definitions.LoginStepsDefinitions.userClickLoginToAccountButton()?[0m
  ?[32mThen ?[0m?[32mUser is on DANA Deals Login page?[0m                                     ?[90m# demo.steps_definitions.LoginStepsDefinitions.userIsOnDANADealsLoginPage()?[0m
  ?[32mWhen ?[0m?[32mUser input ?[0m?[32m?[1m"87800000000"?[0m?[32m on phone number input field on login page?[0m   ?[90m# demo.steps_definitions.LoginStepsDefinitions.userInputOnPhoneNumberInputFieldOnLoginPage(java.lang.String)?[0m
  ?[32mAnd ?[0m?[32mUser input ?[0m?[32m?[1m"P@ssw0rd"?[0m?[32m on password input field on login page?[0m           ?[90m# demo.steps_definitions.LoginStepsDefinitions.userInputOnPasswordInputFieldOnLoginPage(java.lang.String)?[0m
  ?[32mAnd ?[0m?[32mUser click Login button?[0m                                               ?[90m# demo.steps_definitions.LoginStepsDefinitions.userClickLoginButton()?[0m
  ?[32mThen ?[0m?[32mUser see message?[0m                                                     ?[90m# demo.steps_definitions.LoginStepsDefinitions.UserSeeMessage()?[0m
  ?[32mThen ?[0m?[32mUser is on Home Admin page?[0m                                           ?[90m# demo.steps_definitions.LoginStepsDefinitions.userIsOnHomeAdminPage()?[0m
  ?[32mWhen ?[0m?[32mUser tap Voucher ?[0m?[32m?[1m"AlbinVoucher"?[0m                                      ?[90m# demo.steps_definitions.VoucherDetailAdminStepsDefinitions.userTapVoucher(java.lang.String)?[0m
  ?[32mWhen ?[0m?[32mUser tap Status?[0m                                                      ?[90m# demo.steps_definitions.VoucherDetailAdminStepsDefinitions.userTapStatus()?[0m
  ?[32mWhen ?[0m?[32mUser tap Save?[0m                                                        ?[90m# demo.steps_definitions.VoucherDetailAdminStepsDefinitions.userTapSave()?[0m
  ?[32mThen ?[0m?[32mUser is on Home Admin page?[0m                                           ?[90m# demo.steps_definitions.LoginStepsDefinitions.userIsOnHomeAdminPage()?[0m
  ?[32mWhen ?[0m?[32mUser tap Voucher ?[0m?[32m?[1m"AlbinVoucher"?[0m                                      ?[90m# demo.steps_definitions.VoucherDetailAdminStepsDefinitions.userTapVoucher(java.lang.String)?[0m
  ?[32mThen ?[0m?[32mUser see update status ?[0m?[32m?[1m"Inactive"?[0m                                    ?[90m# demo.steps_definitions.VoucherDetailAdminStepsDefinitions.userSeeUpdateStatus(java.lang.String)?[0m
  ?[32mGiven ?[0m?[32mUser is on Landing page?[0m                                                                                 ?[90m# demo.steps_definitions.LoginStepsDefinitions.userIsOnLandingPage()?[0m
  ?[32mWhen ?[0m?[32mUser click Login to Account button?[0m                                                                       ?[90m# demo.steps_definitions.LoginStepsDefinitions.userClickLoginToAccountButton()?[0m
  ?[32mThen ?[0m?[32mUser is on DANA Deals Login page?[0m                                                                         ?[90m# demo.steps_definitions.LoginStepsDefinitions.userIsOnDANADealsLoginPage()?[0m
  ?[32mWhen ?[0m?[32mUser input ?[0m?[32m?[1m"87800000000"?[0m?[32m on phone number input field on login page?[0m                                       ?[90m# demo.steps_definitions.LoginStepsDefinitions.userInputOnPhoneNumberInputFieldOnLoginPage(java.lang.String)?[0m
  ?[32mAnd ?[0m?[32mUser input ?[0m?[32m?[1m"P@ssw0rd"?[0m?[32m on password input field on login page?[0m                                               ?[90m# demo.steps_definitions.LoginStepsDefinitions.userInputOnPasswordInputFieldOnLoginPage(java.lang.String)?[0m
  ?[32mAnd ?[0m?[32mUser click Login button?[0m                                                                                   ?[90m# demo.steps_definitions.LoginStepsDefinitions.userClickLoginButton()?[0m
  ?[32mThen ?[0m?[32mUser see message?[0m                                                                                         ?[90m# demo.steps_definitions.LoginStepsDefinitions.UserSeeMessage()?[0m
  ?[32mThen ?[0m?[32mUser is on Home Admin page?[0m                                                                               ?[90m# demo.steps_definitions.LoginStepsDefinitions.userIsOnHomeAdminPage()?[0m
  ?[32mWhen ?[0m?[32mUser tap Voucher ?[0m?[32m?[1m"Anises"?[0m                                                                                ?[90m# demo.steps_definitions.VoucherDetailAdminStepsDefinitions.userTapVoucher(java.lang.String)?[0m
  ?[32mWhen ?[0m?[32mUser tap Status?[0m                                                                                          ?[90m# demo.steps_definitions.VoucherDetailAdminStepsDefinitions.userTapStatus()?[0m
  ?[32mWhen ?[0m?[32mUser tap Save?[0m                                                                                            ?[90m# demo.steps_definitions.VoucherDetailAdminStepsDefinitions.userTapSave()?[0m
  ?[32mThen ?[0m?[32mUser is on Home Admin page?[0m                                                                               ?[90m# demo.steps_definitions.LoginStepsDefinitions.userIsOnHomeAdminPage()?[0m
  ?[32mWhen ?[0m?[32mUser tap Voucher ?[0m?[32m?[1m"Anises"?[0m                                                                                ?[90m# demo.steps_definitions.VoucherDetailAdminStepsDefinitions.userTapVoucher(java.lang.String)?[0m
  ?[32mWhen ?[0m?[32mUser input quota ?[0m?[32m?[1m"251"?[0m                                                                                   ?[90m# demo.steps_definitions.VoucherDetailAdminStepsDefinitions.userInputQuota(java.lang.String)?[0m
  ?[32mWhen ?[0m?[32mUser tap Save?[0m                                                                                            ?[90m# demo.steps_definitions.VoucherDetailAdminStepsDefinitions.userTapSave()?[0m
  ?[32mThen ?[0m?[32mUser see message?[0m                                                                                         ?[90m# demo.steps_definitions.LoginStepsDefinitions.UserSeeMessage()?[0m
  ?[32mThen ?[0m?[32mUser is on Voucher Detail page?[0m                                                                           ?[90m# demo.steps_definitions.VoucherDetailAdminStepsDefinitions.userIsOnVoucherDetailPage()?[0m
  ?[32mThen ?[0m?[32mUser see update status ?[0m?[32m?[1m"Inactive"?[0m                                                                        ?[90m# demo.steps_definitions.VoucherDetailAdminStepsDefinitions.userSeeUpdateStatus(java.lang.String)?[0m
  ?[32mGiven ?[0m?[32mUser is on Landing page?[0m                                                                                      ?[90m# demo.steps_definitions.LoginStepsDefinitions.userIsOnLandingPage()?[0m
  ?[32mWhen ?[0m?[32mUser click Login to Account button?[0m                                                                            ?[90m# demo.steps_definitions.LoginStepsDefinitions.userClickLoginToAccountButton()?[0m
  ?[32mThen ?[0m?[32mUser is on DANA Deals Login page?[0m                                                                              ?[90m# demo.steps_definitions.LoginStepsDefinitions.userIsOnDANADealsLoginPage()?[0m
  ?[32mWhen ?[0m?[32mUser input ?[0m?[32m?[1m"87800000000"?[0m?[32m on phone number input field on login page?[0m                                            ?[90m# demo.steps_definitions.LoginStepsDefinitions.userInputOnPhoneNumberInputFieldOnLoginPage(java.lang.String)?[0m
  ?[32mAnd ?[0m?[32mUser input ?[0m?[32m?[1m"P@ssw0rd"?[0m?[32m on password input field on login page?[0m                                                    ?[90m# demo.steps_definitions.LoginStepsDefinitions.userInputOnPasswordInputFieldOnLoginPage(java.lang.String)?[0m
  ?[32mAnd ?[0m?[32mUser click Login button?[0m                                                                                        ?[90m# demo.steps_definitions.LoginStepsDefinitions.userClickLoginButton()?[0m
  ?[32mThen ?[0m?[32mUser see message?[0m                                                                                              ?[90m# demo.steps_definitions.LoginStepsDefinitions.UserSeeMessage()?[0m
  ?[32mThen ?[0m?[32mUser is on Home Admin page?[0m                                                                                    ?[90m# demo.steps_definitions.LoginStepsDefinitions.userIsOnHomeAdminPage()?[0m
  ?[32mWhen ?[0m?[32mUser tap Voucher ?[0m?[32m?[1m"Baconb"?[0m                                                                                     ?[90m# demo.steps_definitions.VoucherDetailAdminStepsDefinitions.userTapVoucher(java.lang.String)?[0m
  ?[32mWhen ?[0m?[32mUser tap Status?[0m                                                                                               ?[90m# demo.steps_definitions.VoucherDetailAdminStepsDefinitions.userTapStatus()?[0m
  ?[32mWhen ?[0m?[32mUser tap Save?[0m                                                                                                 ?[90m# demo.steps_definitions.VoucherDetailAdminStepsDefinitions.userTapSave()?[0m
  ?[32mThen ?[0m?[32mUser is on Home Admin page?[0m                                                                                    ?[90m# demo.steps_definitions.LoginStepsDefinitions.userIsOnHomeAdminPage()?[0m
  ?[32mWhen ?[0m?[32mUser tap Voucher ?[0m?[32m?[1m"Baconb"?[0m                                                                                     ?[90m# demo.steps_definitions.VoucherDetailAdminStepsDefinitions.userTapVoucher(java.lang.String)?[0m
  ?[32mWhen ?[0m?[32mUser tap Increase?[0m                                                                                             ?[90m# demo.steps_definitions.VoucherDetailAdminStepsDefinitions.userTapIncrease()?[0m
  ?[32mWhen ?[0m?[32mUser tap Save?[0m                                                                                                 ?[90m# demo.steps_definitions.VoucherDetailAdminStepsDefinitions.userTapSave()?[0m
  ?[32mThen ?[0m?[32mUser is on Voucher Detail page?[0m                                                                                ?[90m# demo.steps_definitions.VoucherDetailAdminStepsDefinitions.userIsOnVoucherDetailPage()?[0m
  ?[32mThen ?[0m?[32mUser see update status ?[0m?[32m?[1m"Inactive"?[0m                                                                             ?[90m# demo.steps_definitions.VoucherDetailAdminStepsDefinitions.userSeeUpdateStatus(java.lang.String)?[0m
  ?[32mGiven ?[0m?[32mUser is on Landing page?[0m                                                                                                            ?[90m# demo.steps_definitions.LoginStepsDefinitions.userIsOnLandingPage()?[0m
  ?[32mWhen ?[0m?[32mUser click Login to Account button?[0m                                                                                                  ?[90m# demo.steps_definitions.LoginStepsDefinitions.userClickLoginToAccountButton()?[0m
  ?[32mThen ?[0m?[32mUser is on DANA Deals Login page?[0m                                                                                                    ?[90m# demo.steps_definitions.LoginStepsDefinitions.userIsOnDANADealsLoginPage()?[0m
  ?[32mWhen ?[0m?[32mUser input ?[0m?[32m?[1m"87800000000"?[0m?[32m on phone number input field on login page?[0m                                                                  ?[90m# demo.steps_definitions.LoginStepsDefinitions.userInputOnPhoneNumberInputFieldOnLoginPage(java.lang.String)?[0m
  ?[32mAnd ?[0m?[32mUser input ?[0m?[32m?[1m"P@ssw0rd"?[0m?[32m on password input field on login page?[0m                                                                          ?[90m# demo.steps_definitions.LoginStepsDefinitions.userInputOnPasswordInputFieldOnLoginPage(java.lang.String)?[0m
  ?[32mAnd ?[0m?[32mUser click Login button?[0m                                                                                                              ?[90m# demo.steps_definitions.LoginStepsDefinitions.userClickLoginButton()?[0m
  ?[32mThen ?[0m?[32mUser see message?[0m                                                                                                                    ?[90m# demo.steps_definitions.LoginStepsDefinitions.UserSeeMessage()?[0m
  ?[32mThen ?[0m?[32mUser is on Home Admin page?[0m                                                                                                          ?[90m# demo.steps_definitions.LoginStepsDefinitions.userIsOnHomeAdminPage()?[0m
  ?[32mWhen ?[0m?[32mUser tap Voucher ?[0m?[32m?[1m"bqe"?[0m                                                                                                              ?[90m# demo.steps_definitions.VoucherDetailAdminStepsDefinitions.userTapVoucher(java.lang.String)?[0m
  ?[32mWhen ?[0m?[32mUser tap Status?[0m                                                                                                                     ?[90m# demo.steps_definitions.VoucherDetailAdminStepsDefinitions.userTapStatus()?[0m
  ?[32mWhen ?[0m?[32mUser tap Save?[0m                                                                                                                       ?[90m# demo.steps_definitions.VoucherDetailAdminStepsDefinitions.userTapSave()?[0m
  ?[32mThen ?[0m?[32mUser is on Home Admin page?[0m                                                                                                          ?[90m# demo.steps_definitions.LoginStepsDefinitions.userIsOnHomeAdminPage()?[0m
  ?[32mWhen ?[0m?[32mUser tap Voucher ?[0m?[32m?[1m"bqe"?[0m                                                                                                              ?[90m# demo.steps_definitions.VoucherDetailAdminStepsDefinitions.userTapVoucher(java.lang.String)?[0m
  ?[32mWhen ?[0m?[32mUser input quota ?[0m?[32m?[1m"251"?[0m                                                                                                              ?[90m# demo.steps_definitions.VoucherDetailAdminStepsDefinitions.userInputQuota(java.lang.String)?[0m
  ?[32mWhen ?[0m?[32mUser tap Increase?[0m                                                                                                                   ?[90m# demo.steps_definitions.VoucherDetailAdminStepsDefinitions.userTapIncrease()?[0m
  ?[32mWhen ?[0m?[32mUser tap Save?[0m                                                                                                                       ?[90m# demo.steps_definitions.VoucherDetailAdminStepsDefinitions.userTapSave()?[0m
  ?[32mThen ?[0m?[32mUser is on Voucher Detail page?[0m                                                                                                      ?[90m# demo.steps_definitions.VoucherDetailAdminStepsDefinitions.userIsOnVoucherDetailPage()?[0m
  ?[32mThen ?[0m?[32mUser see update status ?[0m?[32m?[1m"Inactive"?[0m                                                                                                   ?[90m# demo.steps_definitions.VoucherDetailAdminStepsDefinitions.userSeeUpdateStatus(java.lang.String)?[0m
  ?[32mGiven ?[0m?[32mUser is on Landing page?[0m                                                                                               ?[90m# demo.steps_definitions.LoginStepsDefinitions.userIsOnLandingPage()?[0m
  ?[32mWhen ?[0m?[32mUser click Login to Account button?[0m                                                                                     ?[90m# demo.steps_definitions.LoginStepsDefinitions.userClickLoginToAccountButton()?[0m
  ?[32mThen ?[0m?[32mUser is on DANA Deals Login page?[0m                                                                                       ?[90m# demo.steps_definitions.LoginStepsDefinitions.userIsOnDANADealsLoginPage()?[0m
  ?[32mWhen ?[0m?[32mUser input ?[0m?[32m?[1m"87800000000"?[0m?[32m on phone number input field on login page?[0m                                                     ?[90m# demo.steps_definitions.LoginStepsDefinitions.userInputOnPhoneNumberInputFieldOnLoginPage(java.lang.String)?[0m
  ?[32mAnd ?[0m?[32mUser input ?[0m?[32m?[1m"P@ssw0rd"?[0m?[32m on password input field on login page?[0m                                                             ?[90m# demo.steps_definitions.LoginStepsDefinitions.userInputOnPasswordInputFieldOnLoginPage(java.lang.String)?[0m
  ?[32mAnd ?[0m?[32mUser click Login button?[0m                                                                                                 ?[90m# demo.steps_definitions.LoginStepsDefinitions.userClickLoginButton()?[0m
  ?[32mThen ?[0m?[32mUser see message?[0m                                                                                                       ?[90m# demo.steps_definitions.LoginStepsDefinitions.UserSeeMessage()?[0m
  ?[32mThen ?[0m?[32mUser is on Home Admin page?[0m                                                                                             ?[90m# demo.steps_definitions.LoginStepsDefinitions.userIsOnHomeAdminPage()?[0m
  ?[32mWhen ?[0m?[32mUser tap Voucher ?[0m?[32m?[1m"Butter"?[0m                                                                                              ?[90m# demo.steps_definitions.VoucherDetailAdminStepsDefinitions.userTapVoucher(java.lang.String)?[0m
  ?[32mWhen ?[0m?[32mUser tap Status?[0m                                                                                                        ?[90m# demo.steps_definitions.VoucherDetailAdminStepsDefinitions.userTapStatus()?[0m
  ?[32mWhen ?[0m?[32mUser tap Save?[0m                                                                                                          ?[90m# demo.steps_definitions.VoucherDetailAdminStepsDefinitions.userTapSave()?[0m
  ?[32mThen ?[0m?[32mUser is on Home Admin page?[0m                                                                                             ?[90m# demo.steps_definitions.LoginStepsDefinitions.userIsOnHomeAdminPage()?[0m
  ?[32mWhen ?[0m?[32mUser tap Voucher ?[0m?[32m?[1m"Butter"?[0m                                                                                              ?[90m# demo.steps_definitions.VoucherDetailAdminStepsDefinitions.userTapVoucher(java.lang.String)?[0m
  ?[32mWhen ?[0m?[32mUser input quota ?[0m?[32m?[1m" "?[0m                                                                                                   ?[90m# demo.steps_definitions.VoucherDetailAdminStepsDefinitions.userInputQuota(java.lang.String)?[0m
  ?[32mWhen ?[0m?[32mUser tap Save?[0m                                                                                                          ?[90m# demo.steps_definitions.VoucherDetailAdminStepsDefinitions.userTapSave()?[0m
  ?[32mThen ?[0m?[32mUser is on Voucher Detail page?[0m                                                                                         ?[90m# demo.steps_definitions.VoucherDetailAdminStepsDefinitions.userIsOnVoucherDetailPage()?[0m
  ?[32mThen ?[0m?[32mUser see update status ?[0m?[32m?[1m"Inactive"?[0m                                                                                      ?[90m# demo.steps_definitions.VoucherDetailAdminStepsDefinitions.userSeeUpdateStatus(java.lang.String)?[0m
  ?[32mGiven ?[0m?[32mUser is on Landing page?[0m                                                                 ?[90m# demo.steps_definitions.LoginStepsDefinitions.userIsOnLandingPage()?[0m
  ?[32mWhen ?[0m?[32mUser click Login to Account button?[0m                                                       ?[90m# demo.steps_definitions.LoginStepsDefinitions.userClickLoginToAccountButton()?[0m
  ?[32mThen ?[0m?[32mUser is on DANA Deals Login page?[0m                                                         ?[90m# demo.steps_definitions.LoginStepsDefinitions.userIsOnDANADealsLoginPage()?[0m
  ?[32mWhen ?[0m?[32mUser input ?[0m?[32m?[1m"87800000000"?[0m?[32m on phone number input field on login page?[0m                       ?[90m# demo.steps_definitions.LoginStepsDefinitions.userInputOnPhoneNumberInputFieldOnLoginPage(java.lang.String)?[0m
  ?[32mAnd ?[0m?[32mUser input ?[0m?[32m?[1m"P@ssw0rd"?[0m?[32m on password input field on login page?[0m                               ?[90m# demo.steps_definitions.LoginStepsDefinitions.userInputOnPasswordInputFieldOnLoginPage(java.lang.String)?[0m
  ?[32mAnd ?[0m?[32mUser click Login button?[0m                                                                   ?[90m# demo.steps_definitions.LoginStepsDefinitions.userClickLoginButton()?[0m
  ?[32mThen ?[0m?[32mUser see message?[0m                                                                         ?[90m# demo.steps_definitions.LoginStepsDefinitions.UserSeeMessage()?[0m
  ?[32mThen ?[0m?[32mUser is on Home Admin page?[0m                                                               ?[90m# demo.steps_definitions.LoginStepsDefinitions.userIsOnHomeAdminPage()?[0m
  ?[32mWhen ?[0m?[32mUser tap Voucher ?[0m?[32m?[1m"Chives"?[0m                                                                ?[90m# demo.steps_definitions.VoucherDetailAdminStepsDefinitions.userTapVoucher(java.lang.String)?[0m
  ?[32mWhen ?[0m?[32mUser tap Status?[0m                                                                          ?[90m# demo.steps_definitions.VoucherDetailAdminStepsDefinitions.userTapStatus()?[0m
  ?[32mWhen ?[0m?[32mUser tap Save?[0m                                                                            ?[90m# demo.steps_definitions.VoucherDetailAdminStepsDefinitions.userTapSave()?[0m
  ?[32mThen ?[0m?[32mUser is on Home Admin page?[0m                                                               ?[90m# demo.steps_definitions.LoginStepsDefinitions.userIsOnHomeAdminPage()?[0m
  ?[32mWhen ?[0m?[32mUser tap Voucher ?[0m?[32m?[1m"Chives"?[0m                                                                ?[90m# demo.steps_definitions.VoucherDetailAdminStepsDefinitions.userTapVoucher(java.lang.String)?[0m
  ?[32mThen ?[0m?[32mUser see update status ?[0m?[32m?[1m"Active"?[0m                                                          ?[90m# demo.steps_definitions.VoucherDetailAdminStepsDefinitions.userSeeUpdateStatus(java.lang.String)?[0m
  ?[32mThen ?[0m?[32mUser see update quota ?[0m?[32m?[1m"5"?[0m                                                                ?[90m# demo.steps_definitions.VoucherDetailAdminStepsDefinitions.userSeeUpdateQuota(java.lang.String)?[0m
  ?[32mGiven ?[0m?[32mUser is on Landing page?[0m                                                                                                    ?[90m# demo.steps_definitions.LoginStepsDefinitions.userIsOnLandingPage()?[0m
  ?[32mWhen ?[0m?[32mUser click Login to Account button?[0m                                                                                          ?[90m# demo.steps_definitions.LoginStepsDefinitions.userClickLoginToAccountButton()?[0m
  ?[32mThen ?[0m?[32mUser is on DANA Deals Login page?[0m                                                                                            ?[90m# demo.steps_definitions.LoginStepsDefinitions.userIsOnDANADealsLoginPage()?[0m
  ?[32mWhen ?[0m?[32mUser input ?[0m?[32m?[1m"87800000000"?[0m?[32m on phone number input field on login page?[0m                                                          ?[90m# demo.steps_definitions.LoginStepsDefinitions.userInputOnPhoneNumberInputFieldOnLoginPage(java.lang.String)?[0m
  ?[32mAnd ?[0m?[32mUser input ?[0m?[32m?[1m"P@ssw0rd"?[0m?[32m on password input field on login page?[0m                                                                  ?[90m# demo.steps_definitions.LoginStepsDefinitions.userInputOnPasswordInputFieldOnLoginPage(java.lang.String)?[0m
  ?[32mAnd ?[0m?[32mUser click Login button?[0m                                                                                                      ?[90m# demo.steps_definitions.LoginStepsDefinitions.userClickLoginButton()?[0m
  ?[32mThen ?[0m?[32mUser see message?[0m                                                                                                            ?[90m# demo.steps_definitions.LoginStepsDefinitions.UserSeeMessage()?[0m
  ?[32mThen ?[0m?[32mUser is on Home Admin page?[0m                                                                                                  ?[90m# demo.steps_definitions.LoginStepsDefinitions.userIsOnHomeAdminPage()?[0m
  ?[32mWhen ?[0m?[32mUser tap Voucher ?[0m?[32m?[1m"Biryani Spice Mixgk"?[0m                                                                                      ?[90m# demo.steps_definitions.VoucherDetailAdminStepsDefinitions.userTapVoucher(java.lang.String)?[0m
  ?[32mWhen ?[0m?[32mUser tap Status?[0m                                                                                                             ?[90m# demo.steps_definitions.VoucherDetailAdminStepsDefinitions.userTapStatus()?[0m
  ?[32mWhen ?[0m?[32mUser tap Save?[0m                                                                                                               ?[90m# demo.steps_definitions.VoucherDetailAdminStepsDefinitions.userTapSave()?[0m
  ?[31mThen ?[0m?[31mUser is on Home Admin page?[0m                                                                                                  ?[90m# demo.steps_definitions.LoginStepsDefinitions.userIsOnHomeAdminPage()?[0m
      ?[31morg.openqa.selenium.TimeoutException: Expected condition failed: waiting for presence of element located by: By.id: et_search (tried for 30 second(s) with 500 milliseconds interval)
	at org.openqa.selenium.support.ui.WebDriverWait.timeoutException(WebDriverWait.java:95)
	at org.openqa.selenium.support.ui.FluentWait.until(FluentWait.java:272)
	at demo.utils.ActionUtils.waitElement(ActionUtils.java:15)
	at demo.pages.admin.HomeAdminPage.isOnPage(HomeAdminPage.java:21)
	at demo.steps_definitions.LoginStepsDefinitions.userIsOnHomeAdminPage(LoginStepsDefinitions.java:59)
	at ✽.User is on Home Admin page(file:///Users/sihalohoo/Desktop/DEBRIEF%202/DANADealsTESTING/src/test/resources/features/admin/VoucherDetail.feature:285)
Caused by: org.openqa.selenium.NoSuchElementException: An element could not be located on the page using the given search parameters.
For documentation on this error, please visit: https://www.seleniumhq.org/exceptions/no_such_element.html
Build info: version: '3.141.59', revision: 'e82be7d358', time: '2018-11-14T08:17:03'
System info: host: 'DNID0651L01.local', ip: 'fe80:0:0:0:10ff:ecf3:d89:4ddc%en0', os.name: 'Mac OS X', os.arch: 'x86_64', os.version: '10.15.4', java.version: '11.0.6'
Driver info: io.appium.java_client.android.AndroidDriver
Capabilities {app: /Users/sihalohoo/Desktop/DE..., appPackage: com.team.danadeals, autoGrantPermissions: true, automationName: UIAutomator2, databaseEnabled: false, desired: {app: /Users/sihalohoo/Desktop/DE..., autoGrantPermissions: true, automationName: UIAutomator2, deviceName: device, newCommandTimeout: 120, platformName: android, udid: emulator-5554}, deviceApiLevel: 23, deviceManufacturer: unknown, deviceModel: Android SDK built for x86, deviceName: emulator-5554, deviceScreenDensity: 420, deviceScreenSize: 1080x1920, deviceUDID: emulator-5554, javascriptEnabled: true, locationContextEnabled: false, networkConnectionEnabled: true, newCommandTimeout: 120, pixelRatio: 2.625, platform: LINUX, platformName: Android, platformVersion: 6.0, statBarHeight: 63, takesScreenshot: true, udid: emulator-5554, viewportRect: {height: 1731, left: 0, top: 63, width: 1080}, warnings: {}, webStorageEnabled: false}
Session ID: 07cfc216-704d-4075-8698-795da511188a
*** Element info: {Using=id, value=et_search}
	at java.base/jdk.internal.reflect.NativeConstructorAccessorImpl.newInstance0(Native Method)
	at java.base/jdk.internal.reflect.NativeConstructorAccessorImpl.newInstance(NativeConstructorAccessorImpl.java:62)
	at java.base/jdk.internal.reflect.DelegatingConstructorAccessorImpl.newInstance(DelegatingConstructorAccessorImpl.java:45)
	at java.base/java.lang.reflect.Constructor.newInstance(Constructor.java:490)
	at org.openqa.selenium.remote.http.W3CHttpResponseCodec.createException(W3CHttpResponseCodec.java:187)
	at org.openqa.selenium.remote.http.W3CHttpResponseCodec.decode(W3CHttpResponseCodec.java:122)
	at org.openqa.selenium.remote.http.W3CHttpResponseCodec.decode(W3CHttpResponseCodec.java:49)
	at org.openqa.selenium.remote.HttpCommandExecutor.execute(HttpCommandExecutor.java:158)
	at io.appium.java_client.remote.AppiumCommandExecutor.execute(AppiumCommandExecutor.java:239)
	at org.openqa.selenium.remote.RemoteWebDriver.execute(RemoteWebDriver.java:552)
	at io.appium.java_client.DefaultGenericMobileDriver.execute(DefaultGenericMobileDriver.java:41)
	at io.appium.java_client.AppiumDriver.execute(AppiumDriver.java:1)
	at io.appium.java_client.android.AndroidDriver.execute(AndroidDriver.java:1)
	at org.openqa.selenium.remote.RemoteWebDriver.findElement(RemoteWebDriver.java:323)
	at io.appium.java_client.DefaultGenericMobileDriver.findElement(DefaultGenericMobileDriver.java:61)
	at io.appium.java_client.AppiumDriver.findElement(AppiumDriver.java:1)
	at io.appium.java_client.android.AndroidDriver.findElement(AndroidDriver.java:1)
	at org.openqa.selenium.remote.RemoteWebDriver.findElementById(RemoteWebDriver.java:372)
	at io.appium.java_client.DefaultGenericMobileDriver.findElementById(DefaultGenericMobileDriver.java:69)
	at io.appium.java_client.AppiumDriver.findElementById(AppiumDriver.java:1)
	at io.appium.java_client.android.AndroidDriver.findElementById(AndroidDriver.java:1)
	at org.openqa.selenium.By$ById.findElement(By.java:188)
	at org.openqa.selenium.remote.RemoteWebDriver.findElement(RemoteWebDriver.java:315)
	at io.appium.java_client.DefaultGenericMobileDriver.findElement(DefaultGenericMobileDriver.java:57)
	at io.appium.java_client.AppiumDriver.findElement(AppiumDriver.java:1)
	at io.appium.java_client.android.AndroidDriver.findElement(AndroidDriver.java:1)
	at org.openqa.selenium.support.ui.ExpectedConditions$6.apply(ExpectedConditions.java:182)
	at org.openqa.selenium.support.ui.ExpectedConditions$6.apply(ExpectedConditions.java:179)
	at org.openqa.selenium.support.ui.FluentWait.until(FluentWait.java:249)
	at demo.utils.ActionUtils.waitElement(ActionUtils.java:15)
	at demo.pages.admin.HomeAdminPage.isOnPage(HomeAdminPage.java:21)
	at demo.steps_definitions.LoginStepsDefinitions.userIsOnHomeAdminPage(LoginStepsDefinitions.java:59)
	at jdk.internal.reflect.GeneratedMethodAccessor6.invoke(Unknown Source)
	at java.base/jdk.internal.reflect.DelegatingMethodAccessorImpl.invoke(DelegatingMethodAccessorImpl.java:43)
	at java.base/java.lang.reflect.Method.invoke(Method.java:566)
	at io.cucumber.java.Invoker.invoke(Invoker.java:27)
	at io.cucumber.java.JavaStepDefinition.execute(JavaStepDefinition.java:27)
	at io.cucumber.core.runner.PickleStepDefinitionMatch.runStep(PickleStepDefinitionMatch.java:63)
	at io.cucumber.core.runner.TestStep.executeStep(TestStep.java:64)
	at io.cucumber.core.runner.TestStep.run(TestStep.java:49)
	at io.cucumber.core.runner.PickleStepTestStep.run(PickleStepTestStep.java:46)
	at io.cucumber.core.runner.TestCase.run(TestCase.java:51)
	at io.cucumber.core.runner.Runner.runPickle(Runner.java:67)
	at io.cucumber.junit.PickleRunners$WithStepDescriptions.run(PickleRunners.java:100)
	at io.cucumber.junit.FeatureRunner.runChild(FeatureRunner.java:83)
	at io.cucumber.junit.FeatureRunner.runChild(FeatureRunner.java:24)
	at org.junit.runners.ParentRunner$4.run(ParentRunner.java:331)
	at org.junit.runners.ParentRunner$1.schedule(ParentRunner.java:79)
	at org.junit.runners.ParentRunner.runChildren(ParentRunner.java:329)
	at org.junit.runners.ParentRunner.access$100(ParentRunner.java:66)
	at org.junit.runners.ParentRunner$2.evaluate(ParentRunner.java:293)
	at org.junit.runners.ParentRunner$3.evaluate(ParentRunner.java:306)
	at org.junit.runners.ParentRunner.run(ParentRunner.java:413)
	at io.cucumber.junit.Cucumber.runChild(Cucumber.java:185)
	at io.cucumber.junit.Cucumber.runChild(Cucumber.java:83)
	at org.junit.runners.ParentRunner$4.run(ParentRunner.java:331)
	at org.junit.runners.ParentRunner$1.schedule(ParentRunner.java:79)
	at org.junit.runners.ParentRunner.runChildren(ParentRunner.java:329)
	at org.junit.runners.ParentRunner.access$100(ParentRunner.java:66)
	at org.junit.runners.ParentRunner$2.evaluate(ParentRunner.java:293)
	at io.cucumber.junit.Cucumber$RunCucumber.evaluate(Cucumber.java:219)
	at org.junit.runners.ParentRunner$3.evaluate(ParentRunner.java:306)
	at org.junit.runners.ParentRunner.run(ParentRunner.java:413)
	at org.gradle.api.internal.tasks.testing.junit.JUnitTestClassExecutor.runTestClass(JUnitTestClassExecutor.java:110)
	at org.gradle.api.internal.tasks.testing.junit.JUnitTestClassExecutor.execute(JUnitTestClassExecutor.java:58)
	at org.gradle.api.internal.tasks.testing.junit.JUnitTestClassExecutor.execute(JUnitTestClassExecutor.java:38)
	at org.gradle.api.internal.tasks.testing.junit.AbstractJUnitTestClassProcessor.processTestClass(AbstractJUnitTestClassProcessor.java:62)
	at org.gradle.api.internal.tasks.testing.SuiteTestClassProcessor.processTestClass(SuiteTestClassProcessor.java:51)
	at java.base/jdk.internal.reflect.NativeMethodAccessorImpl.invoke0(Native Method)
	at java.base/jdk.internal.reflect.NativeMethodAccessorImpl.invoke(NativeMethodAccessorImpl.java:62)
	at java.base/jdk.internal.reflect.DelegatingMethodAccessorImpl.invoke(DelegatingMethodAccessorImpl.java:43)
	at java.base/java.lang.reflect.Method.invoke(Method.java:566)
	at org.gradle.internal.dispatch.ReflectionDispatch.dispatch(ReflectionDispatch.java:36)
	at org.gradle.internal.dispatch.ReflectionDispatch.dispatch(ReflectionDispatch.java:24)
	at org.gradle.internal.dispatch.ContextClassLoaderDispatch.dispatch(ContextClassLoaderDispatch.java:33)
	at org.gradle.internal.dispatch.ProxyDispatchAdapter$DispatchingInvocationHandler.invoke(ProxyDispatchAdapter.java:94)
	at com.sun.proxy.$Proxy2.processTestClass(Unknown Source)
	at org.gradle.api.internal.tasks.testing.worker.TestWorker.processTestClass(TestWorker.java:118)
	at java.base/jdk.internal.reflect.NativeMethodAccessorImpl.invoke0(Native Method)
	at java.base/jdk.internal.reflect.NativeMethodAccessorImpl.invoke(NativeMethodAccessorImpl.java:62)
	at java.base/jdk.internal.reflect.DelegatingMethodAccessorImpl.invoke(DelegatingMethodAccessorImpl.java:43)
	at java.base/java.lang.reflect.Method.invoke(Method.java:566)
	at org.gradle.internal.dispatch.ReflectionDispatch.dispatch(ReflectionDispatch.java:36)
	at org.gradle.internal.dispatch.ReflectionDispatch.dispatch(ReflectionDispatch.java:24)
	at org.gradle.internal.remote.internal.hub.MessageHubBackedObjectConnection$DispatchWrapper.dispatch(MessageHubBackedObjectConnection.java:182)
	at org.gradle.internal.remote.internal.hub.MessageHubBackedObjectConnection$DispatchWrapper.dispatch(MessageHubBackedObjectConnection.java:164)
	at org.gradle.internal.remote.internal.hub.MessageHub$Handler.run(MessageHub.java:412)
	at org.gradle.internal.concurrent.ExecutorPolicy$CatchAndRecordFailures.onExecute(ExecutorPolicy.java:64)
	at org.gradle.internal.concurrent.ManagedExecutorImpl$1.run(ManagedExecutorImpl.java:48)
	at java.base/java.util.concurrent.ThreadPoolExecutor.runWorker(ThreadPoolExecutor.java:1128)
	at java.base/java.util.concurrent.ThreadPoolExecutor$Worker.run(ThreadPoolExecutor.java:628)
	at org.gradle.internal.concurrent.ThreadFactoryImpl$ManagedThreadRunnable.run(ThreadFactoryImpl.java:56)
	at java.base/java.lang.Thread.run(Thread.java:834)
?[0m
  ?[36mWhen ?[0m?[36mUser tap Voucher ?[0m?[36m?[1m"Biryani Spice Mixgk"?[0m                                                                                      ?[90m# demo.steps_definitions.VoucherDetailAdminStepsDefinitions.userTapVoucher(java.lang.String)?[0m
  ?[36mThen ?[0m?[36mUser see update status ?[0m?[36m?[1m"Active"?[0m                                                                                             ?[90m# demo.steps_definitions.VoucherDetailAdminStepsDefinitions.userSeeUpdateStatus(java.lang.String)?[0m
  ?[36mThen ?[0m?[36mUser see update quota ?[0m?[36m?[1m"5"?[0m                                                                                                   ?[90m# demo.steps_definitions.VoucherDetailAdminStepsDefinitions.userSeeUpdateQuota(java.lang.String)?[0m
  ?[36mWhen ?[0m?[36mUser input quota ?[0m?[36m?[1m"6"?[0m                                                                                                        ?[90m# demo.steps_definitions.VoucherDetailAdminStepsDefinitions.userInputQuota(java.lang.String)?[0m
  ?[36mWhen ?[0m?[36mUser tap Save?[0m                                                                                                               ?[90m# demo.steps_definitions.VoucherDetailAdminStepsDefinitions.userTapSave()?[0m
  ?[36mThen ?[0m?[36mUser is on Home Admin page?[0m                                                                                                  ?[90m# demo.steps_definitions.LoginStepsDefinitions.userIsOnHomeAdminPage()?[0m
  ?[36mWhen ?[0m?[36mUser tap Voucher ?[0m?[36m?[1m"Biryani Spice Mixgk"?[0m                                                                                      ?[90m# demo.steps_definitions.VoucherDetailAdminStepsDefinitions.userTapVoucher(java.lang.String)?[0m
  ?[36mThen ?[0m?[36mUser see update status ?[0m?[36m?[1m"Active"?[0m                                                                                             ?[90m# demo.steps_definitions.VoucherDetailAdminStepsDefinitions.userSeeUpdateStatus(java.lang.String)?[0m
  ?[36mThen ?[0m?[36mUser see update quota ?[0m?[36m?[1m"6"?[0m                                                                                                   ?[90m# demo.steps_definitions.VoucherDetailAdminStepsDefinitions.userSeeUpdateQuota(java.lang.String)?[0m

    Embedding null [image/png 106221 bytes]


    Scenario Fail

  ?[32mGiven ?[0m?[32mUser is on Landing page?[0m                                                                   ?[90m# demo.steps_definitions.LoginStepsDefinitions.userIsOnLandingPage()?[0m
  ?[32mWhen ?[0m?[32mUser click Login to Account button?[0m                                                         ?[90m# demo.steps_definitions.LoginStepsDefinitions.userClickLoginToAccountButton()?[0m
  ?[32mThen ?[0m?[32mUser is on DANA Deals Login page?[0m                                                           ?[90m# demo.steps_definitions.LoginStepsDefinitions.userIsOnDANADealsLoginPage()?[0m
  ?[32mWhen ?[0m?[32mUser input ?[0m?[32m?[1m"87800000000"?[0m?[32m on phone number input field on login page?[0m                         ?[90m# demo.steps_definitions.LoginStepsDefinitions.userInputOnPhoneNumberInputFieldOnLoginPage(java.lang.String)?[0m
  ?[32mAnd ?[0m?[32mUser input ?[0m?[32m?[1m"P@ssw0rd"?[0m?[32m on password input field on login page?[0m                                 ?[90m# demo.steps_definitions.LoginStepsDefinitions.userInputOnPasswordInputFieldOnLoginPage(java.lang.String)?[0m
  ?[32mAnd ?[0m?[32mUser click Login button?[0m                                                                     ?[90m# demo.steps_definitions.LoginStepsDefinitions.userClickLoginButton()?[0m
  ?[32mThen ?[0m?[32mUser see message?[0m                                                                           ?[90m# demo.steps_definitions.LoginStepsDefinitions.UserSeeMessage()?[0m
  ?[32mThen ?[0m?[32mUser is on Home Admin page?[0m                                                                 ?[90m# demo.steps_definitions.LoginStepsDefinitions.userIsOnHomeAdminPage()?[0m
  ?[32mWhen ?[0m?[32mUser tap Voucher ?[0m?[32m?[1m"Bigger Pack Deal"?[0m                                                        ?[90m# demo.steps_definitions.VoucherDetailAdminStepsDefinitions.userTapVoucher(java.lang.String)?[0m
  ?[32mWhen ?[0m?[32mUser tap Status?[0m                                                                            ?[90m# demo.steps_definitions.VoucherDetailAdminStepsDefinitions.userTapStatus()?[0m
  ?[32mWhen ?[0m?[32mUser tap Save?[0m                                                                              ?[90m# demo.steps_definitions.VoucherDetailAdminStepsDefinitions.userTapSave()?[0m
  ?[32mThen ?[0m?[32mUser see message?[0m                                                                           ?[90m# demo.steps_definitions.LoginStepsDefinitions.UserSeeMessage()?[0m
  ?[32mThen ?[0m?[32mUser is on Voucher Detail page?[0m                                                             ?[90m# demo.steps_definitions.VoucherDetailAdminStepsDefinitions.userIsOnVoucherDetailPage()?[0m
  ?[32mGiven ?[0m?[32mUser is on Landing page?[0m                                                                                                       ?[90m# demo.steps_definitions.LoginStepsDefinitions.userIsOnLandingPage()?[0m
  ?[32mWhen ?[0m?[32mUser click Login to Account button?[0m                                                                                             ?[90m# demo.steps_definitions.LoginStepsDefinitions.userClickLoginToAccountButton()?[0m
  ?[32mThen ?[0m?[32mUser is on DANA Deals Login page?[0m                                                                                               ?[90m# demo.steps_definitions.LoginStepsDefinitions.userIsOnDANADealsLoginPage()?[0m
  ?[32mWhen ?[0m?[32mUser input ?[0m?[32m?[1m"87800000000"?[0m?[32m on phone number input field on login page?[0m                                                             ?[90m# demo.steps_definitions.LoginStepsDefinitions.userInputOnPhoneNumberInputFieldOnLoginPage(java.lang.String)?[0m
  ?[32mAnd ?[0m?[32mUser input ?[0m?[32m?[1m"P@ssw0rd"?[0m?[32m on password input field on login page?[0m                                                                     ?[90m# demo.steps_definitions.LoginStepsDefinitions.userInputOnPasswordInputFieldOnLoginPage(java.lang.String)?[0m
  ?[32mAnd ?[0m?[32mUser click Login button?[0m                                                                                                         ?[90m# demo.steps_definitions.LoginStepsDefinitions.userClickLoginButton()?[0m
  ?[32mThen ?[0m?[32mUser see message?[0m                                                                                                               ?[90m# demo.steps_definitions.LoginStepsDefinitions.UserSeeMessage()?[0m
  ?[32mThen ?[0m?[32mUser is on Home Admin page?[0m                                                                                                     ?[90m# demo.steps_definitions.LoginStepsDefinitions.userIsOnHomeAdminPage()?[0m
  ?[32mWhen ?[0m?[32mUser tap Voucher ?[0m?[32m?[1m"Bigger Pack Deal"?[0m                                                                                            ?[90m# demo.steps_definitions.VoucherDetailAdminStepsDefinitions.userTapVoucher(java.lang.String)?[0m
  ?[32mWhen ?[0m?[32mUser tap Status?[0m                                                                                                                ?[90m# demo.steps_definitions.VoucherDetailAdminStepsDefinitions.userTapStatus()?[0m
  ?[32mWhen ?[0m?[32mUser tap Save?[0m                                                                                                                  ?[90m# demo.steps_definitions.VoucherDetailAdminStepsDefinitions.userTapSave()?[0m
  ?[32mThen ?[0m?[32mUser see message?[0m                                                                                                               ?[90m# demo.steps_definitions.LoginStepsDefinitions.UserSeeMessage()?[0m
  ?[32mThen ?[0m?[32mUser is on Voucher Detail page?[0m                                                                                                 ?[90m# demo.steps_definitions.VoucherDetailAdminStepsDefinitions.userIsOnVoucherDetailPage()?[0m
  ?[32mWhen ?[0m?[32mUser input quota ?[0m?[32m?[1m"6"?[0m                                                                                                           ?[90m# demo.steps_definitions.VoucherDetailAdminStepsDefinitions.userInputQuota(java.lang.String)?[0m
  ?[32mWhen ?[0m?[32mUser tap Save?[0m                                                                                                                  ?[90m# demo.steps_definitions.VoucherDetailAdminStepsDefinitions.userTapSave()?[0m
  ?[32mThen ?[0m?[32mUser is on Voucher Detail page?[0m                                                                                                 ?[90m# demo.steps_definitions.VoucherDetailAdminStepsDefinitions.userIsOnVoucherDetailPage()?[0m
  ?[32mGiven ?[0m?[32mUser is on Landing page?[0m                                                                                                           ?[90m# demo.steps_definitions.LoginStepsDefinitions.userIsOnLandingPage()?[0m
  ?[32mWhen ?[0m?[32mUser click Login to Account button?[0m                                                                                                 ?[90m# demo.steps_definitions.LoginStepsDefinitions.userClickLoginToAccountButton()?[0m
  ?[32mThen ?[0m?[32mUser is on DANA Deals Login page?[0m                                                                                                   ?[90m# demo.steps_definitions.LoginStepsDefinitions.userIsOnDANADealsLoginPage()?[0m
  ?[32mWhen ?[0m?[32mUser input ?[0m?[32m?[1m"87800000000"?[0m?[32m on phone number input field on login page?[0m                                                                 ?[90m# demo.steps_definitions.LoginStepsDefinitions.userInputOnPhoneNumberInputFieldOnLoginPage(java.lang.String)?[0m
  ?[32mAnd ?[0m?[32mUser input ?[0m?[32m?[1m"P@ssw0rd"?[0m?[32m on password input field on login page?[0m                                                                         ?[90m# demo.steps_definitions.LoginStepsDefinitions.userInputOnPasswordInputFieldOnLoginPage(java.lang.String)?[0m
  ?[32mAnd ?[0m?[32mUser click Login button?[0m                                                                                                             ?[90m# demo.steps_definitions.LoginStepsDefinitions.userClickLoginButton()?[0m
  ?[32mThen ?[0m?[32mUser see message?[0m                                                                                                                   ?[90m# demo.steps_definitions.LoginStepsDefinitions.UserSeeMessage()?[0m
  ?[32mThen ?[0m?[32mUser is on Home Admin page?[0m                                                                                                         ?[90m# demo.steps_definitions.LoginStepsDefinitions.userIsOnHomeAdminPage()?[0m
  ?[32mWhen ?[0m?[32mUser tap Voucher ?[0m?[32m?[1m"Bigger Pack Deal"?[0m                                                                                                ?[90m# demo.steps_definitions.VoucherDetailAdminStepsDefinitions.userTapVoucher(java.lang.String)?[0m
  ?[32mWhen ?[0m?[32mUser tap Status?[0m                                                                                                                    ?[90m# demo.steps_definitions.VoucherDetailAdminStepsDefinitions.userTapStatus()?[0m
  ?[32mWhen ?[0m?[32mUser tap Save?[0m                                                                                                                      ?[90m# demo.steps_definitions.VoucherDetailAdminStepsDefinitions.userTapSave()?[0m
  ?[32mThen ?[0m?[32mUser see message?[0m                                                                                                                   ?[90m# demo.steps_definitions.LoginStepsDefinitions.UserSeeMessage()?[0m
  ?[32mThen ?[0m?[32mUser is on Voucher Detail page?[0m                                                                                                     ?[90m# demo.steps_definitions.VoucherDetailAdminStepsDefinitions.userIsOnVoucherDetailPage()?[0m
  ?[32mWhen ?[0m?[32mUser tap Increase?[0m                                                                                                                  ?[90m# demo.steps_definitions.VoucherDetailAdminStepsDefinitions.userTapIncrease()?[0m
  ?[32mWhen ?[0m?[32mUser tap Save?[0m                                                                                                                      ?[90m# demo.steps_definitions.VoucherDetailAdminStepsDefinitions.userTapSave()?[0m
  ?[32mThen ?[0m?[32mUser is on Voucher Detail page?[0m                                                                                                     ?[90m# demo.steps_definitions.VoucherDetailAdminStepsDefinitions.userIsOnVoucherDetailPage()?[0m
  ?[32mGiven ?[0m?[32mUser is on Landing page?[0m                                                                                                                                   ?[90m# demo.steps_definitions.LoginStepsDefinitions.userIsOnLandingPage()?[0m
  ?[32mWhen ?[0m?[32mUser click Login to Account button?[0m                                                                                                                         ?[90m# demo.steps_definitions.LoginStepsDefinitions.userClickLoginToAccountButton()?[0m
  ?[32mThen ?[0m?[32mUser is on DANA Deals Login page?[0m                                                                                                                           ?[90m# demo.steps_definitions.LoginStepsDefinitions.userIsOnDANADealsLoginPage()?[0m
  ?[32mWhen ?[0m?[32mUser input ?[0m?[32m?[1m"87800000000"?[0m?[32m on phone number input field on login page?[0m                                                                                         ?[90m# demo.steps_definitions.LoginStepsDefinitions.userInputOnPhoneNumberInputFieldOnLoginPage(java.lang.String)?[0m
  ?[32mAnd ?[0m?[32mUser input ?[0m?[32m?[1m"P@ssw0rd"?[0m?[32m on password input field on login page?[0m                                                                                                 ?[90m# demo.steps_definitions.LoginStepsDefinitions.userInputOnPasswordInputFieldOnLoginPage(java.lang.String)?[0m
  ?[32mAnd ?[0m?[32mUser click Login button?[0m                                                                                                                                     ?[90m# demo.steps_definitions.LoginStepsDefinitions.userClickLoginButton()?[0m
  ?[32mThen ?[0m?[32mUser see message?[0m                                                                                                                                           ?[90m# demo.steps_definitions.LoginStepsDefinitions.UserSeeMessage()?[0m
  ?[32mThen ?[0m?[32mUser is on Home Admin page?[0m                                                                                                                                 ?[90m# demo.steps_definitions.LoginStepsDefinitions.userIsOnHomeAdminPage()?[0m
  ?[32mWhen ?[0m?[32mUser tap Voucher ?[0m?[32m?[1m"Bigger Pack Deal"?[0m                                                                                                                        ?[90m# demo.steps_definitions.VoucherDetailAdminStepsDefinitions.userTapVoucher(java.lang.String)?[0m
  ?[32mWhen ?[0m?[32mUser tap Status?[0m                                                                                                                                            ?[90m# demo.steps_definitions.VoucherDetailAdminStepsDefinitions.userTapStatus()?[0m
  ?[32mWhen ?[0m?[32mUser tap Save?[0m                                                                                                                                              ?[90m# demo.steps_definitions.VoucherDetailAdminStepsDefinitions.userTapSave()?[0m
  ?[32mThen ?[0m?[32mUser see message?[0m                                                                                                                                           ?[90m# demo.steps_definitions.LoginStepsDefinitions.UserSeeMessage()?[0m
  ?[32mThen ?[0m?[32mUser is on Voucher Detail page?[0m                                                                                                                             ?[90m# demo.steps_definitions.VoucherDetailAdminStepsDefinitions.userIsOnVoucherDetailPage()?[0m
  ?[32mWhen ?[0m?[32mUser input quota ?[0m?[32m?[1m"6"?[0m                                                                                                                                       ?[90m# demo.steps_definitions.VoucherDetailAdminStepsDefinitions.userInputQuota(java.lang.String)?[0m
  ?[32mWhen ?[0m?[32mUser tap Increase?[0m                                                                                                                                          ?[90m# demo.steps_definitions.VoucherDetailAdminStepsDefinitions.userTapIncrease()?[0m
  ?[32mWhen ?[0m?[32mUser tap Save?[0m                                                                                                                                              ?[90m# demo.steps_definitions.VoucherDetailAdminStepsDefinitions.userTapSave()?[0m
  ?[32mThen ?[0m?[32mUser is on Voucher Detail page?[0m                                                                                                                             ?[90m# demo.steps_definitions.VoucherDetailAdminStepsDefinitions.userIsOnVoucherDetailPage()?[0m
  ?[32mGiven ?[0m?[32mUser is on Landing page?[0m                                                                                                                    ?[90m# demo.steps_definitions.LoginStepsDefinitions.userIsOnLandingPage()?[0m
  ?[32mWhen ?[0m?[32mUser click Login to Account button?[0m                                                                                                          ?[90m# demo.steps_definitions.LoginStepsDefinitions.userClickLoginToAccountButton()?[0m
  ?[32mThen ?[0m?[32mUser is on DANA Deals Login page?[0m                                                                                                            ?[90m# demo.steps_definitions.LoginStepsDefinitions.userIsOnDANADealsLoginPage()?[0m
  ?[32mWhen ?[0m?[32mUser input ?[0m?[32m?[1m"87800000000"?[0m?[32m on phone number input field on login page?[0m                                                                          ?[90m# demo.steps_definitions.LoginStepsDefinitions.userInputOnPhoneNumberInputFieldOnLoginPage(java.lang.String)?[0m
  ?[32mAnd ?[0m?[32mUser input ?[0m?[32m?[1m"P@ssw0rd"?[0m?[32m on password input field on login page?[0m                                                                                  ?[90m# demo.steps_definitions.LoginStepsDefinitions.userInputOnPasswordInputFieldOnLoginPage(java.lang.String)?[0m
  ?[32mAnd ?[0m?[32mUser click Login button?[0m                                                                                                                      ?[90m# demo.steps_definitions.LoginStepsDefinitions.userClickLoginButton()?[0m
  ?[32mThen ?[0m?[32mUser see message?[0m                                                                                                                            ?[90m# demo.steps_definitions.LoginStepsDefinitions.UserSeeMessage()?[0m
  ?[32mThen ?[0m?[32mUser is on Home Admin page?[0m                                                                                                                  ?[90m# demo.steps_definitions.LoginStepsDefinitions.userIsOnHomeAdminPage()?[0m
  ?[32mWhen ?[0m?[32mUser tap Voucher ?[0m?[32m?[1m"Bigger Pack Deal"?[0m                                                                                                         ?[90m# demo.steps_definitions.VoucherDetailAdminStepsDefinitions.userTapVoucher(java.lang.String)?[0m
  ?[32mWhen ?[0m?[32mUser tap Status?[0m                                                                                                                             ?[90m# demo.steps_definitions.VoucherDetailAdminStepsDefinitions.userTapStatus()?[0m
  ?[32mWhen ?[0m?[32mUser tap Save?[0m                                                                                                                               ?[90m# demo.steps_definitions.VoucherDetailAdminStepsDefinitions.userTapSave()?[0m
  ?[32mThen ?[0m?[32mUser see message?[0m                                                                                                                            ?[90m# demo.steps_definitions.LoginStepsDefinitions.UserSeeMessage()?[0m
  ?[32mThen ?[0m?[32mUser is on Voucher Detail page?[0m                                                                                                              ?[90m# demo.steps_definitions.VoucherDetailAdminStepsDefinitions.userIsOnVoucherDetailPage()?[0m
  ?[32mWhen ?[0m?[32mUser input quota ?[0m?[32m?[1m" "?[0m                                                                                                                        ?[90m# demo.steps_definitions.VoucherDetailAdminStepsDefinitions.userInputQuota(java.lang.String)?[0m
  ?[32mWhen ?[0m?[32mUser tap Save?[0m                                                                                                                               ?[90m# demo.steps_definitions.VoucherDetailAdminStepsDefinitions.userTapSave()?[0m
  ?[32mThen ?[0m?[32mUser is on Voucher Detail page?[0m                                                                                                              ?[90m# demo.steps_definitions.VoucherDetailAdminStepsDefinitions.userIsOnVoucherDetailPage()?[0m
  ?[32mGiven ?[0m?[32mUser is on Landing page?[0m                                                                  ?[90m# demo.steps_definitions.LoginStepsDefinitions.userIsOnLandingPage()?[0m
  ?[32mWhen ?[0m?[32mUser click Login to Account button?[0m                                                        ?[90m# demo.steps_definitions.LoginStepsDefinitions.userClickLoginToAccountButton()?[0m
  ?[32mThen ?[0m?[32mUser is on DANA Deals Login page?[0m                                                          ?[90m# demo.steps_definitions.LoginStepsDefinitions.userIsOnDANADealsLoginPage()?[0m
  ?[32mWhen ?[0m?[32mUser input ?[0m?[32m?[1m"87800000000"?[0m?[32m on phone number input field on login page?[0m                        ?[90m# demo.steps_definitions.LoginStepsDefinitions.userInputOnPhoneNumberInputFieldOnLoginPage(java.lang.String)?[0m
  ?[32mAnd ?[0m?[32mUser input ?[0m?[32m?[1m"P@ssw0rd"?[0m?[32m on password input field on login page?[0m                                ?[90m# demo.steps_definitions.LoginStepsDefinitions.userInputOnPasswordInputFieldOnLoginPage(java.lang.String)?[0m
  ?[32mAnd ?[0m?[32mUser click Login button?[0m                                                                    ?[90m# demo.steps_definitions.LoginStepsDefinitions.userClickLoginButton()?[0m
  ?[32mThen ?[0m?[32mUser see message?[0m                                                                          ?[90m# demo.steps_definitions.LoginStepsDefinitions.UserSeeMessage()?[0m
  ?[32mThen ?[0m?[32mUser is on Home Admin page?[0m                                                                ?[90m# demo.steps_definitions.LoginStepsDefinitions.userIsOnHomeAdminPage()?[0m
  ?[32mWhen ?[0m?[32mUser tap Voucher ?[0m?[32m?[1m"Baskin Robbins"?[0m                                                         ?[90m# demo.steps_definitions.VoucherDetailAdminStepsDefinitions.userTapVoucher(java.lang.String)?[0m
  ?[32mWhen ?[0m?[32mUser tap Status?[0m                                                                           ?[90m# demo.steps_definitions.VoucherDetailAdminStepsDefinitions.userTapStatus()?[0m
  ?[32mWhen ?[0m?[32mUser tap Save?[0m                                                                             ?[90m# demo.steps_definitions.VoucherDetailAdminStepsDefinitions.userTapSave()?[0m
  ?[32mThen ?[0m?[32mUser is on Home Admin page?[0m                                                                ?[90m# demo.steps_definitions.LoginStepsDefinitions.userIsOnHomeAdminPage()?[0m
  ?[32mWhen ?[0m?[32mUser tap Voucher ?[0m?[32m?[1m"Baskin Robbins"?[0m                                                         ?[90m# demo.steps_definitions.VoucherDetailAdminStepsDefinitions.userTapVoucher(java.lang.String)?[0m
  ?[32mThen ?[0m?[32mUser see update status ?[0m?[32m?[1m"Active"?[0m                                                           ?[90m# demo.steps_definitions.VoucherDetailAdminStepsDefinitions.userSeeUpdateStatus(java.lang.String)?[0m
  ?[32mGiven ?[0m?[32mUser is on Landing page?[0m                                                                                                     ?[90m# demo.steps_definitions.LoginStepsDefinitions.userIsOnLandingPage()?[0m
  ?[32mWhen ?[0m?[32mUser click Login to Account button?[0m                                                                                           ?[90m# demo.steps_definitions.LoginStepsDefinitions.userClickLoginToAccountButton()?[0m
  ?[32mThen ?[0m?[32mUser is on DANA Deals Login page?[0m                                                                                             ?[90m# demo.steps_definitions.LoginStepsDefinitions.userIsOnDANADealsLoginPage()?[0m
  ?[32mWhen ?[0m?[32mUser input ?[0m?[32m?[1m"87800000000"?[0m?[32m on phone number input field on login page?[0m                                                           ?[90m# demo.steps_definitions.LoginStepsDefinitions.userInputOnPhoneNumberInputFieldOnLoginPage(java.lang.String)?[0m
  ?[32mAnd ?[0m?[32mUser input ?[0m?[32m?[1m"P@ssw0rd"?[0m?[32m on password input field on login page?[0m                                                                   ?[90m# demo.steps_definitions.LoginStepsDefinitions.userInputOnPasswordInputFieldOnLoginPage(java.lang.String)?[0m
  ?[32mAnd ?[0m?[32mUser click Login button?[0m                                                                                                       ?[90m# demo.steps_definitions.LoginStepsDefinitions.userClickLoginButton()?[0m
  ?[32mThen ?[0m?[32mUser see message?[0m                                                                                                             ?[90m# demo.steps_definitions.LoginStepsDefinitions.UserSeeMessage()?[0m
  ?[32mThen ?[0m?[32mUser is on Home Admin page?[0m                                                                                                   ?[90m# demo.steps_definitions.LoginStepsDefinitions.userIsOnHomeAdminPage()?[0m
  ?[32mWhen ?[0m?[32mUser tap Voucher ?[0m?[32m?[1m"Bengawan Solo"?[0m                                                                                             ?[90m# demo.steps_definitions.VoucherDetailAdminStepsDefinitions.userTapVoucher(java.lang.String)?[0m
  ?[32mWhen ?[0m?[32mUser tap Status?[0m                                                                                                              ?[90m# demo.steps_definitions.VoucherDetailAdminStepsDefinitions.userTapStatus()?[0m
  ?[32mWhen ?[0m?[32mUser tap Save?[0m                                                                                                                ?[90m# demo.steps_definitions.VoucherDetailAdminStepsDefinitions.userTapSave()?[0m
  ?[32mThen ?[0m?[32mUser is on Home Admin page?[0m                                                                                                   ?[90m# demo.steps_definitions.LoginStepsDefinitions.userIsOnHomeAdminPage()?[0m
  ?[32mWhen ?[0m?[32mUser tap Voucher ?[0m?[32m?[1m"Bengawan Solo"?[0m                                                                                             ?[90m# demo.steps_definitions.VoucherDetailAdminStepsDefinitions.userTapVoucher(java.lang.String)?[0m
  ?[32mWhen ?[0m?[32mUser input quota ?[0m?[32m?[1m"10"?[0m                                                                                                        ?[90m# demo.steps_definitions.VoucherDetailAdminStepsDefinitions.userInputQuota(java.lang.String)?[0m
  ?[32mWhen ?[0m?[32mUser tap Save?[0m                                                                                                                ?[90m# demo.steps_definitions.VoucherDetailAdminStepsDefinitions.userTapSave()?[0m
  ?[32mThen ?[0m?[32mUser is on Home Admin page?[0m                                                                                                   ?[90m# demo.steps_definitions.LoginStepsDefinitions.userIsOnHomeAdminPage()?[0m
  ?[32mWhen ?[0m?[32mUser tap Voucher ?[0m?[32m?[1m"Bengawan Solo"?[0m                                                                                             ?[90m# demo.steps_definitions.VoucherDetailAdminStepsDefinitions.userTapVoucher(java.lang.String)?[0m
  ?[32mThen ?[0m?[32mUser see update status ?[0m?[32m?[1m"Active"?[0m                                                                                              ?[90m# demo.steps_definitions.VoucherDetailAdminStepsDefinitions.userSeeUpdateStatus(java.lang.String)?[0m
  ?[32mThen ?[0m?[32mUser see update quota ?[0m?[32m?[1m"10"?[0m                                                                                                   ?[90m# demo.steps_definitions.VoucherDetailAdminStepsDefinitions.userSeeUpdateQuota(java.lang.String)?[0m
  ?[32mGiven ?[0m?[32mUser is on Landing page?[0m                                                                                                                 ?[90m# demo.steps_definitions.LoginStepsDefinitions.userIsOnLandingPage()?[0m
  ?[32mWhen ?[0m?[32mUser click Login to Account button?[0m                                                                                                       ?[90m# demo.steps_definitions.LoginStepsDefinitions.userClickLoginToAccountButton()?[0m
  ?[32mThen ?[0m?[32mUser is on DANA Deals Login page?[0m                                                                                                         ?[90m# demo.steps_definitions.LoginStepsDefinitions.userIsOnDANADealsLoginPage()?[0m
  ?[32mWhen ?[0m?[32mUser input ?[0m?[32m?[1m"87800000000"?[0m?[32m on phone number input field on login page?[0m                                                                       ?[90m# demo.steps_definitions.LoginStepsDefinitions.userInputOnPhoneNumberInputFieldOnLoginPage(java.lang.String)?[0m
  ?[32mAnd ?[0m?[32mUser input ?[0m?[32m?[1m"P@ssw0rd"?[0m?[32m on password input field on login page?[0m                                                                               ?[90m# demo.steps_definitions.LoginStepsDefinitions.userInputOnPasswordInputFieldOnLoginPage(java.lang.String)?[0m
  ?[32mAnd ?[0m?[32mUser click Login button?[0m                                                                                                                   ?[90m# demo.steps_definitions.LoginStepsDefinitions.userClickLoginButton()?[0m
  ?[32mThen ?[0m?[32mUser see message?[0m                                                                                                                         ?[90m# demo.steps_definitions.LoginStepsDefinitions.UserSeeMessage()?[0m
  ?[32mThen ?[0m?[32mUser is on Home Admin page?[0m                                                                                                               ?[90m# demo.steps_definitions.LoginStepsDefinitions.userIsOnHomeAdminPage()?[0m
  ?[32mWhen ?[0m?[32mUser tap Voucher ?[0m?[32m?[1m"Bulghurd"?[0m                                                                                                              ?[90m# demo.steps_definitions.VoucherDetailAdminStepsDefinitions.userTapVoucher(java.lang.String)?[0m
  ?[32mWhen ?[0m?[32mUser tap Status?[0m                                                                                                                          ?[90m# demo.steps_definitions.VoucherDetailAdminStepsDefinitions.userTapStatus()?[0m
  ?[32mWhen ?[0m?[32mUser tap Save?[0m                                                                                                                            ?[90m# demo.steps_definitions.VoucherDetailAdminStepsDefinitions.userTapSave()?[0m
  ?[32mThen ?[0m?[32mUser is on Home Admin page?[0m                                                                                                               ?[90m# demo.steps_definitions.LoginStepsDefinitions.userIsOnHomeAdminPage()?[0m
  ?[32mWhen ?[0m?[32mUser tap Voucher ?[0m?[32m?[1m"Bulghurd"?[0m                                                                                                              ?[90m# demo.steps_definitions.VoucherDetailAdminStepsDefinitions.userTapVoucher(java.lang.String)?[0m
  ?[32mWhen ?[0m?[32mUser tap Increase?[0m                                                                                                                        ?[90m# demo.steps_definitions.VoucherDetailAdminStepsDefinitions.userTapIncrease()?[0m
  ?[32mWhen ?[0m?[32mUser tap Save?[0m                                                                                                                            ?[90m# demo.steps_definitions.VoucherDetailAdminStepsDefinitions.userTapSave()?[0m
  ?[32mThen ?[0m?[32mUser is on Home Admin page?[0m                                                                                                               ?[90m# demo.steps_definitions.LoginStepsDefinitions.userIsOnHomeAdminPage()?[0m
  ?[32mWhen ?[0m?[32mUser tap Voucher ?[0m?[32m?[1m"Bulghurd"?[0m                                                                                                              ?[90m# demo.steps_definitions.VoucherDetailAdminStepsDefinitions.userTapVoucher(java.lang.String)?[0m
  ?[32mThen ?[0m?[32mUser see update status ?[0m?[32m?[1m"Active"?[0m                                                                                                          ?[90m# demo.steps_definitions.VoucherDetailAdminStepsDefinitions.userSeeUpdateStatus(java.lang.String)?[0m
  ?[32mThen ?[0m?[32mUser see update quota ?[0m?[32m?[1m"251"?[0m                                                                                                              ?[90m# demo.steps_definitions.VoucherDetailAdminStepsDefinitions.userSeeUpdateQuota(java.lang.String)?[0m
  ?[32mGiven ?[0m?[32mUser is on Landing page?[0m                                                                                                                                  ?[90m# demo.steps_definitions.LoginStepsDefinitions.userIsOnLandingPage()?[0m
  ?[32mWhen ?[0m?[32mUser click Login to Account button?[0m                                                                                                                        ?[90m# demo.steps_definitions.LoginStepsDefinitions.userClickLoginToAccountButton()?[0m
  ?[32mThen ?[0m?[32mUser is on DANA Deals Login page?[0m                                                                                                                          ?[90m# demo.steps_definitions.LoginStepsDefinitions.userIsOnDANADealsLoginPage()?[0m
  ?[32mWhen ?[0m?[32mUser input ?[0m?[32m?[1m"87800000000"?[0m?[32m on phone number input field on login page?[0m                                                                                        ?[90m# demo.steps_definitions.LoginStepsDefinitions.userInputOnPhoneNumberInputFieldOnLoginPage(java.lang.String)?[0m
  ?[32mAnd ?[0m?[32mUser input ?[0m?[32m?[1m"P@ssw0rd"?[0m?[32m on password input field on login page?[0m                                                                                                ?[90m# demo.steps_definitions.LoginStepsDefinitions.userInputOnPasswordInputFieldOnLoginPage(java.lang.String)?[0m
  ?[32mAnd ?[0m?[32mUser click Login button?[0m                                                                                                                                    ?[90m# demo.steps_definitions.LoginStepsDefinitions.userClickLoginButton()?[0m
  ?[32mThen ?[0m?[32mUser see message?[0m                                                                                                                                          ?[90m# demo.steps_definitions.LoginStepsDefinitions.UserSeeMessage()?[0m
  ?[32mThen ?[0m?[32mUser is on Home Admin page?[0m                                                                                                                                ?[90m# demo.steps_definitions.LoginStepsDefinitions.userIsOnHomeAdminPage()?[0m
  ?[32mWhen ?[0m?[32mUser tap Voucher ?[0m?[32m?[1m"Cassia"?[0m                                                                                                                                 ?[90m# demo.steps_definitions.VoucherDetailAdminStepsDefinitions.userTapVoucher(java.lang.String)?[0m
  ?[32mWhen ?[0m?[32mUser tap Status?[0m                                                                                                                                           ?[90m# demo.steps_definitions.VoucherDetailAdminStepsDefinitions.userTapStatus()?[0m
  ?[32mWhen ?[0m?[32mUser tap Save?[0m                                                                                                                                             ?[90m# demo.steps_definitions.VoucherDetailAdminStepsDefinitions.userTapSave()?[0m
  ?[32mThen ?[0m?[32mUser is on Home Admin page?[0m                                                                                                                                ?[90m# demo.steps_definitions.LoginStepsDefinitions.userIsOnHomeAdminPage()?[0m
  ?[32mWhen ?[0m?[32mUser tap Voucher ?[0m?[32m?[1m"Cassia"?[0m                                                                                                                                 ?[90m# demo.steps_definitions.VoucherDetailAdminStepsDefinitions.userTapVoucher(java.lang.String)?[0m
  ?[32mWhen ?[0m?[32mUser input quota ?[0m?[32m?[1m"251"?[0m                                                                                                                                    ?[90m# demo.steps_definitions.VoucherDetailAdminStepsDefinitions.userInputQuota(java.lang.String)?[0m
  ?[32mWhen ?[0m?[32mUser tap Increase?[0m                                                                                                                                         ?[90m# demo.steps_definitions.VoucherDetailAdminStepsDefinitions.userTapIncrease()?[0m
  ?[32mWhen ?[0m?[32mUser tap Save?[0m                                                                                                                                             ?[90m# demo.steps_definitions.VoucherDetailAdminStepsDefinitions.userTapSave()?[0m
  ?[32mThen ?[0m?[32mUser is on Home Admin page?[0m                                                                                                                                ?[90m# demo.steps_definitions.LoginStepsDefinitions.userIsOnHomeAdminPage()?[0m
  ?[32mWhen ?[0m?[32mUser tap Voucher ?[0m?[32m?[1m"Cassia"?[0m                                                                                                                                 ?[90m# demo.steps_definitions.VoucherDetailAdminStepsDefinitions.userTapVoucher(java.lang.String)?[0m
  ?[32mThen ?[0m?[32mUser see update status ?[0m?[32m?[1m"Active"?[0m                                                                                                                           ?[90m# demo.steps_definitions.VoucherDetailAdminStepsDefinitions.userSeeUpdateStatus(java.lang.String)?[0m
  ?[32mThen ?[0m?[32mUser see update quota ?[0m?[32m?[1m"252"?[0m                                                                                                                               ?[90m# demo.steps_definitions.VoucherDetailAdminStepsDefinitions.userSeeUpdateQuota(java.lang.String)?[0m
  ?[32mGiven ?[0m?[32mUser is on Landing page?[0m                                                                                                             ?[90m# demo.steps_definitions.LoginStepsDefinitions.userIsOnLandingPage()?[0m
  ?[32mWhen ?[0m?[32mUser click Login to Account button?[0m                                                                                                   ?[90m# demo.steps_definitions.LoginStepsDefinitions.userClickLoginToAccountButton()?[0m
  ?[32mThen ?[0m?[32mUser is on DANA Deals Login page?[0m                                                                                                     ?[90m# demo.steps_definitions.LoginStepsDefinitions.userIsOnDANADealsLoginPage()?[0m
  ?[32mWhen ?[0m?[32mUser input ?[0m?[32m?[1m"87800000000"?[0m?[32m on phone number input field on login page?[0m                                                                   ?[90m# demo.steps_definitions.LoginStepsDefinitions.userInputOnPhoneNumberInputFieldOnLoginPage(java.lang.String)?[0m
  ?[32mAnd ?[0m?[32mUser input ?[0m?[32m?[1m"P@ssw0rd"?[0m?[32m on password input field on login page?[0m                                                                           ?[90m# demo.steps_definitions.LoginStepsDefinitions.userInputOnPasswordInputFieldOnLoginPage(java.lang.String)?[0m
  ?[32mAnd ?[0m?[32mUser click Login button?[0m                                                                                                               ?[90m# demo.steps_definitions.LoginStepsDefinitions.userClickLoginButton()?[0m
  ?[32mThen ?[0m?[32mUser see message?[0m                                                                                                                     ?[90m# demo.steps_definitions.LoginStepsDefinitions.UserSeeMessage()?[0m
  ?[32mThen ?[0m?[32mUser is on Home Admin page?[0m                                                                                                           ?[90m# demo.steps_definitions.LoginStepsDefinitions.userIsOnHomeAdminPage()?[0m
  ?[32mWhen ?[0m?[32mUser tap Voucher ?[0m?[32m?[1m"Cassianvaa"?[0m                                                                                                        ?[90m# demo.steps_definitions.VoucherDetailAdminStepsDefinitions.userTapVoucher(java.lang.String)?[0m
  ?[32mWhen ?[0m?[32mUser tap Status?[0m                                                                                                                      ?[90m# demo.steps_definitions.VoucherDetailAdminStepsDefinitions.userTapStatus()?[0m
  ?[32mWhen ?[0m?[32mUser tap Save?[0m                                                                                                                        ?[90m# demo.steps_definitions.VoucherDetailAdminStepsDefinitions.userTapSave()?[0m
  ?[32mThen ?[0m?[32mUser is on Home Admin page?[0m                                                                                                           ?[90m# demo.steps_definitions.LoginStepsDefinitions.userIsOnHomeAdminPage()?[0m
  ?[32mWhen ?[0m?[32mUser tap Voucher ?[0m?[32m?[1m"Cassianvaa"?[0m                                                                                                        ?[90m# demo.steps_definitions.VoucherDetailAdminStepsDefinitions.userTapVoucher(java.lang.String)?[0m
  ?[32mWhen ?[0m?[32mUser input quota ?[0m?[32m?[1m"5"?[0m                                                                                                                 ?[90m# demo.steps_definitions.VoucherDetailAdminStepsDefinitions.userInputQuota(java.lang.String)?[0m
  ?[32mWhen ?[0m?[32mUser tap Save?[0m                                                                                                                        ?[90m# demo.steps_definitions.VoucherDetailAdminStepsDefinitions.userTapSave()?[0m
  ?[32mThen ?[0m?[32mUser is on Voucher Detail page?[0m                                                                                                       ?[90m# demo.steps_definitions.VoucherDetailAdminStepsDefinitions.userIsOnVoucherDetailPage()?[0m
  ?[32mThen ?[0m?[32mUser see update status ?[0m?[32m?[1m"Active"?[0m                                                                                                      ?[90m# demo.steps_definitions.VoucherDetailAdminStepsDefinitions.userSeeUpdateStatus(java.lang.String)?[0m
  ?[32mGiven ?[0m?[32mUser is on Landing page?[0m                                                                                               ?[90m# demo.steps_definitions.LoginStepsDefinitions.userIsOnLandingPage()?[0m
  ?[32mWhen ?[0m?[32mUser click Login to Account button?[0m                                                                                     ?[90m# demo.steps_definitions.LoginStepsDefinitions.userClickLoginToAccountButton()?[0m
  ?[32mThen ?[0m?[32mUser is on DANA Deals Login page?[0m                                                                                       ?[90m# demo.steps_definitions.LoginStepsDefinitions.userIsOnDANADealsLoginPage()?[0m
  ?[32mWhen ?[0m?[32mUser input ?[0m?[32m?[1m"87800000000"?[0m?[32m on phone number input field on login page?[0m                                                     ?[90m# demo.steps_definitions.LoginStepsDefinitions.userInputOnPhoneNumberInputFieldOnLoginPage(java.lang.String)?[0m
  ?[32mAnd ?[0m?[32mUser input ?[0m?[32m?[1m"P@ssw0rd"?[0m?[32m on password input field on login page?[0m                                                             ?[90m# demo.steps_definitions.LoginStepsDefinitions.userInputOnPasswordInputFieldOnLoginPage(java.lang.String)?[0m
  ?[32mAnd ?[0m?[32mUser click Login button?[0m                                                                                                 ?[90m# demo.steps_definitions.LoginStepsDefinitions.userClickLoginButton()?[0m
  ?[32mThen ?[0m?[32mUser see message?[0m                                                                                                       ?[90m# demo.steps_definitions.LoginStepsDefinitions.UserSeeMessage()?[0m
  ?[32mThen ?[0m?[32mUser is on Home Admin page?[0m                                                                                             ?[90m# demo.steps_definitions.LoginStepsDefinitions.userIsOnHomeAdminPage()?[0m
  ?[32mWhen ?[0m?[32mUser tap Voucher ?[0m?[32m?[1m"Cassiauoih"?[0m                                                                                          ?[90m# demo.steps_definitions.VoucherDetailAdminStepsDefinitions.userTapVoucher(java.lang.String)?[0m
  ?[32mWhen ?[0m?[32mUser tap Status?[0m                                                                                                        ?[90m# demo.steps_definitions.VoucherDetailAdminStepsDefinitions.userTapStatus()?[0m
  ?[32mWhen ?[0m?[32mUser tap Save?[0m                                                                                                          ?[90m# demo.steps_definitions.VoucherDetailAdminStepsDefinitions.userTapSave()?[0m
  ?[32mThen ?[0m?[32mUser is on Home Admin page?[0m                                                                                             ?[90m# demo.steps_definitions.LoginStepsDefinitions.userIsOnHomeAdminPage()?[0m
  ?[32mWhen ?[0m?[32mUser tap Voucher ?[0m?[32m?[1m"Cassiauoih"?[0m                                                                                          ?[90m# demo.steps_definitions.VoucherDetailAdminStepsDefinitions.userTapVoucher(java.lang.String)?[0m
  ?[32mWhen ?[0m?[32mUser input quota ?[0m?[32m?[1m"-1"?[0m                                                                                                  ?[90m# demo.steps_definitions.VoucherDetailAdminStepsDefinitions.userInputQuota(java.lang.String)?[0m
  ?[32mWhen ?[0m?[32mUser tap Save?[0m                                                                                                          ?[90m# demo.steps_definitions.VoucherDetailAdminStepsDefinitions.userTapSave()?[0m
  ?[32mThen ?[0m?[32mUser is on Voucher Detail page?[0m                                                                                         ?[90m# demo.steps_definitions.VoucherDetailAdminStepsDefinitions.userIsOnVoucherDetailPage()?[0m
  ?[32mThen ?[0m?[32mUser see update status ?[0m?[32m?[1m"Active"?[0m                                                                                        ?[90m# demo.steps_definitions.VoucherDetailAdminStepsDefinitions.userSeeUpdateStatus(java.lang.String)?[0m
  ?[32mGiven ?[0m?[32mUser is on Landing page?[0m                                                                                                    ?[90m# demo.steps_definitions.LoginStepsDefinitions.userIsOnLandingPage()?[0m
  ?[32mWhen ?[0m?[32mUser click Login to Account button?[0m                                                                                          ?[90m# demo.steps_definitions.LoginStepsDefinitions.userClickLoginToAccountButton()?[0m
  ?[32mThen ?[0m?[32mUser is on DANA Deals Login page?[0m                                                                                            ?[90m# demo.steps_definitions.LoginStepsDefinitions.userIsOnDANADealsLoginPage()?[0m
  ?[32mWhen ?[0m?[32mUser input ?[0m?[32m?[1m"87800000000"?[0m?[32m on phone number input field on login page?[0m                                                          ?[90m# demo.steps_definitions.LoginStepsDefinitions.userInputOnPhoneNumberInputFieldOnLoginPage(java.lang.String)?[0m
  ?[32mAnd ?[0m?[32mUser input ?[0m?[32m?[1m"P@ssw0rd"?[0m?[32m on password input field on login page?[0m                                                                  ?[90m# demo.steps_definitions.LoginStepsDefinitions.userInputOnPasswordInputFieldOnLoginPage(java.lang.String)?[0m
  ?[32mAnd ?[0m?[32mUser click Login button?[0m                                                                                                      ?[90m# demo.steps_definitions.LoginStepsDefinitions.userClickLoginButton()?[0m
  ?[32mThen ?[0m?[32mUser see message?[0m                                                                                                            ?[90m# demo.steps_definitions.LoginStepsDefinitions.UserSeeMessage()?[0m
  ?[32mThen ?[0m?[32mUser is on Home Admin page?[0m                                                                                                  ?[90m# demo.steps_definitions.LoginStepsDefinitions.userIsOnHomeAdminPage()?[0m
  ?[32mWhen ?[0m?[32mUser tap Voucher ?[0m?[32m?[1m"Cassiavbvwjv"?[0m                                                                                             ?[90m# demo.steps_definitions.VoucherDetailAdminStepsDefinitions.userTapVoucher(java.lang.String)?[0m
  ?[32mWhen ?[0m?[32mUser tap Status?[0m                                                                                                             ?[90m# demo.steps_definitions.VoucherDetailAdminStepsDefinitions.userTapStatus()?[0m
  ?[32mWhen ?[0m?[32mUser tap Save?[0m                                                                                                               ?[90m# demo.steps_definitions.VoucherDetailAdminStepsDefinitions.userTapSave()?[0m
  ?[32mThen ?[0m?[32mUser is on Home Admin page?[0m                                                                                                  ?[90m# demo.steps_definitions.LoginStepsDefinitions.userIsOnHomeAdminPage()?[0m
  ?[31mWhen ?[0m?[31mUser tap Voucher ?[0m?[31m?[1m"Cassiavbvwjv"?[0m                                                                                             ?[90m# demo.steps_definitions.VoucherDetailAdminStepsDefinitions.userTapVoucher(java.lang.String)?[0m
      ?[31morg.openqa.selenium.NoSuchElementException: An element could not be located on the page using the given search parameters.
For documentation on this error, please visit: https://www.seleniumhq.org/exceptions/no_such_element.html
Build info: version: '3.141.59', revision: 'e82be7d358', time: '2018-11-14T08:17:03'
System info: host: 'DNID0651L01.local', ip: 'fe80:0:0:0:10ff:ecf3:d89:4ddc%en0', os.name: 'Mac OS X', os.arch: 'x86_64', os.version: '10.15.4', java.version: '11.0.6'
Driver info: io.appium.java_client.android.AndroidDriver
Capabilities {app: /Users/sihalohoo/Desktop/DE..., appPackage: com.team.danadeals, autoGrantPermissions: true, automationName: UIAutomator2, databaseEnabled: false, desired: {app: /Users/sihalohoo/Desktop/DE..., autoGrantPermissions: true, automationName: UIAutomator2, deviceName: device, newCommandTimeout: 120, platformName: android, udid: emulator-5554}, deviceApiLevel: 23, deviceManufacturer: unknown, deviceModel: Android SDK built for x86, deviceName: emulator-5554, deviceScreenDensity: 420, deviceScreenSize: 1080x1920, deviceUDID: emulator-5554, javascriptEnabled: true, locationContextEnabled: false, networkConnectionEnabled: true, newCommandTimeout: 120, pixelRatio: 2.625, platform: LINUX, platformName: Android, platformVersion: 6.0, statBarHeight: 63, takesScreenshot: true, udid: emulator-5554, viewportRect: {height: 1731, left: 0, top: 63, width: 1080}, warnings: {}, webStorageEnabled: false}
Session ID: fd2f8618-fced-4d77-b096-16998afdf0bf
*** Element info: {Using=id, value=rv_admin}
	at java.base/jdk.internal.reflect.NativeConstructorAccessorImpl.newInstance0(Native Method)
	at java.base/jdk.internal.reflect.NativeConstructorAccessorImpl.newInstance(NativeConstructorAccessorImpl.java:62)
	at java.base/jdk.internal.reflect.DelegatingConstructorAccessorImpl.newInstance(DelegatingConstructorAccessorImpl.java:45)
	at java.base/java.lang.reflect.Constructor.newInstance(Constructor.java:490)
	at org.openqa.selenium.remote.http.W3CHttpResponseCodec.createException(W3CHttpResponseCodec.java:187)
	at org.openqa.selenium.remote.http.W3CHttpResponseCodec.decode(W3CHttpResponseCodec.java:122)
	at org.openqa.selenium.remote.http.W3CHttpResponseCodec.decode(W3CHttpResponseCodec.java:49)
	at org.openqa.selenium.remote.HttpCommandExecutor.execute(HttpCommandExecutor.java:158)
	at io.appium.java_client.remote.AppiumCommandExecutor.execute(AppiumCommandExecutor.java:239)
	at org.openqa.selenium.remote.RemoteWebDriver.execute(RemoteWebDriver.java:552)
	at io.appium.java_client.DefaultGenericMobileDriver.execute(DefaultGenericMobileDriver.java:41)
	at io.appium.java_client.AppiumDriver.execute(AppiumDriver.java:1)
	at io.appium.java_client.android.AndroidDriver.execute(AndroidDriver.java:1)
	at org.openqa.selenium.remote.RemoteWebDriver.findElement(RemoteWebDriver.java:323)
	at io.appium.java_client.DefaultGenericMobileDriver.findElement(DefaultGenericMobileDriver.java:61)
	at io.appium.java_client.AppiumDriver.findElement(AppiumDriver.java:1)
	at io.appium.java_client.android.AndroidDriver.findElement(AndroidDriver.java:1)
	at org.openqa.selenium.remote.RemoteWebDriver.findElementById(RemoteWebDriver.java:372)
	at io.appium.java_client.DefaultGenericMobileDriver.findElementById(DefaultGenericMobileDriver.java:69)
	at io.appium.java_client.AppiumDriver.findElementById(AppiumDriver.java:1)
	at io.appium.java_client.android.AndroidDriver.findElementById(AndroidDriver.java:1)
	at org.openqa.selenium.By$ById.findElement(By.java:188)
	at org.openqa.selenium.remote.RemoteWebDriver.findElement(RemoteWebDriver.java:315)
	at io.appium.java_client.DefaultGenericMobileDriver.findElement(DefaultGenericMobileDriver.java:57)
	at io.appium.java_client.AppiumDriver.findElement(AppiumDriver.java:1)
	at io.appium.java_client.android.AndroidDriver.findElement(AndroidDriver.java:1)
	at demo.pages.admin.HomeAdminPage.scrollDown(HomeAdminPage.java:66)
	at demo.pages.admin.HomeAdminPage.tapVoucher(HomeAdminPage.java:55)
	at demo.steps_definitions.VoucherDetailAdminStepsDefinitions.userTapVoucher(VoucherDetailAdminStepsDefinitions.java:66)
	at ✽.User tap Voucher "Cassiavbvwjv"(file:///Users/sihalohoo/Desktop/DEBRIEF%202/DANADealsTESTING/src/test/resources/features/admin/VoucherDetail.feature:603)
?[0m
  ?[36mWhen ?[0m?[36mUser input quota ?[0m?[36m?[1m"1.5"?[0m                                                                                                      ?[90m# demo.steps_definitions.VoucherDetailAdminStepsDefinitions.userInputQuota(java.lang.String)?[0m
  ?[36mWhen ?[0m?[36mUser tap Save?[0m                                                                                                               ?[90m# demo.steps_definitions.VoucherDetailAdminStepsDefinitions.userTapSave()?[0m
  ?[36mThen ?[0m?[36mUser is on Voucher Detail page?[0m                                                                                              ?[90m# demo.steps_definitions.VoucherDetailAdminStepsDefinitions.userIsOnVoucherDetailPage()?[0m
  ?[36mThen ?[0m?[36mUser see update status ?[0m?[36m?[1m"Active"?[0m                                                                                             ?[90m# demo.steps_definitions.VoucherDetailAdminStepsDefinitions.userSeeUpdateStatus(java.lang.String)?[0m

    Embedding null [image/png 36388 bytes]


    Scenario Fail

  ?[32mGiven ?[0m?[32mUser is on Landing page?[0m                                                                                                     ?[90m# demo.steps_definitions.LoginStepsDefinitions.userIsOnLandingPage()?[0m
  ?[32mWhen ?[0m?[32mUser click Login to Account button?[0m                                                                                           ?[90m# demo.steps_definitions.LoginStepsDefinitions.userClickLoginToAccountButton()?[0m
  ?[32mThen ?[0m?[32mUser is on DANA Deals Login page?[0m                                                                                             ?[90m# demo.steps_definitions.LoginStepsDefinitions.userIsOnDANADealsLoginPage()?[0m
  ?[32mWhen ?[0m?[32mUser input ?[0m?[32m?[1m"87800000000"?[0m?[32m on phone number input field on login page?[0m                                                           ?[90m# demo.steps_definitions.LoginStepsDefinitions.userInputOnPhoneNumberInputFieldOnLoginPage(java.lang.String)?[0m
  ?[32mAnd ?[0m?[32mUser input ?[0m?[32m?[1m"P@ssw0rd"?[0m?[32m on password input field on login page?[0m                                                                   ?[90m# demo.steps_definitions.LoginStepsDefinitions.userInputOnPasswordInputFieldOnLoginPage(java.lang.String)?[0m
  ?[32mAnd ?[0m?[32mUser click Login button?[0m                                                                                                       ?[90m# demo.steps_definitions.LoginStepsDefinitions.userClickLoginButton()?[0m
  ?[32mThen ?[0m?[32mUser see message?[0m                                                                                                             ?[90m# demo.steps_definitions.LoginStepsDefinitions.UserSeeMessage()?[0m
  ?[32mThen ?[0m?[32mUser is on Home Admin page?[0m                                                                                                   ?[90m# demo.steps_definitions.LoginStepsDefinitions.userIsOnHomeAdminPage()?[0m
  ?[32mWhen ?[0m?[32mUser tap Voucher ?[0m?[32m?[1m"Celery Saltrv"?[0m                                                                                             ?[90m# demo.steps_definitions.VoucherDetailAdminStepsDefinitions.userTapVoucher(java.lang.String)?[0m
  ?[32mWhen ?[0m?[32mUser tap Status?[0m                                                                                                              ?[90m# demo.steps_definitions.VoucherDetailAdminStepsDefinitions.userTapStatus()?[0m
  ?[32mWhen ?[0m?[32mUser tap Save?[0m                                                                                                                ?[90m# demo.steps_definitions.VoucherDetailAdminStepsDefinitions.userTapSave()?[0m
  ?[32mThen ?[0m?[32mUser is on Home Admin page?[0m                                                                                                   ?[90m# demo.steps_definitions.LoginStepsDefinitions.userIsOnHomeAdminPage()?[0m
  ?[31mWhen ?[0m?[31mUser tap Voucher ?[0m?[31m?[1m"Celery Saltrv"?[0m                                                                                             ?[90m# demo.steps_definitions.VoucherDetailAdminStepsDefinitions.userTapVoucher(java.lang.String)?[0m
      ?[31morg.openqa.selenium.NoSuchElementException: An element could not be located on the page using the given search parameters.
For documentation on this error, please visit: https://www.seleniumhq.org/exceptions/no_such_element.html
Build info: version: '3.141.59', revision: 'e82be7d358', time: '2018-11-14T08:17:03'
System info: host: 'DNID0651L01.local', ip: 'fe80:0:0:0:10ff:ecf3:d89:4ddc%en0', os.name: 'Mac OS X', os.arch: 'x86_64', os.version: '10.15.4', java.version: '11.0.6'
Driver info: io.appium.java_client.android.AndroidDriver
Capabilities {app: /Users/sihalohoo/Desktop/DE..., appPackage: com.team.danadeals, autoGrantPermissions: true, automationName: UIAutomator2, databaseEnabled: false, desired: {app: /Users/sihalohoo/Desktop/DE..., autoGrantPermissions: true, automationName: UIAutomator2, deviceName: device, newCommandTimeout: 120, platformName: android, udid: emulator-5554}, deviceApiLevel: 23, deviceManufacturer: unknown, deviceModel: Android SDK built for x86, deviceName: emulator-5554, deviceScreenDensity: 420, deviceScreenSize: 1080x1920, deviceUDID: emulator-5554, javascriptEnabled: true, locationContextEnabled: false, networkConnectionEnabled: true, newCommandTimeout: 120, pixelRatio: 2.625, platform: LINUX, platformName: Android, platformVersion: 6.0, statBarHeight: 63, takesScreenshot: true, udid: emulator-5554, viewportRect: {height: 1731, left: 0, top: 63, width: 1080}, warnings: {}, webStorageEnabled: false}
Session ID: 0f7f5f42-34dd-4110-b179-0c9be123381d
*** Element info: {Using=id, value=rv_admin}
	at java.base/jdk.internal.reflect.NativeConstructorAccessorImpl.newInstance0(Native Method)
	at java.base/jdk.internal.reflect.NativeConstructorAccessorImpl.newInstance(NativeConstructorAccessorImpl.java:62)
	at java.base/jdk.internal.reflect.DelegatingConstructorAccessorImpl.newInstance(DelegatingConstructorAccessorImpl.java:45)
	at java.base/java.lang.reflect.Constructor.newInstance(Constructor.java:490)
	at org.openqa.selenium.remote.http.W3CHttpResponseCodec.createException(W3CHttpResponseCodec.java:187)
	at org.openqa.selenium.remote.http.W3CHttpResponseCodec.decode(W3CHttpResponseCodec.java:122)
	at org.openqa.selenium.remote.http.W3CHttpResponseCodec.decode(W3CHttpResponseCodec.java:49)
	at org.openqa.selenium.remote.HttpCommandExecutor.execute(HttpCommandExecutor.java:158)
	at io.appium.java_client.remote.AppiumCommandExecutor.execute(AppiumCommandExecutor.java:239)
	at org.openqa.selenium.remote.RemoteWebDriver.execute(RemoteWebDriver.java:552)
	at io.appium.java_client.DefaultGenericMobileDriver.execute(DefaultGenericMobileDriver.java:41)
	at io.appium.java_client.AppiumDriver.execute(AppiumDriver.java:1)
	at io.appium.java_client.android.AndroidDriver.execute(AndroidDriver.java:1)
	at org.openqa.selenium.remote.RemoteWebDriver.findElement(RemoteWebDriver.java:323)
	at io.appium.java_client.DefaultGenericMobileDriver.findElement(DefaultGenericMobileDriver.java:61)
	at io.appium.java_client.AppiumDriver.findElement(AppiumDriver.java:1)
	at io.appium.java_client.android.AndroidDriver.findElement(AndroidDriver.java:1)
	at org.openqa.selenium.remote.RemoteWebDriver.findElementById(RemoteWebDriver.java:372)
	at io.appium.java_client.DefaultGenericMobileDriver.findElementById(DefaultGenericMobileDriver.java:69)
	at io.appium.java_client.AppiumDriver.findElementById(AppiumDriver.java:1)
	at io.appium.java_client.android.AndroidDriver.findElementById(AndroidDriver.java:1)
	at org.openqa.selenium.By$ById.findElement(By.java:188)
	at org.openqa.selenium.remote.RemoteWebDriver.findElement(RemoteWebDriver.java:315)
	at io.appium.java_client.DefaultGenericMobileDriver.findElement(DefaultGenericMobileDriver.java:57)
	at io.appium.java_client.AppiumDriver.findElement(AppiumDriver.java:1)
	at io.appium.java_client.android.AndroidDriver.findElement(AndroidDriver.java:1)
	at demo.pages.admin.HomeAdminPage.scrollDown(HomeAdminPage.java:66)
	at demo.pages.admin.HomeAdminPage.tapVoucher(HomeAdminPage.java:55)
	at demo.steps_definitions.VoucherDetailAdminStepsDefinitions.userTapVoucher(VoucherDetailAdminStepsDefinitions.java:66)
	at ✽.User tap Voucher "Celery Saltrv"(file:///Users/sihalohoo/Desktop/DEBRIEF%202/DANADealsTESTING/src/test/resources/features/admin/VoucherDetail.feature:615)
?[0m
  ?[36mWhen ?[0m?[36mUser input quota ?[0m?[36m?[1m"1/2"?[0m                                                                                                       ?[90m# demo.steps_definitions.VoucherDetailAdminStepsDefinitions.userInputQuota(java.lang.String)?[0m
  ?[36mWhen ?[0m?[36mUser tap Save?[0m                                                                                                                ?[90m# demo.steps_definitions.VoucherDetailAdminStepsDefinitions.userTapSave()?[0m
  ?[36mThen ?[0m?[36mUser is on Voucher Detail page?[0m                                                                                               ?[90m# demo.steps_definitions.VoucherDetailAdminStepsDefinitions.userIsOnVoucherDetailPage()?[0m
  ?[36mThen ?[0m?[36mUser see update status ?[0m?[36m?[1m"Active"?[0m                                                                                              ?[90m# demo.steps_definitions.VoucherDetailAdminStepsDefinitions.userSeeUpdateStatus(java.lang.String)?[0m

    Embedding null [image/png 36556 bytes]


    Scenario Fail

  ?[32mGiven ?[0m?[32mUser is on Landing page?[0m                                                                                                                                          ?[90m# demo.steps_definitions.LoginStepsDefinitions.userIsOnLandingPage()?[0m
  ?[32mWhen ?[0m?[32mUser click Login to Account button?[0m                                                                                                                                ?[90m# demo.steps_definitions.LoginStepsDefinitions.userClickLoginToAccountButton()?[0m
  ?[32mThen ?[0m?[32mUser is on DANA Deals Login page?[0m                                                                                                                                  ?[90m# demo.steps_definitions.LoginStepsDefinitions.userIsOnDANADealsLoginPage()?[0m
  ?[32mWhen ?[0m?[32mUser input ?[0m?[32m?[1m"87800000000"?[0m?[32m on phone number input field on login page?[0m                                                                                                ?[90m# demo.steps_definitions.LoginStepsDefinitions.userInputOnPhoneNumberInputFieldOnLoginPage(java.lang.String)?[0m
  ?[32mAnd ?[0m?[32mUser input ?[0m?[32m?[1m"P@ssw0rd"?[0m?[32m on password input field on login page?[0m                                                                                                        ?[90m# demo.steps_definitions.LoginStepsDefinitions.userInputOnPasswordInputFieldOnLoginPage(java.lang.String)?[0m
  ?[32mAnd ?[0m?[32mUser click Login button?[0m                                                                                                                                            ?[90m# demo.steps_definitions.LoginStepsDefinitions.userClickLoginButton()?[0m
  ?[32mThen ?[0m?[32mUser see message?[0m                                                                                                                                                  ?[90m# demo.steps_definitions.LoginStepsDefinitions.UserSeeMessage()?[0m
  ?[31mThen ?[0m?[31mUser is on Home Admin page?[0m                                                                                                                                        ?[90m# demo.steps_definitions.LoginStepsDefinitions.userIsOnHomeAdminPage()?[0m
      ?[31morg.openqa.selenium.TimeoutException: Expected condition failed: waiting for presence of element located by: By.id: et_search (tried for 30 second(s) with 500 milliseconds interval)
	at org.openqa.selenium.support.ui.WebDriverWait.timeoutException(WebDriverWait.java:95)
	at org.openqa.selenium.support.ui.FluentWait.until(FluentWait.java:272)
	at demo.utils.ActionUtils.waitElement(ActionUtils.java:15)
	at demo.pages.admin.HomeAdminPage.isOnPage(HomeAdminPage.java:21)
	at demo.steps_definitions.LoginStepsDefinitions.userIsOnHomeAdminPage(LoginStepsDefinitions.java:59)
	at ✽.User is on Home Admin page(file:///Users/sihalohoo/Desktop/DEBRIEF%202/DANADealsTESTING/src/test/resources/features/admin/VoucherDetail.feature:13)
Caused by: org.openqa.selenium.NoSuchElementException: An element could not be located on the page using the given search parameters.
For documentation on this error, please visit: https://www.seleniumhq.org/exceptions/no_such_element.html
Build info: version: '3.141.59', revision: 'e82be7d358', time: '2018-11-14T08:17:03'
System info: host: 'DNID0651L01.local', ip: 'fe80:0:0:0:10ff:ecf3:d89:4ddc%en0', os.name: 'Mac OS X', os.arch: 'x86_64', os.version: '10.15.4', java.version: '11.0.6'
Driver info: io.appium.java_client.android.AndroidDriver
Capabilities {app: /Users/sihalohoo/Desktop/DE..., appPackage: com.team.danadeals, autoGrantPermissions: true, automationName: UIAutomator2, databaseEnabled: false, desired: {app: /Users/sihalohoo/Desktop/DE..., autoGrantPermissions: true, automationName: UIAutomator2, deviceName: device, newCommandTimeout: 120, platformName: android, udid: emulator-5554}, deviceApiLevel: 23, deviceManufacturer: unknown, deviceModel: Android SDK built for x86, deviceName: emulator-5554, deviceScreenDensity: 420, deviceScreenSize: 1080x1920, deviceUDID: emulator-5554, javascriptEnabled: true, locationContextEnabled: false, networkConnectionEnabled: true, newCommandTimeout: 120, pixelRatio: 2.625, platform: LINUX, platformName: Android, platformVersion: 6.0, statBarHeight: 63, takesScreenshot: true, udid: emulator-5554, viewportRect: {height: 1731, left: 0, top: 63, width: 1080}, warnings: {}, webStorageEnabled: false}
Session ID: bebbc9e1-674f-4059-89cd-1cc621dcbc37
*** Element info: {Using=id, value=et_search}
	at java.base/jdk.internal.reflect.NativeConstructorAccessorImpl.newInstance0(Native Method)
	at java.base/jdk.internal.reflect.NativeConstructorAccessorImpl.newInstance(NativeConstructorAccessorImpl.java:62)
	at java.base/jdk.internal.reflect.DelegatingConstructorAccessorImpl.newInstance(DelegatingConstructorAccessorImpl.java:45)
	at java.base/java.lang.reflect.Constructor.newInstance(Constructor.java:490)
	at org.openqa.selenium.remote.http.W3CHttpResponseCodec.createException(W3CHttpResponseCodec.java:187)
	at org.openqa.selenium.remote.http.W3CHttpResponseCodec.decode(W3CHttpResponseCodec.java:122)
	at org.openqa.selenium.remote.http.W3CHttpResponseCodec.decode(W3CHttpResponseCodec.java:49)
	at org.openqa.selenium.remote.HttpCommandExecutor.execute(HttpCommandExecutor.java:158)
	at io.appium.java_client.remote.AppiumCommandExecutor.execute(AppiumCommandExecutor.java:239)
	at org.openqa.selenium.remote.RemoteWebDriver.execute(RemoteWebDriver.java:552)
	at io.appium.java_client.DefaultGenericMobileDriver.execute(DefaultGenericMobileDriver.java:41)
	at io.appium.java_client.AppiumDriver.execute(AppiumDriver.java:1)
	at io.appium.java_client.android.AndroidDriver.execute(AndroidDriver.java:1)
	at org.openqa.selenium.remote.RemoteWebDriver.findElement(RemoteWebDriver.java:323)
	at io.appium.java_client.DefaultGenericMobileDriver.findElement(DefaultGenericMobileDriver.java:61)
	at io.appium.java_client.AppiumDriver.findElement(AppiumDriver.java:1)
	at io.appium.java_client.android.AndroidDriver.findElement(AndroidDriver.java:1)
	at org.openqa.selenium.remote.RemoteWebDriver.findElementById(RemoteWebDriver.java:372)
	at io.appium.java_client.DefaultGenericMobileDriver.findElementById(DefaultGenericMobileDriver.java:69)
	at io.appium.java_client.AppiumDriver.findElementById(AppiumDriver.java:1)
	at io.appium.java_client.android.AndroidDriver.findElementById(AndroidDriver.java:1)
	at org.openqa.selenium.By$ById.findElement(By.java:188)
	at org.openqa.selenium.remote.RemoteWebDriver.findElement(RemoteWebDriver.java:315)
	at io.appium.java_client.DefaultGenericMobileDriver.findElement(DefaultGenericMobileDriver.java:57)
	at io.appium.java_client.AppiumDriver.findElement(AppiumDriver.java:1)
	at io.appium.java_client.android.AndroidDriver.findElement(AndroidDriver.java:1)
	at org.openqa.selenium.support.ui.ExpectedConditions$6.apply(ExpectedConditions.java:182)
	at org.openqa.selenium.support.ui.ExpectedConditions$6.apply(ExpectedConditions.java:179)
	at org.openqa.selenium.support.ui.FluentWait.until(FluentWait.java:249)
	at demo.utils.ActionUtils.waitElement(ActionUtils.java:15)
	at demo.pages.admin.HomeAdminPage.isOnPage(HomeAdminPage.java:21)
	at demo.steps_definitions.LoginStepsDefinitions.userIsOnHomeAdminPage(LoginStepsDefinitions.java:59)
	at jdk.internal.reflect.GeneratedMethodAccessor6.invoke(Unknown Source)
	at java.base/jdk.internal.reflect.DelegatingMethodAccessorImpl.invoke(DelegatingMethodAccessorImpl.java:43)
	at java.base/java.lang.reflect.Method.invoke(Method.java:566)
	at io.cucumber.java.Invoker.invoke(Invoker.java:27)
	at io.cucumber.java.JavaStepDefinition.execute(JavaStepDefinition.java:27)
	at io.cucumber.core.runner.PickleStepDefinitionMatch.runStep(PickleStepDefinitionMatch.java:63)
	at io.cucumber.core.runner.TestStep.executeStep(TestStep.java:64)
	at io.cucumber.core.runner.TestStep.run(TestStep.java:49)
	at io.cucumber.core.runner.PickleStepTestStep.run(PickleStepTestStep.java:46)
	at io.cucumber.core.runner.TestCase.run(TestCase.java:51)
	at io.cucumber.core.runner.Runner.runPickle(Runner.java:67)
	at io.cucumber.junit.PickleRunners$WithStepDescriptions.run(PickleRunners.java:100)
	at io.cucumber.junit.FeatureRunner.runChild(FeatureRunner.java:83)
	at io.cucumber.junit.FeatureRunner.runChild(FeatureRunner.java:24)
	at org.junit.runners.ParentRunner$4.run(ParentRunner.java:331)
	at org.junit.runners.ParentRunner$1.schedule(ParentRunner.java:79)
	at org.junit.runners.ParentRunner.runChildren(ParentRunner.java:329)
	at org.junit.runners.ParentRunner.access$100(ParentRunner.java:66)
	at org.junit.runners.ParentRunner$2.evaluate(ParentRunner.java:293)
	at org.junit.runners.ParentRunner$3.evaluate(ParentRunner.java:306)
	at org.junit.runners.ParentRunner.run(ParentRunner.java:413)
	at io.cucumber.junit.Cucumber.runChild(Cucumber.java:185)
	at io.cucumber.junit.Cucumber.runChild(Cucumber.java:83)
	at org.junit.runners.ParentRunner$4.run(ParentRunner.java:331)
	at org.junit.runners.ParentRunner$1.schedule(ParentRunner.java:79)
	at org.junit.runners.ParentRunner.runChildren(ParentRunner.java:329)
	at org.junit.runners.ParentRunner.access$100(ParentRunner.java:66)
	at org.junit.runners.ParentRunner$2.evaluate(ParentRunner.java:293)
	at io.cucumber.junit.Cucumber$RunCucumber.evaluate(Cucumber.java:219)
	at org.junit.runners.ParentRunner$3.evaluate(ParentRunner.java:306)
	at org.junit.runners.ParentRunner.run(ParentRunner.java:413)
	at org.gradle.api.internal.tasks.testing.junit.JUnitTestClassExecutor.runTestClass(JUnitTestClassExecutor.java:110)
	at org.gradle.api.internal.tasks.testing.junit.JUnitTestClassExecutor.execute(JUnitTestClassExecutor.java:58)
	at org.gradle.api.internal.tasks.testing.junit.JUnitTestClassExecutor.execute(JUnitTestClassExecutor.java:38)
	at org.gradle.api.internal.tasks.testing.junit.AbstractJUnitTestClassProcessor.processTestClass(AbstractJUnitTestClassProcessor.java:62)
	at org.gradle.api.internal.tasks.testing.SuiteTestClassProcessor.processTestClass(SuiteTestClassProcessor.java:51)
	at java.base/jdk.internal.reflect.NativeMethodAccessorImpl.invoke0(Native Method)
	at java.base/jdk.internal.reflect.NativeMethodAccessorImpl.invoke(NativeMethodAccessorImpl.java:62)
	at java.base/jdk.internal.reflect.DelegatingMethodAccessorImpl.invoke(DelegatingMethodAccessorImpl.java:43)
	at java.base/java.lang.reflect.Method.invoke(Method.java:566)
	at org.gradle.internal.dispatch.ReflectionDispatch.dispatch(ReflectionDispatch.java:36)
	at org.gradle.internal.dispatch.ReflectionDispatch.dispatch(ReflectionDispatch.java:24)
	at org.gradle.internal.dispatch.ContextClassLoaderDispatch.dispatch(ContextClassLoaderDispatch.java:33)
	at org.gradle.internal.dispatch.ProxyDispatchAdapter$DispatchingInvocationHandler.invoke(ProxyDispatchAdapter.java:94)
	at com.sun.proxy.$Proxy2.processTestClass(Unknown Source)
	at org.gradle.api.internal.tasks.testing.worker.TestWorker.processTestClass(TestWorker.java:118)
	at java.base/jdk.internal.reflect.NativeMethodAccessorImpl.invoke0(Native Method)
	at java.base/jdk.internal.reflect.NativeMethodAccessorImpl.invoke(NativeMethodAccessorImpl.java:62)
	at java.base/jdk.internal.reflect.DelegatingMethodAccessorImpl.invoke(DelegatingMethodAccessorImpl.java:43)
	at java.base/java.lang.reflect.Method.invoke(Method.java:566)
	at org.gradle.internal.dispatch.ReflectionDispatch.dispatch(ReflectionDispatch.java:36)
	at org.gradle.internal.dispatch.ReflectionDispatch.dispatch(ReflectionDispatch.java:24)
	at org.gradle.internal.remote.internal.hub.MessageHubBackedObjectConnection$DispatchWrapper.dispatch(MessageHubBackedObjectConnection.java:182)
	at org.gradle.internal.remote.internal.hub.MessageHubBackedObjectConnection$DispatchWrapper.dispatch(MessageHubBackedObjectConnection.java:164)
	at org.gradle.internal.remote.internal.hub.MessageHub$Handler.run(MessageHub.java:412)
	at org.gradle.internal.concurrent.ExecutorPolicy$CatchAndRecordFailures.onExecute(ExecutorPolicy.java:64)
	at org.gradle.internal.concurrent.ManagedExecutorImpl$1.run(ManagedExecutorImpl.java:48)
	at java.base/java.util.concurrent.ThreadPoolExecutor.runWorker(ThreadPoolExecutor.java:1128)
	at java.base/java.util.concurrent.ThreadPoolExecutor$Worker.run(ThreadPoolExecutor.java:628)
	at org.gradle.internal.concurrent.ThreadFactoryImpl$ManagedThreadRunnable.run(ThreadFactoryImpl.java:56)
	at java.base/java.lang.Thread.run(Thread.java:834)
?[0m
  ?[36mWhen ?[0m?[36mUser tap Voucher ?[0m?[36m?[1m"Cheqweiriiriioi"?[0m                                                                                                                                ?[90m# demo.steps_definitions.VoucherDetailAdminStepsDefinitions.userTapVoucher(java.lang.String)?[0m
  ?[36mWhen ?[0m?[36mUser tap Status?[0m                                                                                                                                                   ?[90m# demo.steps_definitions.VoucherDetailAdminStepsDefinitions.userTapStatus()?[0m
  ?[36mWhen ?[0m?[36mUser tap Save?[0m                                                                                                                                                     ?[90m# demo.steps_definitions.VoucherDetailAdminStepsDefinitions.userTapSave()?[0m
  ?[36mThen ?[0m?[36mUser is on Home Admin page?[0m                                                                                                                                        ?[90m# demo.steps_definitions.LoginStepsDefinitions.userIsOnHomeAdminPage()?[0m
  ?[36mWhen ?[0m?[36mUser tap Voucher ?[0m?[36m?[1m"Cheqweiriiriioi"?[0m                                                                                                                                ?[90m# demo.steps_definitions.VoucherDetailAdminStepsDefinitions.userTapVoucher(java.lang.String)?[0m
  ?[36mWhen ?[0m?[36mUser input quota ?[0m?[36m?[1m"1001"?[0m                                                                                                                                           ?[90m# demo.steps_definitions.VoucherDetailAdminStepsDefinitions.userInputQuota(java.lang.String)?[0m
  ?[36mWhen ?[0m?[36mUser tap Save?[0m                                                                                                                                                     ?[90m# demo.steps_definitions.VoucherDetailAdminStepsDefinitions.userTapSave()?[0m
  ?[36mThen ?[0m?[36mUser see message?[0m                                                                                                                                                  ?[90m# demo.steps_definitions.LoginStepsDefinitions.UserSeeMessage()?[0m
  ?[36mThen ?[0m?[36mUser is on Voucher Detail page?[0m                                                                                                                                    ?[90m# demo.steps_definitions.VoucherDetailAdminStepsDefinitions.userIsOnVoucherDetailPage()?[0m
  ?[36mThen ?[0m?[36mUser see update status ?[0m?[36m?[1m"Active"?[0m                                                                                                                                   ?[90m# demo.steps_definitions.VoucherDetailAdminStepsDefinitions.userSeeUpdateStatus(java.lang.String)?[0m

    Embedding null [image/png 48195 bytes]


    Scenario Fail

  ?[32mGiven ?[0m?[32mUser is on Landing page?[0m                                                                                              ?[90m# demo.steps_definitions.LoginStepsDefinitions.userIsOnLandingPage()?[0m
  ?[32mWhen ?[0m?[32mUser click Login to Account button?[0m                                                                                    ?[90m# demo.steps_definitions.LoginStepsDefinitions.userClickLoginToAccountButton()?[0m
  ?[32mThen ?[0m?[32mUser is on DANA Deals Login page?[0m                                                                                      ?[90m# demo.steps_definitions.LoginStepsDefinitions.userIsOnDANADealsLoginPage()?[0m
  ?[32mWhen ?[0m?[32mUser input ?[0m?[32m?[1m"87800000000"?[0m?[32m on phone number input field on login page?[0m                                                    ?[90m# demo.steps_definitions.LoginStepsDefinitions.userInputOnPhoneNumberInputFieldOnLoginPage(java.lang.String)?[0m
  ?[32mAnd ?[0m?[32mUser input ?[0m?[32m?[1m"P@ssw0rd"?[0m?[32m on password input field on login page?[0m                                                            ?[90m# demo.steps_definitions.LoginStepsDefinitions.userInputOnPasswordInputFieldOnLoginPage(java.lang.String)?[0m
  ?[32mAnd ?[0m?[32mUser click Login button?[0m                                                                                                ?[90m# demo.steps_definitions.LoginStepsDefinitions.userClickLoginButton()?[0m
  ?[31mThen ?[0m?[31mUser see message?[0m                                                                                                      ?[90m# demo.steps_definitions.LoginStepsDefinitions.UserSeeMessage()?[0m
      ?[31morg.openqa.selenium.NoSuchElementException: An element could not be located on the page using the given search parameters.
For documentation on this error, please visit: https://www.seleniumhq.org/exceptions/no_such_element.html
Build info: version: '3.141.59', revision: 'e82be7d358', time: '2018-11-14T08:17:03'
System info: host: 'DNID0651L01.local', ip: 'fe80:0:0:0:10ff:ecf3:d89:4ddc%en0', os.name: 'Mac OS X', os.arch: 'x86_64', os.version: '10.15.4', java.version: '11.0.6'
Driver info: io.appium.java_client.android.AndroidDriver
Capabilities {app: /Users/sihalohoo/Desktop/DE..., appPackage: com.team.danadeals, autoGrantPermissions: true, automationName: UIAutomator2, databaseEnabled: false, desired: {app: /Users/sihalohoo/Desktop/DE..., autoGrantPermissions: true, automationName: UIAutomator2, deviceName: device, newCommandTimeout: 120, platformName: android, udid: emulator-5554}, deviceApiLevel: 23, deviceManufacturer: unknown, deviceModel: Android SDK built for x86, deviceName: emulator-5554, deviceScreenDensity: 420, deviceScreenSize: 1080x1920, deviceUDID: emulator-5554, javascriptEnabled: true, locationContextEnabled: false, networkConnectionEnabled: true, newCommandTimeout: 120, pixelRatio: 2.625, platform: LINUX, platformName: Android, platformVersion: 6.0, statBarHeight: 63, takesScreenshot: true, udid: emulator-5554, viewportRect: {height: 1731, left: 0, top: 63, width: 1080}, warnings: {}, webStorageEnabled: false}
Session ID: 3b574cb1-bb8a-4afc-9590-ca46e38e2825
*** Element info: {Using=xpath, value=//android.widget.Toast[1]}
	at java.base/jdk.internal.reflect.NativeConstructorAccessorImpl.newInstance0(Native Method)
	at java.base/jdk.internal.reflect.NativeConstructorAccessorImpl.newInstance(NativeConstructorAccessorImpl.java:62)
	at java.base/jdk.internal.reflect.DelegatingConstructorAccessorImpl.newInstance(DelegatingConstructorAccessorImpl.java:45)
	at java.base/java.lang.reflect.Constructor.newInstance(Constructor.java:490)
	at org.openqa.selenium.remote.http.W3CHttpResponseCodec.createException(W3CHttpResponseCodec.java:187)
	at org.openqa.selenium.remote.http.W3CHttpResponseCodec.decode(W3CHttpResponseCodec.java:122)
	at org.openqa.selenium.remote.http.W3CHttpResponseCodec.decode(W3CHttpResponseCodec.java:49)
	at org.openqa.selenium.remote.HttpCommandExecutor.execute(HttpCommandExecutor.java:158)
	at io.appium.java_client.remote.AppiumCommandExecutor.execute(AppiumCommandExecutor.java:239)
	at org.openqa.selenium.remote.RemoteWebDriver.execute(RemoteWebDriver.java:552)
	at io.appium.java_client.DefaultGenericMobileDriver.execute(DefaultGenericMobileDriver.java:41)
	at io.appium.java_client.AppiumDriver.execute(AppiumDriver.java:1)
	at io.appium.java_client.android.AndroidDriver.execute(AndroidDriver.java:1)
	at org.openqa.selenium.remote.RemoteWebDriver.findElement(RemoteWebDriver.java:323)
	at io.appium.java_client.DefaultGenericMobileDriver.findElement(DefaultGenericMobileDriver.java:61)
	at io.appium.java_client.AppiumDriver.findElement(AppiumDriver.java:1)
	at io.appium.java_client.android.AndroidDriver.findElement(AndroidDriver.java:1)
	at org.openqa.selenium.remote.RemoteWebDriver.findElementByXPath(RemoteWebDriver.java:428)
	at io.appium.java_client.DefaultGenericMobileDriver.findElementByXPath(DefaultGenericMobileDriver.java:151)
	at io.appium.java_client.AppiumDriver.findElementByXPath(AppiumDriver.java:1)
	at io.appium.java_client.android.AndroidDriver.findElementByXPath(AndroidDriver.java:1)
	at org.openqa.selenium.By$ByXPath.findElement(By.java:353)
	at org.openqa.selenium.remote.RemoteWebDriver.findElement(RemoteWebDriver.java:315)
	at io.appium.java_client.DefaultGenericMobileDriver.findElement(DefaultGenericMobileDriver.java:57)
	at io.appium.java_client.AppiumDriver.findElement(AppiumDriver.java:1)
	at io.appium.java_client.android.AndroidDriver.findElement(AndroidDriver.java:1)
	at demo.pages.LoginPage.seeMessage(LoginPage.java:31)
	at demo.steps_definitions.LoginStepsDefinitions.UserSeeMessage(LoginStepsDefinitions.java:101)
	at ✽.User see message(file:///Users/sihalohoo/Desktop/DEBRIEF%202/DANADealsTESTING/src/test/resources/features/admin/VoucherDetail.feature:12)
?[0m
  ?[36mThen ?[0m?[36mUser is on Home Admin page?[0m                                                                                            ?[90m# demo.steps_definitions.LoginStepsDefinitions.userIsOnHomeAdminPage()?[0m
  ?[36mWhen ?[0m?[36mUser tap Voucher ?[0m?[36m?[1m"Clear Small paket"?[0m                                                                                  ?[90m# demo.steps_definitions.VoucherDetailAdminStepsDefinitions.userTapVoucher(java.lang.String)?[0m
  ?[36mWhen ?[0m?[36mUser tap Status?[0m                                                                                                       ?[90m# demo.steps_definitions.VoucherDetailAdminStepsDefinitions.userTapStatus()?[0m
  ?[36mWhen ?[0m?[36mUser tap Save?[0m                                                                                                         ?[90m# demo.steps_definitions.VoucherDetailAdminStepsDefinitions.userTapSave()?[0m
  ?[36mThen ?[0m?[36mUser is on Home Admin page?[0m                                                                                            ?[90m# demo.steps_definitions.LoginStepsDefinitions.userIsOnHomeAdminPage()?[0m
  ?[36mWhen ?[0m?[36mUser tap Voucher ?[0m?[36m?[1m"Clear Small paket"?[0m                                                                                  ?[90m# demo.steps_definitions.VoucherDetailAdminStepsDefinitions.userTapVoucher(java.lang.String)?[0m
  ?[36mWhen ?[0m?[36mUser input quota ?[0m?[36m?[1m"abc"?[0m                                                                                                ?[90m# demo.steps_definitions.VoucherDetailAdminStepsDefinitions.userInputQuota(java.lang.String)?[0m
  ?[36mWhen ?[0m?[36mUser tap Save?[0m                                                                                                         ?[90m# demo.steps_definitions.VoucherDetailAdminStepsDefinitions.userTapSave()?[0m
  ?[36mThen ?[0m?[36mUser is on Voucher Detail page?[0m                                                                                        ?[90m# demo.steps_definitions.VoucherDetailAdminStepsDefinitions.userIsOnVoucherDetailPage()?[0m
  ?[36mThen ?[0m?[36mUser see update status ?[0m?[36m?[1m"Active"?[0m                                                                                       ?[90m# demo.steps_definitions.VoucherDetailAdminStepsDefinitions.userSeeUpdateStatus(java.lang.String)?[0m

    Embedding null [image/png 106235 bytes]


    Scenario Fail

  ?[32mGiven ?[0m?[32mUser is on Landing page?[0m                                                                                            ?[90m# demo.steps_definitions.LoginStepsDefinitions.userIsOnLandingPage()?[0m
  ?[32mWhen ?[0m?[32mUser click Login to Account button?[0m                                                                                  ?[90m# demo.steps_definitions.LoginStepsDefinitions.userClickLoginToAccountButton()?[0m
  ?[32mThen ?[0m?[32mUser is on DANA Deals Login page?[0m                                                                                    ?[90m# demo.steps_definitions.LoginStepsDefinitions.userIsOnDANADealsLoginPage()?[0m
  ?[32mWhen ?[0m?[32mUser input ?[0m?[32m?[1m"87800000000"?[0m?[32m on phone number input field on login page?[0m                                                  ?[90m# demo.steps_definitions.LoginStepsDefinitions.userInputOnPhoneNumberInputFieldOnLoginPage(java.lang.String)?[0m
  ?[32mAnd ?[0m?[32mUser input ?[0m?[32m?[1m"P@ssw0rd"?[0m?[32m on password input field on login page?[0m                                                          ?[90m# demo.steps_definitions.LoginStepsDefinitions.userInputOnPasswordInputFieldOnLoginPage(java.lang.String)?[0m
  ?[32mAnd ?[0m?[32mUser click Login button?[0m                                                                                              ?[90m# demo.steps_definitions.LoginStepsDefinitions.userClickLoginButton()?[0m
  ?[31mThen ?[0m?[31mUser see message?[0m                                                                                                    ?[90m# demo.steps_definitions.LoginStepsDefinitions.UserSeeMessage()?[0m
      ?[31morg.openqa.selenium.NoSuchElementException: An element could not be located on the page using the given search parameters.
For documentation on this error, please visit: https://www.seleniumhq.org/exceptions/no_such_element.html
Build info: version: '3.141.59', revision: 'e82be7d358', time: '2018-11-14T08:17:03'
System info: host: 'DNID0651L01.local', ip: 'fe80:0:0:0:10ff:ecf3:d89:4ddc%en0', os.name: 'Mac OS X', os.arch: 'x86_64', os.version: '10.15.4', java.version: '11.0.6'
Driver info: io.appium.java_client.android.AndroidDriver
Capabilities {app: /Users/sihalohoo/Desktop/DE..., appPackage: com.team.danadeals, autoGrantPermissions: true, automationName: UIAutomator2, databaseEnabled: false, desired: {app: /Users/sihalohoo/Desktop/DE..., autoGrantPermissions: true, automationName: UIAutomator2, deviceName: device, newCommandTimeout: 120, platformName: android, udid: emulator-5554}, deviceApiLevel: 23, deviceManufacturer: unknown, deviceModel: Android SDK built for x86, deviceName: emulator-5554, deviceScreenDensity: 420, deviceScreenSize: 1080x1920, deviceUDID: emulator-5554, javascriptEnabled: true, locationContextEnabled: false, networkConnectionEnabled: true, newCommandTimeout: 120, pixelRatio: 2.625, platform: LINUX, platformName: Android, platformVersion: 6.0, statBarHeight: 63, takesScreenshot: true, udid: emulator-5554, viewportRect: {height: 1731, left: 0, top: 63, width: 1080}, warnings: {}, webStorageEnabled: false}
Session ID: dfd9f2dd-779b-4cfd-b0b3-58e003363b3e
*** Element info: {Using=xpath, value=//android.widget.Toast[1]}
	at java.base/jdk.internal.reflect.NativeConstructorAccessorImpl.newInstance0(Native Method)
	at java.base/jdk.internal.reflect.NativeConstructorAccessorImpl.newInstance(NativeConstructorAccessorImpl.java:62)
	at java.base/jdk.internal.reflect.DelegatingConstructorAccessorImpl.newInstance(DelegatingConstructorAccessorImpl.java:45)
	at java.base/java.lang.reflect.Constructor.newInstance(Constructor.java:490)
	at org.openqa.selenium.remote.http.W3CHttpResponseCodec.createException(W3CHttpResponseCodec.java:187)
	at org.openqa.selenium.remote.http.W3CHttpResponseCodec.decode(W3CHttpResponseCodec.java:122)
	at org.openqa.selenium.remote.http.W3CHttpResponseCodec.decode(W3CHttpResponseCodec.java:49)
	at org.openqa.selenium.remote.HttpCommandExecutor.execute(HttpCommandExecutor.java:158)
	at io.appium.java_client.remote.AppiumCommandExecutor.execute(AppiumCommandExecutor.java:239)
	at org.openqa.selenium.remote.RemoteWebDriver.execute(RemoteWebDriver.java:552)
	at io.appium.java_client.DefaultGenericMobileDriver.execute(DefaultGenericMobileDriver.java:41)
	at io.appium.java_client.AppiumDriver.execute(AppiumDriver.java:1)
	at io.appium.java_client.android.AndroidDriver.execute(AndroidDriver.java:1)
	at org.openqa.selenium.remote.RemoteWebDriver.findElement(RemoteWebDriver.java:323)
	at io.appium.java_client.DefaultGenericMobileDriver.findElement(DefaultGenericMobileDriver.java:61)
	at io.appium.java_client.AppiumDriver.findElement(AppiumDriver.java:1)
	at io.appium.java_client.android.AndroidDriver.findElement(AndroidDriver.java:1)
	at org.openqa.selenium.remote.RemoteWebDriver.findElementByXPath(RemoteWebDriver.java:428)
	at io.appium.java_client.DefaultGenericMobileDriver.findElementByXPath(DefaultGenericMobileDriver.java:151)
	at io.appium.java_client.AppiumDriver.findElementByXPath(AppiumDriver.java:1)
	at io.appium.java_client.android.AndroidDriver.findElementByXPath(AndroidDriver.java:1)
	at org.openqa.selenium.By$ByXPath.findElement(By.java:353)
	at org.openqa.selenium.remote.RemoteWebDriver.findElement(RemoteWebDriver.java:315)
	at io.appium.java_client.DefaultGenericMobileDriver.findElement(DefaultGenericMobileDriver.java:57)
	at io.appium.java_client.AppiumDriver.findElement(AppiumDriver.java:1)
	at io.appium.java_client.android.AndroidDriver.findElement(AndroidDriver.java:1)
	at demo.pages.LoginPage.seeMessage(LoginPage.java:31)
	at demo.steps_definitions.LoginStepsDefinitions.UserSeeMessage(LoginStepsDefinitions.java:101)
	at ✽.User see message(file:///Users/sihalohoo/Desktop/DEBRIEF%202/DANADealsTESTING/src/test/resources/features/admin/VoucherDetail.feature:12)
?[0m
  ?[36mThen ?[0m?[36mUser is on Home Admin page?[0m                                                                                          ?[90m# demo.steps_definitions.LoginStepsDefinitions.userIsOnHomeAdminPage()?[0m
  ?[36mWhen ?[0m?[36mUser tap Voucher ?[0m?[36m?[1m"Clear Big Deal"?[0m                                                                                   ?[90m# demo.steps_definitions.VoucherDetailAdminStepsDefinitions.userTapVoucher(java.lang.String)?[0m
  ?[36mWhen ?[0m?[36mUser tap Status?[0m                                                                                                     ?[90m# demo.steps_definitions.VoucherDetailAdminStepsDefinitions.userTapStatus()?[0m
  ?[36mWhen ?[0m?[36mUser tap Save?[0m                                                                                                       ?[90m# demo.steps_definitions.VoucherDetailAdminStepsDefinitions.userTapSave()?[0m
  ?[36mThen ?[0m?[36mUser is on Home Admin page?[0m                                                                                          ?[90m# demo.steps_definitions.LoginStepsDefinitions.userIsOnHomeAdminPage()?[0m
  ?[36mWhen ?[0m?[36mUser tap Voucher ?[0m?[36m?[1m"Clear Big Deal"?[0m                                                                                   ?[90m# demo.steps_definitions.VoucherDetailAdminStepsDefinitions.userTapVoucher(java.lang.String)?[0m
  ?[36mWhen ?[0m?[36mUser input quota ?[0m?[36m?[1m"@@"?[0m                                                                                               ?[90m# demo.steps_definitions.VoucherDetailAdminStepsDefinitions.userInputQuota(java.lang.String)?[0m
  ?[36mWhen ?[0m?[36mUser tap Save?[0m                                                                                                       ?[90m# demo.steps_definitions.VoucherDetailAdminStepsDefinitions.userTapSave()?[0m
  ?[36mThen ?[0m?[36mUser is on Voucher Detail page?[0m                                                                                      ?[90m# demo.steps_definitions.VoucherDetailAdminStepsDefinitions.userIsOnVoucherDetailPage()?[0m
  ?[36mThen ?[0m?[36mUser see update status ?[0m?[36m?[1m"Active"?[0m                                                                                     ?[90m# demo.steps_definitions.VoucherDetailAdminStepsDefinitions.userSeeUpdateStatus(java.lang.String)?[0m

    Embedding null [image/png 104500 bytes]


    Scenario Fail

  ?[32mGiven ?[0m?[32mUser is on Landing page?[0m                                                                                            ?[90m# demo.steps_definitions.LoginStepsDefinitions.userIsOnLandingPage()?[0m
  ?[32mWhen ?[0m?[32mUser click Login to Account button?[0m                                                                                  ?[90m# demo.steps_definitions.LoginStepsDefinitions.userClickLoginToAccountButton()?[0m
  ?[32mThen ?[0m?[32mUser is on DANA Deals Login page?[0m                                                                                    ?[90m# demo.steps_definitions.LoginStepsDefinitions.userIsOnDANADealsLoginPage()?[0m
  ?[32mWhen ?[0m?[32mUser input ?[0m?[32m?[1m"87800000000"?[0m?[32m on phone number input field on login page?[0m                                                  ?[90m# demo.steps_definitions.LoginStepsDefinitions.userInputOnPhoneNumberInputFieldOnLoginPage(java.lang.String)?[0m
  ?[32mAnd ?[0m?[32mUser input ?[0m?[32m?[1m"P@ssw0rd"?[0m?[32m on password input field on login page?[0m                                                          ?[90m# demo.steps_definitions.LoginStepsDefinitions.userInputOnPasswordInputFieldOnLoginPage(java.lang.String)?[0m
  ?[32mAnd ?[0m?[32mUser click Login button?[0m                                                                                              ?[90m# demo.steps_definitions.LoginStepsDefinitions.userClickLoginButton()?[0m
  ?[32mThen ?[0m?[32mUser see message?[0m                                                                                                    ?[90m# demo.steps_definitions.LoginStepsDefinitions.UserSeeMessage()?[0m
  ?[32mThen ?[0m?[32mUser is on Home Admin page?[0m                                                                                          ?[90m# demo.steps_definitions.LoginStepsDefinitions.userIsOnHomeAdminPage()?[0m
  ?[32mWhen ?[0m?[32mUser tap Voucher ?[0m?[32m?[1m"Clear Big Deals"?[0m                                                                                  ?[90m# demo.steps_definitions.VoucherDetailAdminStepsDefinitions.userTapVoucher(java.lang.String)?[0m
  ?[32mWhen ?[0m?[32mUser tap Status?[0m                                                                                                     ?[90m# demo.steps_definitions.VoucherDetailAdminStepsDefinitions.userTapStatus()?[0m
  ?[32mWhen ?[0m?[32mUser tap Save?[0m                                                                                                       ?[90m# demo.steps_definitions.VoucherDetailAdminStepsDefinitions.userTapSave()?[0m
  ?[31mThen ?[0m?[31mUser is on Home Admin page?[0m                                                                                          ?[90m# demo.steps_definitions.LoginStepsDefinitions.userIsOnHomeAdminPage()?[0m
      ?[31morg.openqa.selenium.TimeoutException: Expected condition failed: waiting for presence of element located by: By.id: et_search (tried for 30 second(s) with 500 milliseconds interval)
	at org.openqa.selenium.support.ui.WebDriverWait.timeoutException(WebDriverWait.java:95)
	at org.openqa.selenium.support.ui.FluentWait.until(FluentWait.java:272)
	at demo.utils.ActionUtils.waitElement(ActionUtils.java:15)
	at demo.pages.admin.HomeAdminPage.isOnPage(HomeAdminPage.java:21)
	at demo.steps_definitions.LoginStepsDefinitions.userIsOnHomeAdminPage(LoginStepsDefinitions.java:59)
	at ✽.User is on Home Admin page(file:///Users/sihalohoo/Desktop/DEBRIEF%202/DANADealsTESTING/src/test/resources/features/admin/VoucherDetail.feature:664)
Caused by: org.openqa.selenium.NoSuchElementException: An element could not be located on the page using the given search parameters.
For documentation on this error, please visit: https://www.seleniumhq.org/exceptions/no_such_element.html
Build info: version: '3.141.59', revision: 'e82be7d358', time: '2018-11-14T08:17:03'
System info: host: 'DNID0651L01.local', ip: 'fe80:0:0:0:10ff:ecf3:d89:4ddc%en0', os.name: 'Mac OS X', os.arch: 'x86_64', os.version: '10.15.4', java.version: '11.0.6'
Driver info: io.appium.java_client.android.AndroidDriver
Capabilities {app: /Users/sihalohoo/Desktop/DE..., appPackage: com.team.danadeals, autoGrantPermissions: true, automationName: UIAutomator2, databaseEnabled: false, desired: {app: /Users/sihalohoo/Desktop/DE..., autoGrantPermissions: true, automationName: UIAutomator2, deviceName: device, newCommandTimeout: 120, platformName: android, udid: emulator-5554}, deviceApiLevel: 23, deviceManufacturer: unknown, deviceModel: Android SDK built for x86, deviceName: emulator-5554, deviceScreenDensity: 420, deviceScreenSize: 1080x1920, deviceUDID: emulator-5554, javascriptEnabled: true, locationContextEnabled: false, networkConnectionEnabled: true, newCommandTimeout: 120, pixelRatio: 2.625, platform: LINUX, platformName: Android, platformVersion: 6.0, statBarHeight: 63, takesScreenshot: true, udid: emulator-5554, viewportRect: {height: 1731, left: 0, top: 63, width: 1080}, warnings: {}, webStorageEnabled: false}
Session ID: 3736e02b-964e-44f7-977a-a8656f75f04c
*** Element info: {Using=id, value=et_search}
	at java.base/jdk.internal.reflect.NativeConstructorAccessorImpl.newInstance0(Native Method)
	at java.base/jdk.internal.reflect.NativeConstructorAccessorImpl.newInstance(NativeConstructorAccessorImpl.java:62)
	at java.base/jdk.internal.reflect.DelegatingConstructorAccessorImpl.newInstance(DelegatingConstructorAccessorImpl.java:45)
	at java.base/java.lang.reflect.Constructor.newInstance(Constructor.java:490)
	at org.openqa.selenium.remote.http.W3CHttpResponseCodec.createException(W3CHttpResponseCodec.java:187)
	at org.openqa.selenium.remote.http.W3CHttpResponseCodec.decode(W3CHttpResponseCodec.java:122)
	at org.openqa.selenium.remote.http.W3CHttpResponseCodec.decode(W3CHttpResponseCodec.java:49)
	at org.openqa.selenium.remote.HttpCommandExecutor.execute(HttpCommandExecutor.java:158)
	at io.appium.java_client.remote.AppiumCommandExecutor.execute(AppiumCommandExecutor.java:239)
	at org.openqa.selenium.remote.RemoteWebDriver.execute(RemoteWebDriver.java:552)
	at io.appium.java_client.DefaultGenericMobileDriver.execute(DefaultGenericMobileDriver.java:41)
	at io.appium.java_client.AppiumDriver.execute(AppiumDriver.java:1)
	at io.appium.java_client.android.AndroidDriver.execute(AndroidDriver.java:1)
	at org.openqa.selenium.remote.RemoteWebDriver.findElement(RemoteWebDriver.java:323)
	at io.appium.java_client.DefaultGenericMobileDriver.findElement(DefaultGenericMobileDriver.java:61)
	at io.appium.java_client.AppiumDriver.findElement(AppiumDriver.java:1)
	at io.appium.java_client.android.AndroidDriver.findElement(AndroidDriver.java:1)
	at org.openqa.selenium.remote.RemoteWebDriver.findElementById(RemoteWebDriver.java:372)
	at io.appium.java_client.DefaultGenericMobileDriver.findElementById(DefaultGenericMobileDriver.java:69)
	at io.appium.java_client.AppiumDriver.findElementById(AppiumDriver.java:1)
	at io.appium.java_client.android.AndroidDriver.findElementById(AndroidDriver.java:1)
	at org.openqa.selenium.By$ById.findElement(By.java:188)
	at org.openqa.selenium.remote.RemoteWebDriver.findElement(RemoteWebDriver.java:315)
	at io.appium.java_client.DefaultGenericMobileDriver.findElement(DefaultGenericMobileDriver.java:57)
	at io.appium.java_client.AppiumDriver.findElement(AppiumDriver.java:1)
	at io.appium.java_client.android.AndroidDriver.findElement(AndroidDriver.java:1)
	at org.openqa.selenium.support.ui.ExpectedConditions$6.apply(ExpectedConditions.java:182)
	at org.openqa.selenium.support.ui.ExpectedConditions$6.apply(ExpectedConditions.java:179)
	at org.openqa.selenium.support.ui.FluentWait.until(FluentWait.java:249)
	at demo.utils.ActionUtils.waitElement(ActionUtils.java:15)
	at demo.pages.admin.HomeAdminPage.isOnPage(HomeAdminPage.java:21)
	at demo.steps_definitions.LoginStepsDefinitions.userIsOnHomeAdminPage(LoginStepsDefinitions.java:59)
	at jdk.internal.reflect.GeneratedMethodAccessor6.invoke(Unknown Source)
	at java.base/jdk.internal.reflect.DelegatingMethodAccessorImpl.invoke(DelegatingMethodAccessorImpl.java:43)
	at java.base/java.lang.reflect.Method.invoke(Method.java:566)
	at io.cucumber.java.Invoker.invoke(Invoker.java:27)
	at io.cucumber.java.JavaStepDefinition.execute(JavaStepDefinition.java:27)
	at io.cucumber.core.runner.PickleStepDefinitionMatch.runStep(PickleStepDefinitionMatch.java:63)
	at io.cucumber.core.runner.TestStep.executeStep(TestStep.java:64)
	at io.cucumber.core.runner.TestStep.run(TestStep.java:49)
	at io.cucumber.core.runner.PickleStepTestStep.run(PickleStepTestStep.java:46)
	at io.cucumber.core.runner.TestCase.run(TestCase.java:51)
	at io.cucumber.core.runner.Runner.runPickle(Runner.java:67)
	at io.cucumber.junit.PickleRunners$WithStepDescriptions.run(PickleRunners.java:100)
	at io.cucumber.junit.FeatureRunner.runChild(FeatureRunner.java:83)
	at io.cucumber.junit.FeatureRunner.runChild(FeatureRunner.java:24)
	at org.junit.runners.ParentRunner$4.run(ParentRunner.java:331)
	at org.junit.runners.ParentRunner$1.schedule(ParentRunner.java:79)
	at org.junit.runners.ParentRunner.runChildren(ParentRunner.java:329)
	at org.junit.runners.ParentRunner.access$100(ParentRunner.java:66)
	at org.junit.runners.ParentRunner$2.evaluate(ParentRunner.java:293)
	at org.junit.runners.ParentRunner$3.evaluate(ParentRunner.java:306)
	at org.junit.runners.ParentRunner.run(ParentRunner.java:413)
	at io.cucumber.junit.Cucumber.runChild(Cucumber.java:185)
	at io.cucumber.junit.Cucumber.runChild(Cucumber.java:83)
	at org.junit.runners.ParentRunner$4.run(ParentRunner.java:331)
	at org.junit.runners.ParentRunner$1.schedule(ParentRunner.java:79)
	at org.junit.runners.ParentRunner.runChildren(ParentRunner.java:329)
	at org.junit.runners.ParentRunner.access$100(ParentRunner.java:66)
	at org.junit.runners.ParentRunner$2.evaluate(ParentRunner.java:293)
	at io.cucumber.junit.Cucumber$RunCucumber.evaluate(Cucumber.java:219)
	at org.junit.runners.ParentRunner$3.evaluate(ParentRunner.java:306)
	at org.junit.runners.ParentRunner.run(ParentRunner.java:413)
	at org.gradle.api.internal.tasks.testing.junit.JUnitTestClassExecutor.runTestClass(JUnitTestClassExecutor.java:110)
	at org.gradle.api.internal.tasks.testing.junit.JUnitTestClassExecutor.execute(JUnitTestClassExecutor.java:58)
	at org.gradle.api.internal.tasks.testing.junit.JUnitTestClassExecutor.execute(JUnitTestClassExecutor.java:38)
	at org.gradle.api.internal.tasks.testing.junit.AbstractJUnitTestClassProcessor.processTestClass(AbstractJUnitTestClassProcessor.java:62)
	at org.gradle.api.internal.tasks.testing.SuiteTestClassProcessor.processTestClass(SuiteTestClassProcessor.java:51)
	at java.base/jdk.internal.reflect.NativeMethodAccessorImpl.invoke0(Native Method)
	at java.base/jdk.internal.reflect.NativeMethodAccessorImpl.invoke(NativeMethodAccessorImpl.java:62)
	at java.base/jdk.internal.reflect.DelegatingMethodAccessorImpl.invoke(DelegatingMethodAccessorImpl.java:43)
	at java.base/java.lang.reflect.Method.invoke(Method.java:566)
	at org.gradle.internal.dispatch.ReflectionDispatch.dispatch(ReflectionDispatch.java:36)
	at org.gradle.internal.dispatch.ReflectionDispatch.dispatch(ReflectionDispatch.java:24)
	at org.gradle.internal.dispatch.ContextClassLoaderDispatch.dispatch(ContextClassLoaderDispatch.java:33)
	at org.gradle.internal.dispatch.ProxyDispatchAdapter$DispatchingInvocationHandler.invoke(ProxyDispatchAdapter.java:94)
	at com.sun.proxy.$Proxy2.processTestClass(Unknown Source)
	at org.gradle.api.internal.tasks.testing.worker.TestWorker.processTestClass(TestWorker.java:118)
	at java.base/jdk.internal.reflect.NativeMethodAccessorImpl.invoke0(Native Method)
	at java.base/jdk.internal.reflect.NativeMethodAccessorImpl.invoke(NativeMethodAccessorImpl.java:62)
	at java.base/jdk.internal.reflect.DelegatingMethodAccessorImpl.invoke(DelegatingMethodAccessorImpl.java:43)
	at java.base/java.lang.reflect.Method.invoke(Method.java:566)
	at org.gradle.internal.dispatch.ReflectionDispatch.dispatch(ReflectionDispatch.java:36)
	at org.gradle.internal.dispatch.ReflectionDispatch.dispatch(ReflectionDispatch.java:24)
	at org.gradle.internal.remote.internal.hub.MessageHubBackedObjectConnection$DispatchWrapper.dispatch(MessageHubBackedObjectConnection.java:182)
	at org.gradle.internal.remote.internal.hub.MessageHubBackedObjectConnection$DispatchWrapper.dispatch(MessageHubBackedObjectConnection.java:164)
	at org.gradle.internal.remote.internal.hub.MessageHub$Handler.run(MessageHub.java:412)
	at org.gradle.internal.concurrent.ExecutorPolicy$CatchAndRecordFailures.onExecute(ExecutorPolicy.java:64)
	at org.gradle.internal.concurrent.ManagedExecutorImpl$1.run(ManagedExecutorImpl.java:48)
	at java.base/java.util.concurrent.ThreadPoolExecutor.runWorker(ThreadPoolExecutor.java:1128)
	at java.base/java.util.concurrent.ThreadPoolExecutor$Worker.run(ThreadPoolExecutor.java:628)
	at org.gradle.internal.concurrent.ThreadFactoryImpl$ManagedThreadRunnable.run(ThreadFactoryImpl.java:56)
	at java.base/java.lang.Thread.run(Thread.java:834)
?[0m
  ?[36mWhen ?[0m?[36mUser tap Voucher ?[0m?[36m?[1m"Clear Big Deals"?[0m                                                                                  ?[90m# demo.steps_definitions.VoucherDetailAdminStepsDefinitions.userTapVoucher(java.lang.String)?[0m
  ?[36mWhen ?[0m?[36mUser input quota ?[0m?[36m?[1m"]]>&#x1f605;<![CDATA[]]>&#x1f923;<![CDATA[]]>&#x1f970;<![CDATA[]]>&#x1f60e;<![CDATA["?[0m                                                                                         ?[90m# demo.steps_definitions.VoucherDetailAdminStepsDefinitions.userInputQuota(java.lang.String)?[0m
  ?[36mWhen ?[0m?[36mUser tap Save?[0m                                                                                                       ?[90m# demo.steps_definitions.VoucherDetailAdminStepsDefinitions.userTapSave()?[0m
  ?[36mThen ?[0m?[36mUser is on Voucher Detail page?[0m                                                                                      ?[90m# demo.steps_definitions.VoucherDetailAdminStepsDefinitions.userIsOnVoucherDetailPage()?[0m
  ?[36mThen ?[0m?[36mUser see update status ?[0m?[36m?[1m"Active"?[0m                                                                                     ?[90m# demo.steps_definitions.VoucherDetailAdminStepsDefinitions.userSeeUpdateStatus(java.lang.String)?[0m

    Embedding null [image/png 106546 bytes]


    Scenario Fail

  ?[32mGiven ?[0m?[32mUser is on Landing page?[0m                                                                                            ?[90m# demo.steps_definitions.LoginStepsDefinitions.userIsOnLandingPage()?[0m
  ?[32mWhen ?[0m?[32mUser click Login to Account button?[0m                                                                                  ?[90m# demo.steps_definitions.LoginStepsDefinitions.userClickLoginToAccountButton()?[0m
  ?[32mThen ?[0m?[32mUser is on DANA Deals Login page?[0m                                                                                    ?[90m# demo.steps_definitions.LoginStepsDefinitions.userIsOnDANADealsLoginPage()?[0m
  ?[32mWhen ?[0m?[32mUser input ?[0m?[32m?[1m"87800000000"?[0m?[32m on phone number input field on login page?[0m                                                  ?[90m# demo.steps_definitions.LoginStepsDefinitions.userInputOnPhoneNumberInputFieldOnLoginPage(java.lang.String)?[0m
  ?[32mAnd ?[0m?[32mUser input ?[0m?[32m?[1m"P@ssw0rd"?[0m?[32m on password input field on login page?[0m                                                          ?[90m# demo.steps_definitions.LoginStepsDefinitions.userInputOnPasswordInputFieldOnLoginPage(java.lang.String)?[0m
  ?[32mAnd ?[0m?[32mUser click Login button?[0m                                                                                              ?[90m# demo.steps_definitions.LoginStepsDefinitions.userClickLoginButton()?[0m
  ?[31mThen ?[0m?[31mUser see message?[0m                                                                                                    ?[90m# demo.steps_definitions.LoginStepsDefinitions.UserSeeMessage()?[0m
      ?[31morg.openqa.selenium.NoSuchElementException: An element could not be located on the page using the given search parameters.
For documentation on this error, please visit: https://www.seleniumhq.org/exceptions/no_such_element.html
Build info: version: '3.141.59', revision: 'e82be7d358', time: '2018-11-14T08:17:03'
System info: host: 'DNID0651L01.local', ip: 'fe80:0:0:0:10ff:ecf3:d89:4ddc%en0', os.name: 'Mac OS X', os.arch: 'x86_64', os.version: '10.15.4', java.version: '11.0.6'
Driver info: io.appium.java_client.android.AndroidDriver
Capabilities {app: /Users/sihalohoo/Desktop/DE..., appPackage: com.team.danadeals, autoGrantPermissions: true, automationName: UIAutomator2, databaseEnabled: false, desired: {app: /Users/sihalohoo/Desktop/DE..., autoGrantPermissions: true, automationName: UIAutomator2, deviceName: device, newCommandTimeout: 120, platformName: android, udid: emulator-5554}, deviceApiLevel: 23, deviceManufacturer: unknown, deviceModel: Android SDK built for x86, deviceName: emulator-5554, deviceScreenDensity: 420, deviceScreenSize: 1080x1920, deviceUDID: emulator-5554, javascriptEnabled: true, locationContextEnabled: false, networkConnectionEnabled: true, newCommandTimeout: 120, pixelRatio: 2.625, platform: LINUX, platformName: Android, platformVersion: 6.0, statBarHeight: 63, takesScreenshot: true, udid: emulator-5554, viewportRect: {height: 1731, left: 0, top: 63, width: 1080}, warnings: {}, webStorageEnabled: false}
Session ID: 8fd3f54c-19f2-4eb0-a369-9456c6fd82ff
*** Element info: {Using=xpath, value=//android.widget.Toast[1]}
	at java.base/jdk.internal.reflect.NativeConstructorAccessorImpl.newInstance0(Native Method)
	at java.base/jdk.internal.reflect.NativeConstructorAccessorImpl.newInstance(NativeConstructorAccessorImpl.java:62)
	at java.base/jdk.internal.reflect.DelegatingConstructorAccessorImpl.newInstance(DelegatingConstructorAccessorImpl.java:45)
	at java.base/java.lang.reflect.Constructor.newInstance(Constructor.java:490)
	at org.openqa.selenium.remote.http.W3CHttpResponseCodec.createException(W3CHttpResponseCodec.java:187)
	at org.openqa.selenium.remote.http.W3CHttpResponseCodec.decode(W3CHttpResponseCodec.java:122)
	at org.openqa.selenium.remote.http.W3CHttpResponseCodec.decode(W3CHttpResponseCodec.java:49)
	at org.openqa.selenium.remote.HttpCommandExecutor.execute(HttpCommandExecutor.java:158)
	at io.appium.java_client.remote.AppiumCommandExecutor.execute(AppiumCommandExecutor.java:239)
	at org.openqa.selenium.remote.RemoteWebDriver.execute(RemoteWebDriver.java:552)
	at io.appium.java_client.DefaultGenericMobileDriver.execute(DefaultGenericMobileDriver.java:41)
	at io.appium.java_client.AppiumDriver.execute(AppiumDriver.java:1)
	at io.appium.java_client.android.AndroidDriver.execute(AndroidDriver.java:1)
	at org.openqa.selenium.remote.RemoteWebDriver.findElement(RemoteWebDriver.java:323)
	at io.appium.java_client.DefaultGenericMobileDriver.findElement(DefaultGenericMobileDriver.java:61)
	at io.appium.java_client.AppiumDriver.findElement(AppiumDriver.java:1)
	at io.appium.java_client.android.AndroidDriver.findElement(AndroidDriver.java:1)
	at org.openqa.selenium.remote.RemoteWebDriver.findElementByXPath(RemoteWebDriver.java:428)
	at io.appium.java_client.DefaultGenericMobileDriver.findElementByXPath(DefaultGenericMobileDriver.java:151)
	at io.appium.java_client.AppiumDriver.findElementByXPath(AppiumDriver.java:1)
	at io.appium.java_client.android.AndroidDriver.findElementByXPath(AndroidDriver.java:1)
	at org.openqa.selenium.By$ByXPath.findElement(By.java:353)
	at org.openqa.selenium.remote.RemoteWebDriver.findElement(RemoteWebDriver.java:315)
	at io.appium.java_client.DefaultGenericMobileDriver.findElement(DefaultGenericMobileDriver.java:57)
	at io.appium.java_client.AppiumDriver.findElement(AppiumDriver.java:1)
	at io.appium.java_client.android.AndroidDriver.findElement(AndroidDriver.java:1)
	at demo.pages.LoginPage.seeMessage(LoginPage.java:31)
	at demo.steps_definitions.LoginStepsDefinitions.UserSeeMessage(LoginStepsDefinitions.java:101)
	at ✽.User see message(file:///Users/sihalohoo/Desktop/DEBRIEF%202/DANADealsTESTING/src/test/resources/features/admin/VoucherDetail.feature:12)
?[0m
  ?[36mThen ?[0m?[36mUser is on Home Admin page?[0m                                                                                          ?[90m# demo.steps_definitions.LoginStepsDefinitions.userIsOnHomeAdminPage()?[0m
  ?[36mWhen ?[0m?[36mUser tap Voucher ?[0m?[36m?[1m"Clear Full Packet"?[0m                                                                                ?[90m# demo.steps_definitions.VoucherDetailAdminStepsDefinitions.userTapVoucher(java.lang.String)?[0m
  ?[36mWhen ?[0m?[36mUser tap Status?[0m                                                                                                     ?[90m# demo.steps_definitions.VoucherDetailAdminStepsDefinitions.userTapStatus()?[0m
  ?[36mWhen ?[0m?[36mUser tap Save?[0m                                                                                                       ?[90m# demo.steps_definitions.VoucherDetailAdminStepsDefinitions.userTapSave()?[0m
  ?[36mThen ?[0m?[36mUser is on Home Admin page?[0m                                                                                          ?[90m# demo.steps_definitions.LoginStepsDefinitions.userIsOnHomeAdminPage()?[0m
  ?[36mWhen ?[0m?[36mUser tap Voucher ?[0m?[36m?[1m"Clear Full Packet"?[0m                                                                                ?[90m# demo.steps_definitions.VoucherDetailAdminStepsDefinitions.userTapVoucher(java.lang.String)?[0m
  ?[36mWhen ?[0m?[36mUser input quota ?[0m?[36m?[1m"0"?[0m                                                                                                ?[90m# demo.steps_definitions.VoucherDetailAdminStepsDefinitions.userInputQuota(java.lang.String)?[0m
  ?[36mWhen ?[0m?[36mUser tap Save?[0m                                                                                                       ?[90m# demo.steps_definitions.VoucherDetailAdminStepsDefinitions.userTapSave()?[0m
  ?[36mThen ?[0m?[36mUser is on Voucher Detail page?[0m                                                                                      ?[90m# demo.steps_definitions.VoucherDetailAdminStepsDefinitions.userIsOnVoucherDetailPage()?[0m
  ?[36mThen ?[0m?[36mUser see update status ?[0m?[36m?[1m"Active"?[0m                                                                                     ?[90m# demo.steps_definitions.VoucherDetailAdminStepsDefinitions.userSeeUpdateStatus(java.lang.String)?[0m

    Embedding null [image/png 104176 bytes]


    Scenario Fail

  ?[32mGiven ?[0m?[32mUser is on Landing page?[0m                                                                                                                   ?[90m# demo.steps_definitions.LoginStepsDefinitions.userIsOnLandingPage()?[0m
  ?[32mWhen ?[0m?[32mUser click Login to Account button?[0m                                                                                                         ?[90m# demo.steps_definitions.LoginStepsDefinitions.userClickLoginToAccountButton()?[0m
  ?[32mThen ?[0m?[32mUser is on DANA Deals Login page?[0m                                                                                                           ?[90m# demo.steps_definitions.LoginStepsDefinitions.userIsOnDANADealsLoginPage()?[0m
  ?[32mWhen ?[0m?[32mUser input ?[0m?[32m?[1m"87800000000"?[0m?[32m on phone number input field on login page?[0m                                                                         ?[90m# demo.steps_definitions.LoginStepsDefinitions.userInputOnPhoneNumberInputFieldOnLoginPage(java.lang.String)?[0m
  ?[32mAnd ?[0m?[32mUser input ?[0m?[32m?[1m"P@ssw0rd"?[0m?[32m on password input field on login page?[0m                                                                                 ?[90m# demo.steps_definitions.LoginStepsDefinitions.userInputOnPasswordInputFieldOnLoginPage(java.lang.String)?[0m
  ?[32mAnd ?[0m?[32mUser click Login button?[0m                                                                                                                     ?[90m# demo.steps_definitions.LoginStepsDefinitions.userClickLoginButton()?[0m
  ?[31mThen ?[0m?[31mUser see message?[0m                                                                                                                           ?[90m# demo.steps_definitions.LoginStepsDefinitions.UserSeeMessage()?[0m
      ?[31morg.openqa.selenium.NoSuchElementException: An element could not be located on the page using the given search parameters.
For documentation on this error, please visit: https://www.seleniumhq.org/exceptions/no_such_element.html
Build info: version: '3.141.59', revision: 'e82be7d358', time: '2018-11-14T08:17:03'
System info: host: 'DNID0651L01.local', ip: 'fe80:0:0:0:10ff:ecf3:d89:4ddc%en0', os.name: 'Mac OS X', os.arch: 'x86_64', os.version: '10.15.4', java.version: '11.0.6'
Driver info: io.appium.java_client.android.AndroidDriver
Capabilities {app: /Users/sihalohoo/Desktop/DE..., appPackage: com.team.danadeals, autoGrantPermissions: true, automationName: UIAutomator2, databaseEnabled: false, desired: {app: /Users/sihalohoo/Desktop/DE..., autoGrantPermissions: true, automationName: UIAutomator2, deviceName: device, newCommandTimeout: 120, platformName: android, udid: emulator-5554}, deviceApiLevel: 23, deviceManufacturer: unknown, deviceModel: Android SDK built for x86, deviceName: emulator-5554, deviceScreenDensity: 420, deviceScreenSize: 1080x1920, deviceUDID: emulator-5554, javascriptEnabled: true, locationContextEnabled: false, networkConnectionEnabled: true, newCommandTimeout: 120, pixelRatio: 2.625, platform: LINUX, platformName: Android, platformVersion: 6.0, statBarHeight: 63, takesScreenshot: true, udid: emulator-5554, viewportRect: {height: 1731, left: 0, top: 63, width: 1080}, warnings: {}, webStorageEnabled: false}
Session ID: 1b168762-a4c2-4dcf-93e7-06731aeb5660
*** Element info: {Using=xpath, value=//android.widget.Toast[1]}
	at java.base/jdk.internal.reflect.NativeConstructorAccessorImpl.newInstance0(Native Method)
	at java.base/jdk.internal.reflect.NativeConstructorAccessorImpl.newInstance(NativeConstructorAccessorImpl.java:62)
	at java.base/jdk.internal.reflect.DelegatingConstructorAccessorImpl.newInstance(DelegatingConstructorAccessorImpl.java:45)
	at java.base/java.lang.reflect.Constructor.newInstance(Constructor.java:490)
	at org.openqa.selenium.remote.http.W3CHttpResponseCodec.createException(W3CHttpResponseCodec.java:187)
	at org.openqa.selenium.remote.http.W3CHttpResponseCodec.decode(W3CHttpResponseCodec.java:122)
	at org.openqa.selenium.remote.http.W3CHttpResponseCodec.decode(W3CHttpResponseCodec.java:49)
	at org.openqa.selenium.remote.HttpCommandExecutor.execute(HttpCommandExecutor.java:158)
	at io.appium.java_client.remote.AppiumCommandExecutor.execute(AppiumCommandExecutor.java:239)
	at org.openqa.selenium.remote.RemoteWebDriver.execute(RemoteWebDriver.java:552)
	at io.appium.java_client.DefaultGenericMobileDriver.execute(DefaultGenericMobileDriver.java:41)
	at io.appium.java_client.AppiumDriver.execute(AppiumDriver.java:1)
	at io.appium.java_client.android.AndroidDriver.execute(AndroidDriver.java:1)
	at org.openqa.selenium.remote.RemoteWebDriver.findElement(RemoteWebDriver.java:323)
	at io.appium.java_client.DefaultGenericMobileDriver.findElement(DefaultGenericMobileDriver.java:61)
	at io.appium.java_client.AppiumDriver.findElement(AppiumDriver.java:1)
	at io.appium.java_client.android.AndroidDriver.findElement(AndroidDriver.java:1)
	at org.openqa.selenium.remote.RemoteWebDriver.findElementByXPath(RemoteWebDriver.java:428)
	at io.appium.java_client.DefaultGenericMobileDriver.findElementByXPath(DefaultGenericMobileDriver.java:151)
	at io.appium.java_client.AppiumDriver.findElementByXPath(AppiumDriver.java:1)
	at io.appium.java_client.android.AndroidDriver.findElementByXPath(AndroidDriver.java:1)
	at org.openqa.selenium.By$ByXPath.findElement(By.java:353)
	at org.openqa.selenium.remote.RemoteWebDriver.findElement(RemoteWebDriver.java:315)
	at io.appium.java_client.DefaultGenericMobileDriver.findElement(DefaultGenericMobileDriver.java:57)
	at io.appium.java_client.AppiumDriver.findElement(AppiumDriver.java:1)
	at io.appium.java_client.android.AndroidDriver.findElement(AndroidDriver.java:1)
	at demo.pages.LoginPage.seeMessage(LoginPage.java:31)
	at demo.steps_definitions.LoginStepsDefinitions.UserSeeMessage(LoginStepsDefinitions.java:101)
	at ✽.User see message(file:///Users/sihalohoo/Desktop/DEBRIEF%202/DANADealsTESTING/src/test/resources/features/admin/VoucherDetail.feature:12)
?[0m
  ?[36mThen ?[0m?[36mUser is on Home Admin page?[0m                                                                                                                 ?[90m# demo.steps_definitions.LoginStepsDefinitions.userIsOnHomeAdminPage()?[0m
  ?[36mWhen ?[0m?[36mUser tap Voucher ?[0m?[36m?[1m"Adzuki Beansmhv"?[0m                                                                                                         ?[90m# demo.steps_definitions.VoucherDetailAdminStepsDefinitions.userTapVoucher(java.lang.String)?[0m
  ?[36mWhen ?[0m?[36mUser tap Status?[0m                                                                                                                            ?[90m# demo.steps_definitions.VoucherDetailAdminStepsDefinitions.userTapStatus()?[0m
  ?[36mWhen ?[0m?[36mUser tap Save?[0m                                                                                                                              ?[90m# demo.steps_definitions.VoucherDetailAdminStepsDefinitions.userTapSave()?[0m
  ?[36mThen ?[0m?[36mUser is on Home Admin page?[0m                                                                                                                 ?[90m# demo.steps_definitions.LoginStepsDefinitions.userIsOnHomeAdminPage()?[0m
  ?[36mWhen ?[0m?[36mUser tap Voucher ?[0m?[36m?[1m"Adzuki Beansmhv"?[0m                                                                                                         ?[90m# demo.steps_definitions.VoucherDetailAdminStepsDefinitions.userTapVoucher(java.lang.String)?[0m
  ?[36mWhen ?[0m?[36mUser input quota ?[0m?[36m?[1m" "?[0m                                                                                                                       ?[90m# demo.steps_definitions.VoucherDetailAdminStepsDefinitions.userInputQuota(java.lang.String)?[0m
  ?[36mWhen ?[0m?[36mUser tap Save?[0m                                                                                                                              ?[90m# demo.steps_definitions.VoucherDetailAdminStepsDefinitions.userTapSave()?[0m
  ?[36mThen ?[0m?[36mUser is on Voucher Detail page?[0m                                                                                                             ?[90m# demo.steps_definitions.VoucherDetailAdminStepsDefinitions.userIsOnVoucherDetailPage()?[0m
  ?[36mThen ?[0m?[36mUser see update status ?[0m?[36m?[1m"Active"?[0m                                                                                                            ?[90m# demo.steps_definitions.VoucherDetailAdminStepsDefinitions.userSeeUpdateStatus(java.lang.String)?[0m

    Embedding null [image/png 104176 bytes]


    Scenario Fail

  ?[32mGiven ?[0m?[32mUser is on Landing page?[0m                                                                     ?[90m# demo.steps_definitions.LoginStepsDefinitions.userIsOnLandingPage()?[0m
  ?[32mWhen ?[0m?[32mUser click Login to Account button?[0m                                                           ?[90m# demo.steps_definitions.LoginStepsDefinitions.userClickLoginToAccountButton()?[0m
  ?[32mThen ?[0m?[32mUser is on DANA Deals Login page?[0m                                                             ?[90m# demo.steps_definitions.LoginStepsDefinitions.userIsOnDANADealsLoginPage()?[0m
  ?[32mWhen ?[0m?[32mUser input ?[0m?[32m?[1m"87800000000"?[0m?[32m on phone number input field on login page?[0m                           ?[90m# demo.steps_definitions.LoginStepsDefinitions.userInputOnPhoneNumberInputFieldOnLoginPage(java.lang.String)?[0m
  ?[32mAnd ?[0m?[32mUser input ?[0m?[32m?[1m"P@ssw0rd"?[0m?[32m on password input field on login page?[0m                                   ?[90m# demo.steps_definitions.LoginStepsDefinitions.userInputOnPasswordInputFieldOnLoginPage(java.lang.String)?[0m
  ?[32mAnd ?[0m?[32mUser click Login button?[0m                                                                       ?[90m# demo.steps_definitions.LoginStepsDefinitions.userClickLoginButton()?[0m
  ?[31mThen ?[0m?[31mUser see message?[0m                                                                             ?[90m# demo.steps_definitions.LoginStepsDefinitions.UserSeeMessage()?[0m
      ?[31morg.openqa.selenium.NoSuchElementException: An element could not be located on the page using the given search parameters.
For documentation on this error, please visit: https://www.seleniumhq.org/exceptions/no_such_element.html
Build info: version: '3.141.59', revision: 'e82be7d358', time: '2018-11-14T08:17:03'
System info: host: 'DNID0651L01.local', ip: 'fe80:0:0:0:10ff:ecf3:d89:4ddc%en0', os.name: 'Mac OS X', os.arch: 'x86_64', os.version: '10.15.4', java.version: '11.0.6'
Driver info: io.appium.java_client.android.AndroidDriver
Capabilities {app: /Users/sihalohoo/Desktop/DE..., appPackage: com.team.danadeals, autoGrantPermissions: true, automationName: UIAutomator2, databaseEnabled: false, desired: {app: /Users/sihalohoo/Desktop/DE..., autoGrantPermissions: true, automationName: UIAutomator2, deviceName: device, newCommandTimeout: 120, platformName: android, udid: emulator-5554}, deviceApiLevel: 23, deviceManufacturer: unknown, deviceModel: Android SDK built for x86, deviceName: emulator-5554, deviceScreenDensity: 420, deviceScreenSize: 1080x1920, deviceUDID: emulator-5554, javascriptEnabled: true, locationContextEnabled: false, networkConnectionEnabled: true, newCommandTimeout: 120, pixelRatio: 2.625, platform: LINUX, platformName: Android, platformVersion: 6.0, statBarHeight: 63, takesScreenshot: true, udid: emulator-5554, viewportRect: {height: 1731, left: 0, top: 63, width: 1080}, warnings: {}, webStorageEnabled: false}
Session ID: c2ec8517-6948-4073-9f86-a80149efaa6e
*** Element info: {Using=xpath, value=//android.widget.Toast[1]}
	at java.base/jdk.internal.reflect.NativeConstructorAccessorImpl.newInstance0(Native Method)
	at java.base/jdk.internal.reflect.NativeConstructorAccessorImpl.newInstance(NativeConstructorAccessorImpl.java:62)
	at java.base/jdk.internal.reflect.DelegatingConstructorAccessorImpl.newInstance(DelegatingConstructorAccessorImpl.java:45)
	at java.base/java.lang.reflect.Constructor.newInstance(Constructor.java:490)
	at org.openqa.selenium.remote.http.W3CHttpResponseCodec.createException(W3CHttpResponseCodec.java:187)
	at org.openqa.selenium.remote.http.W3CHttpResponseCodec.decode(W3CHttpResponseCodec.java:122)
	at org.openqa.selenium.remote.http.W3CHttpResponseCodec.decode(W3CHttpResponseCodec.java:49)
	at org.openqa.selenium.remote.HttpCommandExecutor.execute(HttpCommandExecutor.java:158)
	at io.appium.java_client.remote.AppiumCommandExecutor.execute(AppiumCommandExecutor.java:239)
	at org.openqa.selenium.remote.RemoteWebDriver.execute(RemoteWebDriver.java:552)
	at io.appium.java_client.DefaultGenericMobileDriver.execute(DefaultGenericMobileDriver.java:41)
	at io.appium.java_client.AppiumDriver.execute(AppiumDriver.java:1)
	at io.appium.java_client.android.AndroidDriver.execute(AndroidDriver.java:1)
	at org.openqa.selenium.remote.RemoteWebDriver.findElement(RemoteWebDriver.java:323)
	at io.appium.java_client.DefaultGenericMobileDriver.findElement(DefaultGenericMobileDriver.java:61)
	at io.appium.java_client.AppiumDriver.findElement(AppiumDriver.java:1)
	at io.appium.java_client.android.AndroidDriver.findElement(AndroidDriver.java:1)
	at org.openqa.selenium.remote.RemoteWebDriver.findElementByXPath(RemoteWebDriver.java:428)
	at io.appium.java_client.DefaultGenericMobileDriver.findElementByXPath(DefaultGenericMobileDriver.java:151)
	at io.appium.java_client.AppiumDriver.findElementByXPath(AppiumDriver.java:1)
	at io.appium.java_client.android.AndroidDriver.findElementByXPath(AndroidDriver.java:1)
	at org.openqa.selenium.By$ByXPath.findElement(By.java:353)
	at org.openqa.selenium.remote.RemoteWebDriver.findElement(RemoteWebDriver.java:315)
	at io.appium.java_client.DefaultGenericMobileDriver.findElement(DefaultGenericMobileDriver.java:57)
	at io.appium.java_client.AppiumDriver.findElement(AppiumDriver.java:1)
	at io.appium.java_client.android.AndroidDriver.findElement(AndroidDriver.java:1)
	at demo.pages.LoginPage.seeMessage(LoginPage.java:31)
	at demo.steps_definitions.LoginStepsDefinitions.UserSeeMessage(LoginStepsDefinitions.java:101)
	at ✽.User see message(file:///Users/sihalohoo/Desktop/DEBRIEF%202/DANADealsTESTING/src/test/resources/features/admin/VoucherDetail.feature:12)
?[0m
  ?[36mThen ?[0m?[36mUser is on Home Admin page?[0m                                                                   ?[90m# demo.steps_definitions.LoginStepsDefinitions.userIsOnHomeAdminPage()?[0m
  ?[36mWhen ?[0m?[36mUser tap Voucher ?[0m?[36m?[1m"Chivesshlmd"?[0m                                                               ?[90m# demo.steps_definitions.VoucherDetailAdminStepsDefinitions.userTapVoucher(java.lang.String)?[0m
  ?[36mWhen ?[0m?[36mUser tap Status?[0m                                                                              ?[90m# demo.steps_definitions.VoucherDetailAdminStepsDefinitions.userTapStatus()?[0m
  ?[36mWhen ?[0m?[36mUser tap Save?[0m                                                                                ?[90m# demo.steps_definitions.VoucherDetailAdminStepsDefinitions.userTapSave()?[0m
  ?[36mThen ?[0m?[36mUser see message?[0m                                                                             ?[90m# demo.steps_definitions.LoginStepsDefinitions.UserSeeMessage()?[0m
  ?[36mThen ?[0m?[36mUser is on Voucher Detail page?[0m                                                               ?[90m# demo.steps_definitions.VoucherDetailAdminStepsDefinitions.userIsOnVoucherDetailPage()?[0m

    Embedding null [image/png 104641 bytes]


    Scenario Fail

  ?[32mGiven ?[0m?[32mUser is on Landing page?[0m                                                                                                         ?[90m# demo.steps_definitions.LoginStepsDefinitions.userIsOnLandingPage()?[0m
  ?[32mWhen ?[0m?[32mUser click Login to Account button?[0m                                                                                               ?[90m# demo.steps_definitions.LoginStepsDefinitions.userClickLoginToAccountButton()?[0m
  ?[32mThen ?[0m?[32mUser is on DANA Deals Login page?[0m                                                                                                 ?[90m# demo.steps_definitions.LoginStepsDefinitions.userIsOnDANADealsLoginPage()?[0m
  ?[32mWhen ?[0m?[32mUser input ?[0m?[32m?[1m"87800000000"?[0m?[32m on phone number input field on login page?[0m                                                               ?[90m# demo.steps_definitions.LoginStepsDefinitions.userInputOnPhoneNumberInputFieldOnLoginPage(java.lang.String)?[0m
  ?[32mAnd ?[0m?[32mUser input ?[0m?[32m?[1m"P@ssw0rd"?[0m?[32m on password input field on login page?[0m                                                                       ?[90m# demo.steps_definitions.LoginStepsDefinitions.userInputOnPasswordInputFieldOnLoginPage(java.lang.String)?[0m
  ?[32mAnd ?[0m?[32mUser click Login button?[0m                                                                                                           ?[90m# demo.steps_definitions.LoginStepsDefinitions.userClickLoginButton()?[0m
  ?[32mThen ?[0m?[32mUser see message?[0m                                                                                                                 ?[90m# demo.steps_definitions.LoginStepsDefinitions.UserSeeMessage()?[0m
  ?[32mThen ?[0m?[32mUser is on Home Admin page?[0m                                                                                                       ?[90m# demo.steps_definitions.LoginStepsDefinitions.userIsOnHomeAdminPage()?[0m
  ?[32mWhen ?[0m?[32mUser tap Voucher ?[0m?[32m?[1m"Chivesshlmd"?[0m                                                                                                   ?[90m# demo.steps_definitions.VoucherDetailAdminStepsDefinitions.userTapVoucher(java.lang.String)?[0m
  ?[32mWhen ?[0m?[32mUser tap Status?[0m                                                                                                                  ?[90m# demo.steps_definitions.VoucherDetailAdminStepsDefinitions.userTapStatus()?[0m
  ?[32mWhen ?[0m?[32mUser tap Save?[0m                                                                                                                    ?[90m# demo.steps_definitions.VoucherDetailAdminStepsDefinitions.userTapSave()?[0m
  ?[32mThen ?[0m?[32mUser see message?[0m                                                                                                                 ?[90m# demo.steps_definitions.LoginStepsDefinitions.UserSeeMessage()?[0m
  ?[32mThen ?[0m?[32mUser is on Voucher Detail page?[0m                                                                                                   ?[90m# demo.steps_definitions.VoucherDetailAdminStepsDefinitions.userIsOnVoucherDetailPage()?[0m
  ?[32mWhen ?[0m?[32mUser input quota ?[0m?[32m?[1m"8"?[0m                                                                                                             ?[90m# demo.steps_definitions.VoucherDetailAdminStepsDefinitions.userInputQuota(java.lang.String)?[0m
  ?[32mWhen ?[0m?[32mUser tap Save?[0m                                                                                                                    ?[90m# demo.steps_definitions.VoucherDetailAdminStepsDefinitions.userTapSave()?[0m
  ?[32mThen ?[0m?[32mUser is on Voucher Detail page?[0m                                                                                                   ?[90m# demo.steps_definitions.VoucherDetailAdminStepsDefinitions.userIsOnVoucherDetailPage()?[0m
  ?[32mGiven ?[0m?[32mUser is on Landing page?[0m                                                                                                             ?[90m# demo.steps_definitions.LoginStepsDefinitions.userIsOnLandingPage()?[0m
  ?[32mWhen ?[0m?[32mUser click Login to Account button?[0m                                                                                                   ?[90m# demo.steps_definitions.LoginStepsDefinitions.userClickLoginToAccountButton()?[0m
  ?[32mThen ?[0m?[32mUser is on DANA Deals Login page?[0m                                                                                                     ?[90m# demo.steps_definitions.LoginStepsDefinitions.userIsOnDANADealsLoginPage()?[0m
  ?[32mWhen ?[0m?[32mUser input ?[0m?[32m?[1m"87800000000"?[0m?[32m on phone number input field on login page?[0m                                                                   ?[90m# demo.steps_definitions.LoginStepsDefinitions.userInputOnPhoneNumberInputFieldOnLoginPage(java.lang.String)?[0m
  ?[32mAnd ?[0m?[32mUser input ?[0m?[32m?[1m"P@ssw0rd"?[0m?[32m on password input field on login page?[0m                                                                           ?[90m# demo.steps_definitions.LoginStepsDefinitions.userInputOnPasswordInputFieldOnLoginPage(java.lang.String)?[0m
  ?[32mAnd ?[0m?[32mUser click Login button?[0m                                                                                                               ?[90m# demo.steps_definitions.LoginStepsDefinitions.userClickLoginButton()?[0m
  ?[32mThen ?[0m?[32mUser see message?[0m                                                                                                                     ?[90m# demo.steps_definitions.LoginStepsDefinitions.UserSeeMessage()?[0m
  ?[32mThen ?[0m?[32mUser is on Home Admin page?[0m                                                                                                           ?[90m# demo.steps_definitions.LoginStepsDefinitions.userIsOnHomeAdminPage()?[0m
  ?[31mWhen ?[0m?[31mUser tap Voucher ?[0m?[31m?[1m"Chivesshlmd"?[0m                                                                                                       ?[90m# demo.steps_definitions.VoucherDetailAdminStepsDefinitions.userTapVoucher(java.lang.String)?[0m
      ?[31morg.openqa.selenium.NoSuchElementException: An element could not be located on the page using the given search parameters.
For documentation on this error, please visit: https://www.seleniumhq.org/exceptions/no_such_element.html
Build info: version: '3.141.59', revision: 'e82be7d358', time: '2018-11-14T08:17:03'
System info: host: 'DNID0651L01.local', ip: 'fe80:0:0:0:10ff:ecf3:d89:4ddc%en0', os.name: 'Mac OS X', os.arch: 'x86_64', os.version: '10.15.4', java.version: '11.0.6'
Driver info: io.appium.java_client.android.AndroidDriver
Capabilities {app: /Users/sihalohoo/Desktop/DE..., appPackage: com.team.danadeals, autoGrantPermissions: true, automationName: UIAutomator2, databaseEnabled: false, desired: {app: /Users/sihalohoo/Desktop/DE..., autoGrantPermissions: true, automationName: UIAutomator2, deviceName: device, newCommandTimeout: 120, platformName: android, udid: emulator-5554}, deviceApiLevel: 23, deviceManufacturer: unknown, deviceModel: Android SDK built for x86, deviceName: emulator-5554, deviceScreenDensity: 420, deviceScreenSize: 1080x1920, deviceUDID: emulator-5554, javascriptEnabled: true, locationContextEnabled: false, networkConnectionEnabled: true, newCommandTimeout: 120, pixelRatio: 2.625, platform: LINUX, platformName: Android, platformVersion: 6.0, statBarHeight: 63, takesScreenshot: true, udid: emulator-5554, viewportRect: {height: 1731, left: 0, top: 63, width: 1080}, warnings: {}, webStorageEnabled: false}
Session ID: c594e528-e86d-49cc-a304-5b08b17c19a7
*** Element info: {Using=id, value=rv_admin}
	at java.base/jdk.internal.reflect.NativeConstructorAccessorImpl.newInstance0(Native Method)
	at java.base/jdk.internal.reflect.NativeConstructorAccessorImpl.newInstance(NativeConstructorAccessorImpl.java:62)
	at java.base/jdk.internal.reflect.DelegatingConstructorAccessorImpl.newInstance(DelegatingConstructorAccessorImpl.java:45)
	at java.base/java.lang.reflect.Constructor.newInstance(Constructor.java:490)
	at org.openqa.selenium.remote.http.W3CHttpResponseCodec.createException(W3CHttpResponseCodec.java:187)
	at org.openqa.selenium.remote.http.W3CHttpResponseCodec.decode(W3CHttpResponseCodec.java:122)
	at org.openqa.selenium.remote.http.W3CHttpResponseCodec.decode(W3CHttpResponseCodec.java:49)
	at org.openqa.selenium.remote.HttpCommandExecutor.execute(HttpCommandExecutor.java:158)
	at io.appium.java_client.remote.AppiumCommandExecutor.execute(AppiumCommandExecutor.java:239)
	at org.openqa.selenium.remote.RemoteWebDriver.execute(RemoteWebDriver.java:552)
	at io.appium.java_client.DefaultGenericMobileDriver.execute(DefaultGenericMobileDriver.java:41)
	at io.appium.java_client.AppiumDriver.execute(AppiumDriver.java:1)
	at io.appium.java_client.android.AndroidDriver.execute(AndroidDriver.java:1)
	at org.openqa.selenium.remote.RemoteWebDriver.findElement(RemoteWebDriver.java:323)
	at io.appium.java_client.DefaultGenericMobileDriver.findElement(DefaultGenericMobileDriver.java:61)
	at io.appium.java_client.AppiumDriver.findElement(AppiumDriver.java:1)
	at io.appium.java_client.android.AndroidDriver.findElement(AndroidDriver.java:1)
	at org.openqa.selenium.remote.RemoteWebDriver.findElementById(RemoteWebDriver.java:372)
	at io.appium.java_client.DefaultGenericMobileDriver.findElementById(DefaultGenericMobileDriver.java:69)
	at io.appium.java_client.AppiumDriver.findElementById(AppiumDriver.java:1)
	at io.appium.java_client.android.AndroidDriver.findElementById(AndroidDriver.java:1)
	at org.openqa.selenium.By$ById.findElement(By.java:188)
	at org.openqa.selenium.remote.RemoteWebDriver.findElement(RemoteWebDriver.java:315)
	at io.appium.java_client.DefaultGenericMobileDriver.findElement(DefaultGenericMobileDriver.java:57)
	at io.appium.java_client.AppiumDriver.findElement(AppiumDriver.java:1)
	at io.appium.java_client.android.AndroidDriver.findElement(AndroidDriver.java:1)
	at demo.pages.admin.HomeAdminPage.scrollDown(HomeAdminPage.java:66)
	at demo.pages.admin.HomeAdminPage.tapVoucher(HomeAdminPage.java:55)
	at demo.steps_definitions.VoucherDetailAdminStepsDefinitions.userTapVoucher(VoucherDetailAdminStepsDefinitions.java:66)
	at ✽.User tap Voucher "Chivesshlmd"(file:///Users/sihalohoo/Desktop/DEBRIEF%202/DANADealsTESTING/src/test/resources/features/admin/VoucherDetail.feature:718)
?[0m
  ?[36mWhen ?[0m?[36mUser tap Status?[0m                                                                                                                      ?[90m# demo.steps_definitions.VoucherDetailAdminStepsDefinitions.userTapStatus()?[0m
  ?[36mWhen ?[0m?[36mUser tap Save?[0m                                                                                                                        ?[90m# demo.steps_definitions.VoucherDetailAdminStepsDefinitions.userTapSave()?[0m
  ?[36mThen ?[0m?[36mUser see message?[0m                                                                                                                     ?[90m# demo.steps_definitions.LoginStepsDefinitions.UserSeeMessage()?[0m
  ?[36mThen ?[0m?[36mUser is on Voucher Detail page?[0m                                                                                                       ?[90m# demo.steps_definitions.VoucherDetailAdminStepsDefinitions.userIsOnVoucherDetailPage()?[0m
  ?[36mWhen ?[0m?[36mUser tap Increase?[0m                                                                                                                    ?[90m# demo.steps_definitions.VoucherDetailAdminStepsDefinitions.userTapIncrease()?[0m
  ?[36mWhen ?[0m?[36mUser tap Save?[0m                                                                                                                        ?[90m# demo.steps_definitions.VoucherDetailAdminStepsDefinitions.userTapSave()?[0m
  ?[36mThen ?[0m?[36mUser is on Voucher Detail page?[0m                                                                                                       ?[90m# demo.steps_definitions.VoucherDetailAdminStepsDefinitions.userIsOnVoucherDetailPage()?[0m

    Embedding null [image/png 36359 bytes]


    Scenario Fail

  ?[32mGiven ?[0m?[32mUser is on Landing page?[0m                                                                                                                                    ?[90m# demo.steps_definitions.LoginStepsDefinitions.userIsOnLandingPage()?[0m
  ?[32mWhen ?[0m?[32mUser click Login to Account button?[0m                                                                                                                          ?[90m# demo.steps_definitions.LoginStepsDefinitions.userClickLoginToAccountButton()?[0m
  ?[32mThen ?[0m?[32mUser is on DANA Deals Login page?[0m                                                                                                                            ?[90m# demo.steps_definitions.LoginStepsDefinitions.userIsOnDANADealsLoginPage()?[0m
  ?[32mWhen ?[0m?[32mUser input ?[0m?[32m?[1m"87800000000"?[0m?[32m on phone number input field on login page?[0m                                                                                          ?[90m# demo.steps_definitions.LoginStepsDefinitions.userInputOnPhoneNumberInputFieldOnLoginPage(java.lang.String)?[0m
  ?[32mAnd ?[0m?[32mUser input ?[0m?[32m?[1m"P@ssw0rd"?[0m?[32m on password input field on login page?[0m                                                                                                  ?[90m# demo.steps_definitions.LoginStepsDefinitions.userInputOnPasswordInputFieldOnLoginPage(java.lang.String)?[0m
  ?[32mAnd ?[0m?[32mUser click Login button?[0m                                                                                                                                      ?[90m# demo.steps_definitions.LoginStepsDefinitions.userClickLoginButton()?[0m
  ?[32mThen ?[0m?[32mUser see message?[0m                                                                                                                                            ?[90m# demo.steps_definitions.LoginStepsDefinitions.UserSeeMessage()?[0m
  ?[32mThen ?[0m?[32mUser is on Home Admin page?[0m                                                                                                                                  ?[90m# demo.steps_definitions.LoginStepsDefinitions.userIsOnHomeAdminPage()?[0m
  ?[32mWhen ?[0m?[32mUser tap Voucher ?[0m?[32m?[1m"Chivesshlmd"?[0m                                                                                                                              ?[90m# demo.steps_definitions.VoucherDetailAdminStepsDefinitions.userTapVoucher(java.lang.String)?[0m
  ?[32mWhen ?[0m?[32mUser tap Status?[0m                                                                                                                                             ?[90m# demo.steps_definitions.VoucherDetailAdminStepsDefinitions.userTapStatus()?[0m
  ?[32mWhen ?[0m?[32mUser tap Save?[0m                                                                                                                                               ?[90m# demo.steps_definitions.VoucherDetailAdminStepsDefinitions.userTapSave()?[0m
  ?[32mThen ?[0m?[32mUser see message?[0m                                                                                                                                            ?[90m# demo.steps_definitions.LoginStepsDefinitions.UserSeeMessage()?[0m
  ?[32mThen ?[0m?[32mUser is on Voucher Detail page?[0m                                                                                                                              ?[90m# demo.steps_definitions.VoucherDetailAdminStepsDefinitions.userIsOnVoucherDetailPage()?[0m
  ?[32mWhen ?[0m?[32mUser input quota ?[0m?[32m?[1m"8"?[0m                                                                                                                                        ?[90m# demo.steps_definitions.VoucherDetailAdminStepsDefinitions.userInputQuota(java.lang.String)?[0m
  ?[32mWhen ?[0m?[32mUser tap Save?[0m                                                                                                                                               ?[90m# demo.steps_definitions.VoucherDetailAdminStepsDefinitions.userTapSave()?[0m
  ?[32mThen ?[0m?[32mUser is on Voucher Detail page?[0m                                                                                                                              ?[90m# demo.steps_definitions.VoucherDetailAdminStepsDefinitions.userIsOnVoucherDetailPage()?[0m
  ?[32mGiven ?[0m?[32mUser is on Landing page?[0m                                                                                                                      ?[90m# demo.steps_definitions.LoginStepsDefinitions.userIsOnLandingPage()?[0m
  ?[32mWhen ?[0m?[32mUser click Login to Account button?[0m                                                                                                            ?[90m# demo.steps_definitions.LoginStepsDefinitions.userClickLoginToAccountButton()?[0m
  ?[32mThen ?[0m?[32mUser is on DANA Deals Login page?[0m                                                                                                              ?[90m# demo.steps_definitions.LoginStepsDefinitions.userIsOnDANADealsLoginPage()?[0m
  ?[32mWhen ?[0m?[32mUser input ?[0m?[32m?[1m"87800000000"?[0m?[32m on phone number input field on login page?[0m                                                                            ?[90m# demo.steps_definitions.LoginStepsDefinitions.userInputOnPhoneNumberInputFieldOnLoginPage(java.lang.String)?[0m
  ?[32mAnd ?[0m?[32mUser input ?[0m?[32m?[1m"P@ssw0rd"?[0m?[32m on password input field on login page?[0m                                                                                    ?[90m# demo.steps_definitions.LoginStepsDefinitions.userInputOnPasswordInputFieldOnLoginPage(java.lang.String)?[0m
  ?[32mAnd ?[0m?[32mUser click Login button?[0m                                                                                                                        ?[90m# demo.steps_definitions.LoginStepsDefinitions.userClickLoginButton()?[0m
  ?[32mThen ?[0m?[32mUser see message?[0m                                                                                                                              ?[90m# demo.steps_definitions.LoginStepsDefinitions.UserSeeMessage()?[0m
  ?[32mThen ?[0m?[32mUser is on Home Admin page?[0m                                                                                                                    ?[90m# demo.steps_definitions.LoginStepsDefinitions.userIsOnHomeAdminPage()?[0m
  ?[31mWhen ?[0m?[31mUser tap Voucher ?[0m?[31m?[1m"Chivesshlmd"?[0m                                                                                                                ?[90m# demo.steps_definitions.VoucherDetailAdminStepsDefinitions.userTapVoucher(java.lang.String)?[0m
      ?[31morg.openqa.selenium.NoSuchElementException: An element could not be located on the page using the given search parameters.
For documentation on this error, please visit: https://www.seleniumhq.org/exceptions/no_such_element.html
Build info: version: '3.141.59', revision: 'e82be7d358', time: '2018-11-14T08:17:03'
System info: host: 'DNID0651L01.local', ip: 'fe80:0:0:0:10ff:ecf3:d89:4ddc%en0', os.name: 'Mac OS X', os.arch: 'x86_64', os.version: '10.15.4', java.version: '11.0.6'
Driver info: io.appium.java_client.android.AndroidDriver
Capabilities {app: /Users/sihalohoo/Desktop/DE..., appPackage: com.team.danadeals, autoGrantPermissions: true, automationName: UIAutomator2, databaseEnabled: false, desired: {app: /Users/sihalohoo/Desktop/DE..., autoGrantPermissions: true, automationName: UIAutomator2, deviceName: device, newCommandTimeout: 120, platformName: android, udid: emulator-5554}, deviceApiLevel: 23, deviceManufacturer: unknown, deviceModel: Android SDK built for x86, deviceName: emulator-5554, deviceScreenDensity: 420, deviceScreenSize: 1080x1920, deviceUDID: emulator-5554, javascriptEnabled: true, locationContextEnabled: false, networkConnectionEnabled: true, newCommandTimeout: 120, pixelRatio: 2.625, platform: LINUX, platformName: Android, platformVersion: 6.0, statBarHeight: 63, takesScreenshot: true, udid: emulator-5554, viewportRect: {height: 1731, left: 0, top: 63, width: 1080}, warnings: {}, webStorageEnabled: false}
Session ID: ebb3e665-be41-4032-9e74-8c2174419e6e
*** Element info: {Using=id, value=rv_admin}
	at java.base/jdk.internal.reflect.NativeConstructorAccessorImpl.newInstance0(Native Method)
	at java.base/jdk.internal.reflect.NativeConstructorAccessorImpl.newInstance(NativeConstructorAccessorImpl.java:62)
	at java.base/jdk.internal.reflect.DelegatingConstructorAccessorImpl.newInstance(DelegatingConstructorAccessorImpl.java:45)
	at java.base/java.lang.reflect.Constructor.newInstance(Constructor.java:490)
	at org.openqa.selenium.remote.http.W3CHttpResponseCodec.createException(W3CHttpResponseCodec.java:187)
	at org.openqa.selenium.remote.http.W3CHttpResponseCodec.decode(W3CHttpResponseCodec.java:122)
	at org.openqa.selenium.remote.http.W3CHttpResponseCodec.decode(W3CHttpResponseCodec.java:49)
	at org.openqa.selenium.remote.HttpCommandExecutor.execute(HttpCommandExecutor.java:158)
	at io.appium.java_client.remote.AppiumCommandExecutor.execute(AppiumCommandExecutor.java:239)
	at org.openqa.selenium.remote.RemoteWebDriver.execute(RemoteWebDriver.java:552)
	at io.appium.java_client.DefaultGenericMobileDriver.execute(DefaultGenericMobileDriver.java:41)
	at io.appium.java_client.AppiumDriver.execute(AppiumDriver.java:1)
	at io.appium.java_client.android.AndroidDriver.execute(AndroidDriver.java:1)
	at org.openqa.selenium.remote.RemoteWebDriver.findElement(RemoteWebDriver.java:323)
	at io.appium.java_client.DefaultGenericMobileDriver.findElement(DefaultGenericMobileDriver.java:61)
	at io.appium.java_client.AppiumDriver.findElement(AppiumDriver.java:1)
	at io.appium.java_client.android.AndroidDriver.findElement(AndroidDriver.java:1)
	at org.openqa.selenium.remote.RemoteWebDriver.findElementById(RemoteWebDriver.java:372)
	at io.appium.java_client.DefaultGenericMobileDriver.findElementById(DefaultGenericMobileDriver.java:69)
	at io.appium.java_client.AppiumDriver.findElementById(AppiumDriver.java:1)
	at io.appium.java_client.android.AndroidDriver.findElementById(AndroidDriver.java:1)
	at org.openqa.selenium.By$ById.findElement(By.java:188)
	at org.openqa.selenium.remote.RemoteWebDriver.findElement(RemoteWebDriver.java:315)
	at io.appium.java_client.DefaultGenericMobileDriver.findElement(DefaultGenericMobileDriver.java:57)
	at io.appium.java_client.AppiumDriver.findElement(AppiumDriver.java:1)
	at io.appium.java_client.android.AndroidDriver.findElement(AndroidDriver.java:1)
	at demo.pages.admin.HomeAdminPage.scrollDown(HomeAdminPage.java:66)
	at demo.pages.admin.HomeAdminPage.tapVoucher(HomeAdminPage.java:55)
	at demo.steps_definitions.VoucherDetailAdminStepsDefinitions.userTapVoucher(VoucherDetailAdminStepsDefinitions.java:66)
	at ✽.User tap Voucher "Chivesshlmd"(file:///Users/sihalohoo/Desktop/DEBRIEF%202/DANADealsTESTING/src/test/resources/features/admin/VoucherDetail.feature:741)
?[0m
  ?[36mWhen ?[0m?[36mUser tap Status?[0m                                                                                                                               ?[90m# demo.steps_definitions.VoucherDetailAdminStepsDefinitions.userTapStatus()?[0m
  ?[36mWhen ?[0m?[36mUser tap Save?[0m                                                                                                                                 ?[90m# demo.steps_definitions.VoucherDetailAdminStepsDefinitions.userTapSave()?[0m
  ?[36mThen ?[0m?[36mUser see message?[0m                                                                                                                              ?[90m# demo.steps_definitions.LoginStepsDefinitions.UserSeeMessage()?[0m
  ?[36mThen ?[0m?[36mUser is on Voucher Detail page?[0m                                                                                                                ?[90m# demo.steps_definitions.VoucherDetailAdminStepsDefinitions.userIsOnVoucherDetailPage()?[0m
  ?[36mWhen ?[0m?[36mUser input quota ?[0m?[36m?[1m" "?[0m                                                                                                                          ?[90m# demo.steps_definitions.VoucherDetailAdminStepsDefinitions.userInputQuota(java.lang.String)?[0m
  ?[36mWhen ?[0m?[36mUser tap Save?[0m                                                                                                                                 ?[90m# demo.steps_definitions.VoucherDetailAdminStepsDefinitions.userTapSave()?[0m
  ?[36mThen ?[0m?[36mUser is on Voucher Detail page?[0m                                                                                                                ?[90m# demo.steps_definitions.VoucherDetailAdminStepsDefinitions.userIsOnVoucherDetailPage()?[0m

    Embedding null [image/png 37223 bytes]


    Scenario Fail

  ?[32mGiven ?[0m?[32mUser is on Landing page?[0m                                           ?[90m# demo.steps_definitions.LoginStepsDefinitions.userIsOnLandingPage()?[0m
  ?[32mWhen ?[0m?[32mUser click Login to Account button?[0m                                 ?[90m# demo.steps_definitions.LoginStepsDefinitions.userClickLoginToAccountButton()?[0m
  ?[32mThen ?[0m?[32mUser is on DANA Deals Login page?[0m                                   ?[90m# demo.steps_definitions.LoginStepsDefinitions.userIsOnDANADealsLoginPage()?[0m
  ?[32mWhen ?[0m?[32mUser input ?[0m?[32m?[1m"87800000000"?[0m?[32m on phone number input field on login page?[0m ?[90m# demo.steps_definitions.LoginStepsDefinitions.userInputOnPhoneNumberInputFieldOnLoginPage(java.lang.String)?[0m
  ?[32mAnd ?[0m?[32mUser input ?[0m?[32m?[1m"P@ssw0rd"?[0m?[32m on password input field on login page?[0m         ?[90m# demo.steps_definitions.LoginStepsDefinitions.userInputOnPasswordInputFieldOnLoginPage(java.lang.String)?[0m
  ?[32mAnd ?[0m?[32mUser click Login button?[0m                                             ?[90m# demo.steps_definitions.LoginStepsDefinitions.userClickLoginButton()?[0m
  ?[32mThen ?[0m?[32mUser see message?[0m                                                   ?[90m# demo.steps_definitions.LoginStepsDefinitions.UserSeeMessage()?[0m
  ?[32mThen ?[0m?[32mUser is on Home Admin page?[0m                                         ?[90m# demo.steps_definitions.LoginStepsDefinitions.userIsOnHomeAdminPage()?[0m
  ?[31mWhen ?[0m?[31mUser tap any voucher?[0m                                               ?[90m# demo.steps_definitions.VoucherDetailAdminStepsDefinitions.userTapAnyVoucher()?[0m
      ?[31morg.openqa.selenium.NoSuchElementException: An element could not be located on the page using the given search parameters.
For documentation on this error, please visit: https://www.seleniumhq.org/exceptions/no_such_element.html
Build info: version: '3.141.59', revision: 'e82be7d358', time: '2018-11-14T08:17:03'
System info: host: 'DNID0651L01.local', ip: 'fe80:0:0:0:10ff:ecf3:d89:4ddc%en0', os.name: 'Mac OS X', os.arch: 'x86_64', os.version: '10.15.4', java.version: '11.0.6'
Driver info: io.appium.java_client.android.AndroidDriver
Capabilities {app: /Users/sihalohoo/Desktop/DE..., appPackage: com.team.danadeals, autoGrantPermissions: true, automationName: UIAutomator2, databaseEnabled: false, desired: {app: /Users/sihalohoo/Desktop/DE..., autoGrantPermissions: true, automationName: UIAutomator2, deviceName: device, newCommandTimeout: 120, platformName: android, udid: emulator-5554}, deviceApiLevel: 23, deviceManufacturer: unknown, deviceModel: Android SDK built for x86, deviceName: emulator-5554, deviceScreenDensity: 420, deviceScreenSize: 1080x1920, deviceUDID: emulator-5554, javascriptEnabled: true, locationContextEnabled: false, networkConnectionEnabled: true, newCommandTimeout: 120, pixelRatio: 2.625, platform: LINUX, platformName: Android, platformVersion: 6.0, statBarHeight: 63, takesScreenshot: true, udid: emulator-5554, viewportRect: {height: 1731, left: 0, top: 63, width: 1080}, warnings: {}, webStorageEnabled: false}
Session ID: 78f96f03-149b-4870-add7-d2a263a6b7f6
*** Element info: {Using=id, value=rv_voucher}
	at java.base/jdk.internal.reflect.NativeConstructorAccessorImpl.newInstance0(Native Method)
	at java.base/jdk.internal.reflect.NativeConstructorAccessorImpl.newInstance(NativeConstructorAccessorImpl.java:62)
	at java.base/jdk.internal.reflect.DelegatingConstructorAccessorImpl.newInstance(DelegatingConstructorAccessorImpl.java:45)
	at java.base/java.lang.reflect.Constructor.newInstance(Constructor.java:490)
	at org.openqa.selenium.remote.http.W3CHttpResponseCodec.createException(W3CHttpResponseCodec.java:187)
	at org.openqa.selenium.remote.http.W3CHttpResponseCodec.decode(W3CHttpResponseCodec.java:122)
	at org.openqa.selenium.remote.http.W3CHttpResponseCodec.decode(W3CHttpResponseCodec.java:49)
	at org.openqa.selenium.remote.HttpCommandExecutor.execute(HttpCommandExecutor.java:158)
	at io.appium.java_client.remote.AppiumCommandExecutor.execute(AppiumCommandExecutor.java:239)
	at org.openqa.selenium.remote.RemoteWebDriver.execute(RemoteWebDriver.java:552)
	at io.appium.java_client.DefaultGenericMobileDriver.execute(DefaultGenericMobileDriver.java:41)
	at io.appium.java_client.AppiumDriver.execute(AppiumDriver.java:1)
	at io.appium.java_client.android.AndroidDriver.execute(AndroidDriver.java:1)
	at org.openqa.selenium.remote.RemoteWebDriver.findElement(RemoteWebDriver.java:323)
	at io.appium.java_client.DefaultGenericMobileDriver.findElement(DefaultGenericMobileDriver.java:61)
	at io.appium.java_client.AppiumDriver.findElement(AppiumDriver.java:1)
	at io.appium.java_client.android.AndroidDriver.findElement(AndroidDriver.java:1)
	at org.openqa.selenium.remote.RemoteWebDriver.findElementById(RemoteWebDriver.java:372)
	at io.appium.java_client.DefaultGenericMobileDriver.findElementById(DefaultGenericMobileDriver.java:69)
	at io.appium.java_client.AppiumDriver.findElementById(AppiumDriver.java:1)
	at io.appium.java_client.android.AndroidDriver.findElementById(AndroidDriver.java:1)
	at org.openqa.selenium.By$ById.findElement(By.java:188)
	at org.openqa.selenium.remote.RemoteWebDriver.findElement(RemoteWebDriver.java:315)
	at io.appium.java_client.DefaultGenericMobileDriver.findElement(DefaultGenericMobileDriver.java:57)
	at io.appium.java_client.AppiumDriver.findElement(AppiumDriver.java:1)
	at io.appium.java_client.android.AndroidDriver.findElement(AndroidDriver.java:1)
	at demo.utils.ActionUtils.tapElement(ActionUtils.java:23)
	at demo.pages.admin.HomeAdminPage.tapAnyVoucher(HomeAdminPage.java:33)
	at demo.steps_definitions.VoucherDetailAdminStepsDefinitions.userTapAnyVoucher(VoucherDetailAdminStepsDefinitions.java:19)
	at ✽.User tap any voucher(file:///Users/sihalohoo/Desktop/DEBRIEF%202/DANADealsTESTING/src/test/resources/features/admin/VoucherDetail.feature:754)
?[0m
  ?[36mThen ?[0m?[36mUser is on Voucher Detail page?[0m                                     ?[90m# demo.steps_definitions.VoucherDetailAdminStepsDefinitions.userIsOnVoucherDetailPage()?[0m
  ?[36mThen ?[0m?[36mUser see status textview?[0m                                           ?[90m# demo.steps_definitions.VoucherDetailAdminStepsDefinitions.userSeeStatusTextview()?[0m
  ?[36mThen ?[0m?[36mUser see voucher name textview?[0m                                     ?[90m# demo.steps_definitions.VoucherDetailAdminStepsDefinitions.userSeeVoucherNameTextview()?[0m
  ?[36mThen ?[0m?[36mUser see merchant id textview?[0m                                      ?[90m# demo.steps_definitions.VoucherDetailAdminStepsDefinitions.userSeeMerchantIdTextview()?[0m
  ?[36mThen ?[0m?[36mUser see discount textview?[0m                                         ?[90m# demo.steps_definitions.VoucherDetailAdminStepsDefinitions.userSeeDiscountTextview()?[0m
  ?[36mThen ?[0m?[36mUser see max discount textview?[0m                                     ?[90m# demo.steps_definitions.VoucherDetailAdminStepsDefinitions.userSeeMaxDiscountTextview()?[0m
  ?[36mThen ?[0m?[36mUser see voucher price textview?[0m                                    ?[90m# demo.steps_definitions.VoucherDetailAdminStepsDefinitions.userSeeVoucherPriceTextview()?[0m
  ?[36mThen ?[0m?[36mUser see expired textview?[0m                                          ?[90m# demo.steps_definitions.VoucherDetailAdminStepsDefinitions.userSeeExpiredTextview()?[0m
  ?[36mThen ?[0m?[36mUser see quota input textfield?[0m                                     ?[90m# demo.steps_definitions.VoucherDetailAdminStepsDefinitions.userSeeQuotaInputTextfield()?[0m
  ?[36mThen ?[0m?[36mUser see increase button?[0m                                           ?[90m# demo.steps_definitions.VoucherDetailAdminStepsDefinitions.userSeeIncreaseButton()?[0m
  ?[36mThen ?[0m?[36mUser see save button?[0m                                               ?[90m# demo.steps_definitions.VoucherDetailAdminStepsDefinitions.userSeeSaveButton()?[0m

    Embedding null [image/png 142277 bytes]


    Scenario Fail

  ?[32mGiven ?[0m?[32mUser is on Landing page?[0m                                           ?[90m# demo.steps_definitions.LoginStepsDefinitions.userIsOnLandingPage()?[0m
  ?[32mWhen ?[0m?[32mUser click Login to Account button?[0m                                 ?[90m# demo.steps_definitions.LoginStepsDefinitions.userClickLoginToAccountButton()?[0m
  ?[32mThen ?[0m?[32mUser is on DANA Deals Login page?[0m                                   ?[90m# demo.steps_definitions.LoginStepsDefinitions.userIsOnDANADealsLoginPage()?[0m
  ?[32mWhen ?[0m?[32mUser input ?[0m?[32m?[1m"87800000000"?[0m?[32m on phone number input field on login page?[0m ?[90m# demo.steps_definitions.LoginStepsDefinitions.userInputOnPhoneNumberInputFieldOnLoginPage(java.lang.String)?[0m
  ?[32mAnd ?[0m?[32mUser input ?[0m?[32m?[1m"P@ssw0rd"?[0m?[32m on password input field on login page?[0m         ?[90m# demo.steps_definitions.LoginStepsDefinitions.userInputOnPasswordInputFieldOnLoginPage(java.lang.String)?[0m
  ?[32mAnd ?[0m?[32mUser click Login button?[0m                                             ?[90m# demo.steps_definitions.LoginStepsDefinitions.userClickLoginButton()?[0m
  ?[32mThen ?[0m?[32mUser see message?[0m                                                   ?[90m# demo.steps_definitions.LoginStepsDefinitions.UserSeeMessage()?[0m
  ?[32mThen ?[0m?[32mUser is on Home Admin page?[0m                                         ?[90m# demo.steps_definitions.LoginStepsDefinitions.userIsOnHomeAdminPage()?[0m
  ?[31mGiven ?[0m?[31mUser is on Landing page?[0m                                           ?[90m# demo.steps_definitions.LoginStepsDefinitions.userIsOnLandingPage()?[0m
      ?[31morg.openqa.selenium.TimeoutException: Expected condition failed: waiting for presence of element located by: By.id: btn_create_account (tried for 15 second(s) with 500 milliseconds interval)
	at org.openqa.selenium.support.ui.WebDriverWait.timeoutException(WebDriverWait.java:95)
	at org.openqa.selenium.support.ui.FluentWait.until(FluentWait.java:272)
	at demo.utils.ActionUtils.waitElement(ActionUtils.java:15)
	at demo.pages.LandingPage.isOnPage(LandingPage.java:8)
	at demo.steps_definitions.LoginStepsDefinitions.userIsOnLandingPage(LoginStepsDefinitions.java:33)
	at ✽.User is on Landing page(file:///Users/sihalohoo/Desktop/DEBRIEF%202/DANADealsTESTING/src/test/resources/features/admin/VoucherDetail.feature:771)
Caused by: org.openqa.selenium.NoSuchElementException: An element could not be located on the page using the given search parameters.
For documentation on this error, please visit: https://www.seleniumhq.org/exceptions/no_such_element.html
Build info: version: '3.141.59', revision: 'e82be7d358', time: '2018-11-14T08:17:03'
System info: host: 'DNID0651L01.local', ip: 'fe80:0:0:0:10ff:ecf3:d89:4ddc%en0', os.name: 'Mac OS X', os.arch: 'x86_64', os.version: '10.15.4', java.version: '11.0.6'
Driver info: io.appium.java_client.android.AndroidDriver
Capabilities {app: /Users/sihalohoo/Desktop/DE..., appPackage: com.team.danadeals, autoGrantPermissions: true, automationName: UIAutomator2, databaseEnabled: false, desired: {app: /Users/sihalohoo/Desktop/DE..., autoGrantPermissions: true, automationName: UIAutomator2, deviceName: device, newCommandTimeout: 120, platformName: android, udid: emulator-5554}, deviceApiLevel: 23, deviceManufacturer: unknown, deviceModel: Android SDK built for x86, deviceName: emulator-5554, deviceScreenDensity: 420, deviceScreenSize: 1080x1920, deviceUDID: emulator-5554, javascriptEnabled: true, locationContextEnabled: false, networkConnectionEnabled: true, newCommandTimeout: 120, pixelRatio: 2.625, platform: LINUX, platformName: Android, platformVersion: 6.0, statBarHeight: 63, takesScreenshot: true, udid: emulator-5554, viewportRect: {height: 1731, left: 0, top: 63, width: 1080}, warnings: {}, webStorageEnabled: false}
Session ID: 1c55eccc-5fcd-4d4f-aae1-136f834ee022
*** Element info: {Using=id, value=btn_create_account}
	at java.base/jdk.internal.reflect.NativeConstructorAccessorImpl.newInstance0(Native Method)
	at java.base/jdk.internal.reflect.NativeConstructorAccessorImpl.newInstance(NativeConstructorAccessorImpl.java:62)
	at java.base/jdk.internal.reflect.DelegatingConstructorAccessorImpl.newInstance(DelegatingConstructorAccessorImpl.java:45)
	at java.base/java.lang.reflect.Constructor.newInstance(Constructor.java:490)
	at org.openqa.selenium.remote.http.W3CHttpResponseCodec.createException(W3CHttpResponseCodec.java:187)
	at org.openqa.selenium.remote.http.W3CHttpResponseCodec.decode(W3CHttpResponseCodec.java:122)
	at org.openqa.selenium.remote.http.W3CHttpResponseCodec.decode(W3CHttpResponseCodec.java:49)
	at org.openqa.selenium.remote.HttpCommandExecutor.execute(HttpCommandExecutor.java:158)
	at io.appium.java_client.remote.AppiumCommandExecutor.execute(AppiumCommandExecutor.java:239)
	at org.openqa.selenium.remote.RemoteWebDriver.execute(RemoteWebDriver.java:552)
	at io.appium.java_client.DefaultGenericMobileDriver.execute(DefaultGenericMobileDriver.java:41)
	at io.appium.java_client.AppiumDriver.execute(AppiumDriver.java:1)
	at io.appium.java_client.android.AndroidDriver.execute(AndroidDriver.java:1)
	at org.openqa.selenium.remote.RemoteWebDriver.findElement(RemoteWebDriver.java:323)
	at io.appium.java_client.DefaultGenericMobileDriver.findElement(DefaultGenericMobileDriver.java:61)
	at io.appium.java_client.AppiumDriver.findElement(AppiumDriver.java:1)
	at io.appium.java_client.android.AndroidDriver.findElement(AndroidDriver.java:1)
	at org.openqa.selenium.remote.RemoteWebDriver.findElementById(RemoteWebDriver.java:372)
	at io.appium.java_client.DefaultGenericMobileDriver.findElementById(DefaultGenericMobileDriver.java:69)
	at io.appium.java_client.AppiumDriver.findElementById(AppiumDriver.java:1)
	at io.appium.java_client.android.AndroidDriver.findElementById(AndroidDriver.java:1)
	at org.openqa.selenium.By$ById.findElement(By.java:188)
	at org.openqa.selenium.remote.RemoteWebDriver.findElement(RemoteWebDriver.java:315)
	at io.appium.java_client.DefaultGenericMobileDriver.findElement(DefaultGenericMobileDriver.java:57)
	at io.appium.java_client.AppiumDriver.findElement(AppiumDriver.java:1)
	at io.appium.java_client.android.AndroidDriver.findElement(AndroidDriver.java:1)
	at org.openqa.selenium.support.ui.ExpectedConditions$6.apply(ExpectedConditions.java:182)
	at org.openqa.selenium.support.ui.ExpectedConditions$6.apply(ExpectedConditions.java:179)
	at org.openqa.selenium.support.ui.FluentWait.until(FluentWait.java:249)
	at demo.utils.ActionUtils.waitElement(ActionUtils.java:15)
	at demo.pages.LandingPage.isOnPage(LandingPage.java:8)
	at demo.steps_definitions.LoginStepsDefinitions.userIsOnLandingPage(LoginStepsDefinitions.java:33)
	at jdk.internal.reflect.GeneratedMethodAccessor10.invoke(Unknown Source)
	at java.base/jdk.internal.reflect.DelegatingMethodAccessorImpl.invoke(DelegatingMethodAccessorImpl.java:43)
	at java.base/java.lang.reflect.Method.invoke(Method.java:566)
	at io.cucumber.java.Invoker.invoke(Invoker.java:27)
	at io.cucumber.java.JavaStepDefinition.execute(JavaStepDefinition.java:27)
	at io.cucumber.core.runner.PickleStepDefinitionMatch.runStep(PickleStepDefinitionMatch.java:63)
	at io.cucumber.core.runner.TestStep.executeStep(TestStep.java:64)
	at io.cucumber.core.runner.TestStep.run(TestStep.java:49)
	at io.cucumber.core.runner.PickleStepTestStep.run(PickleStepTestStep.java:46)
	at io.cucumber.core.runner.TestCase.run(TestCase.java:51)
	at io.cucumber.core.runner.Runner.runPickle(Runner.java:67)
	at io.cucumber.junit.PickleRunners$WithStepDescriptions.run(PickleRunners.java:100)
	at io.cucumber.junit.FeatureRunner.runChild(FeatureRunner.java:83)
	at io.cucumber.junit.FeatureRunner.runChild(FeatureRunner.java:24)
	at org.junit.runners.ParentRunner$4.run(ParentRunner.java:331)
	at org.junit.runners.ParentRunner$1.schedule(ParentRunner.java:79)
	at org.junit.runners.ParentRunner.runChildren(ParentRunner.java:329)
	at org.junit.runners.ParentRunner.access$100(ParentRunner.java:66)
	at org.junit.runners.ParentRunner$2.evaluate(ParentRunner.java:293)
	at org.junit.runners.ParentRunner$3.evaluate(ParentRunner.java:306)
	at org.junit.runners.ParentRunner.run(ParentRunner.java:413)
	at io.cucumber.junit.Cucumber.runChild(Cucumber.java:185)
	at io.cucumber.junit.Cucumber.runChild(Cucumber.java:83)
	at org.junit.runners.ParentRunner$4.run(ParentRunner.java:331)
	at org.junit.runners.ParentRunner$1.schedule(ParentRunner.java:79)
	at org.junit.runners.ParentRunner.runChildren(ParentRunner.java:329)
	at org.junit.runners.ParentRunner.access$100(ParentRunner.java:66)
	at org.junit.runners.ParentRunner$2.evaluate(ParentRunner.java:293)
	at io.cucumber.junit.Cucumber$RunCucumber.evaluate(Cucumber.java:219)
	at org.junit.runners.ParentRunner$3.evaluate(ParentRunner.java:306)
	at org.junit.runners.ParentRunner.run(ParentRunner.java:413)
	at org.gradle.api.internal.tasks.testing.junit.JUnitTestClassExecutor.runTestClass(JUnitTestClassExecutor.java:110)
	at org.gradle.api.internal.tasks.testing.junit.JUnitTestClassExecutor.execute(JUnitTestClassExecutor.java:58)
	at org.gradle.api.internal.tasks.testing.junit.JUnitTestClassExecutor.execute(JUnitTestClassExecutor.java:38)
	at org.gradle.api.internal.tasks.testing.junit.AbstractJUnitTestClassProcessor.processTestClass(AbstractJUnitTestClassProcessor.java:62)
	at org.gradle.api.internal.tasks.testing.SuiteTestClassProcessor.processTestClass(SuiteTestClassProcessor.java:51)
	at java.base/jdk.internal.reflect.NativeMethodAccessorImpl.invoke0(Native Method)
	at java.base/jdk.internal.reflect.NativeMethodAccessorImpl.invoke(NativeMethodAccessorImpl.java:62)
	at java.base/jdk.internal.reflect.DelegatingMethodAccessorImpl.invoke(DelegatingMethodAccessorImpl.java:43)
	at java.base/java.lang.reflect.Method.invoke(Method.java:566)
	at org.gradle.internal.dispatch.ReflectionDispatch.dispatch(ReflectionDispatch.java:36)
	at org.gradle.internal.dispatch.ReflectionDispatch.dispatch(ReflectionDispatch.java:24)
	at org.gradle.internal.dispatch.ContextClassLoaderDispatch.dispatch(ContextClassLoaderDispatch.java:33)
	at org.gradle.internal.dispatch.ProxyDispatchAdapter$DispatchingInvocationHandler.invoke(ProxyDispatchAdapter.java:94)
	at com.sun.proxy.$Proxy2.processTestClass(Unknown Source)
	at org.gradle.api.internal.tasks.testing.worker.TestWorker.processTestClass(TestWorker.java:118)
	at java.base/jdk.internal.reflect.NativeMethodAccessorImpl.invoke0(Native Method)
	at java.base/jdk.internal.reflect.NativeMethodAccessorImpl.invoke(NativeMethodAccessorImpl.java:62)
	at java.base/jdk.internal.reflect.DelegatingMethodAccessorImpl.invoke(DelegatingMethodAccessorImpl.java:43)
	at java.base/java.lang.reflect.Method.invoke(Method.java:566)
	at org.gradle.internal.dispatch.ReflectionDispatch.dispatch(ReflectionDispatch.java:36)
	at org.gradle.internal.dispatch.ReflectionDispatch.dispatch(ReflectionDispatch.java:24)
	at org.gradle.internal.remote.internal.hub.MessageHubBackedObjectConnection$DispatchWrapper.dispatch(MessageHubBackedObjectConnection.java:182)
	at org.gradle.internal.remote.internal.hub.MessageHubBackedObjectConnection$DispatchWrapper.dispatch(MessageHubBackedObjectConnection.java:164)
	at org.gradle.internal.remote.internal.hub.MessageHub$Handler.run(MessageHub.java:412)
	at org.gradle.internal.concurrent.ExecutorPolicy$CatchAndRecordFailures.onExecute(ExecutorPolicy.java:64)
	at org.gradle.internal.concurrent.ManagedExecutorImpl$1.run(ManagedExecutorImpl.java:48)
	at java.base/java.util.concurrent.ThreadPoolExecutor.runWorker(ThreadPoolExecutor.java:1128)
	at java.base/java.util.concurrent.ThreadPoolExecutor$Worker.run(ThreadPoolExecutor.java:628)
	at org.gradle.internal.concurrent.ThreadFactoryImpl$ManagedThreadRunnable.run(ThreadFactoryImpl.java:56)
	at java.base/java.lang.Thread.run(Thread.java:834)
?[0m
  ?[36mWhen ?[0m?[36mUser click Login to Account button?[0m                                 ?[90m# demo.steps_definitions.LoginStepsDefinitions.userClickLoginToAccountButton()?[0m
  ?[36mThen ?[0m?[36mUser is on DANA Deals Login page?[0m                                   ?[90m# demo.steps_definitions.LoginStepsDefinitions.userIsOnDANADealsLoginPage()?[0m
  ?[36mWhen ?[0m?[36mUser input ?[0m?[36m?[1m"87800000000"?[0m?[36m on phone number input field on login page?[0m ?[90m# demo.steps_definitions.LoginStepsDefinitions.userInputOnPhoneNumberInputFieldOnLoginPage(java.lang.String)?[0m
  ?[36mAnd ?[0m?[36mUser input ?[0m?[36m?[1m"P@ssw0rd"?[0m?[36m on password input field on login page?[0m         ?[90m# demo.steps_definitions.LoginStepsDefinitions.userInputOnPasswordInputFieldOnLoginPage(java.lang.String)?[0m
  ?[36mAnd ?[0m?[36mUser click Login button?[0m                                             ?[90m# demo.steps_definitions.LoginStepsDefinitions.userClickLoginButton()?[0m
  ?[36mThen ?[0m?[36mUser is on Home Admin page?[0m                                         ?[90m# demo.steps_definitions.LoginStepsDefinitions.userIsOnHomeAdminPage()?[0m
  ?[36mWhen ?[0m?[36mUser tap Voucher ?[0m?[36m?[1m"Blackberriesppzuppme"?[0m                            ?[90m# demo.steps_definitions.VoucherDetailAdminStepsDefinitions.userTapVoucher(java.lang.String)?[0m
  ?[36mWhen ?[0m?[36mUser input quota ?[0m?[36m?[1m"301"?[0m                                             ?[90m# demo.steps_definitions.VoucherDetailAdminStepsDefinitions.userInputQuota(java.lang.String)?[0m
  ?[36mWhen ?[0m?[36mUser tap Save?[0m                                                      ?[90m# demo.steps_definitions.VoucherDetailAdminStepsDefinitions.userTapSave()?[0m
  ?[36mThen ?[0m?[36mUser is on Home Admin page?[0m                                         ?[90m# demo.steps_definitions.LoginStepsDefinitions.userIsOnHomeAdminPage()?[0m
  ?[36mWhen ?[0m?[36mUser tap Voucher ?[0m?[36m?[1m"Blackberriesppzuppme"?[0m                            ?[90m# demo.steps_definitions.VoucherDetailAdminStepsDefinitions.userTapVoucher(java.lang.String)?[0m
  ?[36mThen ?[0m?[36mUser see update status ?[0m?[36m?[1m"Active"?[0m                                    ?[90m# demo.steps_definitions.VoucherDetailAdminStepsDefinitions.userSeeUpdateStatus(java.lang.String)?[0m
  ?[36mThen ?[0m?[36mUser see update quota ?[0m?[36m?[1m"301"?[0m                                        ?[90m# demo.steps_definitions.VoucherDetailAdminStepsDefinitions.userSeeUpdateQuota(java.lang.String)?[0m
  ?[36mThen ?[0m?[36mUser tap Save?[0m                                                      ?[90m# demo.steps_definitions.VoucherDetailAdminStepsDefinitions.userTapSave()?[0m
  ?[36mThen ?[0m?[36mUser is on Home Admin page?[0m                                         ?[90m# demo.steps_definitions.LoginStepsDefinitions.userIsOnHomeAdminPage()?[0m
  ?[36mWhen ?[0m?[36mUser tap LogOut button on Home Admin page?[0m                          ?[90m# demo.steps_definitions.LoginStepsDefinitions.userTapLogOutButtonOnHomeAdminPage()?[0m
  ?[36mThen ?[0m?[36mUser is on DANA Deals Login page?[0m                                   ?[90m# demo.steps_definitions.LoginStepsDefinitions.userIsOnDANADealsLoginPage()?[0m

    Embedding null [image/png 141316 bytes]


    Scenario Fail


?[31mFailed scenarios:?[0m
?[31mfile:///Users/sihalohoo/Desktop/DEBRIEF%202/DANADealsTESTING/src/test/resources/features/admin/VoucherDetail.feature:64?[0m# :"Update with same status ""Active"" and restock by type more quota and by tap increase button on Not Expired Voucher"
?[31mfile:///Users/sihalohoo/Desktop/DEBRIEF%202/DANADealsTESTING/src/test/resources/features/admin/VoucherDetail.feature:102?[0m# "Update with same status ""Active"" and restock by type any invalid input quota  on Not Expired Voucher"
?[31mfile:///Users/sihalohoo/Desktop/DEBRIEF%202/DANADealsTESTING/src/test/resources/features/admin/VoucherDetail.feature:281?[0m# "Update with ""Inactive"" to ""Active"" and restock by type more quota on Not Expired Voucher , while current quota < 5"
?[31mfile:///Users/sihalohoo/Desktop/DEBRIEF%202/DANADealsTESTING/src/test/resources/features/admin/VoucherDetail.feature:598?[0m# "Update ""Inactive"" to ""Active""and restock by type decimal number on Not Expired Voucher , while current quota > = 5"
?[31mfile:///Users/sihalohoo/Desktop/DEBRIEF%202/DANADealsTESTING/src/test/resources/features/admin/VoucherDetail.feature:610?[0m# "Update ""Inactive"" to ""Active"" and restock by type fraction number on Not Expired Voucher, while current quota > = 5"
?[31mfile:///Users/sihalohoo/Desktop/DEBRIEF%202/DANADealsTESTING/src/test/resources/features/admin/VoucherDetail.feature:622?[0m# "Update ""Inactive"" to ""Active"" and restock by type number exceeds 1000 on Not Expired Voucher, while current quota > = 5"
#    When User tap Voucher "Name"
?[31mfile:///Users/sihalohoo/Desktop/DEBRIEF%202/DANADealsTESTING/src/test/resources/features/admin/VoucherDetail.feature:635?[0m# "Update ""Inactive"" to ""Active"" and restock by type alphabet on Not Expired Voucher, while current quota > = 5"
?[31mfile:///Users/sihalohoo/Desktop/DEBRIEF%202/DANADealsTESTING/src/test/resources/features/admin/VoucherDetail.feature:648?[0m# "Update ""Inactive"" to ""Active"" and restock by type symbol on Not Expired Voucher, while current quota > = 5"
?[31mfile:///Users/sihalohoo/Desktop/DEBRIEF%202/DANADealsTESTING/src/test/resources/features/admin/VoucherDetail.feature:660?[0m# "Update ""Inactive"" to ""Active"" and restock by type emoji on Not Expired Voucher , while current quota > = 5"
?[31mfile:///Users/sihalohoo/Desktop/DEBRIEF%202/DANADealsTESTING/src/test/resources/features/admin/VoucherDetail.feature:672?[0m# "Update ""Inactive"" to ""Active"" and restock by type ""0"" on Not Expired Voucher , while current quota > = 5"
?[31mfile:///Users/sihalohoo/Desktop/DEBRIEF%202/DANADealsTESTING/src/test/resources/features/admin/VoucherDetail.feature:685?[0m# "Update ""Inactive"" to ""Active"" and restock by empty input (delete current quota) on Not Expired Voucher, while current quota > = 5"
?[31mfile:///Users/sihalohoo/Desktop/DEBRIEF%202/DANADealsTESTING/src/test/resources/features/admin/VoucherDetail.feature:698?[0m# "Update status ""Inactive"" to ""Active"" on Expired Voucher , while current quota > = 5"
?[31mfile:///Users/sihalohoo/Desktop/DEBRIEF%202/DANADealsTESTING/src/test/resources/features/admin/VoucherDetail.feature:717?[0m# "Update status ""Inactive"" to ""Active"" and restock quota by tap increase button on Expired Voucher, while current quota > = 5"
?[31mfile:///Users/sihalohoo/Desktop/DEBRIEF%202/DANADealsTESTING/src/test/resources/features/admin/VoucherDetail.feature:740?[0m# "Update status ""Inactive"" to ""Active"" and restock by empty input (delete current quota) on Expired Voucher, while current quota > = 5"
?[31mfile:///Users/sihalohoo/Desktop/DEBRIEF%202/DANADealsTESTING/src/test/resources/features/admin/VoucherDetail.feature:753?[0m# Verify element on Voucher Detail Page
?[31mfile:///Users/sihalohoo/Desktop/DEBRIEF%202/DANADealsTESTING/src/test/resources/features/admin/VoucherDetail.feature:770?[0m# Admin Login - Logout

57 Scenarios (?[31m16 failed?[0m, ?[32m41 passed?[0m)
895 Steps (?[31m16 failed?[0m, ?[36m120 skipped?[0m, ?[32m759 passed?[0m)
190m47.522s


org.junit.ComparisonFailure: expected:<24[1]> but was:<24[2]>
	at org.junit.Assert.assertEquals(Assert.java:117)
	at org.junit.Assert.assertEquals(Assert.java:146)
	at demo.steps_definitions.VoucherDetailAdminStepsDefinitions.userSeeUpdateQuota(VoucherDetailAdminStepsDefinitions.java:74)
	at ✽.User see update quota "241"(file:///Users/sihalohoo/Desktop/DEBRIEF%202/DANADealsTESTING/src/test/resources/features/admin/VoucherDetail.feature:72)

org.openqa.selenium.TimeoutException: Expected condition failed: waiting for presence of element located by: By.id: btn_save_admin (tried for 15 second(s) with 500 milliseconds interval)
	at org.openqa.selenium.support.ui.WebDriverWait.timeoutException(WebDriverWait.java:95)
	at org.openqa.selenium.support.ui.FluentWait.until(FluentWait.java:272)
	at demo.utils.ActionUtils.waitElement(ActionUtils.java:15)
	at demo.pages.admin.VoucherDetailAdminPage.isOnPage(VoucherDetailAdminPage.java:11)
	at demo.steps_definitions.VoucherDetailAdminStepsDefinitions.userIsOnVoucherDetailPage(VoucherDetailAdminStepsDefinitions.java:16)
	at ✽.User is on Voucher Detail page(file:///Users/sihalohoo/Desktop/DEBRIEF%202/DANADealsTESTING/src/test/resources/features/admin/VoucherDetail.feature:80)
Caused by: org.openqa.selenium.NoSuchElementException: An element could not be located on the page using the given search parameters.
For documentation on this error, please visit: https://www.seleniumhq.org/exceptions/no_such_element.html
Build info: version: '3.141.59', revision: 'e82be7d358', time: '2018-11-14T08:17:03'
System info: host: 'DNID0651L01.local', ip: 'fe80:0:0:0:10ff:ecf3:d89:4ddc%en0', os.name: 'Mac OS X', os.arch: 'x86_64', os.version: '10.15.4', java.version: '11.0.6'
Driver info: io.appium.java_client.android.AndroidDriver
Capabilities {app: /Users/sihalohoo/Desktop/DE..., appPackage: com.team.danadeals, autoGrantPermissions: true, automationName: UIAutomator2, databaseEnabled: false, desired: {app: /Users/sihalohoo/Desktop/DE..., autoGrantPermissions: true, automationName: UIAutomator2, deviceName: device, newCommandTimeout: 120, platformName: android, udid: emulator-5554}, deviceApiLevel: 23, deviceManufacturer: unknown, deviceModel: Android SDK built for x86, deviceName: emulator-5554, deviceScreenDensity: 420, deviceScreenSize: 1080x1920, deviceUDID: emulator-5554, javascriptEnabled: true, locationContextEnabled: false, networkConnectionEnabled: true, newCommandTimeout: 120, pixelRatio: 2.625, platform: LINUX, platformName: Android, platformVersion: 6.0, statBarHeight: 63, takesScreenshot: true, udid: emulator-5554, viewportRect: {height: 1731, left: 0, top: 63, width: 1080}, warnings: {}, webStorageEnabled: false}
Session ID: 21ed8119-0167-41b6-af6f-f137bc80fe91
*** Element info: {Using=id, value=btn_save_admin}
	at java.base/jdk.internal.reflect.NativeConstructorAccessorImpl.newInstance0(Native Method)
	at java.base/jdk.internal.reflect.NativeConstructorAccessorImpl.newInstance(NativeConstructorAccessorImpl.java:62)
	at java.base/jdk.internal.reflect.DelegatingConstructorAccessorImpl.newInstance(DelegatingConstructorAccessorImpl.java:45)
	at java.base/java.lang.reflect.Constructor.newInstance(Constructor.java:490)
	at org.openqa.selenium.remote.http.W3CHttpResponseCodec.createException(W3CHttpResponseCodec.java:187)
	at org.openqa.selenium.remote.http.W3CHttpResponseCodec.decode(W3CHttpResponseCodec.java:122)
	at org.openqa.selenium.remote.http.W3CHttpResponseCodec.decode(W3CHttpResponseCodec.java:49)
	at org.openqa.selenium.remote.HttpCommandExecutor.execute(HttpCommandExecutor.java:158)
	at io.appium.java_client.remote.AppiumCommandExecutor.execute(AppiumCommandExecutor.java:239)
	at org.openqa.selenium.remote.RemoteWebDriver.execute(RemoteWebDriver.java:552)
	at io.appium.java_client.DefaultGenericMobileDriver.execute(DefaultGenericMobileDriver.java:41)
	at io.appium.java_client.AppiumDriver.execute(AppiumDriver.java:1)
	at io.appium.java_client.android.AndroidDriver.execute(AndroidDriver.java:1)
	at org.openqa.selenium.remote.RemoteWebDriver.findElement(RemoteWebDriver.java:323)
	at io.appium.java_client.DefaultGenericMobileDriver.findElement(DefaultGenericMobileDriver.java:61)
	at io.appium.java_client.AppiumDriver.findElement(AppiumDriver.java:1)
	at io.appium.java_client.android.AndroidDriver.findElement(AndroidDriver.java:1)
	at org.openqa.selenium.remote.RemoteWebDriver.findElementById(RemoteWebDriver.java:372)
	at io.appium.java_client.DefaultGenericMobileDriver.findElementById(DefaultGenericMobileDriver.java:69)
	at io.appium.java_client.AppiumDriver.findElementById(AppiumDriver.java:1)
	at io.appium.java_client.android.AndroidDriver.findElementById(AndroidDriver.java:1)
	at org.openqa.selenium.By$ById.findElement(By.java:188)
	at org.openqa.selenium.remote.RemoteWebDriver.findElement(RemoteWebDriver.java:315)
	at io.appium.java_client.DefaultGenericMobileDriver.findElement(DefaultGenericMobileDriver.java:57)
	at io.appium.java_client.AppiumDriver.findElement(AppiumDriver.java:1)
	at io.appium.java_client.android.AndroidDriver.findElement(AndroidDriver.java:1)
	at org.openqa.selenium.support.ui.ExpectedConditions$6.apply(ExpectedConditions.java:182)
	at org.openqa.selenium.support.ui.ExpectedConditions$6.apply(ExpectedConditions.java:179)
	at org.openqa.selenium.support.ui.FluentWait.until(FluentWait.java:249)
	at demo.utils.ActionUtils.waitElement(ActionUtils.java:15)
	at demo.pages.admin.VoucherDetailAdminPage.isOnPage(VoucherDetailAdminPage.java:11)
	at demo.steps_definitions.VoucherDetailAdminStepsDefinitions.userIsOnVoucherDetailPage(VoucherDetailAdminStepsDefinitions.java:16)
	at java.base/jdk.internal.reflect.NativeMethodAccessorImpl.invoke0(Native Method)
	at java.base/jdk.internal.reflect.NativeMethodAccessorImpl.invoke(NativeMethodAccessorImpl.java:62)
	at java.base/jdk.internal.reflect.DelegatingMethodAccessorImpl.invoke(DelegatingMethodAccessorImpl.java:43)
	at java.base/java.lang.reflect.Method.invoke(Method.java:566)
	at io.cucumber.java.Invoker.invoke(Invoker.java:27)
	at io.cucumber.java.JavaStepDefinition.execute(JavaStepDefinition.java:27)
	at io.cucumber.core.runner.PickleStepDefinitionMatch.runStep(PickleStepDefinitionMatch.java:63)
	at io.cucumber.core.runner.TestStep.executeStep(TestStep.java:64)
	at io.cucumber.core.runner.TestStep.run(TestStep.java:49)
	at io.cucumber.core.runner.PickleStepTestStep.run(PickleStepTestStep.java:46)
	at io.cucumber.core.runner.TestCase.run(TestCase.java:51)
	at io.cucumber.core.runner.Runner.runPickle(Runner.java:67)
	at io.cucumber.junit.PickleRunners$WithStepDescriptions.run(PickleRunners.java:100)
	at io.cucumber.junit.FeatureRunner.runChild(FeatureRunner.java:83)
	at io.cucumber.junit.FeatureRunner.runChild(FeatureRunner.java:24)
	at org.junit.runners.ParentRunner$4.run(ParentRunner.java:331)
	at org.junit.runners.ParentRunner$1.schedule(ParentRunner.java:79)
	at org.junit.runners.ParentRunner.runChildren(ParentRunner.java:329)
	at org.junit.runners.ParentRunner.access$100(ParentRunner.java:66)
	at org.junit.runners.ParentRunner$2.evaluate(ParentRunner.java:293)
	at org.junit.runners.ParentRunner$3.evaluate(ParentRunner.java:306)
	at org.junit.runners.ParentRunner.run(ParentRunner.java:413)
	at io.cucumber.junit.Cucumber.runChild(Cucumber.java:185)
	at io.cucumber.junit.Cucumber.runChild(Cucumber.java:83)
	at org.junit.runners.ParentRunner$4.run(ParentRunner.java:331)
	at org.junit.runners.ParentRunner$1.schedule(ParentRunner.java:79)
	at org.junit.runners.ParentRunner.runChildren(ParentRunner.java:329)
	at org.junit.runners.ParentRunner.access$100(ParentRunner.java:66)
	at org.junit.runners.ParentRunner$2.evaluate(ParentRunner.java:293)
	at io.cucumber.junit.Cucumber$RunCucumber.evaluate(Cucumber.java:219)
	at org.junit.runners.ParentRunner$3.evaluate(ParentRunner.java:306)
	at org.junit.runners.ParentRunner.run(ParentRunner.java:413)
	at org.gradle.api.internal.tasks.testing.junit.JUnitTestClassExecutor.runTestClass(JUnitTestClassExecutor.java:110)
	at org.gradle.api.internal.tasks.testing.junit.JUnitTestClassExecutor.execute(JUnitTestClassExecutor.java:58)
	at org.gradle.api.internal.tasks.testing.junit.JUnitTestClassExecutor.execute(JUnitTestClassExecutor.java:38)
	at org.gradle.api.internal.tasks.testing.junit.AbstractJUnitTestClassProcessor.processTestClass(AbstractJUnitTestClassProcessor.java:62)
	at org.gradle.api.internal.tasks.testing.SuiteTestClassProcessor.processTestClass(SuiteTestClassProcessor.java:51)
	at java.base/jdk.internal.reflect.NativeMethodAccessorImpl.invoke0(Native Method)
	at java.base/jdk.internal.reflect.NativeMethodAccessorImpl.invoke(NativeMethodAccessorImpl.java:62)
	at java.base/jdk.internal.reflect.DelegatingMethodAccessorImpl.invoke(DelegatingMethodAccessorImpl.java:43)
	at java.base/java.lang.reflect.Method.invoke(Method.java:566)
	at org.gradle.internal.dispatch.ReflectionDispatch.dispatch(ReflectionDispatch.java:36)
	at org.gradle.internal.dispatch.ReflectionDispatch.dispatch(ReflectionDispatch.java:24)
	at org.gradle.internal.dispatch.ContextClassLoaderDispatch.dispatch(ContextClassLoaderDispatch.java:33)
	at org.gradle.internal.dispatch.ProxyDispatchAdapter$DispatchingInvocationHandler.invoke(ProxyDispatchAdapter.java:94)
	at com.sun.proxy.$Proxy2.processTestClass(Unknown Source)
	at org.gradle.api.internal.tasks.testing.worker.TestWorker.processTestClass(TestWorker.java:118)
	at java.base/jdk.internal.reflect.NativeMethodAccessorImpl.invoke0(Native Method)
	at java.base/jdk.internal.reflect.NativeMethodAccessorImpl.invoke(NativeMethodAccessorImpl.java:62)
	at java.base/jdk.internal.reflect.DelegatingMethodAccessorImpl.invoke(DelegatingMethodAccessorImpl.java:43)
	at java.base/java.lang.reflect.Method.invoke(Method.java:566)
	at org.gradle.internal.dispatch.ReflectionDispatch.dispatch(ReflectionDispatch.java:36)
	at org.gradle.internal.dispatch.ReflectionDispatch.dispatch(ReflectionDispatch.java:24)
	at org.gradle.internal.remote.internal.hub.MessageHubBackedObjectConnection$DispatchWrapper.dispatch(MessageHubBackedObjectConnection.java:182)
	at org.gradle.internal.remote.internal.hub.MessageHubBackedObjectConnection$DispatchWrapper.dispatch(MessageHubBackedObjectConnection.java:164)
	at org.gradle.internal.remote.internal.hub.MessageHub$Handler.run(MessageHub.java:412)
	at org.gradle.internal.concurrent.ExecutorPolicy$CatchAndRecordFailures.onExecute(ExecutorPolicy.java:64)
	at org.gradle.internal.concurrent.ManagedExecutorImpl$1.run(ManagedExecutorImpl.java:48)
	at java.base/java.util.concurrent.ThreadPoolExecutor.runWorker(ThreadPoolExecutor.java:1128)
	at java.base/java.util.concurrent.ThreadPoolExecutor$Worker.run(ThreadPoolExecutor.java:628)
	at org.gradle.internal.concurrent.ThreadFactoryImpl$ManagedThreadRunnable.run(ThreadFactoryImpl.java:56)
	at java.base/java.lang.Thread.run(Thread.java:834)

org.openqa.selenium.TimeoutException: Expected condition failed: waiting for presence of element located by: By.id: et_search (tried for 30 second(s) with 500 milliseconds interval)
	at org.openqa.selenium.support.ui.WebDriverWait.timeoutException(WebDriverWait.java:95)
	at org.openqa.selenium.support.ui.FluentWait.until(FluentWait.java:272)
	at demo.utils.ActionUtils.waitElement(ActionUtils.java:15)
	at demo.pages.admin.HomeAdminPage.isOnPage(HomeAdminPage.java:21)
	at demo.steps_definitions.LoginStepsDefinitions.userIsOnHomeAdminPage(LoginStepsDefinitions.java:59)
	at ✽.User is on Home Admin page(file:///Users/sihalohoo/Desktop/DEBRIEF%202/DANADealsTESTING/src/test/resources/features/admin/VoucherDetail.feature:285)
Caused by: org.openqa.selenium.NoSuchElementException: An element could not be located on the page using the given search parameters.
For documentation on this error, please visit: https://www.seleniumhq.org/exceptions/no_such_element.html
Build info: version: '3.141.59', revision: 'e82be7d358', time: '2018-11-14T08:17:03'
System info: host: 'DNID0651L01.local', ip: 'fe80:0:0:0:10ff:ecf3:d89:4ddc%en0', os.name: 'Mac OS X', os.arch: 'x86_64', os.version: '10.15.4', java.version: '11.0.6'
Driver info: io.appium.java_client.android.AndroidDriver
Capabilities {app: /Users/sihalohoo/Desktop/DE..., appPackage: com.team.danadeals, autoGrantPermissions: true, automationName: UIAutomator2, databaseEnabled: false, desired: {app: /Users/sihalohoo/Desktop/DE..., autoGrantPermissions: true, automationName: UIAutomator2, deviceName: device, newCommandTimeout: 120, platformName: android, udid: emulator-5554}, deviceApiLevel: 23, deviceManufacturer: unknown, deviceModel: Android SDK built for x86, deviceName: emulator-5554, deviceScreenDensity: 420, deviceScreenSize: 1080x1920, deviceUDID: emulator-5554, javascriptEnabled: true, locationContextEnabled: false, networkConnectionEnabled: true, newCommandTimeout: 120, pixelRatio: 2.625, platform: LINUX, platformName: Android, platformVersion: 6.0, statBarHeight: 63, takesScreenshot: true, udid: emulator-5554, viewportRect: {height: 1731, left: 0, top: 63, width: 1080}, warnings: {}, webStorageEnabled: false}
Session ID: 07cfc216-704d-4075-8698-795da511188a
*** Element info: {Using=id, value=et_search}
	at java.base/jdk.internal.reflect.NativeConstructorAccessorImpl.newInstance0(Native Method)
	at java.base/jdk.internal.reflect.NativeConstructorAccessorImpl.newInstance(NativeConstructorAccessorImpl.java:62)
	at java.base/jdk.internal.reflect.DelegatingConstructorAccessorImpl.newInstance(DelegatingConstructorAccessorImpl.java:45)
	at java.base/java.lang.reflect.Constructor.newInstance(Constructor.java:490)
	at org.openqa.selenium.remote.http.W3CHttpResponseCodec.createException(W3CHttpResponseCodec.java:187)
	at org.openqa.selenium.remote.http.W3CHttpResponseCodec.decode(W3CHttpResponseCodec.java:122)
	at org.openqa.selenium.remote.http.W3CHttpResponseCodec.decode(W3CHttpResponseCodec.java:49)
	at org.openqa.selenium.remote.HttpCommandExecutor.execute(HttpCommandExecutor.java:158)
	at io.appium.java_client.remote.AppiumCommandExecutor.execute(AppiumCommandExecutor.java:239)
	at org.openqa.selenium.remote.RemoteWebDriver.execute(RemoteWebDriver.java:552)
	at io.appium.java_client.DefaultGenericMobileDriver.execute(DefaultGenericMobileDriver.java:41)
	at io.appium.java_client.AppiumDriver.execute(AppiumDriver.java:1)
	at io.appium.java_client.android.AndroidDriver.execute(AndroidDriver.java:1)
	at org.openqa.selenium.remote.RemoteWebDriver.findElement(RemoteWebDriver.java:323)
	at io.appium.java_client.DefaultGenericMobileDriver.findElement(DefaultGenericMobileDriver.java:61)
	at io.appium.java_client.AppiumDriver.findElement(AppiumDriver.java:1)
	at io.appium.java_client.android.AndroidDriver.findElement(AndroidDriver.java:1)
	at org.openqa.selenium.remote.RemoteWebDriver.findElementById(RemoteWebDriver.java:372)
	at io.appium.java_client.DefaultGenericMobileDriver.findElementById(DefaultGenericMobileDriver.java:69)
	at io.appium.java_client.AppiumDriver.findElementById(AppiumDriver.java:1)
	at io.appium.java_client.android.AndroidDriver.findElementById(AndroidDriver.java:1)
	at org.openqa.selenium.By$ById.findElement(By.java:188)
	at org.openqa.selenium.remote.RemoteWebDriver.findElement(RemoteWebDriver.java:315)
	at io.appium.java_client.DefaultGenericMobileDriver.findElement(DefaultGenericMobileDriver.java:57)
	at io.appium.java_client.AppiumDriver.findElement(AppiumDriver.java:1)
	at io.appium.java_client.android.AndroidDriver.findElement(AndroidDriver.java:1)
	at org.openqa.selenium.support.ui.ExpectedConditions$6.apply(ExpectedConditions.java:182)
	at org.openqa.selenium.support.ui.ExpectedConditions$6.apply(ExpectedConditions.java:179)
	at org.openqa.selenium.support.ui.FluentWait.until(FluentWait.java:249)
	at demo.utils.ActionUtils.waitElement(ActionUtils.java:15)
	at demo.pages.admin.HomeAdminPage.isOnPage(HomeAdminPage.java:21)
	at demo.steps_definitions.LoginStepsDefinitions.userIsOnHomeAdminPage(LoginStepsDefinitions.java:59)
	at jdk.internal.reflect.GeneratedMethodAccessor6.invoke(Unknown Source)
	at java.base/jdk.internal.reflect.DelegatingMethodAccessorImpl.invoke(DelegatingMethodAccessorImpl.java:43)
	at java.base/java.lang.reflect.Method.invoke(Method.java:566)
	at io.cucumber.java.Invoker.invoke(Invoker.java:27)
	at io.cucumber.java.JavaStepDefinition.execute(JavaStepDefinition.java:27)
	at io.cucumber.core.runner.PickleStepDefinitionMatch.runStep(PickleStepDefinitionMatch.java:63)
	at io.cucumber.core.runner.TestStep.executeStep(TestStep.java:64)
	at io.cucumber.core.runner.TestStep.run(TestStep.java:49)
	at io.cucumber.core.runner.PickleStepTestStep.run(PickleStepTestStep.java:46)
	at io.cucumber.core.runner.TestCase.run(TestCase.java:51)
	at io.cucumber.core.runner.Runner.runPickle(Runner.java:67)
	at io.cucumber.junit.PickleRunners$WithStepDescriptions.run(PickleRunners.java:100)
	at io.cucumber.junit.FeatureRunner.runChild(FeatureRunner.java:83)
	at io.cucumber.junit.FeatureRunner.runChild(FeatureRunner.java:24)
	at org.junit.runners.ParentRunner$4.run(ParentRunner.java:331)
	at org.junit.runners.ParentRunner$1.schedule(ParentRunner.java:79)
	at org.junit.runners.ParentRunner.runChildren(ParentRunner.java:329)
	at org.junit.runners.ParentRunner.access$100(ParentRunner.java:66)
	at org.junit.runners.ParentRunner$2.evaluate(ParentRunner.java:293)
	at org.junit.runners.ParentRunner$3.evaluate(ParentRunner.java:306)
	at org.junit.runners.ParentRunner.run(ParentRunner.java:413)
	at io.cucumber.junit.Cucumber.runChild(Cucumber.java:185)
	at io.cucumber.junit.Cucumber.runChild(Cucumber.java:83)
	at org.junit.runners.ParentRunner$4.run(ParentRunner.java:331)
	at org.junit.runners.ParentRunner$1.schedule(ParentRunner.java:79)
	at org.junit.runners.ParentRunner.runChildren(ParentRunner.java:329)
	at org.junit.runners.ParentRunner.access$100(ParentRunner.java:66)
	at org.junit.runners.ParentRunner$2.evaluate(ParentRunner.java:293)
	at io.cucumber.junit.Cucumber$RunCucumber.evaluate(Cucumber.java:219)
	at org.junit.runners.ParentRunner$3.evaluate(ParentRunner.java:306)
	at org.junit.runners.ParentRunner.run(ParentRunner.java:413)
	at org.gradle.api.internal.tasks.testing.junit.JUnitTestClassExecutor.runTestClass(JUnitTestClassExecutor.java:110)
	at org.gradle.api.internal.tasks.testing.junit.JUnitTestClassExecutor.execute(JUnitTestClassExecutor.java:58)
	at org.gradle.api.internal.tasks.testing.junit.JUnitTestClassExecutor.execute(JUnitTestClassExecutor.java:38)
	at org.gradle.api.internal.tasks.testing.junit.AbstractJUnitTestClassProcessor.processTestClass(AbstractJUnitTestClassProcessor.java:62)
	at org.gradle.api.internal.tasks.testing.SuiteTestClassProcessor.processTestClass(SuiteTestClassProcessor.java:51)
	at java.base/jdk.internal.reflect.NativeMethodAccessorImpl.invoke0(Native Method)
	at java.base/jdk.internal.reflect.NativeMethodAccessorImpl.invoke(NativeMethodAccessorImpl.java:62)
	at java.base/jdk.internal.reflect.DelegatingMethodAccessorImpl.invoke(DelegatingMethodAccessorImpl.java:43)
	at java.base/java.lang.reflect.Method.invoke(Method.java:566)
	at org.gradle.internal.dispatch.ReflectionDispatch.dispatch(ReflectionDispatch.java:36)
	at org.gradle.internal.dispatch.ReflectionDispatch.dispatch(ReflectionDispatch.java:24)
	at org.gradle.internal.dispatch.ContextClassLoaderDispatch.dispatch(ContextClassLoaderDispatch.java:33)
	at org.gradle.internal.dispatch.ProxyDispatchAdapter$DispatchingInvocationHandler.invoke(ProxyDispatchAdapter.java:94)
	at com.sun.proxy.$Proxy2.processTestClass(Unknown Source)
	at org.gradle.api.internal.tasks.testing.worker.TestWorker.processTestClass(TestWorker.java:118)
	at java.base/jdk.internal.reflect.NativeMethodAccessorImpl.invoke0(Native Method)
	at java.base/jdk.internal.reflect.NativeMethodAccessorImpl.invoke(NativeMethodAccessorImpl.java:62)
	at java.base/jdk.internal.reflect.DelegatingMethodAccessorImpl.invoke(DelegatingMethodAccessorImpl.java:43)
	at java.base/java.lang.reflect.Method.invoke(Method.java:566)
	at org.gradle.internal.dispatch.ReflectionDispatch.dispatch(ReflectionDispatch.java:36)
	at org.gradle.internal.dispatch.ReflectionDispatch.dispatch(ReflectionDispatch.java:24)
	at org.gradle.internal.remote.internal.hub.MessageHubBackedObjectConnection$DispatchWrapper.dispatch(MessageHubBackedObjectConnection.java:182)
	at org.gradle.internal.remote.internal.hub.MessageHubBackedObjectConnection$DispatchWrapper.dispatch(MessageHubBackedObjectConnection.java:164)
	at org.gradle.internal.remote.internal.hub.MessageHub$Handler.run(MessageHub.java:412)
	at org.gradle.internal.concurrent.ExecutorPolicy$CatchAndRecordFailures.onExecute(ExecutorPolicy.java:64)
	at org.gradle.internal.concurrent.ManagedExecutorImpl$1.run(ManagedExecutorImpl.java:48)
	at java.base/java.util.concurrent.ThreadPoolExecutor.runWorker(ThreadPoolExecutor.java:1128)
	at java.base/java.util.concurrent.ThreadPoolExecutor$Worker.run(ThreadPoolExecutor.java:628)
	at org.gradle.internal.concurrent.ThreadFactoryImpl$ManagedThreadRunnable.run(ThreadFactoryImpl.java:56)
	at java.base/java.lang.Thread.run(Thread.java:834)

org.openqa.selenium.NoSuchElementException: An element could not be located on the page using the given search parameters.
For documentation on this error, please visit: https://www.seleniumhq.org/exceptions/no_such_element.html
Build info: version: '3.141.59', revision: 'e82be7d358', time: '2018-11-14T08:17:03'
System info: host: 'DNID0651L01.local', ip: 'fe80:0:0:0:10ff:ecf3:d89:4ddc%en0', os.name: 'Mac OS X', os.arch: 'x86_64', os.version: '10.15.4', java.version: '11.0.6'
Driver info: io.appium.java_client.android.AndroidDriver
Capabilities {app: /Users/sihalohoo/Desktop/DE..., appPackage: com.team.danadeals, autoGrantPermissions: true, automationName: UIAutomator2, databaseEnabled: false, desired: {app: /Users/sihalohoo/Desktop/DE..., autoGrantPermissions: true, automationName: UIAutomator2, deviceName: device, newCommandTimeout: 120, platformName: android, udid: emulator-5554}, deviceApiLevel: 23, deviceManufacturer: unknown, deviceModel: Android SDK built for x86, deviceName: emulator-5554, deviceScreenDensity: 420, deviceScreenSize: 1080x1920, deviceUDID: emulator-5554, javascriptEnabled: true, locationContextEnabled: false, networkConnectionEnabled: true, newCommandTimeout: 120, pixelRatio: 2.625, platform: LINUX, platformName: Android, platformVersion: 6.0, statBarHeight: 63, takesScreenshot: true, udid: emulator-5554, viewportRect: {height: 1731, left: 0, top: 63, width: 1080}, warnings: {}, webStorageEnabled: false}
Session ID: fd2f8618-fced-4d77-b096-16998afdf0bf
*** Element info: {Using=id, value=rv_admin}
	at java.base/jdk.internal.reflect.NativeConstructorAccessorImpl.newInstance0(Native Method)
	at java.base/jdk.internal.reflect.NativeConstructorAccessorImpl.newInstance(NativeConstructorAccessorImpl.java:62)
	at java.base/jdk.internal.reflect.DelegatingConstructorAccessorImpl.newInstance(DelegatingConstructorAccessorImpl.java:45)
	at java.base/java.lang.reflect.Constructor.newInstance(Constructor.java:490)
	at org.openqa.selenium.remote.http.W3CHttpResponseCodec.createException(W3CHttpResponseCodec.java:187)
	at org.openqa.selenium.remote.http.W3CHttpResponseCodec.decode(W3CHttpResponseCodec.java:122)
	at org.openqa.selenium.remote.http.W3CHttpResponseCodec.decode(W3CHttpResponseCodec.java:49)
	at org.openqa.selenium.remote.HttpCommandExecutor.execute(HttpCommandExecutor.java:158)
	at io.appium.java_client.remote.AppiumCommandExecutor.execute(AppiumCommandExecutor.java:239)
	at org.openqa.selenium.remote.RemoteWebDriver.execute(RemoteWebDriver.java:552)
	at io.appium.java_client.DefaultGenericMobileDriver.execute(DefaultGenericMobileDriver.java:41)
	at io.appium.java_client.AppiumDriver.execute(AppiumDriver.java:1)
	at io.appium.java_client.android.AndroidDriver.execute(AndroidDriver.java:1)
	at org.openqa.selenium.remote.RemoteWebDriver.findElement(RemoteWebDriver.java:323)
	at io.appium.java_client.DefaultGenericMobileDriver.findElement(DefaultGenericMobileDriver.java:61)
	at io.appium.java_client.AppiumDriver.findElement(AppiumDriver.java:1)
	at io.appium.java_client.android.AndroidDriver.findElement(AndroidDriver.java:1)
	at org.openqa.selenium.remote.RemoteWebDriver.findElementById(RemoteWebDriver.java:372)
	at io.appium.java_client.DefaultGenericMobileDriver.findElementById(DefaultGenericMobileDriver.java:69)
	at io.appium.java_client.AppiumDriver.findElementById(AppiumDriver.java:1)
	at io.appium.java_client.android.AndroidDriver.findElementById(AndroidDriver.java:1)
	at org.openqa.selenium.By$ById.findElement(By.java:188)
	at org.openqa.selenium.remote.RemoteWebDriver.findElement(RemoteWebDriver.java:315)
	at io.appium.java_client.DefaultGenericMobileDriver.findElement(DefaultGenericMobileDriver.java:57)
	at io.appium.java_client.AppiumDriver.findElement(AppiumDriver.java:1)
	at io.appium.java_client.android.AndroidDriver.findElement(AndroidDriver.java:1)
	at demo.pages.admin.HomeAdminPage.scrollDown(HomeAdminPage.java:66)
	at demo.pages.admin.HomeAdminPage.tapVoucher(HomeAdminPage.java:55)
	at demo.steps_definitions.VoucherDetailAdminStepsDefinitions.userTapVoucher(VoucherDetailAdminStepsDefinitions.java:66)
	at ✽.User tap Voucher "Cassiavbvwjv"(file:///Users/sihalohoo/Desktop/DEBRIEF%202/DANADealsTESTING/src/test/resources/features/admin/VoucherDetail.feature:603)

org.openqa.selenium.NoSuchElementException: An element could not be located on the page using the given search parameters.
For documentation on this error, please visit: https://www.seleniumhq.org/exceptions/no_such_element.html
Build info: version: '3.141.59', revision: 'e82be7d358', time: '2018-11-14T08:17:03'
System info: host: 'DNID0651L01.local', ip: 'fe80:0:0:0:10ff:ecf3:d89:4ddc%en0', os.name: 'Mac OS X', os.arch: 'x86_64', os.version: '10.15.4', java.version: '11.0.6'
Driver info: io.appium.java_client.android.AndroidDriver
Capabilities {app: /Users/sihalohoo/Desktop/DE..., appPackage: com.team.danadeals, autoGrantPermissions: true, automationName: UIAutomator2, databaseEnabled: false, desired: {app: /Users/sihalohoo/Desktop/DE..., autoGrantPermissions: true, automationName: UIAutomator2, deviceName: device, newCommandTimeout: 120, platformName: android, udid: emulator-5554}, deviceApiLevel: 23, deviceManufacturer: unknown, deviceModel: Android SDK built for x86, deviceName: emulator-5554, deviceScreenDensity: 420, deviceScreenSize: 1080x1920, deviceUDID: emulator-5554, javascriptEnabled: true, locationContextEnabled: false, networkConnectionEnabled: true, newCommandTimeout: 120, pixelRatio: 2.625, platform: LINUX, platformName: Android, platformVersion: 6.0, statBarHeight: 63, takesScreenshot: true, udid: emulator-5554, viewportRect: {height: 1731, left: 0, top: 63, width: 1080}, warnings: {}, webStorageEnabled: false}
Session ID: 0f7f5f42-34dd-4110-b179-0c9be123381d
*** Element info: {Using=id, value=rv_admin}
	at java.base/jdk.internal.reflect.NativeConstructorAccessorImpl.newInstance0(Native Method)
	at java.base/jdk.internal.reflect.NativeConstructorAccessorImpl.newInstance(NativeConstructorAccessorImpl.java:62)
	at java.base/jdk.internal.reflect.DelegatingConstructorAccessorImpl.newInstance(DelegatingConstructorAccessorImpl.java:45)
	at java.base/java.lang.reflect.Constructor.newInstance(Constructor.java:490)
	at org.openqa.selenium.remote.http.W3CHttpResponseCodec.createException(W3CHttpResponseCodec.java:187)
	at org.openqa.selenium.remote.http.W3CHttpResponseCodec.decode(W3CHttpResponseCodec.java:122)
	at org.openqa.selenium.remote.http.W3CHttpResponseCodec.decode(W3CHttpResponseCodec.java:49)
	at org.openqa.selenium.remote.HttpCommandExecutor.execute(HttpCommandExecutor.java:158)
	at io.appium.java_client.remote.AppiumCommandExecutor.execute(AppiumCommandExecutor.java:239)
	at org.openqa.selenium.remote.RemoteWebDriver.execute(RemoteWebDriver.java:552)
	at io.appium.java_client.DefaultGenericMobileDriver.execute(DefaultGenericMobileDriver.java:41)
	at io.appium.java_client.AppiumDriver.execute(AppiumDriver.java:1)
	at io.appium.java_client.android.AndroidDriver.execute(AndroidDriver.java:1)
	at org.openqa.selenium.remote.RemoteWebDriver.findElement(RemoteWebDriver.java:323)
	at io.appium.java_client.DefaultGenericMobileDriver.findElement(DefaultGenericMobileDriver.java:61)
	at io.appium.java_client.AppiumDriver.findElement(AppiumDriver.java:1)
	at io.appium.java_client.android.AndroidDriver.findElement(AndroidDriver.java:1)
	at org.openqa.selenium.remote.RemoteWebDriver.findElementById(RemoteWebDriver.java:372)
	at io.appium.java_client.DefaultGenericMobileDriver.findElementById(DefaultGenericMobileDriver.java:69)
	at io.appium.java_client.AppiumDriver.findElementById(AppiumDriver.java:1)
	at io.appium.java_client.android.AndroidDriver.findElementById(AndroidDriver.java:1)
	at org.openqa.selenium.By$ById.findElement(By.java:188)
	at org.openqa.selenium.remote.RemoteWebDriver.findElement(RemoteWebDriver.java:315)
	at io.appium.java_client.DefaultGenericMobileDriver.findElement(DefaultGenericMobileDriver.java:57)
	at io.appium.java_client.AppiumDriver.findElement(AppiumDriver.java:1)
	at io.appium.java_client.android.AndroidDriver.findElement(AndroidDriver.java:1)
	at demo.pages.admin.HomeAdminPage.scrollDown(HomeAdminPage.java:66)
	at demo.pages.admin.HomeAdminPage.tapVoucher(HomeAdminPage.java:55)
	at demo.steps_definitions.VoucherDetailAdminStepsDefinitions.userTapVoucher(VoucherDetailAdminStepsDefinitions.java:66)
	at ✽.User tap Voucher "Celery Saltrv"(file:///Users/sihalohoo/Desktop/DEBRIEF%202/DANADealsTESTING/src/test/resources/features/admin/VoucherDetail.feature:615)

org.openqa.selenium.TimeoutException: Expected condition failed: waiting for presence of element located by: By.id: et_search (tried for 30 second(s) with 500 milliseconds interval)
	at org.openqa.selenium.support.ui.WebDriverWait.timeoutException(WebDriverWait.java:95)
	at org.openqa.selenium.support.ui.FluentWait.until(FluentWait.java:272)
	at demo.utils.ActionUtils.waitElement(ActionUtils.java:15)
	at demo.pages.admin.HomeAdminPage.isOnPage(HomeAdminPage.java:21)
	at demo.steps_definitions.LoginStepsDefinitions.userIsOnHomeAdminPage(LoginStepsDefinitions.java:59)
	at ✽.User is on Home Admin page(file:///Users/sihalohoo/Desktop/DEBRIEF%202/DANADealsTESTING/src/test/resources/features/admin/VoucherDetail.feature:13)
Caused by: org.openqa.selenium.NoSuchElementException: An element could not be located on the page using the given search parameters.
For documentation on this error, please visit: https://www.seleniumhq.org/exceptions/no_such_element.html
Build info: version: '3.141.59', revision: 'e82be7d358', time: '2018-11-14T08:17:03'
System info: host: 'DNID0651L01.local', ip: 'fe80:0:0:0:10ff:ecf3:d89:4ddc%en0', os.name: 'Mac OS X', os.arch: 'x86_64', os.version: '10.15.4', java.version: '11.0.6'
Driver info: io.appium.java_client.android.AndroidDriver
Capabilities {app: /Users/sihalohoo/Desktop/DE..., appPackage: com.team.danadeals, autoGrantPermissions: true, automationName: UIAutomator2, databaseEnabled: false, desired: {app: /Users/sihalohoo/Desktop/DE..., autoGrantPermissions: true, automationName: UIAutomator2, deviceName: device, newCommandTimeout: 120, platformName: android, udid: emulator-5554}, deviceApiLevel: 23, deviceManufacturer: unknown, deviceModel: Android SDK built for x86, deviceName: emulator-5554, deviceScreenDensity: 420, deviceScreenSize: 1080x1920, deviceUDID: emulator-5554, javascriptEnabled: true, locationContextEnabled: false, networkConnectionEnabled: true, newCommandTimeout: 120, pixelRatio: 2.625, platform: LINUX, platformName: Android, platformVersion: 6.0, statBarHeight: 63, takesScreenshot: true, udid: emulator-5554, viewportRect: {height: 1731, left: 0, top: 63, width: 1080}, warnings: {}, webStorageEnabled: false}
Session ID: bebbc9e1-674f-4059-89cd-1cc621dcbc37
*** Element info: {Using=id, value=et_search}
	at java.base/jdk.internal.reflect.NativeConstructorAccessorImpl.newInstance0(Native Method)
	at java.base/jdk.internal.reflect.NativeConstructorAccessorImpl.newInstance(NativeConstructorAccessorImpl.java:62)
	at java.base/jdk.internal.reflect.DelegatingConstructorAccessorImpl.newInstance(DelegatingConstructorAccessorImpl.java:45)
	at java.base/java.lang.reflect.Constructor.newInstance(Constructor.java:490)
	at org.openqa.selenium.remote.http.W3CHttpResponseCodec.createException(W3CHttpResponseCodec.java:187)
	at org.openqa.selenium.remote.http.W3CHttpResponseCodec.decode(W3CHttpResponseCodec.java:122)
	at org.openqa.selenium.remote.http.W3CHttpResponseCodec.decode(W3CHttpResponseCodec.java:49)
	at org.openqa.selenium.remote.HttpCommandExecutor.execute(HttpCommandExecutor.java:158)
	at io.appium.java_client.remote.AppiumCommandExecutor.execute(AppiumCommandExecutor.java:239)
	at org.openqa.selenium.remote.RemoteWebDriver.execute(RemoteWebDriver.java:552)
	at io.appium.java_client.DefaultGenericMobileDriver.execute(DefaultGenericMobileDriver.java:41)
	at io.appium.java_client.AppiumDriver.execute(AppiumDriver.java:1)
	at io.appium.java_client.android.AndroidDriver.execute(AndroidDriver.java:1)
	at org.openqa.selenium.remote.RemoteWebDriver.findElement(RemoteWebDriver.java:323)
	at io.appium.java_client.DefaultGenericMobileDriver.findElement(DefaultGenericMobileDriver.java:61)
	at io.appium.java_client.AppiumDriver.findElement(AppiumDriver.java:1)
	at io.appium.java_client.android.AndroidDriver.findElement(AndroidDriver.java:1)
	at org.openqa.selenium.remote.RemoteWebDriver.findElementById(RemoteWebDriver.java:372)
	at io.appium.java_client.DefaultGenericMobileDriver.findElementById(DefaultGenericMobileDriver.java:69)
	at io.appium.java_client.AppiumDriver.findElementById(AppiumDriver.java:1)
	at io.appium.java_client.android.AndroidDriver.findElementById(AndroidDriver.java:1)
	at org.openqa.selenium.By$ById.findElement(By.java:188)
	at org.openqa.selenium.remote.RemoteWebDriver.findElement(RemoteWebDriver.java:315)
	at io.appium.java_client.DefaultGenericMobileDriver.findElement(DefaultGenericMobileDriver.java:57)
	at io.appium.java_client.AppiumDriver.findElement(AppiumDriver.java:1)
	at io.appium.java_client.android.AndroidDriver.findElement(AndroidDriver.java:1)
	at org.openqa.selenium.support.ui.ExpectedConditions$6.apply(ExpectedConditions.java:182)
	at org.openqa.selenium.support.ui.ExpectedConditions$6.apply(ExpectedConditions.java:179)
	at org.openqa.selenium.support.ui.FluentWait.until(FluentWait.java:249)
	at demo.utils.ActionUtils.waitElement(ActionUtils.java:15)
	at demo.pages.admin.HomeAdminPage.isOnPage(HomeAdminPage.java:21)
	at demo.steps_definitions.LoginStepsDefinitions.userIsOnHomeAdminPage(LoginStepsDefinitions.java:59)
	at jdk.internal.reflect.GeneratedMethodAccessor6.invoke(Unknown Source)
	at java.base/jdk.internal.reflect.DelegatingMethodAccessorImpl.invoke(DelegatingMethodAccessorImpl.java:43)
	at java.base/java.lang.reflect.Method.invoke(Method.java:566)
	at io.cucumber.java.Invoker.invoke(Invoker.java:27)
	at io.cucumber.java.JavaStepDefinition.execute(JavaStepDefinition.java:27)
	at io.cucumber.core.runner.PickleStepDefinitionMatch.runStep(PickleStepDefinitionMatch.java:63)
	at io.cucumber.core.runner.TestStep.executeStep(TestStep.java:64)
	at io.cucumber.core.runner.TestStep.run(TestStep.java:49)
	at io.cucumber.core.runner.PickleStepTestStep.run(PickleStepTestStep.java:46)
	at io.cucumber.core.runner.TestCase.run(TestCase.java:51)
	at io.cucumber.core.runner.Runner.runPickle(Runner.java:67)
	at io.cucumber.junit.PickleRunners$WithStepDescriptions.run(PickleRunners.java:100)
	at io.cucumber.junit.FeatureRunner.runChild(FeatureRunner.java:83)
	at io.cucumber.junit.FeatureRunner.runChild(FeatureRunner.java:24)
	at org.junit.runners.ParentRunner$4.run(ParentRunner.java:331)
	at org.junit.runners.ParentRunner$1.schedule(ParentRunner.java:79)
	at org.junit.runners.ParentRunner.runChildren(ParentRunner.java:329)
	at org.junit.runners.ParentRunner.access$100(ParentRunner.java:66)
	at org.junit.runners.ParentRunner$2.evaluate(ParentRunner.java:293)
	at org.junit.runners.ParentRunner$3.evaluate(ParentRunner.java:306)
	at org.junit.runners.ParentRunner.run(ParentRunner.java:413)
	at io.cucumber.junit.Cucumber.runChild(Cucumber.java:185)
	at io.cucumber.junit.Cucumber.runChild(Cucumber.java:83)
	at org.junit.runners.ParentRunner$4.run(ParentRunner.java:331)
	at org.junit.runners.ParentRunner$1.schedule(ParentRunner.java:79)
	at org.junit.runners.ParentRunner.runChildren(ParentRunner.java:329)
	at org.junit.runners.ParentRunner.access$100(ParentRunner.java:66)
	at org.junit.runners.ParentRunner$2.evaluate(ParentRunner.java:293)
	at io.cucumber.junit.Cucumber$RunCucumber.evaluate(Cucumber.java:219)
	at org.junit.runners.ParentRunner$3.evaluate(ParentRunner.java:306)
	at org.junit.runners.ParentRunner.run(ParentRunner.java:413)
	at org.gradle.api.internal.tasks.testing.junit.JUnitTestClassExecutor.runTestClass(JUnitTestClassExecutor.java:110)
	at org.gradle.api.internal.tasks.testing.junit.JUnitTestClassExecutor.execute(JUnitTestClassExecutor.java:58)
	at org.gradle.api.internal.tasks.testing.junit.JUnitTestClassExecutor.execute(JUnitTestClassExecutor.java:38)
	at org.gradle.api.internal.tasks.testing.junit.AbstractJUnitTestClassProcessor.processTestClass(AbstractJUnitTestClassProcessor.java:62)
	at org.gradle.api.internal.tasks.testing.SuiteTestClassProcessor.processTestClass(SuiteTestClassProcessor.java:51)
	at java.base/jdk.internal.reflect.NativeMethodAccessorImpl.invoke0(Native Method)
	at java.base/jdk.internal.reflect.NativeMethodAccessorImpl.invoke(NativeMethodAccessorImpl.java:62)
	at java.base/jdk.internal.reflect.DelegatingMethodAccessorImpl.invoke(DelegatingMethodAccessorImpl.java:43)
	at java.base/java.lang.reflect.Method.invoke(Method.java:566)
	at org.gradle.internal.dispatch.ReflectionDispatch.dispatch(ReflectionDispatch.java:36)
	at org.gradle.internal.dispatch.ReflectionDispatch.dispatch(ReflectionDispatch.java:24)
	at org.gradle.internal.dispatch.ContextClassLoaderDispatch.dispatch(ContextClassLoaderDispatch.java:33)
	at org.gradle.internal.dispatch.ProxyDispatchAdapter$DispatchingInvocationHandler.invoke(ProxyDispatchAdapter.java:94)
	at com.sun.proxy.$Proxy2.processTestClass(Unknown Source)
	at org.gradle.api.internal.tasks.testing.worker.TestWorker.processTestClass(TestWorker.java:118)
	at java.base/jdk.internal.reflect.NativeMethodAccessorImpl.invoke0(Native Method)
	at java.base/jdk.internal.reflect.NativeMethodAccessorImpl.invoke(NativeMethodAccessorImpl.java:62)
	at java.base/jdk.internal.reflect.DelegatingMethodAccessorImpl.invoke(DelegatingMethodAccessorImpl.java:43)
	at java.base/java.lang.reflect.Method.invoke(Method.java:566)
	at org.gradle.internal.dispatch.ReflectionDispatch.dispatch(ReflectionDispatch.java:36)
	at org.gradle.internal.dispatch.ReflectionDispatch.dispatch(ReflectionDispatch.java:24)
	at org.gradle.internal.remote.internal.hub.MessageHubBackedObjectConnection$DispatchWrapper.dispatch(MessageHubBackedObjectConnection.java:182)
	at org.gradle.internal.remote.internal.hub.MessageHubBackedObjectConnection$DispatchWrapper.dispatch(MessageHubBackedObjectConnection.java:164)
	at org.gradle.internal.remote.internal.hub.MessageHub$Handler.run(MessageHub.java:412)
	at org.gradle.internal.concurrent.ExecutorPolicy$CatchAndRecordFailures.onExecute(ExecutorPolicy.java:64)
	at org.gradle.internal.concurrent.ManagedExecutorImpl$1.run(ManagedExecutorImpl.java:48)
	at java.base/java.util.concurrent.ThreadPoolExecutor.runWorker(ThreadPoolExecutor.java:1128)
	at java.base/java.util.concurrent.ThreadPoolExecutor$Worker.run(ThreadPoolExecutor.java:628)
	at org.gradle.internal.concurrent.ThreadFactoryImpl$ManagedThreadRunnable.run(ThreadFactoryImpl.java:56)
	at java.base/java.lang.Thread.run(Thread.java:834)

org.openqa.selenium.NoSuchElementException: An element could not be located on the page using the given search parameters.
For documentation on this error, please visit: https://www.seleniumhq.org/exceptions/no_such_element.html
Build info: version: '3.141.59', revision: 'e82be7d358', time: '2018-11-14T08:17:03'
System info: host: 'DNID0651L01.local', ip: 'fe80:0:0:0:10ff:ecf3:d89:4ddc%en0', os.name: 'Mac OS X', os.arch: 'x86_64', os.version: '10.15.4', java.version: '11.0.6'
Driver info: io.appium.java_client.android.AndroidDriver
Capabilities {app: /Users/sihalohoo/Desktop/DE..., appPackage: com.team.danadeals, autoGrantPermissions: true, automationName: UIAutomator2, databaseEnabled: false, desired: {app: /Users/sihalohoo/Desktop/DE..., autoGrantPermissions: true, automationName: UIAutomator2, deviceName: device, newCommandTimeout: 120, platformName: android, udid: emulator-5554}, deviceApiLevel: 23, deviceManufacturer: unknown, deviceModel: Android SDK built for x86, deviceName: emulator-5554, deviceScreenDensity: 420, deviceScreenSize: 1080x1920, deviceUDID: emulator-5554, javascriptEnabled: true, locationContextEnabled: false, networkConnectionEnabled: true, newCommandTimeout: 120, pixelRatio: 2.625, platform: LINUX, platformName: Android, platformVersion: 6.0, statBarHeight: 63, takesScreenshot: true, udid: emulator-5554, viewportRect: {height: 1731, left: 0, top: 63, width: 1080}, warnings: {}, webStorageEnabled: false}
Session ID: 3b574cb1-bb8a-4afc-9590-ca46e38e2825
*** Element info: {Using=xpath, value=//android.widget.Toast[1]}
	at java.base/jdk.internal.reflect.NativeConstructorAccessorImpl.newInstance0(Native Method)
	at java.base/jdk.internal.reflect.NativeConstructorAccessorImpl.newInstance(NativeConstructorAccessorImpl.java:62)
	at java.base/jdk.internal.reflect.DelegatingConstructorAccessorImpl.newInstance(DelegatingConstructorAccessorImpl.java:45)
	at java.base/java.lang.reflect.Constructor.newInstance(Constructor.java:490)
	at org.openqa.selenium.remote.http.W3CHttpResponseCodec.createException(W3CHttpResponseCodec.java:187)
	at org.openqa.selenium.remote.http.W3CHttpResponseCodec.decode(W3CHttpResponseCodec.java:122)
	at org.openqa.selenium.remote.http.W3CHttpResponseCodec.decode(W3CHttpResponseCodec.java:49)
	at org.openqa.selenium.remote.HttpCommandExecutor.execute(HttpCommandExecutor.java:158)
	at io.appium.java_client.remote.AppiumCommandExecutor.execute(AppiumCommandExecutor.java:239)
	at org.openqa.selenium.remote.RemoteWebDriver.execute(RemoteWebDriver.java:552)
	at io.appium.java_client.DefaultGenericMobileDriver.execute(DefaultGenericMobileDriver.java:41)
	at io.appium.java_client.AppiumDriver.execute(AppiumDriver.java:1)
	at io.appium.java_client.android.AndroidDriver.execute(AndroidDriver.java:1)
	at org.openqa.selenium.remote.RemoteWebDriver.findElement(RemoteWebDriver.java:323)
	at io.appium.java_client.DefaultGenericMobileDriver.findElement(DefaultGenericMobileDriver.java:61)
	at io.appium.java_client.AppiumDriver.findElement(AppiumDriver.java:1)
	at io.appium.java_client.android.AndroidDriver.findElement(AndroidDriver.java:1)
	at org.openqa.selenium.remote.RemoteWebDriver.findElementByXPath(RemoteWebDriver.java:428)
	at io.appium.java_client.DefaultGenericMobileDriver.findElementByXPath(DefaultGenericMobileDriver.java:151)
	at io.appium.java_client.AppiumDriver.findElementByXPath(AppiumDriver.java:1)
	at io.appium.java_client.android.AndroidDriver.findElementByXPath(AndroidDriver.java:1)
	at org.openqa.selenium.By$ByXPath.findElement(By.java:353)
	at org.openqa.selenium.remote.RemoteWebDriver.findElement(RemoteWebDriver.java:315)
	at io.appium.java_client.DefaultGenericMobileDriver.findElement(DefaultGenericMobileDriver.java:57)
	at io.appium.java_client.AppiumDriver.findElement(AppiumDriver.java:1)
	at io.appium.java_client.android.AndroidDriver.findElement(AndroidDriver.java:1)
	at demo.pages.LoginPage.seeMessage(LoginPage.java:31)
	at demo.steps_definitions.LoginStepsDefinitions.UserSeeMessage(LoginStepsDefinitions.java:101)
	at ✽.User see message(file:///Users/sihalohoo/Desktop/DEBRIEF%202/DANADealsTESTING/src/test/resources/features/admin/VoucherDetail.feature:12)

org.openqa.selenium.NoSuchElementException: An element could not be located on the page using the given search parameters.
For documentation on this error, please visit: https://www.seleniumhq.org/exceptions/no_such_element.html
Build info: version: '3.141.59', revision: 'e82be7d358', time: '2018-11-14T08:17:03'
System info: host: 'DNID0651L01.local', ip: 'fe80:0:0:0:10ff:ecf3:d89:4ddc%en0', os.name: 'Mac OS X', os.arch: 'x86_64', os.version: '10.15.4', java.version: '11.0.6'
Driver info: io.appium.java_client.android.AndroidDriver
Capabilities {app: /Users/sihalohoo/Desktop/DE..., appPackage: com.team.danadeals, autoGrantPermissions: true, automationName: UIAutomator2, databaseEnabled: false, desired: {app: /Users/sihalohoo/Desktop/DE..., autoGrantPermissions: true, automationName: UIAutomator2, deviceName: device, newCommandTimeout: 120, platformName: android, udid: emulator-5554}, deviceApiLevel: 23, deviceManufacturer: unknown, deviceModel: Android SDK built for x86, deviceName: emulator-5554, deviceScreenDensity: 420, deviceScreenSize: 1080x1920, deviceUDID: emulator-5554, javascriptEnabled: true, locationContextEnabled: false, networkConnectionEnabled: true, newCommandTimeout: 120, pixelRatio: 2.625, platform: LINUX, platformName: Android, platformVersion: 6.0, statBarHeight: 63, takesScreenshot: true, udid: emulator-5554, viewportRect: {height: 1731, left: 0, top: 63, width: 1080}, warnings: {}, webStorageEnabled: false}
Session ID: dfd9f2dd-779b-4cfd-b0b3-58e003363b3e
*** Element info: {Using=xpath, value=//android.widget.Toast[1]}
	at java.base/jdk.internal.reflect.NativeConstructorAccessorImpl.newInstance0(Native Method)
	at java.base/jdk.internal.reflect.NativeConstructorAccessorImpl.newInstance(NativeConstructorAccessorImpl.java:62)
	at java.base/jdk.internal.reflect.DelegatingConstructorAccessorImpl.newInstance(DelegatingConstructorAccessorImpl.java:45)
	at java.base/java.lang.reflect.Constructor.newInstance(Constructor.java:490)
	at org.openqa.selenium.remote.http.W3CHttpResponseCodec.createException(W3CHttpResponseCodec.java:187)
	at org.openqa.selenium.remote.http.W3CHttpResponseCodec.decode(W3CHttpResponseCodec.java:122)
	at org.openqa.selenium.remote.http.W3CHttpResponseCodec.decode(W3CHttpResponseCodec.java:49)
	at org.openqa.selenium.remote.HttpCommandExecutor.execute(HttpCommandExecutor.java:158)
	at io.appium.java_client.remote.AppiumCommandExecutor.execute(AppiumCommandExecutor.java:239)
	at org.openqa.selenium.remote.RemoteWebDriver.execute(RemoteWebDriver.java:552)
	at io.appium.java_client.DefaultGenericMobileDriver.execute(DefaultGenericMobileDriver.java:41)
	at io.appium.java_client.AppiumDriver.execute(AppiumDriver.java:1)
	at io.appium.java_client.android.AndroidDriver.execute(AndroidDriver.java:1)
	at org.openqa.selenium.remote.RemoteWebDriver.findElement(RemoteWebDriver.java:323)
	at io.appium.java_client.DefaultGenericMobileDriver.findElement(DefaultGenericMobileDriver.java:61)
	at io.appium.java_client.AppiumDriver.findElement(AppiumDriver.java:1)
	at io.appium.java_client.android.AndroidDriver.findElement(AndroidDriver.java:1)
	at org.openqa.selenium.remote.RemoteWebDriver.findElementByXPath(RemoteWebDriver.java:428)
	at io.appium.java_client.DefaultGenericMobileDriver.findElementByXPath(DefaultGenericMobileDriver.java:151)
	at io.appium.java_client.AppiumDriver.findElementByXPath(AppiumDriver.java:1)
	at io.appium.java_client.android.AndroidDriver.findElementByXPath(AndroidDriver.java:1)
	at org.openqa.selenium.By$ByXPath.findElement(By.java:353)
	at org.openqa.selenium.remote.RemoteWebDriver.findElement(RemoteWebDriver.java:315)
	at io.appium.java_client.DefaultGenericMobileDriver.findElement(DefaultGenericMobileDriver.java:57)
	at io.appium.java_client.AppiumDriver.findElement(AppiumDriver.java:1)
	at io.appium.java_client.android.AndroidDriver.findElement(AndroidDriver.java:1)
	at demo.pages.LoginPage.seeMessage(LoginPage.java:31)
	at demo.steps_definitions.LoginStepsDefinitions.UserSeeMessage(LoginStepsDefinitions.java:101)
	at ✽.User see message(file:///Users/sihalohoo/Desktop/DEBRIEF%202/DANADealsTESTING/src/test/resources/features/admin/VoucherDetail.feature:12)

org.openqa.selenium.TimeoutException: Expected condition failed: waiting for presence of element located by: By.id: et_search (tried for 30 second(s) with 500 milliseconds interval)
	at org.openqa.selenium.support.ui.WebDriverWait.timeoutException(WebDriverWait.java:95)
	at org.openqa.selenium.support.ui.FluentWait.until(FluentWait.java:272)
	at demo.utils.ActionUtils.waitElement(ActionUtils.java:15)
	at demo.pages.admin.HomeAdminPage.isOnPage(HomeAdminPage.java:21)
	at demo.steps_definitions.LoginStepsDefinitions.userIsOnHomeAdminPage(LoginStepsDefinitions.java:59)
	at ✽.User is on Home Admin page(file:///Users/sihalohoo/Desktop/DEBRIEF%202/DANADealsTESTING/src/test/resources/features/admin/VoucherDetail.feature:664)
Caused by: org.openqa.selenium.NoSuchElementException: An element could not be located on the page using the given search parameters.
For documentation on this error, please visit: https://www.seleniumhq.org/exceptions/no_such_element.html
Build info: version: '3.141.59', revision: 'e82be7d358', time: '2018-11-14T08:17:03'
System info: host: 'DNID0651L01.local', ip: 'fe80:0:0:0:10ff:ecf3:d89:4ddc%en0', os.name: 'Mac OS X', os.arch: 'x86_64', os.version: '10.15.4', java.version: '11.0.6'
Driver info: io.appium.java_client.android.AndroidDriver
Capabilities {app: /Users/sihalohoo/Desktop/DE..., appPackage: com.team.danadeals, autoGrantPermissions: true, automationName: UIAutomator2, databaseEnabled: false, desired: {app: /Users/sihalohoo/Desktop/DE..., autoGrantPermissions: true, automationName: UIAutomator2, deviceName: device, newCommandTimeout: 120, platformName: android, udid: emulator-5554}, deviceApiLevel: 23, deviceManufacturer: unknown, deviceModel: Android SDK built for x86, deviceName: emulator-5554, deviceScreenDensity: 420, deviceScreenSize: 1080x1920, deviceUDID: emulator-5554, javascriptEnabled: true, locationContextEnabled: false, networkConnectionEnabled: true, newCommandTimeout: 120, pixelRatio: 2.625, platform: LINUX, platformName: Android, platformVersion: 6.0, statBarHeight: 63, takesScreenshot: true, udid: emulator-5554, viewportRect: {height: 1731, left: 0, top: 63, width: 1080}, warnings: {}, webStorageEnabled: false}
Session ID: 3736e02b-964e-44f7-977a-a8656f75f04c
*** Element info: {Using=id, value=et_search}
	at java.base/jdk.internal.reflect.NativeConstructorAccessorImpl.newInstance0(Native Method)
	at java.base/jdk.internal.reflect.NativeConstructorAccessorImpl.newInstance(NativeConstructorAccessorImpl.java:62)
	at java.base/jdk.internal.reflect.DelegatingConstructorAccessorImpl.newInstance(DelegatingConstructorAccessorImpl.java:45)
	at java.base/java.lang.reflect.Constructor.newInstance(Constructor.java:490)
	at org.openqa.selenium.remote.http.W3CHttpResponseCodec.createException(W3CHttpResponseCodec.java:187)
	at org.openqa.selenium.remote.http.W3CHttpResponseCodec.decode(W3CHttpResponseCodec.java:122)
	at org.openqa.selenium.remote.http.W3CHttpResponseCodec.decode(W3CHttpResponseCodec.java:49)
	at org.openqa.selenium.remote.HttpCommandExecutor.execute(HttpCommandExecutor.java:158)
	at io.appium.java_client.remote.AppiumCommandExecutor.execute(AppiumCommandExecutor.java:239)
	at org.openqa.selenium.remote.RemoteWebDriver.execute(RemoteWebDriver.java:552)
	at io.appium.java_client.DefaultGenericMobileDriver.execute(DefaultGenericMobileDriver.java:41)
	at io.appium.java_client.AppiumDriver.execute(AppiumDriver.java:1)
	at io.appium.java_client.android.AndroidDriver.execute(AndroidDriver.java:1)
	at org.openqa.selenium.remote.RemoteWebDriver.findElement(RemoteWebDriver.java:323)
	at io.appium.java_client.DefaultGenericMobileDriver.findElement(DefaultGenericMobileDriver.java:61)
	at io.appium.java_client.AppiumDriver.findElement(AppiumDriver.java:1)
	at io.appium.java_client.android.AndroidDriver.findElement(AndroidDriver.java:1)
	at org.openqa.selenium.remote.RemoteWebDriver.findElementById(RemoteWebDriver.java:372)
	at io.appium.java_client.DefaultGenericMobileDriver.findElementById(DefaultGenericMobileDriver.java:69)
	at io.appium.java_client.AppiumDriver.findElementById(AppiumDriver.java:1)
	at io.appium.java_client.android.AndroidDriver.findElementById(AndroidDriver.java:1)
	at org.openqa.selenium.By$ById.findElement(By.java:188)
	at org.openqa.selenium.remote.RemoteWebDriver.findElement(RemoteWebDriver.java:315)
	at io.appium.java_client.DefaultGenericMobileDriver.findElement(DefaultGenericMobileDriver.java:57)
	at io.appium.java_client.AppiumDriver.findElement(AppiumDriver.java:1)
	at io.appium.java_client.android.AndroidDriver.findElement(AndroidDriver.java:1)
	at org.openqa.selenium.support.ui.ExpectedConditions$6.apply(ExpectedConditions.java:182)
	at org.openqa.selenium.support.ui.ExpectedConditions$6.apply(ExpectedConditions.java:179)
	at org.openqa.selenium.support.ui.FluentWait.until(FluentWait.java:249)
	at demo.utils.ActionUtils.waitElement(ActionUtils.java:15)
	at demo.pages.admin.HomeAdminPage.isOnPage(HomeAdminPage.java:21)
	at demo.steps_definitions.LoginStepsDefinitions.userIsOnHomeAdminPage(LoginStepsDefinitions.java:59)
	at jdk.internal.reflect.GeneratedMethodAccessor6.invoke(Unknown Source)
	at java.base/jdk.internal.reflect.DelegatingMethodAccessorImpl.invoke(DelegatingMethodAccessorImpl.java:43)
	at java.base/java.lang.reflect.Method.invoke(Method.java:566)
	at io.cucumber.java.Invoker.invoke(Invoker.java:27)
	at io.cucumber.java.JavaStepDefinition.execute(JavaStepDefinition.java:27)
	at io.cucumber.core.runner.PickleStepDefinitionMatch.runStep(PickleStepDefinitionMatch.java:63)
	at io.cucumber.core.runner.TestStep.executeStep(TestStep.java:64)
	at io.cucumber.core.runner.TestStep.run(TestStep.java:49)
	at io.cucumber.core.runner.PickleStepTestStep.run(PickleStepTestStep.java:46)
	at io.cucumber.core.runner.TestCase.run(TestCase.java:51)
	at io.cucumber.core.runner.Runner.runPickle(Runner.java:67)
	at io.cucumber.junit.PickleRunners$WithStepDescriptions.run(PickleRunners.java:100)
	at io.cucumber.junit.FeatureRunner.runChild(FeatureRunner.java:83)
	at io.cucumber.junit.FeatureRunner.runChild(FeatureRunner.java:24)
	at org.junit.runners.ParentRunner$4.run(ParentRunner.java:331)
	at org.junit.runners.ParentRunner$1.schedule(ParentRunner.java:79)
	at org.junit.runners.ParentRunner.runChildren(ParentRunner.java:329)
	at org.junit.runners.ParentRunner.access$100(ParentRunner.java:66)
	at org.junit.runners.ParentRunner$2.evaluate(ParentRunner.java:293)
	at org.junit.runners.ParentRunner$3.evaluate(ParentRunner.java:306)
	at org.junit.runners.ParentRunner.run(ParentRunner.java:413)
	at io.cucumber.junit.Cucumber.runChild(Cucumber.java:185)
	at io.cucumber.junit.Cucumber.runChild(Cucumber.java:83)
	at org.junit.runners.ParentRunner$4.run(ParentRunner.java:331)
	at org.junit.runners.ParentRunner$1.schedule(ParentRunner.java:79)
	at org.junit.runners.ParentRunner.runChildren(ParentRunner.java:329)
	at org.junit.runners.ParentRunner.access$100(ParentRunner.java:66)
	at org.junit.runners.ParentRunner$2.evaluate(ParentRunner.java:293)
	at io.cucumber.junit.Cucumber$RunCucumber.evaluate(Cucumber.java:219)
	at org.junit.runners.ParentRunner$3.evaluate(ParentRunner.java:306)
	at org.junit.runners.ParentRunner.run(ParentRunner.java:413)
	at org.gradle.api.internal.tasks.testing.junit.JUnitTestClassExecutor.runTestClass(JUnitTestClassExecutor.java:110)
	at org.gradle.api.internal.tasks.testing.junit.JUnitTestClassExecutor.execute(JUnitTestClassExecutor.java:58)
	at org.gradle.api.internal.tasks.testing.junit.JUnitTestClassExecutor.execute(JUnitTestClassExecutor.java:38)
	at org.gradle.api.internal.tasks.testing.junit.AbstractJUnitTestClassProcessor.processTestClass(AbstractJUnitTestClassProcessor.java:62)
	at org.gradle.api.internal.tasks.testing.SuiteTestClassProcessor.processTestClass(SuiteTestClassProcessor.java:51)
	at java.base/jdk.internal.reflect.NativeMethodAccessorImpl.invoke0(Native Method)
	at java.base/jdk.internal.reflect.NativeMethodAccessorImpl.invoke(NativeMethodAccessorImpl.java:62)
	at java.base/jdk.internal.reflect.DelegatingMethodAccessorImpl.invoke(DelegatingMethodAccessorImpl.java:43)
	at java.base/java.lang.reflect.Method.invoke(Method.java:566)
	at org.gradle.internal.dispatch.ReflectionDispatch.dispatch(ReflectionDispatch.java:36)
	at org.gradle.internal.dispatch.ReflectionDispatch.dispatch(ReflectionDispatch.java:24)
	at org.gradle.internal.dispatch.ContextClassLoaderDispatch.dispatch(ContextClassLoaderDispatch.java:33)
	at org.gradle.internal.dispatch.ProxyDispatchAdapter$DispatchingInvocationHandler.invoke(ProxyDispatchAdapter.java:94)
	at com.sun.proxy.$Proxy2.processTestClass(Unknown Source)
	at org.gradle.api.internal.tasks.testing.worker.TestWorker.processTestClass(TestWorker.java:118)
	at java.base/jdk.internal.reflect.NativeMethodAccessorImpl.invoke0(Native Method)
	at java.base/jdk.internal.reflect.NativeMethodAccessorImpl.invoke(NativeMethodAccessorImpl.java:62)
	at java.base/jdk.internal.reflect.DelegatingMethodAccessorImpl.invoke(DelegatingMethodAccessorImpl.java:43)
	at java.base/java.lang.reflect.Method.invoke(Method.java:566)
	at org.gradle.internal.dispatch.ReflectionDispatch.dispatch(ReflectionDispatch.java:36)
	at org.gradle.internal.dispatch.ReflectionDispatch.dispatch(ReflectionDispatch.java:24)
	at org.gradle.internal.remote.internal.hub.MessageHubBackedObjectConnection$DispatchWrapper.dispatch(MessageHubBackedObjectConnection.java:182)
	at org.gradle.internal.remote.internal.hub.MessageHubBackedObjectConnection$DispatchWrapper.dispatch(MessageHubBackedObjectConnection.java:164)
	at org.gradle.internal.remote.internal.hub.MessageHub$Handler.run(MessageHub.java:412)
	at org.gradle.internal.concurrent.ExecutorPolicy$CatchAndRecordFailures.onExecute(ExecutorPolicy.java:64)
	at org.gradle.internal.concurrent.ManagedExecutorImpl$1.run(ManagedExecutorImpl.java:48)
	at java.base/java.util.concurrent.ThreadPoolExecutor.runWorker(ThreadPoolExecutor.java:1128)
	at java.base/java.util.concurrent.ThreadPoolExecutor$Worker.run(ThreadPoolExecutor.java:628)
	at org.gradle.internal.concurrent.ThreadFactoryImpl$ManagedThreadRunnable.run(ThreadFactoryImpl.java:56)
	at java.base/java.lang.Thread.run(Thread.java:834)

org.openqa.selenium.NoSuchElementException: An element could not be located on the page using the given search parameters.
For documentation on this error, please visit: https://www.seleniumhq.org/exceptions/no_such_element.html
Build info: version: '3.141.59', revision: 'e82be7d358', time: '2018-11-14T08:17:03'
System info: host: 'DNID0651L01.local', ip: 'fe80:0:0:0:10ff:ecf3:d89:4ddc%en0', os.name: 'Mac OS X', os.arch: 'x86_64', os.version: '10.15.4', java.version: '11.0.6'
Driver info: io.appium.java_client.android.AndroidDriver
Capabilities {app: /Users/sihalohoo/Desktop/DE..., appPackage: com.team.danadeals, autoGrantPermissions: true, automationName: UIAutomator2, databaseEnabled: false, desired: {app: /Users/sihalohoo/Desktop/DE..., autoGrantPermissions: true, automationName: UIAutomator2, deviceName: device, newCommandTimeout: 120, platformName: android, udid: emulator-5554}, deviceApiLevel: 23, deviceManufacturer: unknown, deviceModel: Android SDK built for x86, deviceName: emulator-5554, deviceScreenDensity: 420, deviceScreenSize: 1080x1920, deviceUDID: emulator-5554, javascriptEnabled: true, locationContextEnabled: false, networkConnectionEnabled: true, newCommandTimeout: 120, pixelRatio: 2.625, platform: LINUX, platformName: Android, platformVersion: 6.0, statBarHeight: 63, takesScreenshot: true, udid: emulator-5554, viewportRect: {height: 1731, left: 0, top: 63, width: 1080}, warnings: {}, webStorageEnabled: false}
Session ID: 8fd3f54c-19f2-4eb0-a369-9456c6fd82ff
*** Element info: {Using=xpath, value=//android.widget.Toast[1]}
	at java.base/jdk.internal.reflect.NativeConstructorAccessorImpl.newInstance0(Native Method)
	at java.base/jdk.internal.reflect.NativeConstructorAccessorImpl.newInstance(NativeConstructorAccessorImpl.java:62)
	at java.base/jdk.internal.reflect.DelegatingConstructorAccessorImpl.newInstance(DelegatingConstructorAccessorImpl.java:45)
	at java.base/java.lang.reflect.Constructor.newInstance(Constructor.java:490)
	at org.openqa.selenium.remote.http.W3CHttpResponseCodec.createException(W3CHttpResponseCodec.java:187)
	at org.openqa.selenium.remote.http.W3CHttpResponseCodec.decode(W3CHttpResponseCodec.java:122)
	at org.openqa.selenium.remote.http.W3CHttpResponseCodec.decode(W3CHttpResponseCodec.java:49)
	at org.openqa.selenium.remote.HttpCommandExecutor.execute(HttpCommandExecutor.java:158)
	at io.appium.java_client.remote.AppiumCommandExecutor.execute(AppiumCommandExecutor.java:239)
	at org.openqa.selenium.remote.RemoteWebDriver.execute(RemoteWebDriver.java:552)
	at io.appium.java_client.DefaultGenericMobileDriver.execute(DefaultGenericMobileDriver.java:41)
	at io.appium.java_client.AppiumDriver.execute(AppiumDriver.java:1)
	at io.appium.java_client.android.AndroidDriver.execute(AndroidDriver.java:1)
	at org.openqa.selenium.remote.RemoteWebDriver.findElement(RemoteWebDriver.java:323)
	at io.appium.java_client.DefaultGenericMobileDriver.findElement(DefaultGenericMobileDriver.java:61)
	at io.appium.java_client.AppiumDriver.findElement(AppiumDriver.java:1)
	at io.appium.java_client.android.AndroidDriver.findElement(AndroidDriver.java:1)
	at org.openqa.selenium.remote.RemoteWebDriver.findElementByXPath(RemoteWebDriver.java:428)
	at io.appium.java_client.DefaultGenericMobileDriver.findElementByXPath(DefaultGenericMobileDriver.java:151)
	at io.appium.java_client.AppiumDriver.findElementByXPath(AppiumDriver.java:1)
	at io.appium.java_client.android.AndroidDriver.findElementByXPath(AndroidDriver.java:1)
	at org.openqa.selenium.By$ByXPath.findElement(By.java:353)
	at org.openqa.selenium.remote.RemoteWebDriver.findElement(RemoteWebDriver.java:315)
	at io.appium.java_client.DefaultGenericMobileDriver.findElement(DefaultGenericMobileDriver.java:57)
	at io.appium.java_client.AppiumDriver.findElement(AppiumDriver.java:1)
	at io.appium.java_client.android.AndroidDriver.findElement(AndroidDriver.java:1)
	at demo.pages.LoginPage.seeMessage(LoginPage.java:31)
	at demo.steps_definitions.LoginStepsDefinitions.UserSeeMessage(LoginStepsDefinitions.java:101)
	at ✽.User see message(file:///Users/sihalohoo/Desktop/DEBRIEF%202/DANADealsTESTING/src/test/resources/features/admin/VoucherDetail.feature:12)

org.openqa.selenium.NoSuchElementException: An element could not be located on the page using the given search parameters.
For documentation on this error, please visit: https://www.seleniumhq.org/exceptions/no_such_element.html
Build info: version: '3.141.59', revision: 'e82be7d358', time: '2018-11-14T08:17:03'
System info: host: 'DNID0651L01.local', ip: 'fe80:0:0:0:10ff:ecf3:d89:4ddc%en0', os.name: 'Mac OS X', os.arch: 'x86_64', os.version: '10.15.4', java.version: '11.0.6'
Driver info: io.appium.java_client.android.AndroidDriver
Capabilities {app: /Users/sihalohoo/Desktop/DE..., appPackage: com.team.danadeals, autoGrantPermissions: true, automationName: UIAutomator2, databaseEnabled: false, desired: {app: /Users/sihalohoo/Desktop/DE..., autoGrantPermissions: true, automationName: UIAutomator2, deviceName: device, newCommandTimeout: 120, platformName: android, udid: emulator-5554}, deviceApiLevel: 23, deviceManufacturer: unknown, deviceModel: Android SDK built for x86, deviceName: emulator-5554, deviceScreenDensity: 420, deviceScreenSize: 1080x1920, deviceUDID: emulator-5554, javascriptEnabled: true, locationContextEnabled: false, networkConnectionEnabled: true, newCommandTimeout: 120, pixelRatio: 2.625, platform: LINUX, platformName: Android, platformVersion: 6.0, statBarHeight: 63, takesScreenshot: true, udid: emulator-5554, viewportRect: {height: 1731, left: 0, top: 63, width: 1080}, warnings: {}, webStorageEnabled: false}
Session ID: 1b168762-a4c2-4dcf-93e7-06731aeb5660
*** Element info: {Using=xpath, value=//android.widget.Toast[1]}
	at java.base/jdk.internal.reflect.NativeConstructorAccessorImpl.newInstance0(Native Method)
	at java.base/jdk.internal.reflect.NativeConstructorAccessorImpl.newInstance(NativeConstructorAccessorImpl.java:62)
	at java.base/jdk.internal.reflect.DelegatingConstructorAccessorImpl.newInstance(DelegatingConstructorAccessorImpl.java:45)
	at java.base/java.lang.reflect.Constructor.newInstance(Constructor.java:490)
	at org.openqa.selenium.remote.http.W3CHttpResponseCodec.createException(W3CHttpResponseCodec.java:187)
	at org.openqa.selenium.remote.http.W3CHttpResponseCodec.decode(W3CHttpResponseCodec.java:122)
	at org.openqa.selenium.remote.http.W3CHttpResponseCodec.decode(W3CHttpResponseCodec.java:49)
	at org.openqa.selenium.remote.HttpCommandExecutor.execute(HttpCommandExecutor.java:158)
	at io.appium.java_client.remote.AppiumCommandExecutor.execute(AppiumCommandExecutor.java:239)
	at org.openqa.selenium.remote.RemoteWebDriver.execute(RemoteWebDriver.java:552)
	at io.appium.java_client.DefaultGenericMobileDriver.execute(DefaultGenericMobileDriver.java:41)
	at io.appium.java_client.AppiumDriver.execute(AppiumDriver.java:1)
	at io.appium.java_client.android.AndroidDriver.execute(AndroidDriver.java:1)
	at org.openqa.selenium.remote.RemoteWebDriver.findElement(RemoteWebDriver.java:323)
	at io.appium.java_client.DefaultGenericMobileDriver.findElement(DefaultGenericMobileDriver.java:61)
	at io.appium.java_client.AppiumDriver.findElement(AppiumDriver.java:1)
	at io.appium.java_client.android.AndroidDriver.findElement(AndroidDriver.java:1)
	at org.openqa.selenium.remote.RemoteWebDriver.findElementByXPath(RemoteWebDriver.java:428)
	at io.appium.java_client.DefaultGenericMobileDriver.findElementByXPath(DefaultGenericMobileDriver.java:151)
	at io.appium.java_client.AppiumDriver.findElementByXPath(AppiumDriver.java:1)
	at io.appium.java_client.android.AndroidDriver.findElementByXPath(AndroidDriver.java:1)
	at org.openqa.selenium.By$ByXPath.findElement(By.java:353)
	at org.openqa.selenium.remote.RemoteWebDriver.findElement(RemoteWebDriver.java:315)
	at io.appium.java_client.DefaultGenericMobileDriver.findElement(DefaultGenericMobileDriver.java:57)
	at io.appium.java_client.AppiumDriver.findElement(AppiumDriver.java:1)
	at io.appium.java_client.android.AndroidDriver.findElement(AndroidDriver.java:1)
	at demo.pages.LoginPage.seeMessage(LoginPage.java:31)
	at demo.steps_definitions.LoginStepsDefinitions.UserSeeMessage(LoginStepsDefinitions.java:101)
	at ✽.User see message(file:///Users/sihalohoo/Desktop/DEBRIEF%202/DANADealsTESTING/src/test/resources/features/admin/VoucherDetail.feature:12)

org.openqa.selenium.NoSuchElementException: An element could not be located on the page using the given search parameters.
For documentation on this error, please visit: https://www.seleniumhq.org/exceptions/no_such_element.html
Build info: version: '3.141.59', revision: 'e82be7d358', time: '2018-11-14T08:17:03'
System info: host: 'DNID0651L01.local', ip: 'fe80:0:0:0:10ff:ecf3:d89:4ddc%en0', os.name: 'Mac OS X', os.arch: 'x86_64', os.version: '10.15.4', java.version: '11.0.6'
Driver info: io.appium.java_client.android.AndroidDriver
Capabilities {app: /Users/sihalohoo/Desktop/DE..., appPackage: com.team.danadeals, autoGrantPermissions: true, automationName: UIAutomator2, databaseEnabled: false, desired: {app: /Users/sihalohoo/Desktop/DE..., autoGrantPermissions: true, automationName: UIAutomator2, deviceName: device, newCommandTimeout: 120, platformName: android, udid: emulator-5554}, deviceApiLevel: 23, deviceManufacturer: unknown, deviceModel: Android SDK built for x86, deviceName: emulator-5554, deviceScreenDensity: 420, deviceScreenSize: 1080x1920, deviceUDID: emulator-5554, javascriptEnabled: true, locationContextEnabled: false, networkConnectionEnabled: true, newCommandTimeout: 120, pixelRatio: 2.625, platform: LINUX, platformName: Android, platformVersion: 6.0, statBarHeight: 63, takesScreenshot: true, udid: emulator-5554, viewportRect: {height: 1731, left: 0, top: 63, width: 1080}, warnings: {}, webStorageEnabled: false}
Session ID: c2ec8517-6948-4073-9f86-a80149efaa6e
*** Element info: {Using=xpath, value=//android.widget.Toast[1]}
	at java.base/jdk.internal.reflect.NativeConstructorAccessorImpl.newInstance0(Native Method)
	at java.base/jdk.internal.reflect.NativeConstructorAccessorImpl.newInstance(NativeConstructorAccessorImpl.java:62)
	at java.base/jdk.internal.reflect.DelegatingConstructorAccessorImpl.newInstance(DelegatingConstructorAccessorImpl.java:45)
	at java.base/java.lang.reflect.Constructor.newInstance(Constructor.java:490)
	at org.openqa.selenium.remote.http.W3CHttpResponseCodec.createException(W3CHttpResponseCodec.java:187)
	at org.openqa.selenium.remote.http.W3CHttpResponseCodec.decode(W3CHttpResponseCodec.java:122)
	at org.openqa.selenium.remote.http.W3CHttpResponseCodec.decode(W3CHttpResponseCodec.java:49)
	at org.openqa.selenium.remote.HttpCommandExecutor.execute(HttpCommandExecutor.java:158)
	at io.appium.java_client.remote.AppiumCommandExecutor.execute(AppiumCommandExecutor.java:239)
	at org.openqa.selenium.remote.RemoteWebDriver.execute(RemoteWebDriver.java:552)
	at io.appium.java_client.DefaultGenericMobileDriver.execute(DefaultGenericMobileDriver.java:41)
	at io.appium.java_client.AppiumDriver.execute(AppiumDriver.java:1)
	at io.appium.java_client.android.AndroidDriver.execute(AndroidDriver.java:1)
	at org.openqa.selenium.remote.RemoteWebDriver.findElement(RemoteWebDriver.java:323)
	at io.appium.java_client.DefaultGenericMobileDriver.findElement(DefaultGenericMobileDriver.java:61)
	at io.appium.java_client.AppiumDriver.findElement(AppiumDriver.java:1)
	at io.appium.java_client.android.AndroidDriver.findElement(AndroidDriver.java:1)
	at org.openqa.selenium.remote.RemoteWebDriver.findElementByXPath(RemoteWebDriver.java:428)
	at io.appium.java_client.DefaultGenericMobileDriver.findElementByXPath(DefaultGenericMobileDriver.java:151)
	at io.appium.java_client.AppiumDriver.findElementByXPath(AppiumDriver.java:1)
	at io.appium.java_client.android.AndroidDriver.findElementByXPath(AndroidDriver.java:1)
	at org.openqa.selenium.By$ByXPath.findElement(By.java:353)
	at org.openqa.selenium.remote.RemoteWebDriver.findElement(RemoteWebDriver.java:315)
	at io.appium.java_client.DefaultGenericMobileDriver.findElement(DefaultGenericMobileDriver.java:57)
	at io.appium.java_client.AppiumDriver.findElement(AppiumDriver.java:1)
	at io.appium.java_client.android.AndroidDriver.findElement(AndroidDriver.java:1)
	at demo.pages.LoginPage.seeMessage(LoginPage.java:31)
	at demo.steps_definitions.LoginStepsDefinitions.UserSeeMessage(LoginStepsDefinitions.java:101)
	at ✽.User see message(file:///Users/sihalohoo/Desktop/DEBRIEF%202/DANADealsTESTING/src/test/resources/features/admin/VoucherDetail.feature:12)

org.openqa.selenium.NoSuchElementException: An element could not be located on the page using the given search parameters.
For documentation on this error, please visit: https://www.seleniumhq.org/exceptions/no_such_element.html
Build info: version: '3.141.59', revision: 'e82be7d358', time: '2018-11-14T08:17:03'
System info: host: 'DNID0651L01.local', ip: 'fe80:0:0:0:10ff:ecf3:d89:4ddc%en0', os.name: 'Mac OS X', os.arch: 'x86_64', os.version: '10.15.4', java.version: '11.0.6'
Driver info: io.appium.java_client.android.AndroidDriver
Capabilities {app: /Users/sihalohoo/Desktop/DE..., appPackage: com.team.danadeals, autoGrantPermissions: true, automationName: UIAutomator2, databaseEnabled: false, desired: {app: /Users/sihalohoo/Desktop/DE..., autoGrantPermissions: true, automationName: UIAutomator2, deviceName: device, newCommandTimeout: 120, platformName: android, udid: emulator-5554}, deviceApiLevel: 23, deviceManufacturer: unknown, deviceModel: Android SDK built for x86, deviceName: emulator-5554, deviceScreenDensity: 420, deviceScreenSize: 1080x1920, deviceUDID: emulator-5554, javascriptEnabled: true, locationContextEnabled: false, networkConnectionEnabled: true, newCommandTimeout: 120, pixelRatio: 2.625, platform: LINUX, platformName: Android, platformVersion: 6.0, statBarHeight: 63, takesScreenshot: true, udid: emulator-5554, viewportRect: {height: 1731, left: 0, top: 63, width: 1080}, warnings: {}, webStorageEnabled: false}
Session ID: c594e528-e86d-49cc-a304-5b08b17c19a7
*** Element info: {Using=id, value=rv_admin}
	at java.base/jdk.internal.reflect.NativeConstructorAccessorImpl.newInstance0(Native Method)
	at java.base/jdk.internal.reflect.NativeConstructorAccessorImpl.newInstance(NativeConstructorAccessorImpl.java:62)
	at java.base/jdk.internal.reflect.DelegatingConstructorAccessorImpl.newInstance(DelegatingConstructorAccessorImpl.java:45)
	at java.base/java.lang.reflect.Constructor.newInstance(Constructor.java:490)
	at org.openqa.selenium.remote.http.W3CHttpResponseCodec.createException(W3CHttpResponseCodec.java:187)
	at org.openqa.selenium.remote.http.W3CHttpResponseCodec.decode(W3CHttpResponseCodec.java:122)
	at org.openqa.selenium.remote.http.W3CHttpResponseCodec.decode(W3CHttpResponseCodec.java:49)
	at org.openqa.selenium.remote.HttpCommandExecutor.execute(HttpCommandExecutor.java:158)
	at io.appium.java_client.remote.AppiumCommandExecutor.execute(AppiumCommandExecutor.java:239)
	at org.openqa.selenium.remote.RemoteWebDriver.execute(RemoteWebDriver.java:552)
	at io.appium.java_client.DefaultGenericMobileDriver.execute(DefaultGenericMobileDriver.java:41)
	at io.appium.java_client.AppiumDriver.execute(AppiumDriver.java:1)
	at io.appium.java_client.android.AndroidDriver.execute(AndroidDriver.java:1)
	at org.openqa.selenium.remote.RemoteWebDriver.findElement(RemoteWebDriver.java:323)
	at io.appium.java_client.DefaultGenericMobileDriver.findElement(DefaultGenericMobileDriver.java:61)
	at io.appium.java_client.AppiumDriver.findElement(AppiumDriver.java:1)
	at io.appium.java_client.android.AndroidDriver.findElement(AndroidDriver.java:1)
	at org.openqa.selenium.remote.RemoteWebDriver.findElementById(RemoteWebDriver.java:372)
	at io.appium.java_client.DefaultGenericMobileDriver.findElementById(DefaultGenericMobileDriver.java:69)
	at io.appium.java_client.AppiumDriver.findElementById(AppiumDriver.java:1)
	at io.appium.java_client.android.AndroidDriver.findElementById(AndroidDriver.java:1)
	at org.openqa.selenium.By$ById.findElement(By.java:188)
	at org.openqa.selenium.remote.RemoteWebDriver.findElement(RemoteWebDriver.java:315)
	at io.appium.java_client.DefaultGenericMobileDriver.findElement(DefaultGenericMobileDriver.java:57)
	at io.appium.java_client.AppiumDriver.findElement(AppiumDriver.java:1)
	at io.appium.java_client.android.AndroidDriver.findElement(AndroidDriver.java:1)
	at demo.pages.admin.HomeAdminPage.scrollDown(HomeAdminPage.java:66)
	at demo.pages.admin.HomeAdminPage.tapVoucher(HomeAdminPage.java:55)
	at demo.steps_definitions.VoucherDetailAdminStepsDefinitions.userTapVoucher(VoucherDetailAdminStepsDefinitions.java:66)
	at ✽.User tap Voucher "Chivesshlmd"(file:///Users/sihalohoo/Desktop/DEBRIEF%202/DANADealsTESTING/src/test/resources/features/admin/VoucherDetail.feature:718)

org.openqa.selenium.NoSuchElementException: An element could not be located on the page using the given search parameters.
For documentation on this error, please visit: https://www.seleniumhq.org/exceptions/no_such_element.html
Build info: version: '3.141.59', revision: 'e82be7d358', time: '2018-11-14T08:17:03'
System info: host: 'DNID0651L01.local', ip: 'fe80:0:0:0:10ff:ecf3:d89:4ddc%en0', os.name: 'Mac OS X', os.arch: 'x86_64', os.version: '10.15.4', java.version: '11.0.6'
Driver info: io.appium.java_client.android.AndroidDriver
Capabilities {app: /Users/sihalohoo/Desktop/DE..., appPackage: com.team.danadeals, autoGrantPermissions: true, automationName: UIAutomator2, databaseEnabled: false, desired: {app: /Users/sihalohoo/Desktop/DE..., autoGrantPermissions: true, automationName: UIAutomator2, deviceName: device, newCommandTimeout: 120, platformName: android, udid: emulator-5554}, deviceApiLevel: 23, deviceManufacturer: unknown, deviceModel: Android SDK built for x86, deviceName: emulator-5554, deviceScreenDensity: 420, deviceScreenSize: 1080x1920, deviceUDID: emulator-5554, javascriptEnabled: true, locationContextEnabled: false, networkConnectionEnabled: true, newCommandTimeout: 120, pixelRatio: 2.625, platform: LINUX, platformName: Android, platformVersion: 6.0, statBarHeight: 63, takesScreenshot: true, udid: emulator-5554, viewportRect: {height: 1731, left: 0, top: 63, width: 1080}, warnings: {}, webStorageEnabled: false}
Session ID: ebb3e665-be41-4032-9e74-8c2174419e6e
*** Element info: {Using=id, value=rv_admin}
	at java.base/jdk.internal.reflect.NativeConstructorAccessorImpl.newInstance0(Native Method)
	at java.base/jdk.internal.reflect.NativeConstructorAccessorImpl.newInstance(NativeConstructorAccessorImpl.java:62)
	at java.base/jdk.internal.reflect.DelegatingConstructorAccessorImpl.newInstance(DelegatingConstructorAccessorImpl.java:45)
	at java.base/java.lang.reflect.Constructor.newInstance(Constructor.java:490)
	at org.openqa.selenium.remote.http.W3CHttpResponseCodec.createException(W3CHttpResponseCodec.java:187)
	at org.openqa.selenium.remote.http.W3CHttpResponseCodec.decode(W3CHttpResponseCodec.java:122)
	at org.openqa.selenium.remote.http.W3CHttpResponseCodec.decode(W3CHttpResponseCodec.java:49)
	at org.openqa.selenium.remote.HttpCommandExecutor.execute(HttpCommandExecutor.java:158)
	at io.appium.java_client.remote.AppiumCommandExecutor.execute(AppiumCommandExecutor.java:239)
	at org.openqa.selenium.remote.RemoteWebDriver.execute(RemoteWebDriver.java:552)
	at io.appium.java_client.DefaultGenericMobileDriver.execute(DefaultGenericMobileDriver.java:41)
	at io.appium.java_client.AppiumDriver.execute(AppiumDriver.java:1)
	at io.appium.java_client.android.AndroidDriver.execute(AndroidDriver.java:1)
	at org.openqa.selenium.remote.RemoteWebDriver.findElement(RemoteWebDriver.java:323)
	at io.appium.java_client.DefaultGenericMobileDriver.findElement(DefaultGenericMobileDriver.java:61)
	at io.appium.java_client.AppiumDriver.findElement(AppiumDriver.java:1)
	at io.appium.java_client.android.AndroidDriver.findElement(AndroidDriver.java:1)
	at org.openqa.selenium.remote.RemoteWebDriver.findElementById(RemoteWebDriver.java:372)
	at io.appium.java_client.DefaultGenericMobileDriver.findElementById(DefaultGenericMobileDriver.java:69)
	at io.appium.java_client.AppiumDriver.findElementById(AppiumDriver.java:1)
	at io.appium.java_client.android.AndroidDriver.findElementById(AndroidDriver.java:1)
	at org.openqa.selenium.By$ById.findElement(By.java:188)
	at org.openqa.selenium.remote.RemoteWebDriver.findElement(RemoteWebDriver.java:315)
	at io.appium.java_client.DefaultGenericMobileDriver.findElement(DefaultGenericMobileDriver.java:57)
	at io.appium.java_client.AppiumDriver.findElement(AppiumDriver.java:1)
	at io.appium.java_client.android.AndroidDriver.findElement(AndroidDriver.java:1)
	at demo.pages.admin.HomeAdminPage.scrollDown(HomeAdminPage.java:66)
	at demo.pages.admin.HomeAdminPage.tapVoucher(HomeAdminPage.java:55)
	at demo.steps_definitions.VoucherDetailAdminStepsDefinitions.userTapVoucher(VoucherDetailAdminStepsDefinitions.java:66)
	at ✽.User tap Voucher "Chivesshlmd"(file:///Users/sihalohoo/Desktop/DEBRIEF%202/DANADealsTESTING/src/test/resources/features/admin/VoucherDetail.feature:741)

org.openqa.selenium.NoSuchElementException: An element could not be located on the page using the given search parameters.
For documentation on this error, please visit: https://www.seleniumhq.org/exceptions/no_such_element.html
Build info: version: '3.141.59', revision: 'e82be7d358', time: '2018-11-14T08:17:03'
System info: host: 'DNID0651L01.local', ip: 'fe80:0:0:0:10ff:ecf3:d89:4ddc%en0', os.name: 'Mac OS X', os.arch: 'x86_64', os.version: '10.15.4', java.version: '11.0.6'
Driver info: io.appium.java_client.android.AndroidDriver
Capabilities {app: /Users/sihalohoo/Desktop/DE..., appPackage: com.team.danadeals, autoGrantPermissions: true, automationName: UIAutomator2, databaseEnabled: false, desired: {app: /Users/sihalohoo/Desktop/DE..., autoGrantPermissions: true, automationName: UIAutomator2, deviceName: device, newCommandTimeout: 120, platformName: android, udid: emulator-5554}, deviceApiLevel: 23, deviceManufacturer: unknown, deviceModel: Android SDK built for x86, deviceName: emulator-5554, deviceScreenDensity: 420, deviceScreenSize: 1080x1920, deviceUDID: emulator-5554, javascriptEnabled: true, locationContextEnabled: false, networkConnectionEnabled: true, newCommandTimeout: 120, pixelRatio: 2.625, platform: LINUX, platformName: Android, platformVersion: 6.0, statBarHeight: 63, takesScreenshot: true, udid: emulator-5554, viewportRect: {height: 1731, left: 0, top: 63, width: 1080}, warnings: {}, webStorageEnabled: false}
Session ID: 78f96f03-149b-4870-add7-d2a263a6b7f6
*** Element info: {Using=id, value=rv_voucher}
	at java.base/jdk.internal.reflect.NativeConstructorAccessorImpl.newInstance0(Native Method)
	at java.base/jdk.internal.reflect.NativeConstructorAccessorImpl.newInstance(NativeConstructorAccessorImpl.java:62)
	at java.base/jdk.internal.reflect.DelegatingConstructorAccessorImpl.newInstance(DelegatingConstructorAccessorImpl.java:45)
	at java.base/java.lang.reflect.Constructor.newInstance(Constructor.java:490)
	at org.openqa.selenium.remote.http.W3CHttpResponseCodec.createException(W3CHttpResponseCodec.java:187)
	at org.openqa.selenium.remote.http.W3CHttpResponseCodec.decode(W3CHttpResponseCodec.java:122)
	at org.openqa.selenium.remote.http.W3CHttpResponseCodec.decode(W3CHttpResponseCodec.java:49)
	at org.openqa.selenium.remote.HttpCommandExecutor.execute(HttpCommandExecutor.java:158)
	at io.appium.java_client.remote.AppiumCommandExecutor.execute(AppiumCommandExecutor.java:239)
	at org.openqa.selenium.remote.RemoteWebDriver.execute(RemoteWebDriver.java:552)
	at io.appium.java_client.DefaultGenericMobileDriver.execute(DefaultGenericMobileDriver.java:41)
	at io.appium.java_client.AppiumDriver.execute(AppiumDriver.java:1)
	at io.appium.java_client.android.AndroidDriver.execute(AndroidDriver.java:1)
	at org.openqa.selenium.remote.RemoteWebDriver.findElement(RemoteWebDriver.java:323)
	at io.appium.java_client.DefaultGenericMobileDriver.findElement(DefaultGenericMobileDriver.java:61)
	at io.appium.java_client.AppiumDriver.findElement(AppiumDriver.java:1)
	at io.appium.java_client.android.AndroidDriver.findElement(AndroidDriver.java:1)
	at org.openqa.selenium.remote.RemoteWebDriver.findElementById(RemoteWebDriver.java:372)
	at io.appium.java_client.DefaultGenericMobileDriver.findElementById(DefaultGenericMobileDriver.java:69)
	at io.appium.java_client.AppiumDriver.findElementById(AppiumDriver.java:1)
	at io.appium.java_client.android.AndroidDriver.findElementById(AndroidDriver.java:1)
	at org.openqa.selenium.By$ById.findElement(By.java:188)
	at org.openqa.selenium.remote.RemoteWebDriver.findElement(RemoteWebDriver.java:315)
	at io.appium.java_client.DefaultGenericMobileDriver.findElement(DefaultGenericMobileDriver.java:57)
	at io.appium.java_client.AppiumDriver.findElement(AppiumDriver.java:1)
	at io.appium.java_client.android.AndroidDriver.findElement(AndroidDriver.java:1)
	at demo.utils.ActionUtils.tapElement(ActionUtils.java:23)
	at demo.pages.admin.HomeAdminPage.tapAnyVoucher(HomeAdminPage.java:33)
	at demo.steps_definitions.VoucherDetailAdminStepsDefinitions.userTapAnyVoucher(VoucherDetailAdminStepsDefinitions.java:19)
	at ✽.User tap any voucher(file:///Users/sihalohoo/Desktop/DEBRIEF%202/DANADealsTESTING/src/test/resources/features/admin/VoucherDetail.feature:754)

org.openqa.selenium.TimeoutException: Expected condition failed: waiting for presence of element located by: By.id: btn_create_account (tried for 15 second(s) with 500 milliseconds interval)
	at org.openqa.selenium.support.ui.WebDriverWait.timeoutException(WebDriverWait.java:95)
	at org.openqa.selenium.support.ui.FluentWait.until(FluentWait.java:272)
	at demo.utils.ActionUtils.waitElement(ActionUtils.java:15)
	at demo.pages.LandingPage.isOnPage(LandingPage.java:8)
	at demo.steps_definitions.LoginStepsDefinitions.userIsOnLandingPage(LoginStepsDefinitions.java:33)
	at ✽.User is on Landing page(file:///Users/sihalohoo/Desktop/DEBRIEF%202/DANADealsTESTING/src/test/resources/features/admin/VoucherDetail.feature:771)
Caused by: org.openqa.selenium.NoSuchElementException: An element could not be located on the page using the given search parameters.
For documentation on this error, please visit: https://www.seleniumhq.org/exceptions/no_such_element.html
Build info: version: '3.141.59', revision: 'e82be7d358', time: '2018-11-14T08:17:03'
System info: host: 'DNID0651L01.local', ip: 'fe80:0:0:0:10ff:ecf3:d89:4ddc%en0', os.name: 'Mac OS X', os.arch: 'x86_64', os.version: '10.15.4', java.version: '11.0.6'
Driver info: io.appium.java_client.android.AndroidDriver
Capabilities {app: /Users/sihalohoo/Desktop/DE..., appPackage: com.team.danadeals, autoGrantPermissions: true, automationName: UIAutomator2, databaseEnabled: false, desired: {app: /Users/sihalohoo/Desktop/DE..., autoGrantPermissions: true, automationName: UIAutomator2, deviceName: device, newCommandTimeout: 120, platformName: android, udid: emulator-5554}, deviceApiLevel: 23, deviceManufacturer: unknown, deviceModel: Android SDK built for x86, deviceName: emulator-5554, deviceScreenDensity: 420, deviceScreenSize: 1080x1920, deviceUDID: emulator-5554, javascriptEnabled: true, locationContextEnabled: false, networkConnectionEnabled: true, newCommandTimeout: 120, pixelRatio: 2.625, platform: LINUX, platformName: Android, platformVersion: 6.0, statBarHeight: 63, takesScreenshot: true, udid: emulator-5554, viewportRect: {height: 1731, left: 0, top: 63, width: 1080}, warnings: {}, webStorageEnabled: false}
Session ID: 1c55eccc-5fcd-4d4f-aae1-136f834ee022
*** Element info: {Using=id, value=btn_create_account}
	at java.base/jdk.internal.reflect.NativeConstructorAccessorImpl.newInstance0(Native Method)
	at java.base/jdk.internal.reflect.NativeConstructorAccessorImpl.newInstance(NativeConstructorAccessorImpl.java:62)
	at java.base/jdk.internal.reflect.DelegatingConstructorAccessorImpl.newInstance(DelegatingConstructorAccessorImpl.java:45)
	at java.base/java.lang.reflect.Constructor.newInstance(Constructor.java:490)
	at org.openqa.selenium.remote.http.W3CHttpResponseCodec.createException(W3CHttpResponseCodec.java:187)
	at org.openqa.selenium.remote.http.W3CHttpResponseCodec.decode(W3CHttpResponseCodec.java:122)
	at org.openqa.selenium.remote.http.W3CHttpResponseCodec.decode(W3CHttpResponseCodec.java:49)
	at org.openqa.selenium.remote.HttpCommandExecutor.execute(HttpCommandExecutor.java:158)
	at io.appium.java_client.remote.AppiumCommandExecutor.execute(AppiumCommandExecutor.java:239)
	at org.openqa.selenium.remote.RemoteWebDriver.execute(RemoteWebDriver.java:552)
	at io.appium.java_client.DefaultGenericMobileDriver.execute(DefaultGenericMobileDriver.java:41)
	at io.appium.java_client.AppiumDriver.execute(AppiumDriver.java:1)
	at io.appium.java_client.android.AndroidDriver.execute(AndroidDriver.java:1)
	at org.openqa.selenium.remote.RemoteWebDriver.findElement(RemoteWebDriver.java:323)
	at io.appium.java_client.DefaultGenericMobileDriver.findElement(DefaultGenericMobileDriver.java:61)
	at io.appium.java_client.AppiumDriver.findElement(AppiumDriver.java:1)
	at io.appium.java_client.android.AndroidDriver.findElement(AndroidDriver.java:1)
	at org.openqa.selenium.remote.RemoteWebDriver.findElementById(RemoteWebDriver.java:372)
	at io.appium.java_client.DefaultGenericMobileDriver.findElementById(DefaultGenericMobileDriver.java:69)
	at io.appium.java_client.AppiumDriver.findElementById(AppiumDriver.java:1)
	at io.appium.java_client.android.AndroidDriver.findElementById(AndroidDriver.java:1)
	at org.openqa.selenium.By$ById.findElement(By.java:188)
	at org.openqa.selenium.remote.RemoteWebDriver.findElement(RemoteWebDriver.java:315)
	at io.appium.java_client.DefaultGenericMobileDriver.findElement(DefaultGenericMobileDriver.java:57)
	at io.appium.java_client.AppiumDriver.findElement(AppiumDriver.java:1)
	at io.appium.java_client.android.AndroidDriver.findElement(AndroidDriver.java:1)
	at org.openqa.selenium.support.ui.ExpectedConditions$6.apply(ExpectedConditions.java:182)
	at org.openqa.selenium.support.ui.ExpectedConditions$6.apply(ExpectedConditions.java:179)
	at org.openqa.selenium.support.ui.FluentWait.until(FluentWait.java:249)
	at demo.utils.ActionUtils.waitElement(ActionUtils.java:15)
	at demo.pages.LandingPage.isOnPage(LandingPage.java:8)
	at demo.steps_definitions.LoginStepsDefinitions.userIsOnLandingPage(LoginStepsDefinitions.java:33)
	at jdk.internal.reflect.GeneratedMethodAccessor10.invoke(Unknown Source)
	at java.base/jdk.internal.reflect.DelegatingMethodAccessorImpl.invoke(DelegatingMethodAccessorImpl.java:43)
	at java.base/java.lang.reflect.Method.invoke(Method.java:566)
	at io.cucumber.java.Invoker.invoke(Invoker.java:27)
	at io.cucumber.java.JavaStepDefinition.execute(JavaStepDefinition.java:27)
	at io.cucumber.core.runner.PickleStepDefinitionMatch.runStep(PickleStepDefinitionMatch.java:63)
	at io.cucumber.core.runner.TestStep.executeStep(TestStep.java:64)
	at io.cucumber.core.runner.TestStep.run(TestStep.java:49)
	at io.cucumber.core.runner.PickleStepTestStep.run(PickleStepTestStep.java:46)
	at io.cucumber.core.runner.TestCase.run(TestCase.java:51)
	at io.cucumber.core.runner.Runner.runPickle(Runner.java:67)
	at io.cucumber.junit.PickleRunners$WithStepDescriptions.run(PickleRunners.java:100)
	at io.cucumber.junit.FeatureRunner.runChild(FeatureRunner.java:83)
	at io.cucumber.junit.FeatureRunner.runChild(FeatureRunner.java:24)
	at org.junit.runners.ParentRunner$4.run(ParentRunner.java:331)
	at org.junit.runners.ParentRunner$1.schedule(ParentRunner.java:79)
	at org.junit.runners.ParentRunner.runChildren(ParentRunner.java:329)
	at org.junit.runners.ParentRunner.access$100(ParentRunner.java:66)
	at org.junit.runners.ParentRunner$2.evaluate(ParentRunner.java:293)
	at org.junit.runners.ParentRunner$3.evaluate(ParentRunner.java:306)
	at org.junit.runners.ParentRunner.run(ParentRunner.java:413)
	at io.cucumber.junit.Cucumber.runChild(Cucumber.java:185)
	at io.cucumber.junit.Cucumber.runChild(Cucumber.java:83)
	at org.junit.runners.ParentRunner$4.run(ParentRunner.java:331)
	at org.junit.runners.ParentRunner$1.schedule(ParentRunner.java:79)
	at org.junit.runners.ParentRunner.runChildren(ParentRunner.java:329)
	at org.junit.runners.ParentRunner.access$100(ParentRunner.java:66)
	at org.junit.runners.ParentRunner$2.evaluate(ParentRunner.java:293)
	at io.cucumber.junit.Cucumber$RunCucumber.evaluate(Cucumber.java:219)
	at org.junit.runners.ParentRunner$3.evaluate(ParentRunner.java:306)
	at org.junit.runners.ParentRunner.run(ParentRunner.java:413)
	at org.gradle.api.internal.tasks.testing.junit.JUnitTestClassExecutor.runTestClass(JUnitTestClassExecutor.java:110)
	at org.gradle.api.internal.tasks.testing.junit.JUnitTestClassExecutor.execute(JUnitTestClassExecutor.java:58)
	at org.gradle.api.internal.tasks.testing.junit.JUnitTestClassExecutor.execute(JUnitTestClassExecutor.java:38)
	at org.gradle.api.internal.tasks.testing.junit.AbstractJUnitTestClassProcessor.processTestClass(AbstractJUnitTestClassProcessor.java:62)
	at org.gradle.api.internal.tasks.testing.SuiteTestClassProcessor.processTestClass(SuiteTestClassProcessor.java:51)
	at java.base/jdk.internal.reflect.NativeMethodAccessorImpl.invoke0(Native Method)
	at java.base/jdk.internal.reflect.NativeMethodAccessorImpl.invoke(NativeMethodAccessorImpl.java:62)
	at java.base/jdk.internal.reflect.DelegatingMethodAccessorImpl.invoke(DelegatingMethodAccessorImpl.java:43)
	at java.base/java.lang.reflect.Method.invoke(Method.java:566)
	at org.gradle.internal.dispatch.ReflectionDispatch.dispatch(ReflectionDispatch.java:36)
	at org.gradle.internal.dispatch.ReflectionDispatch.dispatch(ReflectionDispatch.java:24)
	at org.gradle.internal.dispatch.ContextClassLoaderDispatch.dispatch(ContextClassLoaderDispatch.java:33)
	at org.gradle.internal.dispatch.ProxyDispatchAdapter$DispatchingInvocationHandler.invoke(ProxyDispatchAdapter.java:94)
	at com.sun.proxy.$Proxy2.processTestClass(Unknown Source)
	at org.gradle.api.internal.tasks.testing.worker.TestWorker.processTestClass(TestWorker.java:118)
	at java.base/jdk.internal.reflect.NativeMethodAccessorImpl.invoke0(Native Method)
	at java.base/jdk.internal.reflect.NativeMethodAccessorImpl.invoke(NativeMethodAccessorImpl.java:62)
	at java.base/jdk.internal.reflect.DelegatingMethodAccessorImpl.invoke(DelegatingMethodAccessorImpl.java:43)
	at java.base/java.lang.reflect.Method.invoke(Method.java:566)
	at org.gradle.internal.dispatch.ReflectionDispatch.dispatch(ReflectionDispatch.java:36)
	at org.gradle.internal.dispatch.ReflectionDispatch.dispatch(ReflectionDispatch.java:24)
	at org.gradle.internal.remote.internal.hub.MessageHubBackedObjectConnection$DispatchWrapper.dispatch(MessageHubBackedObjectConnection.java:182)
	at org.gradle.internal.remote.internal.hub.MessageHubBackedObjectConnection$DispatchWrapper.dispatch(MessageHubBackedObjectConnection.java:164)
	at org.gradle.internal.remote.internal.hub.MessageHub$Handler.run(MessageHub.java:412)
	at org.gradle.internal.concurrent.ExecutorPolicy$CatchAndRecordFailures.onExecute(ExecutorPolicy.java:64)
	at org.gradle.internal.concurrent.ManagedExecutorImpl$1.run(ManagedExecutorImpl.java:48)
	at java.base/java.util.concurrent.ThreadPoolExecutor.runWorker(ThreadPoolExecutor.java:1128)
	at java.base/java.util.concurrent.ThreadPoolExecutor$Worker.run(ThreadPoolExecutor.java:628)
	at org.gradle.internal.concurrent.ThreadFactoryImpl$ManagedThreadRunnable.run(ThreadFactoryImpl.java:56)
	at java.base/java.lang.Thread.run(Thread.java:834)


]]></system-out>
  <system-err><![CDATA[Jul 04, 2020 3:49:29 AM io.cucumber.core.options.CucumberPropertiesParser parse
WARNING: Passing commandline options via the property `cucumber.options` has been deprecatedin favour of explicitly using property names.
Please use these instead: [cucumber.ansi-colors.disabled, cucumber.execution.dry-run, cucumber.execution.limit, cucumber.execution.order, cucumber.execution.strict, cucumber.execution.wip, cucumber.features, cucumber.filter.name, cucumber.filter.tags, cucumber.glue, cucumber.object-factory, cucumber.plugin, cucumber.snippet-type]
]]></system-err>
</testsuite>
